15:55:41.390 [main                     ] DEBUG Logger               - Configured Logger
15:55:41.409 [main                     ] DEBUG GameApplication      - Logging settings
Title: Produktionslinie
Version: 0.0
Width: 800
Height: 600
Fullscreen: false
Intro: false
Profiling: false
Single step:false
App Mode: DEVELOPER
Menu Key: ESCAPE
Stage Style: DECORATED
Scene Factory: class com.almasb.fxgl.app.scene.SceneFactory

15:55:42.063 [JavaFX Application Thread] DEBUG FXGLApplication      - Initializing FXGL
15:55:42.072 [JavaFX Application Thread] INFO  Engine               - FXGL-21.1 (27.03.2024 07.52) on WINDOWS (J:24.0.1 FX:24.0.1+1)
15:55:42.072 [JavaFX Application Thread] DEBUG Engine               - JRE Vendor Name: BellSoft
15:55:42.073 [JavaFX Application Thread] DEBUG Engine               - Running on OS: Windows 11 version 10.0
15:55:42.073 [JavaFX Application Thread] DEBUG Engine               - Architecture: amd64
15:55:42.073 [JavaFX Application Thread] INFO  Engine               - Source code and latest versions at: https://github.com/AlmasB/FXGL
15:55:42.074 [JavaFX Application Thread] INFO  Engine               -       Ask questions and discuss at: https://github.com/AlmasB/FXGL/discussions
15:55:42.074 [JavaFX Application Thread] INFO  Engine               -              Join the FXGL chat at: https://gitter.im/AlmasB/FXGL
15:55:42.372 [JavaFX Application Thread] DEBUG PrimaryStageWindow   - Creating a JavaFX scene
15:55:42.465 [JavaFX Application Thread] DEBUG PrimaryStageWindow   - Target settings size: 800.0 x 600.0
15:55:42.467 [JavaFX Application Thread] DEBUG PrimaryStageWindow   - Scaled scene size:    800.0 x 600.0
15:55:42.467 [JavaFX Application Thread] DEBUG PrimaryStageWindow   - Scaled ratio: (1.0, 1.0)
15:55:42.469 [JavaFX Application Thread] DEBUG PrimaryStageWindow   - Set initial scene to FXGLStartupScene
15:55:42.479 [JavaFX Application Thread] DEBUG PrimaryStageWindow   - Opening main window
15:55:43.078 [JavaFX Application Thread] DEBUG PrimaryStageWindow   - Window border size: (14.66668701171875, 37.33331298828125)
15:55:43.078 [JavaFX Application Thread] DEBUG PrimaryStageWindow   - Scaled size: 800.0 x 600.0
15:55:43.078 [JavaFX Application Thread] DEBUG PrimaryStageWindow   - Scaled ratio: (1.0, 1.0)
15:55:43.078 [JavaFX Application Thread] DEBUG PrimaryStageWindow   - Scene size: 800.0 x 600.0
15:55:43.079 [JavaFX Application Thread] DEBUG PrimaryStageWindow   - Stage size: 814.6666870117188 x 637.3333129882812
15:55:43.169 [FXGL Background Thread 1 ] DEBUG Engine               - Initializing environment variables
15:55:43.321 [FXGL Background Thread 1 ] DEBUG FXGLAssetLoaderServi - User app class for loading assets: class org.betriebssysteme.view.ProductionLineApp
15:55:43.321 [FXGL Background Thread 1 ] DEBUG GameApplicationServi - Applying CSS: fxgl_dark.css
15:55:43.324 [FXGL Background Thread 1 ] DEBUG FXGLAssetLoaderServi - Loading from file system: jar:file:/C:/Users/user/.m2/repository/com/github/AlmasB/FXGL/21.1/fxgl-21.1.jar!/fxglassets/ui/css/fxgl_dark.css
15:55:43.428 [FXGL Background Thread 1 ] DEBUG GameApplicationServi - Initializing application scenes
15:55:43.510 [FXGL Background Thread 1 ] DEBUG GameWorld            - Game world initialized
15:55:43.694 [FXGL Background Thread 1 ] DEBUG PhysicsWorld         - Physics world initialized: appHeight=600, physics.ppm=50,0
15:55:43.694 [FXGL Background Thread 1 ] DEBUG PhysicsWorld         - Using strategy: BRUTE_FORCE
15:55:43.704 [FXGL Background Thread 1 ] DEBUG GameScene            - Game scene initialized: 800x600
15:55:43.730 [FXGL Background Thread 1 ] DEBUG FXGL.DefaultMenu     - createMenuBodyGameMenu()
15:55:43.757 [FXGL Background Thread 1 ] DEBUG FXGL.DefaultMenu     - createOptionsMenu()
15:55:43.783 [FXGL Background Thread 1 ] DEBUG FXGLAssetLoaderServi - Loading from file system: jar:file:/C:/Users/user/.m2/repository/com/github/AlmasB/FXGL/21.1/fxgl-21.1.jar!/fxglassets/textures/particles/smoke.png
15:55:44.047 [FXGL Background Thread 1 ] DEBUG FXGLAssetLoaderServi - Loading from file system: jar:file:/C:/Users/user/.m2/repository/com/github/AlmasB/FXGL/21.1/fxgl-21.1.jar!/fxglassets/textures/particles/trace_horizontal.png
15:55:44.099 [FXGL Background Thread 1 ] DEBUG GameApplicationServi - Application scenes initialized
15:55:44.124 [FXGL Background Thread 1 ] DEBUG SystemBundleService  - Loading FXGL system data
15:55:44.186 [FXGL Background Thread 1 ] DEBUG FileSystemAccess     - Reading from: C:\Users\user\IdeaProjects\Produktionslinie\system\fxgl.bundle
15:55:44.203 [FXGL Background Thread 1 ] DEBUG SystemBundleService  - Bundle FXGL: {}
15:55:44.203 [FXGL Background Thread 1 ] DEBUG UpdaterService       - Checking for updates
15:55:44.216 [FXGL Background Thread 4 ] DEBUG FXGLApplication      - Loading fonts
15:55:44.218 [FXGL Background Thread 4 ] DEBUG FXGLAssetLoaderServi - Loading from file system: jar:file:/C:/Users/user/.m2/repository/com/github/AlmasB/FXGL/21.1/fxgl-21.1.jar!/fxglassets/ui/fonts/VarelaRound-Regular.ttf
15:55:44.218 [FXGL Background Thread 1 ] DEBUG FXGLApplication      - Loading default localization
15:55:44.219 [FXGL Background Thread 1 ] DEBUG FXGLAssetLoaderServi - Loading from file system: jar:file:/C:/Users/user/.m2/repository/com/github/AlmasB/FXGL/21.1/fxgl-21.1.jar!/fxglassets/languages/english.lang
15:55:44.257 [FXGL Background Thread 1 ] INFO  FXGLApplication      - FXGL initialization took: 1,088 sec
15:55:44.258 [JavaFX Application Thread] DEBUG FXGLAssetLoaderServi - Loading from file system: jar:file:/C:/Users/user/.m2/repository/com/github/AlmasB/FXGL/21.1/fxgl-21.1.jar!/fxglassets/textures/fxgl_icon.png
15:55:44.342 [JavaFX Application Thread] DEBUG FXGLAssetLoaderServi - Loading from file system: jar:file:/C:/Users/user/.m2/repository/com/github/AlmasB/FXGL/21.1/fxgl-21.1.jar!/fxglassets/textures/fxgl_default_cursor.png
15:55:44.367 [JavaFX Application Thread] DEBUG Input                - Registered new binding: Screenshot - CTRL+8
15:55:44.369 [JavaFX Application Thread] DEBUG Input                - Registered new binding: System info dump - CTRL+9
15:55:44.369 [JavaFX Application Thread] DEBUG Input                - Registered new binding: Restart - CTRL+R
15:55:44.372 [JavaFX Application Thread] DEBUG Input                - Registered new binding: Toggle Debug Camera - CTRL+7
15:55:44.382 [JavaFX Application Thread] DEBUG LoopRunner           - Starting loop
15:55:44.382 [FXGL Background Thread 4 ] DEBUG FXGLAssetLoaderServi - Loading from file system: jar:file:/C:/Users/user/.m2/repository/com/github/AlmasB/FXGL/21.1/fxgl-21.1.jar!/fxglassets/ui/fonts/Abel-Regular.ttf
15:55:44.383 [JavaFX Application Thread] DEBUG LoopRunner           - Initializing JavaFX AnimationTimerLoop
15:55:44.389 [JavaFX Application Thread] DEBUG GameApplicationServi - Starting new game
15:55:44.390 [JavaFX Application Thread] DEBUG Input                - Clearing active input actions
15:55:44.411 [FXGL Background Thread 4 ] DEBUG FXGLAssetLoaderServi - Loading from file system: jar:file:/C:/Users/user/.m2/repository/com/github/AlmasB/FXGL/21.1/fxgl-21.1.jar!/fxglassets/ui/fonts/TerminalLandMono-Regular.otf
15:55:44.417 [JavaFX Application Thread] DEBUG GameApplicationServi - Removing overlay from FXGLStartupScene and adding to FXGLLoadingScene
15:55:44.418 [JavaFX Application Thread] DEBUG PrimaryStageWindow   - FXGLStartupScene -> FXGLLoadingScene
15:55:44.418 [JavaFX Application Thread] DEBUG GameApplicationServi - Clearing previous game
15:55:44.418 [JavaFX Application Thread] DEBUG GameScene            - Clearing game scene
15:55:44.418 [JavaFX Application Thread] DEBUG GameWorld            - Clearing game world
15:55:44.418 [JavaFX Application Thread] DEBUG PhysicsWorld         - Clearing physics world
15:55:44.422 [FXGL Background Thread 1 ] DEBUG FXGLApplication      - Initializing game
15:55:44.439 [FXGL Background Thread 4 ] DEBUG FXGLAssetLoaderServi - Loading from file system: jar:file:/C:/Users/user/.m2/repository/com/github/AlmasB/FXGL/21.1/fxgl-21.1.jar!/fxglassets/ui/fonts/Courier-Prime.ttf
15:55:44.536 [JavaFX Application Thread] DEBUG LoopRunner           - Stopping loop
15:55:44.540 [JavaFX Application Thread] FATAL FXGLApplication      - Uncaught Exception:
java.lang.RuntimeException: Initialization failed
	at com.almasb.fxgl.app.FXGLApplication$InitAppTask.failed(FXGLApplication.kt:347)
	at javafx.graphics/javafx.concurrent.Task.setState(Task.java:709)
	at javafx.graphics/javafx.concurrent.Task$TaskCallable.lambda$call$2(Task.java:1418)
	at javafx.graphics/com.sun.javafx.application.PlatformImpl.lambda$runLater$4(PlatformImpl.java:419)
	at javafx.graphics/com.sun.glass.ui.InvokeLaterDispatcher$Future.run(InvokeLaterDispatcher.java:95)
	at javafx.graphics/com.sun.glass.ui.win.WinApplication._runLoop(Native Method)
	at javafx.graphics/com.sun.glass.ui.win.WinApplication.lambda$runLoop$0(WinApplication.java:168)
	at java.base/java.lang.Thread.run(Thread.java:1447)
Caused by: java.lang.IllegalStateException: No EntityFactory was added! Call gameWorld.addEntityFactory()
	at com.almasb.fxgl.entity.GameWorld.create(GameWorld.kt:410)
	at com.almasb.fxgl.entity.GameWorld.spawn(GameWorld.kt:396)
	at com.almasb.fxgl.entity.GameWorld.spawn(GameWorld.kt:384)
	at com.almasb.fxgl.entity.GameWorld.spawn(GameWorld.kt:359)
	at com.almasb.fxgl.dsl.FXGL$Companion.spawn(FXGL.kt:564)
	at com.almasb.fxgl.dsl.FXGL.spawn(FXGL.kt)
	at org.betriebssysteme.view.ProductionLineApp.initGame(ProductionLineApp.java:17)
	at com.almasb.fxgl.app.FXGLApplication$InitAppTask.initGame(FXGLApplication.kt:343)
	at com.almasb.fxgl.app.FXGLApplication$InitAppTask.call(FXGLApplication.kt:321)
	at com.almasb.fxgl.app.FXGLApplication$InitAppTask.call(FXGLApplication.kt:313)
	at javafx.graphics/javafx.concurrent.Task$TaskCallable.call(Task.java:1388)
	at java.base/java.util.concurrent.FutureTask.run(FutureTask.java:328)
	at java.base/java.util.concurrent.Executors$RunnableAdapter.call(Executors.java:545)
	at java.base/java.util.concurrent.FutureTask.run(FutureTask.java:328)
	at java.base/java.util.concurrent.ThreadPoolExecutor.runWorker(ThreadPoolExecutor.java:1095)
	at java.base/java.util.concurrent.ThreadPoolExecutor$Worker.run(ThreadPoolExecutor.java:619)
	... 1 more

15:55:44.541 [JavaFX Application Thread] FATAL FXGLApplication      - Application will now exit
15:55:44.622 [JavaFX Application Thread] DEBUG PrimaryStageWindow   - Push state: ErrorSubScene
15:55:44.625 [JavaFX Application Thread] DEBUG Input                - Clearing active input actions
15:55:44.639 [JavaFX Application Thread] DEBUG GameApplicationServi - Removing overlay from FXGLLoadingScene and adding to ErrorSubScene
15:55:44.640 [JavaFX Application Thread] DEBUG PrimaryStageWindow   - FXGLLoadingScene -> ErrorSubScene
15:55:44.640 [JavaFX Application Thread] DEBUG FXGLApplication      - Registering font factories with UI factory
15:55:47.213 [FXGL Background Thread 3 ] DEBUG Engine               - Logging environment variables
15:55:47.214 [FXGL Background Thread 3 ] DEBUG Engine               - achievements: []
15:55:47.215 [FXGL Background Thread 3 ] DEBUG Engine               - actualHeight: 600.0
15:55:47.215 [FXGL Background Thread 3 ] DEBUG Engine               - actualHeightProperty: ReadOnlyDoubleProperty [value: 600.0]
15:55:47.215 [FXGL Background Thread 3 ] DEBUG Engine               - actualWidth: 800.0
15:55:47.216 [FXGL Background Thread 3 ] DEBUG Engine               - actualWidthProperty: ReadOnlyDoubleProperty [value: 800.0]
15:55:47.216 [FXGL Background Thread 3 ] DEBUG Engine               - appIcon: fxgl_icon.png
15:55:47.216 [FXGL Background Thread 3 ] DEBUG Engine               - applicationMode: DEVELOPER
15:55:47.217 [FXGL Background Thread 3 ] DEBUG Engine               - cSSList: [fxgl_dark.css]
15:55:47.217 [FXGL Background Thread 3 ] DEBUG Engine               - collisionDetectionStrategy: BRUTE_FORCE
15:55:47.217 [FXGL Background Thread 3 ] DEBUG Engine               - configClass: Optional.empty
15:55:47.217 [FXGL Background Thread 3 ] DEBUG Engine               - credits: []
15:55:47.217 [FXGL Background Thread 3 ] DEBUG Engine               - defaultCursor: CursorInfo(imageName=fxgl_default_cursor.png, hotspotX=7.0, hotspotY=6.0)
15:55:47.220 [FXGL Background Thread 3 ] DEBUG Engine               - devBBoxColorProperty: ObjectProperty [value: 0xff0000ff]
15:55:47.221 [FXGL Background Thread 3 ] DEBUG Engine               - devEnableDebugCameraProperty: BooleanProperty [value: false]
15:55:47.222 [FXGL Background Thread 3 ] DEBUG Engine               - devSensorColorProperty: ObjectProperty [value: 0xffff00ff]
15:55:47.222 [FXGL Background Thread 3 ] DEBUG Engine               - devShowBBoxProperty: BooleanProperty [value: false]
15:55:47.222 [FXGL Background Thread 3 ] DEBUG Engine               - devShowPositionProperty: BooleanProperty [value: false]
15:55:47.222 [FXGL Background Thread 3 ] DEBUG Engine               - enabledMenuItems: []
15:55:47.223 [FXGL Background Thread 3 ] DEBUG Engine               - engineServices: [class com.almasb.fxgl.app.services.FXGLAssetLoaderService, class com.almasb.fxgl.app.FXGLApplication$GameApplicationService, class com.almasb.fxgl.app.services.FXGLDialogService, class com.almasb.fxgl.app.services.IOTaskExecutorService, class com.almasb.fxgl.io.FileSystemService, class com.almasb.fxgl.localization.LocalizationService, class com.almasb.fxgl.app.services.SystemBundleService, class com.almasb.fxgl.profile.SaveLoadService, class com.almasb.fxgl.ui.FXGLUIFactoryServiceProvider, class com.almasb.fxgl.ui.FXGLDialogFactoryServiceProvider, class com.almasb.fxgl.audio.AudioPlayer, class com.almasb.fxgl.notification.impl.NotificationServiceProvider, class com.almasb.fxgl.achievement.AchievementService, class com.almasb.fxgl.cutscene.CutsceneService, class com.almasb.fxgl.minigames.MiniGameService, class com.almasb.fxgl.net.NetService, class com.almasb.fxgl.app.services.UpdaterService, class com.almasb.fxgl.dev.DevService]
15:55:47.223 [FXGL Background Thread 3 ] DEBUG Engine               - fontGame: Abel-Regular.ttf
15:55:47.223 [FXGL Background Thread 3 ] DEBUG Engine               - fontMono: TerminalLandMono-Regular.otf
15:55:47.223 [FXGL Background Thread 3 ] DEBUG Engine               - fontSizeScaleUI: 1.0
15:55:47.223 [FXGL Background Thread 3 ] DEBUG Engine               - fontText: Courier-Prime.ttf
15:55:47.223 [FXGL Background Thread 3 ] DEBUG Engine               - fontUI: VarelaRound-Regular.ttf
15:55:47.223 [FXGL Background Thread 3 ] DEBUG Engine               - fullScreen: BooleanProperty [value: false]
15:55:47.223 [FXGL Background Thread 3 ] DEBUG Engine               - gameDifficulty: MEDIUM
15:55:47.223 [FXGL Background Thread 3 ] DEBUG Engine               - gameDifficultyProperty: ObjectProperty [value: MEDIUM]
15:55:47.223 [FXGL Background Thread 3 ] DEBUG Engine               - globalMusicVolume: 0.5
15:55:47.223 [FXGL Background Thread 3 ] DEBUG Engine               - globalMusicVolumeProperty: DoubleProperty [value: 0.5]
15:55:47.223 [FXGL Background Thread 3 ] DEBUG Engine               - globalSoundVolume: 0.5
15:55:47.223 [FXGL Background Thread 3 ] DEBUG Engine               - globalSoundVolumeProperty: DoubleProperty [value: 0.5]
15:55:47.223 [FXGL Background Thread 3 ] DEBUG Engine               - height: 600
15:55:47.223 [FXGL Background Thread 3 ] DEBUG Engine               - is3D: false
15:55:47.223 [FXGL Background Thread 3 ] DEBUG Engine               - isAndroid: false
15:55:47.223 [FXGL Background Thread 3 ] DEBUG Engine               - isBrowser: false
15:55:47.223 [FXGL Background Thread 3 ] DEBUG Engine               - isClickFeedbackEnabled: false
15:55:47.223 [FXGL Background Thread 3 ] DEBUG Engine               - isCloseConfirmation: false
15:55:47.224 [FXGL Background Thread 3 ] DEBUG Engine               - isDesktop: true
15:55:47.224 [FXGL Background Thread 3 ] DEBUG Engine               - isDeveloperMenuEnabled: false
15:55:47.224 [FXGL Background Thread 3 ] DEBUG Engine               - isEmbedded: false
15:55:47.224 [FXGL Background Thread 3 ] DEBUG Engine               - isEntityPreloadEnabled: true
15:55:47.224 [FXGL Background Thread 3 ] DEBUG Engine               - isExperimentalTiledLargeMap: false
15:55:47.224 [FXGL Background Thread 3 ] DEBUG Engine               - isFileSystemWriteAllowed: true
15:55:47.224 [FXGL Background Thread 3 ] DEBUG Engine               - isFullScreenAllowed: false
15:55:47.224 [FXGL Background Thread 3 ] DEBUG Engine               - isFullScreenFromStart: false
15:55:47.224 [FXGL Background Thread 3 ] DEBUG Engine               - isGameMenuEnabled: true
15:55:47.224 [FXGL Background Thread 3 ] DEBUG Engine               - isIOS: false
15:55:47.225 [FXGL Background Thread 3 ] DEBUG Engine               - isIntroEnabled: false
15:55:47.225 [FXGL Background Thread 3 ] DEBUG Engine               - isLinux: false
15:55:47.225 [FXGL Background Thread 3 ] DEBUG Engine               - isMac: false
15:55:47.225 [FXGL Background Thread 3 ] DEBUG Engine               - isMainMenuEnabled: false
15:55:47.225 [FXGL Background Thread 3 ] DEBUG Engine               - isManualResizeEnabled: false
15:55:47.225 [FXGL Background Thread 3 ] DEBUG Engine               - isMobile: false
15:55:47.225 [FXGL Background Thread 3 ] DEBUG Engine               - isNative: false
15:55:47.226 [FXGL Background Thread 3 ] DEBUG Engine               - isPauseMusicWhenMinimized: true
15:55:47.226 [FXGL Background Thread 3 ] DEBUG Engine               - isPreserveResizeRatio: false
15:55:47.226 [FXGL Background Thread 3 ] DEBUG Engine               - isProfilingEnabled: false
15:55:47.226 [FXGL Background Thread 3 ] DEBUG Engine               - isScaleAffectedOnResize: true
15:55:47.226 [FXGL Background Thread 3 ] DEBUG Engine               - isSingleStep: false
15:55:47.226 [FXGL Background Thread 3 ] DEBUG Engine               - isUserProfileEnabled: false
15:55:47.226 [FXGL Background Thread 3 ] DEBUG Engine               - isWindows: true
15:55:47.226 [FXGL Background Thread 3 ] DEBUG Engine               - language: ObjectProperty [value: ENGLISH]
15:55:47.226 [FXGL Background Thread 3 ] DEBUG Engine               - menuKey: ESCAPE
15:55:47.227 [FXGL Background Thread 3 ] DEBUG Engine               - mouseSensitivity: 0.2
15:55:47.227 [FXGL Background Thread 3 ] DEBUG Engine               - notificationViewClass: class com.almasb.fxgl.notification.view.XboxNotificationView
15:55:47.227 [FXGL Background Thread 3 ] DEBUG Engine               - pixelsPerMeter: 50.0
15:55:47.227 [FXGL Background Thread 3 ] DEBUG Engine               - platform: WINDOWS
15:55:47.227 [FXGL Background Thread 3 ] DEBUG Engine               - prefHeightProperty: ReadOnlyDoubleProperty [value: 600.0]
15:55:47.227 [FXGL Background Thread 3 ] DEBUG Engine               - prefWidthProperty: ReadOnlyDoubleProperty [value: 800.0]
15:55:47.227 [FXGL Background Thread 3 ] DEBUG Engine               - profileDir: profiles/
15:55:47.227 [FXGL Background Thread 3 ] DEBUG Engine               - profileName: StringProperty [value: DEFAULT]
15:55:47.228 [FXGL Background Thread 3 ] DEBUG Engine               - randomSeed: -1
15:55:47.228 [FXGL Background Thread 3 ] DEBUG Engine               - runtimeInfo: RuntimeInfo(platform=WINDOWS, version=21.1, build=27.03.2024 07.52)
15:55:47.228 [FXGL Background Thread 3 ] DEBUG Engine               - saveFileExt: sav
15:55:47.228 [FXGL Background Thread 3 ] DEBUG Engine               - scaledHeightProp$fxgl: DoubleProperty [bound, value: 600.0]
15:55:47.228 [FXGL Background Thread 3 ] DEBUG Engine               - scaledWidthProp$fxgl: DoubleProperty [bound, value: 800.0]
15:55:47.228 [FXGL Background Thread 3 ] DEBUG Engine               - sceneFactory: com.almasb.fxgl.app.scene.SceneFactory@7853aee1
15:55:47.228 [FXGL Background Thread 3 ] DEBUG Engine               - secondsIn24h: 60
15:55:47.228 [FXGL Background Thread 3 ] DEBUG Engine               - soundMenuBack: menu/back.wav
15:55:47.228 [FXGL Background Thread 3 ] DEBUG Engine               - soundMenuPress: menu/press.wav
15:55:47.228 [FXGL Background Thread 3 ] DEBUG Engine               - soundMenuSelect: menu/select.wav
15:55:47.229 [FXGL Background Thread 3 ] DEBUG Engine               - soundNotification: core/notification.wav
15:55:47.229 [FXGL Background Thread 3 ] DEBUG Engine               - stageStyle: DECORATED
15:55:47.229 [FXGL Background Thread 3 ] DEBUG Engine               - supportedLanguages: [ENGLISH, FRENCH, GERMAN, HUNGARIAN, RUSSIAN]
15:55:47.229 [FXGL Background Thread 3 ] DEBUG Engine               - ticksPerSecond: -1
15:55:47.229 [FXGL Background Thread 3 ] DEBUG Engine               - title: Produktionslinie
15:55:47.229 [FXGL Background Thread 3 ] DEBUG Engine               - urlGithub: https://github.com/AlmasB/FXGL
15:55:47.229 [FXGL Background Thread 3 ] DEBUG Engine               - urlLeaderboard: http://fxgl-top.herokuapp.com/
15:55:47.229 [FXGL Background Thread 3 ] DEBUG Engine               - urlPOM: https://raw.githubusercontent.com/AlmasB/FXGL/release/README.md
15:55:47.229 [FXGL Background Thread 3 ] DEBUG Engine               - userAppClass: class org.betriebssysteme.view.ProductionLineApp
15:55:47.229 [FXGL Background Thread 3 ] DEBUG Engine               - version: 0.0
15:55:47.229 [FXGL Background Thread 3 ] DEBUG Engine               - versionCheckDays: 7
15:55:47.229 [FXGL Background Thread 3 ] DEBUG Engine               - width: 800
15:55:47.230 [FXGL Background Thread 3 ] DEBUG Engine               - Logging services
15:55:47.231 [FXGL Background Thread 3 ] DEBUG Engine               - class com.almasb.fxgl.app.services.FXGLAssetLoaderService
15:55:47.231 [FXGL Background Thread 3 ] DEBUG Engine               - class com.almasb.fxgl.app.FXGLApplication$GameApplicationService
15:55:47.231 [FXGL Background Thread 3 ] DEBUG Engine               - class com.almasb.fxgl.app.services.FXGLDialogService
15:55:47.231 [FXGL Background Thread 3 ] DEBUG Engine               - class com.almasb.fxgl.app.services.IOTaskExecutorService
15:55:47.231 [FXGL Background Thread 3 ] DEBUG Engine               - class com.almasb.fxgl.io.FileSystemService
15:55:47.231 [FXGL Background Thread 3 ] DEBUG Engine               - class com.almasb.fxgl.localization.LocalizationService
15:55:47.231 [FXGL Background Thread 3 ] DEBUG Engine               - class com.almasb.fxgl.app.services.SystemBundleService
15:55:47.231 [FXGL Background Thread 3 ] DEBUG Engine               - class com.almasb.fxgl.profile.SaveLoadService
15:55:47.231 [FXGL Background Thread 3 ] DEBUG Engine               - class com.almasb.fxgl.ui.FXGLUIFactoryServiceProvider
15:55:47.231 [FXGL Background Thread 3 ] DEBUG Engine               - class com.almasb.fxgl.ui.FXGLDialogFactoryServiceProvider
15:55:47.231 [FXGL Background Thread 3 ] DEBUG Engine               - class com.almasb.fxgl.audio.AudioPlayer
15:55:47.231 [FXGL Background Thread 3 ] DEBUG Engine               - class com.almasb.fxgl.notification.impl.NotificationServiceProvider
15:55:47.231 [FXGL Background Thread 3 ] DEBUG Engine               - class com.almasb.fxgl.achievement.AchievementService
15:55:47.231 [FXGL Background Thread 3 ] DEBUG Engine               - class com.almasb.fxgl.cutscene.CutsceneService
15:55:47.231 [FXGL Background Thread 3 ] DEBUG Engine               - class com.almasb.fxgl.minigames.MiniGameService
15:55:47.231 [FXGL Background Thread 3 ] DEBUG Engine               - class com.almasb.fxgl.net.NetService
15:55:47.231 [FXGL Background Thread 3 ] DEBUG Engine               - class com.almasb.fxgl.app.services.UpdaterService
15:55:47.231 [FXGL Background Thread 3 ] DEBUG Engine               - class com.almasb.fxgl.dev.DevService
15:58:24.412 [JavaFX Application Thread] DEBUG FXGLApplication      - Exiting FXGL
15:58:24.412 [JavaFX Application Thread] DEBUG Async                - Shutting down background threads
15:58:24.414 [JavaFX Application Thread] DEBUG PrimaryStageWindow   - Closing main window
15:58:24.444 [JavaFX Application Thread] DEBUG Logger               - Closing Logger
