19:59:14.554 [main                     ] DEBUG Logger               - Configured Logger
19:59:14.577 [main                     ] DEBUG GameApplication      - Logging settings
Title: Produktionslinie
Version: 0.0
Width: 1600
Height: 900
Fullscreen: false
Intro: false
Profiling: false
Single step:false
App Mode: DEVELOPER
Menu Key: ESCAPE
Stage Style: DECORATED
Scene Factory: class com.almasb.fxgl.app.scene.SceneFactory

19:59:15.008 [JavaFX Application Thread] DEBUG FXGLApplication      - Initializing FXGL
19:59:15.011 [JavaFX Application Thread] INFO  Engine               - FXGL-21.1 (27.03.2024 07.52) on WINDOWS (J:21.0.9 FX:21.0.1)
19:59:15.011 [JavaFX Application Thread] DEBUG Engine               - JRE Vendor Name: Microsoft
19:59:15.011 [JavaFX Application Thread] DEBUG Engine               - Running on OS: Windows 11 version 10.0
19:59:15.012 [JavaFX Application Thread] DEBUG Engine               - Architecture: amd64
19:59:15.012 [JavaFX Application Thread] INFO  Engine               - Source code and latest versions at: https://github.com/AlmasB/FXGL
19:59:15.012 [JavaFX Application Thread] INFO  Engine               -       Ask questions and discuss at: https://github.com/AlmasB/FXGL/discussions
19:59:15.012 [JavaFX Application Thread] INFO  Engine               -              Join the FXGL chat at: https://gitter.im/AlmasB/FXGL
19:59:15.108 [JavaFX Application Thread] DEBUG PrimaryStageWindow   - Creating a JavaFX scene
19:59:15.150 [JavaFX Application Thread] DEBUG PrimaryStageWindow   - Target settings size: 1600.0 x 900.0
19:59:15.150 [JavaFX Application Thread] DEBUG PrimaryStageWindow   - Scaled scene size:    1600.0 x 900.0
19:59:15.151 [JavaFX Application Thread] DEBUG PrimaryStageWindow   - Scaled ratio: (1.0, 1.0)
19:59:15.152 [JavaFX Application Thread] DEBUG PrimaryStageWindow   - Set initial scene to FXGLStartupScene
19:59:15.153 [JavaFX Application Thread] DEBUG PrimaryStageWindow   - Opening main window
19:59:15.232 [JavaFX Application Thread] DEBUG PrimaryStageWindow   - Window border size: (16.0, 39.0)
19:59:15.233 [JavaFX Application Thread] DEBUG PrimaryStageWindow   - Scaled size: 1600.0 x 900.0
19:59:15.233 [JavaFX Application Thread] DEBUG PrimaryStageWindow   - Scaled ratio: (1.0, 1.0)
19:59:15.233 [JavaFX Application Thread] DEBUG PrimaryStageWindow   - Scene size: 1600.0 x 900.0
19:59:15.233 [JavaFX Application Thread] DEBUG PrimaryStageWindow   - Stage size: 1616.0 x 939.0
19:59:15.239 [FXGL Background Thread 1 ] DEBUG Engine               - Initializing environment variables
19:59:15.281 [FXGL Background Thread 1 ] DEBUG FXGLAssetLoaderServi - User app class for loading assets: class org.betriebssysteme.view.ProductionLineApp
19:59:15.281 [FXGL Background Thread 1 ] DEBUG GameApplicationServi - Applying CSS: fxgl_dark.css
19:59:15.282 [FXGL Background Thread 1 ] DEBUG FXGLAssetLoaderServi - Loading from file system: jar:file:/C:/Users/abdul/.m2/repository/com/github/almasb/fxgl/21.1/fxgl-21.1.jar!/fxglassets/ui/css/fxgl_dark.css
19:59:15.316 [FXGL Background Thread 1 ] DEBUG GameApplicationServi - Initializing application scenes
19:59:15.357 [FXGL Background Thread 1 ] DEBUG GameWorld            - Game world initialized
19:59:15.423 [FXGL Background Thread 1 ] DEBUG PhysicsWorld         - Physics world initialized: appHeight=900, physics.ppm=50,0
19:59:15.423 [FXGL Background Thread 1 ] DEBUG PhysicsWorld         - Using strategy: BRUTE_FORCE
19:59:15.427 [FXGL Background Thread 1 ] DEBUG GameScene            - Game scene initialized: 1600x900
19:59:15.438 [FXGL Background Thread 1 ] DEBUG FXGL.DefaultMenu     - createMenuBodyGameMenu()
19:59:15.451 [FXGL Background Thread 1 ] DEBUG FXGL.DefaultMenu     - createOptionsMenu()
19:59:15.460 [FXGL Background Thread 1 ] DEBUG FXGLAssetLoaderServi - Loading from file system: jar:file:/C:/Users/abdul/.m2/repository/com/github/almasb/fxgl/21.1/fxgl-21.1.jar!/fxglassets/textures/particles/smoke.png
19:59:15.563 [FXGL Background Thread 1 ] DEBUG FXGLAssetLoaderServi - Loading from file system: jar:file:/C:/Users/abdul/.m2/repository/com/github/almasb/fxgl/21.1/fxgl-21.1.jar!/fxglassets/textures/particles/trace_horizontal.png
19:59:15.584 [FXGL Background Thread 1 ] DEBUG GameApplicationServi - Application scenes initialized
19:59:15.597 [FXGL Background Thread 1 ] DEBUG SystemBundleService  - Loading FXGL system data
19:59:15.600 [FXGL Background Thread 1 ] DEBUG FileSystemAccess     - Reading from: C:\Users\abdul\IdeaProjects\Produktionslinie\system\fxgl.bundle
19:59:15.608 [FXGL Background Thread 1 ] DEBUG SystemBundleService  - Bundle FXGL: {}
19:59:15.608 [FXGL Background Thread 1 ] DEBUG UpdaterService       - Checking for updates
19:59:15.638 [FXGL Background Thread 4 ] DEBUG FXGLApplication      - Loading fonts
19:59:15.640 [FXGL Background Thread 4 ] DEBUG FXGLAssetLoaderServi - Loading from file system: jar:file:/C:/Users/abdul/.m2/repository/com/github/almasb/fxgl/21.1/fxgl-21.1.jar!/fxglassets/ui/fonts/VarelaRound-Regular.ttf
19:59:15.640 [FXGL Background Thread 1 ] DEBUG FXGLApplication      - Loading default localization
19:59:15.641 [FXGL Background Thread 1 ] DEBUG FXGLAssetLoaderServi - Loading from file system: jar:file:/C:/Users/abdul/.m2/repository/com/github/almasb/fxgl/21.1/fxgl-21.1.jar!/fxglassets/languages/english.lang
19:59:15.676 [FXGL Background Thread 4 ] DEBUG FXGLAssetLoaderServi - Loading from file system: jar:file:/C:/Users/abdul/.m2/repository/com/github/almasb/fxgl/21.1/fxgl-21.1.jar!/fxglassets/ui/fonts/Abel-Regular.ttf
19:59:15.686 [FXGL Background Thread 4 ] DEBUG FXGLAssetLoaderServi - Loading from file system: jar:file:/C:/Users/abdul/.m2/repository/com/github/almasb/fxgl/21.1/fxgl-21.1.jar!/fxglassets/ui/fonts/TerminalLandMono-Regular.otf
19:59:15.687 [FXGL Background Thread 1 ] INFO  FXGLApplication      - FXGL initialization took: 0,448 sec
19:59:15.696 [FXGL Background Thread 4 ] DEBUG FXGLAssetLoaderServi - Loading from file system: jar:file:/C:/Users/abdul/.m2/repository/com/github/almasb/fxgl/21.1/fxgl-21.1.jar!/fxglassets/ui/fonts/Courier-Prime.ttf
19:59:15.698 [JavaFX Application Thread] DEBUG Input                - Registered new binding: action0 - R
19:59:15.700 [JavaFX Application Thread] DEBUG FXGLAssetLoaderServi - Loading from file system: jar:file:/C:/Users/abdul/.m2/repository/com/github/almasb/fxgl/21.1/fxgl-21.1.jar!/fxglassets/textures/fxgl_icon.png
19:59:15.721 [JavaFX Application Thread] DEBUG FXGLAssetLoaderServi - Loading from file system: jar:file:/C:/Users/abdul/.m2/repository/com/github/almasb/fxgl/21.1/fxgl-21.1.jar!/fxglassets/textures/fxgl_default_cursor.png
19:59:15.726 [JavaFX Application Thread] DEBUG Input                - Registered new binding: Screenshot - CTRL+8
19:59:15.727 [JavaFX Application Thread] DEBUG Input                - Registered new binding: Dev Options - 1
19:59:15.728 [JavaFX Application Thread] DEBUG Input                - Registered new binding: Dev Console - 2
19:59:15.729 [JavaFX Application Thread] DEBUG Input                - Registered new binding: System info dump - CTRL+9
19:59:15.730 [JavaFX Application Thread] DEBUG Input                - Registered new binding: Restart - CTRL+R
19:59:15.733 [JavaFX Application Thread] DEBUG Input                - Registered new binding: Toggle Debug Camera - CTRL+7
19:59:15.737 [JavaFX Application Thread] DEBUG LoopRunner           - Starting loop
19:59:15.753 [JavaFX Application Thread] DEBUG LoopRunner           - Initializing JavaFX AnimationTimerLoop
19:59:15.756 [JavaFX Application Thread] DEBUG GameApplicationServi - Starting new game
19:59:15.756 [JavaFX Application Thread] DEBUG Input                - Clearing active input actions
19:59:15.768 [JavaFX Application Thread] DEBUG GameApplicationServi - Removing overlay from FXGLStartupScene and adding to FXGLLoadingScene
19:59:15.773 [JavaFX Application Thread] DEBUG PrimaryStageWindow   - FXGLStartupScene -> FXGLLoadingScene
19:59:15.773 [JavaFX Application Thread] DEBUG GameApplicationServi - Clearing previous game
19:59:15.773 [JavaFX Application Thread] DEBUG GameScene            - Clearing game scene
19:59:15.773 [JavaFX Application Thread] DEBUG GameWorld            - Clearing game world
19:59:15.773 [JavaFX Application Thread] DEBUG PhysicsWorld         - Clearing physics world
19:59:15.774 [FXGL Background Thread 4 ] DEBUG FXGLApplication      - Initializing game
19:59:15.776 [JavaFX Application Thread] DEBUG FXGLApplication      - Registering font factories with UI factory
19:59:15.796 [FXGL Background Thread 4 ] WARN  TMXLevelLoader       - TiledMap generated from 1.11.2. Supported version: 1.9.0. Some features may not be parsed fully.
19:59:15.806 [FXGL Background Thread 4 ] DEBUG TMXLevelLoader       - Parsed TiledMap: file:/C:/Users/abdul/IdeaProjects/Produktionslinie/target/classes/assets/levels/map.tmx
19:59:15.808 [FXGL Background Thread 4 ] DEBUG TMXLevelLoader       - Creating tile layer entities
19:59:15.811 [FXGL Background Thread 4 ] DEBUG TilesetLoader        - Loading view for layer Kachelebene 1
19:59:15.820 [FXGL Background Thread 4 ] DEBUG TilesetLoader        - Created buffer with size 3200.0x3200.0
19:59:15.860 [FXGL Background Thread 4 ] DEBUG TMXLevelLoader       - Creating object layer entities
19:59:15.861 [FXGL Background Thread 4 ] DEBUG GameWorld            - Clearing removable entities
19:59:15.862 [FXGL Background Thread 4 ] DEBUG GameWorld            - Setting level: com.almasb.fxgl.entity.level.Level@754f255e
19:59:15.890 [FXGL Background Thread 4 ] DEBUG FXGLAssetLoaderServi - Loading from file system: file:/C:/Users/abdul/IdeaProjects/Produktionslinie/target/classes/assets/textures/Info_Menu_Machine_Asset.png
19:59:15.948 [FXGL Background Thread 4 ] DEBUG FXGLAssetLoaderServi - Loading from file system: file:/C:/Users/abdul/IdeaProjects/Produktionslinie/target/classes/assets/textures/Turning_Off_Animation.png
19:59:15.954 [FXGL Background Thread 4 ] DEBUG FXGLAssetLoaderServi - Loading from file system: file:/C:/Users/abdul/IdeaProjects/Produktionslinie/target/classes/assets/textures/Turning_On_Animation.png
19:59:15.955 [FXGL Background Thread 4 ] DEBUG FXGLAssetLoaderServi - Loading from file system: file:/C:/Users/abdul/IdeaProjects/Produktionslinie/target/classes/assets/textures/Production_While_Taking_Items_Animation.png
19:59:15.956 [FXGL Background Thread 4 ] DEBUG FXGLAssetLoaderServi - Loading from file system: file:/C:/Users/abdul/IdeaProjects/Produktionslinie/target/classes/assets/textures/Production_Without_Taking_Items_Animation.png
19:59:16.000 [FXGL Background Thread 4 ] DEBUG FXGLAssetLoaderServi - Loading from file system: file:/C:/Users/abdul/IdeaProjects/Produktionslinie/target/classes/assets/textures/belt-start.png
19:59:16.001 [FXGL Background Thread 4 ] DEBUG FXGLAssetLoaderServi - Loading from file system: file:/C:/Users/abdul/IdeaProjects/Produktionslinie/target/classes/assets/textures/belt-mid.png
19:59:16.002 [FXGL Background Thread 4 ] DEBUG FXGLAssetLoaderServi - Loading from file system: file:/C:/Users/abdul/IdeaProjects/Produktionslinie/target/classes/assets/textures/belt-end.png
19:59:16.020 [FXGL Background Thread 4 ] DEBUG FXGLAssetLoaderServi - Loading from file system: file:/C:/Users/abdul/IdeaProjects/Produktionslinie/target/classes/assets/textures/item.png
19:59:16.029 [FXGL Background Thread 4 ] INFO  FXGLApplication      - Game initialization took: 0,255 sec
19:59:16.064 [JavaFX Application Thread] DEBUG Input                - Clearing active input actions
19:59:16.072 [JavaFX Application Thread] DEBUG GameApplicationServi - Removing overlay from FXGLLoadingScene and adding to GameScene
19:59:16.078 [JavaFX Application Thread] DEBUG PrimaryStageWindow   - FXGLLoadingScene -> GameScene
19:59:18.638 [FXGL Background Thread 3 ] DEBUG Engine               - Logging environment variables
19:59:18.640 [FXGL Background Thread 3 ] DEBUG Engine               - achievements: []
19:59:18.640 [FXGL Background Thread 3 ] DEBUG Engine               - actualHeight: 900.0
19:59:18.640 [FXGL Background Thread 3 ] DEBUG Engine               - actualHeightProperty: ReadOnlyDoubleProperty [value: 900.0]
19:59:18.640 [FXGL Background Thread 3 ] DEBUG Engine               - actualWidth: 1600.0
19:59:18.640 [FXGL Background Thread 3 ] DEBUG Engine               - actualWidthProperty: ReadOnlyDoubleProperty [value: 1600.0]
19:59:18.640 [FXGL Background Thread 3 ] DEBUG Engine               - appIcon: fxgl_icon.png
19:59:18.640 [FXGL Background Thread 3 ] DEBUG Engine               - applicationMode: DEVELOPER
19:59:18.640 [FXGL Background Thread 3 ] DEBUG Engine               - cSSList: [fxgl_dark.css]
19:59:18.640 [FXGL Background Thread 3 ] DEBUG Engine               - collisionDetectionStrategy: BRUTE_FORCE
19:59:18.640 [FXGL Background Thread 3 ] DEBUG Engine               - configClass: Optional.empty
19:59:18.640 [FXGL Background Thread 3 ] DEBUG Engine               - credits: []
19:59:18.641 [FXGL Background Thread 3 ] DEBUG Engine               - defaultCursor: CursorInfo(imageName=fxgl_default_cursor.png, hotspotX=7.0, hotspotY=6.0)
19:59:18.641 [FXGL Background Thread 3 ] DEBUG Engine               - devBBoxColorProperty: ObjectProperty [value: 0xff0000ff]
19:59:18.641 [FXGL Background Thread 3 ] DEBUG Engine               - devEnableDebugCameraProperty: BooleanProperty [value: false]
19:59:18.641 [FXGL Background Thread 3 ] DEBUG Engine               - devSensorColorProperty: ObjectProperty [value: 0xffff00ff]
19:59:18.641 [FXGL Background Thread 3 ] DEBUG Engine               - devShowBBoxProperty: BooleanProperty [value: false]
19:59:18.641 [FXGL Background Thread 3 ] DEBUG Engine               - devShowPositionProperty: BooleanProperty [value: false]
19:59:18.641 [FXGL Background Thread 3 ] DEBUG Engine               - enabledMenuItems: []
19:59:18.641 [FXGL Background Thread 3 ] DEBUG Engine               - engineServices: [class com.almasb.fxgl.app.services.FXGLAssetLoaderService, class com.almasb.fxgl.app.FXGLApplication$GameApplicationService, class com.almasb.fxgl.app.services.FXGLDialogService, class com.almasb.fxgl.app.services.IOTaskExecutorService, class com.almasb.fxgl.io.FileSystemService, class com.almasb.fxgl.localization.LocalizationService, class com.almasb.fxgl.app.services.SystemBundleService, class com.almasb.fxgl.profile.SaveLoadService, class com.almasb.fxgl.ui.FXGLUIFactoryServiceProvider, class com.almasb.fxgl.ui.FXGLDialogFactoryServiceProvider, class com.almasb.fxgl.audio.AudioPlayer, class com.almasb.fxgl.notification.impl.NotificationServiceProvider, class com.almasb.fxgl.achievement.AchievementService, class com.almasb.fxgl.cutscene.CutsceneService, class com.almasb.fxgl.minigames.MiniGameService, class com.almasb.fxgl.net.NetService, class com.almasb.fxgl.app.services.UpdaterService, class com.almasb.fxgl.dev.DevService]
19:59:18.641 [FXGL Background Thread 3 ] DEBUG Engine               - fontGame: Abel-Regular.ttf
19:59:18.641 [FXGL Background Thread 3 ] DEBUG Engine               - fontMono: TerminalLandMono-Regular.otf
19:59:18.642 [FXGL Background Thread 3 ] DEBUG Engine               - fontSizeScaleUI: 1.0
19:59:18.642 [FXGL Background Thread 3 ] DEBUG Engine               - fontText: Courier-Prime.ttf
19:59:18.642 [FXGL Background Thread 3 ] DEBUG Engine               - fontUI: VarelaRound-Regular.ttf
19:59:18.642 [FXGL Background Thread 3 ] DEBUG Engine               - fullScreen: BooleanProperty [value: false]
19:59:18.642 [FXGL Background Thread 3 ] DEBUG Engine               - gameDifficulty: MEDIUM
19:59:18.642 [FXGL Background Thread 3 ] DEBUG Engine               - gameDifficultyProperty: ObjectProperty [value: MEDIUM]
19:59:18.642 [FXGL Background Thread 3 ] DEBUG Engine               - globalMusicVolume: 0.5
19:59:18.642 [FXGL Background Thread 3 ] DEBUG Engine               - globalMusicVolumeProperty: DoubleProperty [value: 0.5]
19:59:18.642 [FXGL Background Thread 3 ] DEBUG Engine               - globalSoundVolume: 0.5
19:59:18.644 [FXGL Background Thread 3 ] DEBUG Engine               - globalSoundVolumeProperty: DoubleProperty [value: 0.5]
19:59:18.644 [FXGL Background Thread 3 ] DEBUG Engine               - height: 900
19:59:18.644 [FXGL Background Thread 3 ] DEBUG Engine               - is3D: false
19:59:18.644 [FXGL Background Thread 3 ] DEBUG Engine               - isAndroid: false
19:59:18.644 [FXGL Background Thread 3 ] DEBUG Engine               - isBrowser: false
19:59:18.644 [FXGL Background Thread 3 ] DEBUG Engine               - isClickFeedbackEnabled: false
19:59:18.644 [FXGL Background Thread 3 ] DEBUG Engine               - isCloseConfirmation: false
19:59:18.644 [FXGL Background Thread 3 ] DEBUG Engine               - isDesktop: true
19:59:18.644 [FXGL Background Thread 3 ] DEBUG Engine               - isDeveloperMenuEnabled: true
19:59:18.644 [FXGL Background Thread 3 ] DEBUG Engine               - isEmbedded: false
19:59:18.644 [FXGL Background Thread 3 ] DEBUG Engine               - isEntityPreloadEnabled: true
19:59:18.644 [FXGL Background Thread 3 ] DEBUG Engine               - isExperimentalTiledLargeMap: false
19:59:18.644 [FXGL Background Thread 3 ] DEBUG Engine               - isFileSystemWriteAllowed: true
19:59:18.644 [FXGL Background Thread 3 ] DEBUG Engine               - isFullScreenAllowed: false
19:59:18.644 [FXGL Background Thread 3 ] DEBUG Engine               - isFullScreenFromStart: false
19:59:18.644 [FXGL Background Thread 3 ] DEBUG Engine               - isGameMenuEnabled: true
19:59:18.644 [FXGL Background Thread 3 ] DEBUG Engine               - isIOS: false
19:59:18.644 [FXGL Background Thread 3 ] DEBUG Engine               - isIntroEnabled: false
19:59:18.644 [FXGL Background Thread 3 ] DEBUG Engine               - isLinux: false
19:59:18.644 [FXGL Background Thread 3 ] DEBUG Engine               - isMac: false
19:59:18.644 [FXGL Background Thread 3 ] DEBUG Engine               - isMainMenuEnabled: false
19:59:18.644 [FXGL Background Thread 3 ] DEBUG Engine               - isManualResizeEnabled: false
19:59:18.644 [FXGL Background Thread 3 ] DEBUG Engine               - isMobile: false
19:59:18.644 [FXGL Background Thread 3 ] DEBUG Engine               - isNative: false
19:59:18.644 [FXGL Background Thread 3 ] DEBUG Engine               - isPauseMusicWhenMinimized: true
19:59:18.644 [FXGL Background Thread 3 ] DEBUG Engine               - isPreserveResizeRatio: false
19:59:18.645 [FXGL Background Thread 3 ] DEBUG Engine               - isProfilingEnabled: false
19:59:18.645 [FXGL Background Thread 3 ] DEBUG Engine               - isScaleAffectedOnResize: true
19:59:18.645 [FXGL Background Thread 3 ] DEBUG Engine               - isSingleStep: false
19:59:18.645 [FXGL Background Thread 3 ] DEBUG Engine               - isUserProfileEnabled: false
19:59:18.645 [FXGL Background Thread 3 ] DEBUG Engine               - isWindows: true
19:59:18.645 [FXGL Background Thread 3 ] DEBUG Engine               - language: ObjectProperty [value: ENGLISH]
19:59:18.645 [FXGL Background Thread 3 ] DEBUG Engine               - menuKey: ESCAPE
19:59:18.645 [FXGL Background Thread 3 ] DEBUG Engine               - mouseSensitivity: 0.2
19:59:18.645 [FXGL Background Thread 3 ] DEBUG Engine               - notificationViewClass: class com.almasb.fxgl.notification.view.XboxNotificationView
19:59:18.645 [FXGL Background Thread 3 ] DEBUG Engine               - pixelsPerMeter: 50.0
19:59:18.645 [FXGL Background Thread 3 ] DEBUG Engine               - platform: WINDOWS
19:59:18.645 [FXGL Background Thread 3 ] DEBUG Engine               - prefHeightProperty: ReadOnlyDoubleProperty [value: 900.0]
19:59:18.645 [FXGL Background Thread 3 ] DEBUG Engine               - prefWidthProperty: ReadOnlyDoubleProperty [value: 1600.0]
19:59:18.645 [FXGL Background Thread 3 ] DEBUG Engine               - profileDir: profiles/
19:59:18.645 [FXGL Background Thread 3 ] DEBUG Engine               - profileName: StringProperty [value: DEFAULT]
19:59:18.645 [FXGL Background Thread 3 ] DEBUG Engine               - randomSeed: -1
19:59:18.645 [FXGL Background Thread 3 ] DEBUG Engine               - runtimeInfo: RuntimeInfo(platform=WINDOWS, version=21.1, build=27.03.2024 07.52)
19:59:18.645 [FXGL Background Thread 3 ] DEBUG Engine               - saveFileExt: sav
19:59:18.645 [FXGL Background Thread 3 ] DEBUG Engine               - scaledHeightProp$fxgl: DoubleProperty [bound, value: 900.0]
19:59:18.645 [FXGL Background Thread 3 ] DEBUG Engine               - scaledWidthProp$fxgl: DoubleProperty [bound, value: 1600.0]
19:59:18.645 [FXGL Background Thread 3 ] DEBUG Engine               - sceneFactory: com.almasb.fxgl.app.scene.SceneFactory@3f00b99e
19:59:18.645 [FXGL Background Thread 3 ] DEBUG Engine               - secondsIn24h: 60
19:59:18.645 [FXGL Background Thread 3 ] DEBUG Engine               - soundMenuBack: menu/back.wav
19:59:18.645 [FXGL Background Thread 3 ] DEBUG Engine               - soundMenuPress: menu/press.wav
19:59:18.645 [FXGL Background Thread 3 ] DEBUG Engine               - soundMenuSelect: menu/select.wav
19:59:18.645 [FXGL Background Thread 3 ] DEBUG Engine               - soundNotification: core/notification.wav
19:59:18.645 [FXGL Background Thread 3 ] DEBUG Engine               - stageStyle: DECORATED
19:59:18.645 [FXGL Background Thread 3 ] DEBUG Engine               - supportedLanguages: [ENGLISH, FRENCH, GERMAN, HUNGARIAN, RUSSIAN]
19:59:18.645 [FXGL Background Thread 3 ] DEBUG Engine               - ticksPerSecond: -1
19:59:18.645 [FXGL Background Thread 3 ] DEBUG Engine               - title: Produktionslinie
19:59:18.645 [FXGL Background Thread 3 ] DEBUG Engine               - urlGithub: https://github.com/AlmasB/FXGL
19:59:18.647 [FXGL Background Thread 3 ] DEBUG Engine               - urlLeaderboard: http://fxgl-top.herokuapp.com/
19:59:18.647 [FXGL Background Thread 3 ] DEBUG Engine               - urlPOM: https://raw.githubusercontent.com/AlmasB/FXGL/release/README.md
19:59:18.647 [FXGL Background Thread 3 ] DEBUG Engine               - userAppClass: class org.betriebssysteme.view.ProductionLineApp
19:59:18.647 [FXGL Background Thread 3 ] DEBUG Engine               - version: 0.0
19:59:18.647 [FXGL Background Thread 3 ] DEBUG Engine               - versionCheckDays: 7
19:59:18.647 [FXGL Background Thread 3 ] DEBUG Engine               - width: 1600
19:59:18.647 [FXGL Background Thread 3 ] DEBUG Engine               - Logging services
19:59:18.647 [FXGL Background Thread 3 ] DEBUG Engine               - class com.almasb.fxgl.app.services.FXGLAssetLoaderService
19:59:18.647 [FXGL Background Thread 3 ] DEBUG Engine               - class com.almasb.fxgl.app.FXGLApplication$GameApplicationService
19:59:18.647 [FXGL Background Thread 3 ] DEBUG Engine               - class com.almasb.fxgl.app.services.FXGLDialogService
19:59:18.647 [FXGL Background Thread 3 ] DEBUG Engine               - class com.almasb.fxgl.app.services.IOTaskExecutorService
19:59:18.647 [FXGL Background Thread 3 ] DEBUG Engine               - class com.almasb.fxgl.io.FileSystemService
19:59:18.647 [FXGL Background Thread 3 ] DEBUG Engine               - class com.almasb.fxgl.localization.LocalizationService
19:59:18.647 [FXGL Background Thread 3 ] DEBUG Engine               - class com.almasb.fxgl.app.services.SystemBundleService
19:59:18.647 [FXGL Background Thread 3 ] DEBUG Engine               - class com.almasb.fxgl.profile.SaveLoadService
19:59:18.647 [FXGL Background Thread 3 ] DEBUG Engine               - class com.almasb.fxgl.ui.FXGLUIFactoryServiceProvider
19:59:18.647 [FXGL Background Thread 3 ] DEBUG Engine               - class com.almasb.fxgl.ui.FXGLDialogFactoryServiceProvider
19:59:18.647 [FXGL Background Thread 3 ] DEBUG Engine               - class com.almasb.fxgl.audio.AudioPlayer
19:59:18.647 [FXGL Background Thread 3 ] DEBUG Engine               - class com.almasb.fxgl.notification.impl.NotificationServiceProvider
19:59:18.647 [FXGL Background Thread 3 ] DEBUG Engine               - class com.almasb.fxgl.achievement.AchievementService
19:59:18.648 [FXGL Background Thread 3 ] DEBUG Engine               - class com.almasb.fxgl.cutscene.CutsceneService
19:59:18.648 [FXGL Background Thread 3 ] DEBUG Engine               - class com.almasb.fxgl.minigames.MiniGameService
19:59:18.648 [FXGL Background Thread 3 ] DEBUG Engine               - class com.almasb.fxgl.net.NetService
19:59:18.648 [FXGL Background Thread 3 ] DEBUG Engine               - class com.almasb.fxgl.app.services.UpdaterService
19:59:18.648 [FXGL Background Thread 3 ] DEBUG Engine               - class com.almasb.fxgl.dev.DevService
19:59:25.844 [JavaFX Application Thread] DEBUG FXGLApplication      - Exiting FXGL
19:59:25.845 [JavaFX Application Thread] DEBUG LoopRunner           - Stopping loop
19:59:25.845 [JavaFX Application Thread] DEBUG SystemBundleService  - Saving FXGL system data
19:59:25.848 [JavaFX Application Thread] DEBUG FileSystemAccess     - Writing to: C:\Users\abdul\IdeaProjects\Produktionslinie\system\fxgl.bundle
19:59:25.853 [JavaFX Application Thread] DEBUG Async                - Shutting down background threads
19:59:25.853 [JavaFX Application Thread] DEBUG PrimaryStageWindow   - Closing main window
19:59:25.864 [JavaFX Application Thread] DEBUG Logger               - Closing Logger
