20:39:39.868 [main                     ] DEBUG Logger               - Configured Logger
20:39:39.879 [main                     ] DEBUG GameApplication      - Logging settings
Title: Produktionslinie
Version: 0.0
Width: 800
Height: 600
Fullscreen: false
Intro: false
Profiling: false
Single step:false
App Mode: DEVELOPER
Menu Key: ESCAPE
Stage Style: DECORATED
Scene Factory: class com.almasb.fxgl.app.scene.SceneFactory

20:39:40.182 [JavaFX Application Thread] DEBUG FXGLApplication      - Initializing FXGL
20:39:40.188 [JavaFX Application Thread] INFO  Engine               - FXGL-21.1 (27.03.2024 07.52) on WINDOWS (J:24.0.1 FX:24.0.1+1)
20:39:40.188 [JavaFX Application Thread] DEBUG Engine               - JRE Vendor Name: BellSoft
20:39:40.189 [JavaFX Application Thread] DEBUG Engine               - Running on OS: Windows 11 version 10.0
20:39:40.189 [JavaFX Application Thread] DEBUG Engine               - Architecture: amd64
20:39:40.189 [JavaFX Application Thread] INFO  Engine               - Source code and latest versions at: https://github.com/AlmasB/FXGL
20:39:40.189 [JavaFX Application Thread] INFO  Engine               -       Ask questions and discuss at: https://github.com/AlmasB/FXGL/discussions
20:39:40.189 [JavaFX Application Thread] INFO  Engine               -              Join the FXGL chat at: https://gitter.im/AlmasB/FXGL
20:39:40.280 [JavaFX Application Thread] DEBUG PrimaryStageWindow   - Creating a JavaFX scene
20:39:40.323 [JavaFX Application Thread] DEBUG PrimaryStageWindow   - Target settings size: 800.0 x 600.0
20:39:40.323 [JavaFX Application Thread] DEBUG PrimaryStageWindow   - Scaled scene size:    800.0 x 600.0
20:39:40.323 [JavaFX Application Thread] DEBUG PrimaryStageWindow   - Scaled ratio: (1.0, 1.0)
20:39:40.325 [JavaFX Application Thread] DEBUG PrimaryStageWindow   - Set initial scene to FXGLStartupScene
20:39:40.332 [JavaFX Application Thread] DEBUG PrimaryStageWindow   - Opening main window
20:39:40.649 [JavaFX Application Thread] DEBUG PrimaryStageWindow   - Window border size: (14.66668701171875, 37.33331298828125)
20:39:40.650 [JavaFX Application Thread] DEBUG PrimaryStageWindow   - Scaled size: 800.0 x 600.0
20:39:40.650 [JavaFX Application Thread] DEBUG PrimaryStageWindow   - Scaled ratio: (1.0, 1.0)
20:39:40.650 [JavaFX Application Thread] DEBUG PrimaryStageWindow   - Scene size: 800.0 x 600.0
20:39:40.650 [JavaFX Application Thread] DEBUG PrimaryStageWindow   - Stage size: 814.6666870117188 x 637.3333129882812
20:39:40.664 [FXGL Background Thread 1 ] DEBUG Engine               - Initializing environment variables
20:39:40.768 [FXGL Background Thread 1 ] DEBUG FXGLAssetLoaderServi - User app class for loading assets: class org.betriebssysteme.view.ProductionLineApp
20:39:40.768 [FXGL Background Thread 1 ] DEBUG GameApplicationServi - Applying CSS: fxgl_dark.css
20:39:40.770 [FXGL Background Thread 1 ] DEBUG FXGLAssetLoaderServi - Loading from file system: jar:file:/C:/Users/user/.m2/repository/com/github/AlmasB/FXGL/21.1/fxgl-21.1.jar!/fxglassets/ui/css/fxgl_dark.css
20:39:40.833 [FXGL Background Thread 1 ] DEBUG GameApplicationServi - Initializing application scenes
20:39:40.896 [FXGL Background Thread 1 ] DEBUG GameWorld            - Game world initialized
20:39:40.981 [FXGL Background Thread 1 ] DEBUG PhysicsWorld         - Physics world initialized: appHeight=600, physics.ppm=50,0
20:39:40.981 [FXGL Background Thread 1 ] DEBUG PhysicsWorld         - Using strategy: BRUTE_FORCE
20:39:40.986 [FXGL Background Thread 1 ] DEBUG GameScene            - Game scene initialized: 800x600
20:39:41.004 [FXGL Background Thread 1 ] DEBUG FXGL.DefaultMenu     - createMenuBodyGameMenu()
20:39:41.018 [FXGL Background Thread 1 ] DEBUG FXGL.DefaultMenu     - createOptionsMenu()
20:39:41.035 [FXGL Background Thread 1 ] DEBUG FXGLAssetLoaderServi - Loading from file system: jar:file:/C:/Users/user/.m2/repository/com/github/AlmasB/FXGL/21.1/fxgl-21.1.jar!/fxglassets/textures/particles/smoke.png
20:39:41.153 [FXGL Background Thread 1 ] DEBUG FXGLAssetLoaderServi - Loading from file system: jar:file:/C:/Users/user/.m2/repository/com/github/AlmasB/FXGL/21.1/fxgl-21.1.jar!/fxglassets/textures/particles/trace_horizontal.png
20:39:41.181 [FXGL Background Thread 1 ] DEBUG GameApplicationServi - Application scenes initialized
20:39:41.197 [FXGL Background Thread 1 ] DEBUG SystemBundleService  - Loading FXGL system data
20:39:41.211 [FXGL Background Thread 1 ] DEBUG FileSystemAccess     - Reading from: C:\Users\user\IdeaProjects\Produktionslinie\system\fxgl.bundle
20:39:41.218 [FXGL Background Thread 1 ] DEBUG SystemBundleService  - Bundle FXGL: {}
20:39:41.220 [FXGL Background Thread 1 ] DEBUG UpdaterService       - Checking for updates
20:39:41.245 [FXGL Background Thread 4 ] DEBUG FXGLApplication      - Loading fonts
20:39:41.246 [FXGL Background Thread 4 ] DEBUG FXGLAssetLoaderServi - Loading from file system: jar:file:/C:/Users/user/.m2/repository/com/github/AlmasB/FXGL/21.1/fxgl-21.1.jar!/fxglassets/ui/fonts/VarelaRound-Regular.ttf
20:39:41.246 [FXGL Background Thread 1 ] DEBUG FXGLApplication      - Loading default localization
20:39:41.247 [FXGL Background Thread 1 ] DEBUG FXGLAssetLoaderServi - Loading from file system: jar:file:/C:/Users/user/.m2/repository/com/github/AlmasB/FXGL/21.1/fxgl-21.1.jar!/fxglassets/languages/english.lang
20:39:41.295 [FXGL Background Thread 1 ] INFO  FXGLApplication      - FXGL initialization took: 0,630 sec
20:39:41.297 [JavaFX Application Thread] DEBUG FXGLAssetLoaderServi - Loading from file system: jar:file:/C:/Users/user/.m2/repository/com/github/AlmasB/FXGL/21.1/fxgl-21.1.jar!/fxglassets/textures/fxgl_icon.png
20:39:41.307 [FXGL Background Thread 4 ] DEBUG FXGLAssetLoaderServi - Loading from file system: jar:file:/C:/Users/user/.m2/repository/com/github/AlmasB/FXGL/21.1/fxgl-21.1.jar!/fxglassets/ui/fonts/Abel-Regular.ttf
20:39:41.314 [JavaFX Application Thread] DEBUG FXGLAssetLoaderServi - Loading from file system: jar:file:/C:/Users/user/.m2/repository/com/github/AlmasB/FXGL/21.1/fxgl-21.1.jar!/fxglassets/textures/fxgl_default_cursor.png
20:39:41.324 [FXGL Background Thread 4 ] DEBUG FXGLAssetLoaderServi - Loading from file system: jar:file:/C:/Users/user/.m2/repository/com/github/AlmasB/FXGL/21.1/fxgl-21.1.jar!/fxglassets/ui/fonts/TerminalLandMono-Regular.otf
20:39:41.339 [JavaFX Application Thread] DEBUG Input                - Registered new binding: Screenshot - CTRL+8
20:39:41.341 [JavaFX Application Thread] DEBUG Input                - Registered new binding: Dev Options - 1
20:39:41.341 [JavaFX Application Thread] DEBUG Input                - Registered new binding: Dev Console - 2
20:39:41.342 [JavaFX Application Thread] DEBUG Input                - Registered new binding: System info dump - CTRL+9
20:39:41.342 [FXGL Background Thread 4 ] DEBUG FXGLAssetLoaderServi - Loading from file system: jar:file:/C:/Users/user/.m2/repository/com/github/AlmasB/FXGL/21.1/fxgl-21.1.jar!/fxglassets/ui/fonts/Courier-Prime.ttf
20:39:41.343 [JavaFX Application Thread] DEBUG Input                - Registered new binding: Restart - CTRL+R
20:39:41.344 [JavaFX Application Thread] DEBUG Input                - Registered new binding: Toggle Debug Camera - CTRL+7
20:39:41.354 [JavaFX Application Thread] DEBUG LoopRunner           - Starting loop
20:39:41.379 [JavaFX Application Thread] DEBUG LoopRunner           - Initializing JavaFX AnimationTimerLoop
20:39:41.382 [JavaFX Application Thread] DEBUG GameApplicationServi - Starting new game
20:39:41.383 [JavaFX Application Thread] DEBUG Input                - Clearing active input actions
20:39:41.400 [JavaFX Application Thread] DEBUG GameApplicationServi - Removing overlay from FXGLStartupScene and adding to FXGLLoadingScene
20:39:41.407 [JavaFX Application Thread] DEBUG PrimaryStageWindow   - FXGLStartupScene -> FXGLLoadingScene
20:39:41.407 [JavaFX Application Thread] DEBUG GameApplicationServi - Clearing previous game
20:39:41.407 [JavaFX Application Thread] DEBUG GameScene            - Clearing game scene
20:39:41.407 [JavaFX Application Thread] DEBUG GameWorld            - Clearing game world
20:39:41.407 [JavaFX Application Thread] DEBUG PhysicsWorld         - Clearing physics world
20:39:41.417 [FXGL Background Thread 4 ] DEBUG FXGLApplication      - Initializing game
20:39:41.417 [JavaFX Application Thread] DEBUG FXGLApplication      - Registering font factories with UI factory
20:39:41.461 [FXGL Background Thread 4 ] DEBUG FXGLAssetLoaderServi - Loading from file system: file:/C:/Users/user/IdeaProjects/Produktionslinie/target/classes/assets/textures/Turning_Off_Animation.png
20:39:41.469 [FXGL Background Thread 4 ] DEBUG FXGLAssetLoaderServi - Loading from file system: file:/C:/Users/user/IdeaProjects/Produktionslinie/target/classes/assets/textures/Turning_On_Animation.png
20:39:41.472 [FXGL Background Thread 4 ] DEBUG FXGLAssetLoaderServi - Loading from file system: file:/C:/Users/user/IdeaProjects/Produktionslinie/target/classes/assets/textures/Production_While_Taking_Items_Animation.png
20:39:41.476 [FXGL Background Thread 4 ] WARN  FXGLAssetLoaderServi - Asset "/assets/textures/Production_While_Without_Items_Animation.png" was not found!
20:39:41.477 [FXGL Background Thread 4 ] WARN  FXGLAssetLoaderServi - Failed to load IMAGE
20:39:41.892 [FXGL Background Thread 4 ] INFO  FXGLApplication      - Game initialization took: 0,475 sec
20:39:41.894 [JavaFX Application Thread] DEBUG Input                - Clearing active input actions
20:39:41.905 [JavaFX Application Thread] DEBUG GameApplicationServi - Removing overlay from FXGLLoadingScene and adding to GameScene
20:39:41.914 [JavaFX Application Thread] DEBUG PrimaryStageWindow   - FXGLLoadingScene -> GameScene
20:39:44.243 [FXGL Background Thread 3 ] DEBUG Engine               - Logging environment variables
20:39:44.244 [FXGL Background Thread 3 ] DEBUG Engine               - achievements: []
20:39:44.244 [FXGL Background Thread 3 ] DEBUG Engine               - actualHeight: 600.0
20:39:44.244 [FXGL Background Thread 3 ] DEBUG Engine               - actualHeightProperty: ReadOnlyDoubleProperty [value: 600.0]
20:39:44.244 [FXGL Background Thread 3 ] DEBUG Engine               - actualWidth: 800.0
20:39:44.244 [FXGL Background Thread 3 ] DEBUG Engine               - actualWidthProperty: ReadOnlyDoubleProperty [value: 800.0]
20:39:44.244 [FXGL Background Thread 3 ] DEBUG Engine               - appIcon: fxgl_icon.png
20:39:44.244 [FXGL Background Thread 3 ] DEBUG Engine               - applicationMode: DEVELOPER
20:39:44.244 [FXGL Background Thread 3 ] DEBUG Engine               - cSSList: [fxgl_dark.css]
20:39:44.244 [FXGL Background Thread 3 ] DEBUG Engine               - collisionDetectionStrategy: BRUTE_FORCE
20:39:44.244 [FXGL Background Thread 3 ] DEBUG Engine               - configClass: Optional.empty
20:39:44.244 [FXGL Background Thread 3 ] DEBUG Engine               - credits: []
20:39:44.246 [FXGL Background Thread 3 ] DEBUG Engine               - defaultCursor: CursorInfo(imageName=fxgl_default_cursor.png, hotspotX=7.0, hotspotY=6.0)
20:39:44.246 [FXGL Background Thread 3 ] DEBUG Engine               - devBBoxColorProperty: ObjectProperty [value: 0xff0000ff]
20:39:44.246 [FXGL Background Thread 3 ] DEBUG Engine               - devEnableDebugCameraProperty: BooleanProperty [value: false]
20:39:44.246 [FXGL Background Thread 3 ] DEBUG Engine               - devSensorColorProperty: ObjectProperty [value: 0xffff00ff]
20:39:44.246 [FXGL Background Thread 3 ] DEBUG Engine               - devShowBBoxProperty: BooleanProperty [value: false]
20:39:44.246 [FXGL Background Thread 3 ] DEBUG Engine               - devShowPositionProperty: BooleanProperty [value: false]
20:39:44.246 [FXGL Background Thread 3 ] DEBUG Engine               - enabledMenuItems: []
20:39:44.246 [FXGL Background Thread 3 ] DEBUG Engine               - engineServices: [class com.almasb.fxgl.app.services.FXGLAssetLoaderService, class com.almasb.fxgl.app.FXGLApplication$GameApplicationService, class com.almasb.fxgl.app.services.FXGLDialogService, class com.almasb.fxgl.app.services.IOTaskExecutorService, class com.almasb.fxgl.io.FileSystemService, class com.almasb.fxgl.localization.LocalizationService, class com.almasb.fxgl.app.services.SystemBundleService, class com.almasb.fxgl.profile.SaveLoadService, class com.almasb.fxgl.ui.FXGLUIFactoryServiceProvider, class com.almasb.fxgl.ui.FXGLDialogFactoryServiceProvider, class com.almasb.fxgl.audio.AudioPlayer, class com.almasb.fxgl.notification.impl.NotificationServiceProvider, class com.almasb.fxgl.achievement.AchievementService, class com.almasb.fxgl.cutscene.CutsceneService, class com.almasb.fxgl.minigames.MiniGameService, class com.almasb.fxgl.net.NetService, class com.almasb.fxgl.app.services.UpdaterService, class com.almasb.fxgl.dev.DevService]
20:39:44.246 [FXGL Background Thread 3 ] DEBUG Engine               - fontGame: Abel-Regular.ttf
20:39:44.246 [FXGL Background Thread 3 ] DEBUG Engine               - fontMono: TerminalLandMono-Regular.otf
20:39:44.247 [FXGL Background Thread 3 ] DEBUG Engine               - fontSizeScaleUI: 1.0
20:39:44.247 [FXGL Background Thread 3 ] DEBUG Engine               - fontText: Courier-Prime.ttf
20:39:44.247 [FXGL Background Thread 3 ] DEBUG Engine               - fontUI: VarelaRound-Regular.ttf
20:39:44.247 [FXGL Background Thread 3 ] DEBUG Engine               - fullScreen: BooleanProperty [value: false]
20:39:44.247 [FXGL Background Thread 3 ] DEBUG Engine               - gameDifficulty: MEDIUM
20:39:44.247 [FXGL Background Thread 3 ] DEBUG Engine               - gameDifficultyProperty: ObjectProperty [value: MEDIUM]
20:39:44.247 [FXGL Background Thread 3 ] DEBUG Engine               - globalMusicVolume: 0.5
20:39:44.247 [FXGL Background Thread 3 ] DEBUG Engine               - globalMusicVolumeProperty: DoubleProperty [value: 0.5]
20:39:44.247 [FXGL Background Thread 3 ] DEBUG Engine               - globalSoundVolume: 0.5
20:39:44.247 [FXGL Background Thread 3 ] DEBUG Engine               - globalSoundVolumeProperty: DoubleProperty [value: 0.5]
20:39:44.247 [FXGL Background Thread 3 ] DEBUG Engine               - height: 600
20:39:44.247 [FXGL Background Thread 3 ] DEBUG Engine               - is3D: false
20:39:44.247 [FXGL Background Thread 3 ] DEBUG Engine               - isAndroid: false
20:39:44.247 [FXGL Background Thread 3 ] DEBUG Engine               - isBrowser: false
20:39:44.247 [FXGL Background Thread 3 ] DEBUG Engine               - isClickFeedbackEnabled: false
20:39:44.247 [FXGL Background Thread 3 ] DEBUG Engine               - isCloseConfirmation: false
20:39:44.248 [FXGL Background Thread 3 ] DEBUG Engine               - isDesktop: true
20:39:44.248 [FXGL Background Thread 3 ] DEBUG Engine               - isDeveloperMenuEnabled: true
20:39:44.248 [FXGL Background Thread 3 ] DEBUG Engine               - isEmbedded: false
20:39:44.248 [FXGL Background Thread 3 ] DEBUG Engine               - isEntityPreloadEnabled: true
20:39:44.248 [FXGL Background Thread 3 ] DEBUG Engine               - isExperimentalTiledLargeMap: false
20:39:44.248 [FXGL Background Thread 3 ] DEBUG Engine               - isFileSystemWriteAllowed: true
20:39:44.248 [FXGL Background Thread 3 ] DEBUG Engine               - isFullScreenAllowed: false
20:39:44.248 [FXGL Background Thread 3 ] DEBUG Engine               - isFullScreenFromStart: false
20:39:44.248 [FXGL Background Thread 3 ] DEBUG Engine               - isGameMenuEnabled: true
20:39:44.248 [FXGL Background Thread 3 ] DEBUG Engine               - isIOS: false
20:39:44.248 [FXGL Background Thread 3 ] DEBUG Engine               - isIntroEnabled: false
20:39:44.248 [FXGL Background Thread 3 ] DEBUG Engine               - isLinux: false
20:39:44.248 [FXGL Background Thread 3 ] DEBUG Engine               - isMac: false
20:39:44.248 [FXGL Background Thread 3 ] DEBUG Engine               - isMainMenuEnabled: false
20:39:44.249 [FXGL Background Thread 3 ] DEBUG Engine               - isManualResizeEnabled: false
20:39:44.249 [FXGL Background Thread 3 ] DEBUG Engine               - isMobile: false
20:39:44.249 [FXGL Background Thread 3 ] DEBUG Engine               - isNative: false
20:39:44.249 [FXGL Background Thread 3 ] DEBUG Engine               - isPauseMusicWhenMinimized: true
20:39:44.249 [FXGL Background Thread 3 ] DEBUG Engine               - isPreserveResizeRatio: false
20:39:44.249 [FXGL Background Thread 3 ] DEBUG Engine               - isProfilingEnabled: false
20:39:44.249 [FXGL Background Thread 3 ] DEBUG Engine               - isScaleAffectedOnResize: true
20:39:44.249 [FXGL Background Thread 3 ] DEBUG Engine               - isSingleStep: false
20:39:44.249 [FXGL Background Thread 3 ] DEBUG Engine               - isUserProfileEnabled: false
20:39:44.249 [FXGL Background Thread 3 ] DEBUG Engine               - isWindows: true
20:39:44.249 [FXGL Background Thread 3 ] DEBUG Engine               - language: ObjectProperty [value: ENGLISH]
20:39:44.249 [FXGL Background Thread 3 ] DEBUG Engine               - menuKey: ESCAPE
20:39:44.249 [FXGL Background Thread 3 ] DEBUG Engine               - mouseSensitivity: 0.2
20:39:44.249 [FXGL Background Thread 3 ] DEBUG Engine               - notificationViewClass: class com.almasb.fxgl.notification.view.XboxNotificationView
20:39:44.249 [FXGL Background Thread 3 ] DEBUG Engine               - pixelsPerMeter: 50.0
20:39:44.249 [FXGL Background Thread 3 ] DEBUG Engine               - platform: WINDOWS
20:39:44.249 [FXGL Background Thread 3 ] DEBUG Engine               - prefHeightProperty: ReadOnlyDoubleProperty [value: 600.0]
20:39:44.249 [FXGL Background Thread 3 ] DEBUG Engine               - prefWidthProperty: ReadOnlyDoubleProperty [value: 800.0]
20:39:44.249 [FXGL Background Thread 3 ] DEBUG Engine               - profileDir: profiles/
20:39:44.249 [FXGL Background Thread 3 ] DEBUG Engine               - profileName: StringProperty [value: DEFAULT]
20:39:44.250 [FXGL Background Thread 3 ] DEBUG Engine               - randomSeed: -1
20:39:44.250 [FXGL Background Thread 3 ] DEBUG Engine               - runtimeInfo: RuntimeInfo(platform=WINDOWS, version=21.1, build=27.03.2024 07.52)
20:39:44.250 [FXGL Background Thread 3 ] DEBUG Engine               - saveFileExt: sav
20:39:44.250 [FXGL Background Thread 3 ] DEBUG Engine               - scaledHeightProp$fxgl: DoubleProperty [bound, value: 600.0]
20:39:44.250 [FXGL Background Thread 3 ] DEBUG Engine               - scaledWidthProp$fxgl: DoubleProperty [bound, value: 800.0]
20:39:44.250 [FXGL Background Thread 3 ] DEBUG Engine               - sceneFactory: com.almasb.fxgl.app.scene.SceneFactory@69ea6f7
20:39:44.250 [FXGL Background Thread 3 ] DEBUG Engine               - secondsIn24h: 60
20:39:44.250 [FXGL Background Thread 3 ] DEBUG Engine               - soundMenuBack: menu/back.wav
20:39:44.250 [FXGL Background Thread 3 ] DEBUG Engine               - soundMenuPress: menu/press.wav
20:39:44.250 [FXGL Background Thread 3 ] DEBUG Engine               - soundMenuSelect: menu/select.wav
20:39:44.250 [FXGL Background Thread 3 ] DEBUG Engine               - soundNotification: core/notification.wav
20:39:44.250 [FXGL Background Thread 3 ] DEBUG Engine               - stageStyle: DECORATED
20:39:44.250 [FXGL Background Thread 3 ] DEBUG Engine               - supportedLanguages: [ENGLISH, FRENCH, GERMAN, HUNGARIAN, RUSSIAN]
20:39:44.251 [FXGL Background Thread 3 ] DEBUG Engine               - ticksPerSecond: -1
20:39:44.251 [FXGL Background Thread 3 ] DEBUG Engine               - title: Produktionslinie
20:39:44.251 [FXGL Background Thread 3 ] DEBUG Engine               - urlGithub: https://github.com/AlmasB/FXGL
20:39:44.251 [FXGL Background Thread 3 ] DEBUG Engine               - urlLeaderboard: http://fxgl-top.herokuapp.com/
20:39:44.251 [FXGL Background Thread 3 ] DEBUG Engine               - urlPOM: https://raw.githubusercontent.com/AlmasB/FXGL/release/README.md
20:39:44.251 [FXGL Background Thread 3 ] DEBUG Engine               - userAppClass: class org.betriebssysteme.view.ProductionLineApp
20:39:44.251 [FXGL Background Thread 3 ] DEBUG Engine               - version: 0.0
20:39:44.251 [FXGL Background Thread 3 ] DEBUG Engine               - versionCheckDays: 7
20:39:44.251 [FXGL Background Thread 3 ] DEBUG Engine               - width: 800
20:39:44.251 [FXGL Background Thread 3 ] DEBUG Engine               - Logging services
20:39:44.251 [FXGL Background Thread 3 ] DEBUG Engine               - class com.almasb.fxgl.app.services.FXGLAssetLoaderService
20:39:44.251 [FXGL Background Thread 3 ] DEBUG Engine               - class com.almasb.fxgl.app.FXGLApplication$GameApplicationService
20:39:44.251 [FXGL Background Thread 3 ] DEBUG Engine               - class com.almasb.fxgl.app.services.FXGLDialogService
20:39:44.251 [FXGL Background Thread 3 ] DEBUG Engine               - class com.almasb.fxgl.app.services.IOTaskExecutorService
20:39:44.251 [FXGL Background Thread 3 ] DEBUG Engine               - class com.almasb.fxgl.io.FileSystemService
20:39:44.251 [FXGL Background Thread 3 ] DEBUG Engine               - class com.almasb.fxgl.localization.LocalizationService
20:39:44.251 [FXGL Background Thread 3 ] DEBUG Engine               - class com.almasb.fxgl.app.services.SystemBundleService
20:39:44.251 [FXGL Background Thread 3 ] DEBUG Engine               - class com.almasb.fxgl.profile.SaveLoadService
20:39:44.251 [FXGL Background Thread 3 ] DEBUG Engine               - class com.almasb.fxgl.ui.FXGLUIFactoryServiceProvider
20:39:44.251 [FXGL Background Thread 3 ] DEBUG Engine               - class com.almasb.fxgl.ui.FXGLDialogFactoryServiceProvider
20:39:44.251 [FXGL Background Thread 3 ] DEBUG Engine               - class com.almasb.fxgl.audio.AudioPlayer
20:39:44.251 [FXGL Background Thread 3 ] DEBUG Engine               - class com.almasb.fxgl.notification.impl.NotificationServiceProvider
20:39:44.252 [FXGL Background Thread 3 ] DEBUG Engine               - class com.almasb.fxgl.achievement.AchievementService
20:39:44.252 [FXGL Background Thread 3 ] DEBUG Engine               - class com.almasb.fxgl.cutscene.CutsceneService
20:39:44.252 [FXGL Background Thread 3 ] DEBUG Engine               - class com.almasb.fxgl.minigames.MiniGameService
20:39:44.252 [FXGL Background Thread 3 ] DEBUG Engine               - class com.almasb.fxgl.net.NetService
20:39:44.252 [FXGL Background Thread 3 ] DEBUG Engine               - class com.almasb.fxgl.app.services.UpdaterService
20:39:44.252 [FXGL Background Thread 3 ] DEBUG Engine               - class com.almasb.fxgl.dev.DevService
20:41:34.568 [JavaFX Application Thread] DEBUG FXGLApplication      - Exiting FXGL
20:41:34.569 [JavaFX Application Thread] DEBUG LoopRunner           - Stopping loop
20:41:34.569 [JavaFX Application Thread] DEBUG SystemBundleService  - Saving FXGL system data
20:41:34.571 [JavaFX Application Thread] DEBUG FileSystemAccess     - Writing to: C:\Users\user\IdeaProjects\Produktionslinie\system\fxgl.bundle
20:41:34.575 [JavaFX Application Thread] DEBUG Async                - Shutting down background threads
20:41:34.575 [JavaFX Application Thread] DEBUG PrimaryStageWindow   - Closing main window
20:41:34.596 [JavaFX Application Thread] DEBUG Logger               - Closing Logger
