07:54:37.700 [main                     ] DEBUG Logger               - Configured Logger
07:54:37.722 [main                     ] DEBUG GameApplication      - Logging settings
Title: Produktionslinie
Version: 0.0
Width: 1600
Height: 900
Fullscreen: false
Intro: false
Profiling: false
Single step:false
App Mode: DEVELOPER
Menu Key: ESCAPE
Stage Style: DECORATED
Scene Factory: class com.almasb.fxgl.app.scene.SceneFactory

07:54:38.123 [JavaFX Application Thread] DEBUG FXGLApplication      - Initializing FXGL
07:54:38.126 [JavaFX Application Thread] INFO  Engine               - FXGL-21.1 (27.03.2024 07.52) on WINDOWS (J:21.0.9 FX:21.0.1)
07:54:38.126 [JavaFX Application Thread] DEBUG Engine               - JRE Vendor Name: Microsoft
07:54:38.126 [JavaFX Application Thread] DEBUG Engine               - Running on OS: Windows 11 version 10.0
07:54:38.126 [JavaFX Application Thread] DEBUG Engine               - Architecture: amd64
07:54:38.127 [JavaFX Application Thread] INFO  Engine               - Source code and latest versions at: https://github.com/AlmasB/FXGL
07:54:38.127 [JavaFX Application Thread] INFO  Engine               -       Ask questions and discuss at: https://github.com/AlmasB/FXGL/discussions
07:54:38.127 [JavaFX Application Thread] INFO  Engine               -              Join the FXGL chat at: https://gitter.im/AlmasB/FXGL
07:54:38.217 [JavaFX Application Thread] DEBUG PrimaryStageWindow   - Creating a JavaFX scene
07:54:38.256 [JavaFX Application Thread] DEBUG PrimaryStageWindow   - Target settings size: 1600.0 x 900.0
07:54:38.256 [JavaFX Application Thread] DEBUG PrimaryStageWindow   - Scaled scene size:    1600.0 x 900.0
07:54:38.257 [JavaFX Application Thread] DEBUG PrimaryStageWindow   - Scaled ratio: (1.0, 1.0)
07:54:38.257 [JavaFX Application Thread] DEBUG PrimaryStageWindow   - Set initial scene to FXGLStartupScene
07:54:38.260 [JavaFX Application Thread] DEBUG PrimaryStageWindow   - Opening main window
07:54:38.336 [JavaFX Application Thread] DEBUG PrimaryStageWindow   - Window border size: (16.0, 39.0)
07:54:38.337 [JavaFX Application Thread] DEBUG PrimaryStageWindow   - Scaled size: 1600.0 x 900.0
07:54:38.337 [JavaFX Application Thread] DEBUG PrimaryStageWindow   - Scaled ratio: (1.0, 1.0)
07:54:38.337 [JavaFX Application Thread] DEBUG PrimaryStageWindow   - Scene size: 1600.0 x 900.0
07:54:38.337 [JavaFX Application Thread] DEBUG PrimaryStageWindow   - Stage size: 1616.0 x 939.0
07:54:38.343 [FXGL Background Thread 1 ] DEBUG Engine               - Initializing environment variables
07:54:38.388 [FXGL Background Thread 1 ] DEBUG FXGLAssetLoaderServi - User app class for loading assets: class org.betriebssysteme.view.ProductionLineApp
07:54:38.388 [FXGL Background Thread 1 ] DEBUG GameApplicationServi - Applying CSS: fxgl_dark.css
07:54:38.389 [FXGL Background Thread 1 ] DEBUG FXGLAssetLoaderServi - Loading from file system: jar:file:/C:/Users/abdul/.m2/repository/com/github/almasb/fxgl/21.1/fxgl-21.1.jar!/fxglassets/ui/css/fxgl_dark.css
07:54:38.419 [FXGL Background Thread 1 ] DEBUG GameApplicationServi - Initializing application scenes
07:54:38.459 [FXGL Background Thread 1 ] DEBUG GameWorld            - Game world initialized
07:54:38.529 [FXGL Background Thread 1 ] DEBUG PhysicsWorld         - Physics world initialized: appHeight=900, physics.ppm=50,0
07:54:38.529 [FXGL Background Thread 1 ] DEBUG PhysicsWorld         - Using strategy: BRUTE_FORCE
07:54:38.532 [FXGL Background Thread 1 ] DEBUG GameScene            - Game scene initialized: 1600x900
07:54:38.544 [FXGL Background Thread 1 ] DEBUG FXGL.DefaultMenu     - createMenuBodyGameMenu()
07:54:38.556 [FXGL Background Thread 1 ] DEBUG FXGL.DefaultMenu     - createOptionsMenu()
07:54:38.564 [FXGL Background Thread 1 ] DEBUG FXGLAssetLoaderServi - Loading from file system: jar:file:/C:/Users/abdul/.m2/repository/com/github/almasb/fxgl/21.1/fxgl-21.1.jar!/fxglassets/textures/particles/smoke.png
07:54:38.663 [FXGL Background Thread 1 ] DEBUG FXGLAssetLoaderServi - Loading from file system: jar:file:/C:/Users/abdul/.m2/repository/com/github/almasb/fxgl/21.1/fxgl-21.1.jar!/fxglassets/textures/particles/trace_horizontal.png
07:54:38.684 [FXGL Background Thread 1 ] DEBUG GameApplicationServi - Application scenes initialized
07:54:38.696 [FXGL Background Thread 1 ] DEBUG SystemBundleService  - Loading FXGL system data
07:54:38.699 [FXGL Background Thread 1 ] DEBUG FileSystemAccess     - Reading from: C:\Users\abdul\IdeaProjects\Produktionslinie\system\fxgl.bundle
07:54:38.708 [FXGL Background Thread 1 ] DEBUG SystemBundleService  - Bundle FXGL: {}
07:54:38.709 [FXGL Background Thread 1 ] DEBUG UpdaterService       - Checking for updates
07:54:38.737 [FXGL Background Thread 4 ] DEBUG FXGLApplication      - Loading fonts
07:54:38.737 [FXGL Background Thread 4 ] DEBUG FXGLAssetLoaderServi - Loading from file system: jar:file:/C:/Users/abdul/.m2/repository/com/github/almasb/fxgl/21.1/fxgl-21.1.jar!/fxglassets/ui/fonts/VarelaRound-Regular.ttf
07:54:38.737 [FXGL Background Thread 1 ] DEBUG FXGLApplication      - Loading default localization
07:54:38.737 [FXGL Background Thread 1 ] DEBUG FXGLAssetLoaderServi - Loading from file system: jar:file:/C:/Users/abdul/.m2/repository/com/github/almasb/fxgl/21.1/fxgl-21.1.jar!/fxglassets/languages/english.lang
07:54:38.770 [FXGL Background Thread 4 ] DEBUG FXGLAssetLoaderServi - Loading from file system: jar:file:/C:/Users/abdul/.m2/repository/com/github/almasb/fxgl/21.1/fxgl-21.1.jar!/fxglassets/ui/fonts/Abel-Regular.ttf
07:54:38.775 [FXGL Background Thread 1 ] INFO  FXGLApplication      - FXGL initialization took: 0,433 sec
07:54:38.778 [FXGL Background Thread 4 ] DEBUG FXGLAssetLoaderServi - Loading from file system: jar:file:/C:/Users/abdul/.m2/repository/com/github/almasb/fxgl/21.1/fxgl-21.1.jar!/fxglassets/ui/fonts/TerminalLandMono-Regular.otf
07:54:38.787 [FXGL Background Thread 4 ] DEBUG FXGLAssetLoaderServi - Loading from file system: jar:file:/C:/Users/abdul/.m2/repository/com/github/almasb/fxgl/21.1/fxgl-21.1.jar!/fxglassets/ui/fonts/Courier-Prime.ttf
07:54:38.790 [JavaFX Application Thread] DEBUG Input                - Registered new binding: action0 - R
07:54:38.791 [JavaFX Application Thread] DEBUG FXGLAssetLoaderServi - Loading from file system: jar:file:/C:/Users/abdul/.m2/repository/com/github/almasb/fxgl/21.1/fxgl-21.1.jar!/fxglassets/textures/fxgl_icon.png
07:54:38.815 [JavaFX Application Thread] DEBUG FXGLAssetLoaderServi - Loading from file system: jar:file:/C:/Users/abdul/.m2/repository/com/github/almasb/fxgl/21.1/fxgl-21.1.jar!/fxglassets/textures/fxgl_default_cursor.png
07:54:38.819 [JavaFX Application Thread] DEBUG Input                - Registered new binding: Screenshot - CTRL+8
07:54:38.821 [JavaFX Application Thread] DEBUG Input                - Registered new binding: Dev Options - 1
07:54:38.822 [JavaFX Application Thread] DEBUG Input                - Registered new binding: Dev Console - 2
07:54:38.823 [JavaFX Application Thread] DEBUG Input                - Registered new binding: System info dump - CTRL+9
07:54:38.824 [JavaFX Application Thread] DEBUG Input                - Registered new binding: Restart - CTRL+R
07:54:38.825 [JavaFX Application Thread] DEBUG Input                - Registered new binding: Toggle Debug Camera - CTRL+7
07:54:38.834 [JavaFX Application Thread] DEBUG LoopRunner           - Starting loop
07:54:38.855 [JavaFX Application Thread] DEBUG LoopRunner           - Initializing JavaFX AnimationTimerLoop
07:54:38.857 [JavaFX Application Thread] DEBUG GameApplicationServi - Starting new game
07:54:38.858 [JavaFX Application Thread] DEBUG Input                - Clearing active input actions
07:54:38.869 [JavaFX Application Thread] DEBUG GameApplicationServi - Removing overlay from FXGLStartupScene and adding to FXGLLoadingScene
07:54:38.872 [JavaFX Application Thread] DEBUG PrimaryStageWindow   - FXGLStartupScene -> FXGLLoadingScene
07:54:38.872 [JavaFX Application Thread] DEBUG GameApplicationServi - Clearing previous game
07:54:38.872 [JavaFX Application Thread] DEBUG GameScene            - Clearing game scene
07:54:38.872 [JavaFX Application Thread] DEBUG GameWorld            - Clearing game world
07:54:38.872 [JavaFX Application Thread] DEBUG PhysicsWorld         - Clearing physics world
07:54:38.873 [FXGL Background Thread 4 ] DEBUG FXGLApplication      - Initializing game
07:54:38.873 [JavaFX Application Thread] DEBUG FXGLApplication      - Registering font factories with UI factory
07:54:38.899 [FXGL Background Thread 4 ] WARN  TMXLevelLoader       - TiledMap generated from 1.11.2. Supported version: 1.9.0. Some features may not be parsed fully.
07:54:38.908 [FXGL Background Thread 4 ] DEBUG TMXLevelLoader       - Parsed TiledMap: file:/C:/Users/abdul/IdeaProjects/Produktionslinie/target/classes/assets/levels/map.tmx
07:54:38.911 [FXGL Background Thread 4 ] DEBUG TMXLevelLoader       - Creating tile layer entities
07:54:38.913 [FXGL Background Thread 4 ] DEBUG TilesetLoader        - Loading view for layer Kachelebene 1
07:54:38.922 [FXGL Background Thread 4 ] DEBUG TilesetLoader        - Created buffer with size 3200.0x3200.0
07:54:38.960 [FXGL Background Thread 4 ] DEBUG TMXLevelLoader       - Creating object layer entities
07:54:38.961 [FXGL Background Thread 4 ] DEBUG GameWorld            - Clearing removable entities
07:54:38.962 [FXGL Background Thread 4 ] DEBUG GameWorld            - Setting level: com.almasb.fxgl.entity.level.Level@d426b9e
07:54:38.987 [FXGL Background Thread 4 ] DEBUG FXGLAssetLoaderServi - Loading from file system: file:/C:/Users/abdul/IdeaProjects/Produktionslinie/target/classes/assets/textures/Info_Menu_Machine_Asset.png
07:54:39.048 [FXGL Background Thread 4 ] DEBUG FXGLAssetLoaderServi - Loading from file system: file:/C:/Users/abdul/IdeaProjects/Produktionslinie/target/classes/assets/textures/Turning_Off_Animation.png
07:54:39.055 [FXGL Background Thread 4 ] DEBUG FXGLAssetLoaderServi - Loading from file system: file:/C:/Users/abdul/IdeaProjects/Produktionslinie/target/classes/assets/textures/Turning_On_Animation.png
07:54:39.056 [FXGL Background Thread 4 ] DEBUG FXGLAssetLoaderServi - Loading from file system: file:/C:/Users/abdul/IdeaProjects/Produktionslinie/target/classes/assets/textures/Production_While_Taking_Items_Animation.png
07:54:39.057 [FXGL Background Thread 4 ] DEBUG FXGLAssetLoaderServi - Loading from file system: file:/C:/Users/abdul/IdeaProjects/Produktionslinie/target/classes/assets/textures/Production_Without_Taking_Items_Animation.png
07:54:39.106 [FXGL Background Thread 4 ] DEBUG FXGLAssetLoaderServi - Loading from file system: file:/C:/Users/abdul/IdeaProjects/Produktionslinie/target/classes/assets/textures/belt-start.png
07:54:39.107 [FXGL Background Thread 4 ] DEBUG FXGLAssetLoaderServi - Loading from file system: file:/C:/Users/abdul/IdeaProjects/Produktionslinie/target/classes/assets/textures/belt-mid.png
07:54:39.107 [FXGL Background Thread 4 ] DEBUG FXGLAssetLoaderServi - Loading from file system: file:/C:/Users/abdul/IdeaProjects/Produktionslinie/target/classes/assets/textures/belt-end.png
07:54:39.126 [FXGL Background Thread 4 ] DEBUG FXGLAssetLoaderServi - Loading from file system: file:/C:/Users/abdul/IdeaProjects/Produktionslinie/target/classes/assets/textures/item.png
07:54:39.138 [FXGL Background Thread 4 ] INFO  FXGLApplication      - Game initialization took: 0,265 sec
07:54:39.155 [JavaFX Application Thread] DEBUG Input                - Clearing active input actions
07:54:39.164 [JavaFX Application Thread] DEBUG GameApplicationServi - Removing overlay from FXGLLoadingScene and adding to GameScene
07:54:39.167 [JavaFX Application Thread] DEBUG PrimaryStageWindow   - FXGLLoadingScene -> GameScene
07:54:41.736 [FXGL Background Thread 3 ] DEBUG Engine               - Logging environment variables
07:54:41.736 [FXGL Background Thread 3 ] DEBUG Engine               - achievements: []
07:54:41.736 [FXGL Background Thread 3 ] DEBUG Engine               - actualHeight: 900.0
07:54:41.737 [FXGL Background Thread 3 ] DEBUG Engine               - actualHeightProperty: ReadOnlyDoubleProperty [value: 900.0]
07:54:41.737 [FXGL Background Thread 3 ] DEBUG Engine               - actualWidth: 1600.0
07:54:41.737 [FXGL Background Thread 3 ] DEBUG Engine               - actualWidthProperty: ReadOnlyDoubleProperty [value: 1600.0]
07:54:41.737 [FXGL Background Thread 3 ] DEBUG Engine               - appIcon: fxgl_icon.png
07:54:41.737 [FXGL Background Thread 3 ] DEBUG Engine               - applicationMode: DEVELOPER
07:54:41.737 [FXGL Background Thread 3 ] DEBUG Engine               - cSSList: [fxgl_dark.css]
07:54:41.737 [FXGL Background Thread 3 ] DEBUG Engine               - collisionDetectionStrategy: BRUTE_FORCE
07:54:41.737 [FXGL Background Thread 3 ] DEBUG Engine               - configClass: Optional.empty
07:54:41.737 [FXGL Background Thread 3 ] DEBUG Engine               - credits: []
07:54:41.737 [FXGL Background Thread 3 ] DEBUG Engine               - defaultCursor: CursorInfo(imageName=fxgl_default_cursor.png, hotspotX=7.0, hotspotY=6.0)
07:54:41.738 [FXGL Background Thread 3 ] DEBUG Engine               - devBBoxColorProperty: ObjectProperty [value: 0xff0000ff]
07:54:41.738 [FXGL Background Thread 3 ] DEBUG Engine               - devEnableDebugCameraProperty: BooleanProperty [value: false]
07:54:41.738 [FXGL Background Thread 3 ] DEBUG Engine               - devSensorColorProperty: ObjectProperty [value: 0xffff00ff]
07:54:41.738 [FXGL Background Thread 3 ] DEBUG Engine               - devShowBBoxProperty: BooleanProperty [value: false]
07:54:41.738 [FXGL Background Thread 3 ] DEBUG Engine               - devShowPositionProperty: BooleanProperty [value: false]
07:54:41.738 [FXGL Background Thread 3 ] DEBUG Engine               - enabledMenuItems: []
07:54:41.738 [FXGL Background Thread 3 ] DEBUG Engine               - engineServices: [class com.almasb.fxgl.app.services.FXGLAssetLoaderService, class com.almasb.fxgl.app.FXGLApplication$GameApplicationService, class com.almasb.fxgl.app.services.FXGLDialogService, class com.almasb.fxgl.app.services.IOTaskExecutorService, class com.almasb.fxgl.io.FileSystemService, class com.almasb.fxgl.localization.LocalizationService, class com.almasb.fxgl.app.services.SystemBundleService, class com.almasb.fxgl.profile.SaveLoadService, class com.almasb.fxgl.ui.FXGLUIFactoryServiceProvider, class com.almasb.fxgl.ui.FXGLDialogFactoryServiceProvider, class com.almasb.fxgl.audio.AudioPlayer, class com.almasb.fxgl.notification.impl.NotificationServiceProvider, class com.almasb.fxgl.achievement.AchievementService, class com.almasb.fxgl.cutscene.CutsceneService, class com.almasb.fxgl.minigames.MiniGameService, class com.almasb.fxgl.net.NetService, class com.almasb.fxgl.app.services.UpdaterService, class com.almasb.fxgl.dev.DevService]
07:54:41.738 [FXGL Background Thread 3 ] DEBUG Engine               - fontGame: Abel-Regular.ttf
07:54:41.738 [FXGL Background Thread 3 ] DEBUG Engine               - fontMono: TerminalLandMono-Regular.otf
07:54:41.738 [FXGL Background Thread 3 ] DEBUG Engine               - fontSizeScaleUI: 1.0
07:54:41.738 [FXGL Background Thread 3 ] DEBUG Engine               - fontText: Courier-Prime.ttf
07:54:41.738 [FXGL Background Thread 3 ] DEBUG Engine               - fontUI: VarelaRound-Regular.ttf
07:54:41.739 [FXGL Background Thread 3 ] DEBUG Engine               - fullScreen: BooleanProperty [value: false]
07:54:41.739 [FXGL Background Thread 3 ] DEBUG Engine               - gameDifficulty: MEDIUM
07:54:41.739 [FXGL Background Thread 3 ] DEBUG Engine               - gameDifficultyProperty: ObjectProperty [value: MEDIUM]
07:54:41.739 [FXGL Background Thread 3 ] DEBUG Engine               - globalMusicVolume: 0.5
07:54:41.739 [FXGL Background Thread 3 ] DEBUG Engine               - globalMusicVolumeProperty: DoubleProperty [value: 0.5]
07:54:41.739 [FXGL Background Thread 3 ] DEBUG Engine               - globalSoundVolume: 0.5
07:54:41.739 [FXGL Background Thread 3 ] DEBUG Engine               - globalSoundVolumeProperty: DoubleProperty [value: 0.5]
07:54:41.739 [FXGL Background Thread 3 ] DEBUG Engine               - height: 900
07:54:41.739 [FXGL Background Thread 3 ] DEBUG Engine               - is3D: false
07:54:41.739 [FXGL Background Thread 3 ] DEBUG Engine               - isAndroid: false
07:54:41.739 [FXGL Background Thread 3 ] DEBUG Engine               - isBrowser: false
07:54:41.739 [FXGL Background Thread 3 ] DEBUG Engine               - isClickFeedbackEnabled: false
07:54:41.739 [FXGL Background Thread 3 ] DEBUG Engine               - isCloseConfirmation: false
07:54:41.739 [FXGL Background Thread 3 ] DEBUG Engine               - isDesktop: true
07:54:41.739 [FXGL Background Thread 3 ] DEBUG Engine               - isDeveloperMenuEnabled: true
07:54:41.739 [FXGL Background Thread 3 ] DEBUG Engine               - isEmbedded: false
07:54:41.739 [FXGL Background Thread 3 ] DEBUG Engine               - isEntityPreloadEnabled: true
07:54:41.739 [FXGL Background Thread 3 ] DEBUG Engine               - isExperimentalTiledLargeMap: false
07:54:41.739 [FXGL Background Thread 3 ] DEBUG Engine               - isFileSystemWriteAllowed: true
07:54:41.739 [FXGL Background Thread 3 ] DEBUG Engine               - isFullScreenAllowed: false
07:54:41.741 [FXGL Background Thread 3 ] DEBUG Engine               - isFullScreenFromStart: false
07:54:41.741 [FXGL Background Thread 3 ] DEBUG Engine               - isGameMenuEnabled: true
07:54:41.741 [FXGL Background Thread 3 ] DEBUG Engine               - isIOS: false
07:54:41.741 [FXGL Background Thread 3 ] DEBUG Engine               - isIntroEnabled: false
07:54:41.741 [FXGL Background Thread 3 ] DEBUG Engine               - isLinux: false
07:54:41.741 [FXGL Background Thread 3 ] DEBUG Engine               - isMac: false
07:54:41.741 [FXGL Background Thread 3 ] DEBUG Engine               - isMainMenuEnabled: false
07:54:41.741 [FXGL Background Thread 3 ] DEBUG Engine               - isManualResizeEnabled: false
07:54:41.741 [FXGL Background Thread 3 ] DEBUG Engine               - isMobile: false
07:54:41.741 [FXGL Background Thread 3 ] DEBUG Engine               - isNative: false
07:54:41.741 [FXGL Background Thread 3 ] DEBUG Engine               - isPauseMusicWhenMinimized: true
07:54:41.741 [FXGL Background Thread 3 ] DEBUG Engine               - isPreserveResizeRatio: false
07:54:41.741 [FXGL Background Thread 3 ] DEBUG Engine               - isProfilingEnabled: false
07:54:41.741 [FXGL Background Thread 3 ] DEBUG Engine               - isScaleAffectedOnResize: true
07:54:41.741 [FXGL Background Thread 3 ] DEBUG Engine               - isSingleStep: false
07:54:41.741 [FXGL Background Thread 3 ] DEBUG Engine               - isUserProfileEnabled: false
07:54:41.741 [FXGL Background Thread 3 ] DEBUG Engine               - isWindows: true
07:54:41.741 [FXGL Background Thread 3 ] DEBUG Engine               - language: ObjectProperty [value: ENGLISH]
07:54:41.741 [FXGL Background Thread 3 ] DEBUG Engine               - menuKey: ESCAPE
07:54:41.742 [FXGL Background Thread 3 ] DEBUG Engine               - mouseSensitivity: 0.2
07:54:41.742 [FXGL Background Thread 3 ] DEBUG Engine               - notificationViewClass: class com.almasb.fxgl.notification.view.XboxNotificationView
07:54:41.742 [FXGL Background Thread 3 ] DEBUG Engine               - pixelsPerMeter: 50.0
07:54:41.742 [FXGL Background Thread 3 ] DEBUG Engine               - platform: WINDOWS
07:54:41.742 [FXGL Background Thread 3 ] DEBUG Engine               - prefHeightProperty: ReadOnlyDoubleProperty [value: 900.0]
07:54:41.742 [FXGL Background Thread 3 ] DEBUG Engine               - prefWidthProperty: ReadOnlyDoubleProperty [value: 1600.0]
07:54:41.742 [FXGL Background Thread 3 ] DEBUG Engine               - profileDir: profiles/
07:54:41.742 [FXGL Background Thread 3 ] DEBUG Engine               - profileName: StringProperty [value: DEFAULT]
07:54:41.742 [FXGL Background Thread 3 ] DEBUG Engine               - randomSeed: -1
07:54:41.742 [FXGL Background Thread 3 ] DEBUG Engine               - runtimeInfo: RuntimeInfo(platform=WINDOWS, version=21.1, build=27.03.2024 07.52)
07:54:41.742 [FXGL Background Thread 3 ] DEBUG Engine               - saveFileExt: sav
07:54:41.742 [FXGL Background Thread 3 ] DEBUG Engine               - scaledHeightProp$fxgl: DoubleProperty [bound, value: 900.0]
07:54:41.742 [FXGL Background Thread 3 ] DEBUG Engine               - scaledWidthProp$fxgl: DoubleProperty [bound, value: 1600.0]
07:54:41.742 [FXGL Background Thread 3 ] DEBUG Engine               - sceneFactory: com.almasb.fxgl.app.scene.SceneFactory@58ae5349
07:54:41.742 [FXGL Background Thread 3 ] DEBUG Engine               - secondsIn24h: 60
07:54:41.742 [FXGL Background Thread 3 ] DEBUG Engine               - soundMenuBack: menu/back.wav
07:54:41.742 [FXGL Background Thread 3 ] DEBUG Engine               - soundMenuPress: menu/press.wav
07:54:41.742 [FXGL Background Thread 3 ] DEBUG Engine               - soundMenuSelect: menu/select.wav
07:54:41.742 [FXGL Background Thread 3 ] DEBUG Engine               - soundNotification: core/notification.wav
07:54:41.742 [FXGL Background Thread 3 ] DEBUG Engine               - stageStyle: DECORATED
07:54:41.742 [FXGL Background Thread 3 ] DEBUG Engine               - supportedLanguages: [ENGLISH, FRENCH, GERMAN, HUNGARIAN, RUSSIAN]
07:54:41.743 [FXGL Background Thread 3 ] DEBUG Engine               - ticksPerSecond: -1
07:54:41.743 [FXGL Background Thread 3 ] DEBUG Engine               - title: Produktionslinie
07:54:41.743 [FXGL Background Thread 3 ] DEBUG Engine               - urlGithub: https://github.com/AlmasB/FXGL
07:54:41.743 [FXGL Background Thread 3 ] DEBUG Engine               - urlLeaderboard: http://fxgl-top.herokuapp.com/
07:54:41.743 [FXGL Background Thread 3 ] DEBUG Engine               - urlPOM: https://raw.githubusercontent.com/AlmasB/FXGL/release/README.md
07:54:41.743 [FXGL Background Thread 3 ] DEBUG Engine               - userAppClass: class org.betriebssysteme.view.ProductionLineApp
07:54:41.743 [FXGL Background Thread 3 ] DEBUG Engine               - version: 0.0
07:54:41.743 [FXGL Background Thread 3 ] DEBUG Engine               - versionCheckDays: 7
07:54:41.743 [FXGL Background Thread 3 ] DEBUG Engine               - width: 1600
07:54:41.743 [FXGL Background Thread 3 ] DEBUG Engine               - Logging services
07:54:41.743 [FXGL Background Thread 3 ] DEBUG Engine               - class com.almasb.fxgl.app.services.FXGLAssetLoaderService
07:54:41.743 [FXGL Background Thread 3 ] DEBUG Engine               - class com.almasb.fxgl.app.FXGLApplication$GameApplicationService
07:54:41.743 [FXGL Background Thread 3 ] DEBUG Engine               - class com.almasb.fxgl.app.services.FXGLDialogService
07:54:41.743 [FXGL Background Thread 3 ] DEBUG Engine               - class com.almasb.fxgl.app.services.IOTaskExecutorService
07:54:41.743 [FXGL Background Thread 3 ] DEBUG Engine               - class com.almasb.fxgl.io.FileSystemService
07:54:41.743 [FXGL Background Thread 3 ] DEBUG Engine               - class com.almasb.fxgl.localization.LocalizationService
07:54:41.743 [FXGL Background Thread 3 ] DEBUG Engine               - class com.almasb.fxgl.app.services.SystemBundleService
07:54:41.743 [FXGL Background Thread 3 ] DEBUG Engine               - class com.almasb.fxgl.profile.SaveLoadService
07:54:41.743 [FXGL Background Thread 3 ] DEBUG Engine               - class com.almasb.fxgl.ui.FXGLUIFactoryServiceProvider
07:54:41.743 [FXGL Background Thread 3 ] DEBUG Engine               - class com.almasb.fxgl.ui.FXGLDialogFactoryServiceProvider
07:54:41.743 [FXGL Background Thread 3 ] DEBUG Engine               - class com.almasb.fxgl.audio.AudioPlayer
07:54:41.743 [FXGL Background Thread 3 ] DEBUG Engine               - class com.almasb.fxgl.notification.impl.NotificationServiceProvider
07:54:41.743 [FXGL Background Thread 3 ] DEBUG Engine               - class com.almasb.fxgl.achievement.AchievementService
07:54:41.743 [FXGL Background Thread 3 ] DEBUG Engine               - class com.almasb.fxgl.cutscene.CutsceneService
07:54:41.743 [FXGL Background Thread 3 ] DEBUG Engine               - class com.almasb.fxgl.minigames.MiniGameService
07:54:41.744 [FXGL Background Thread 3 ] DEBUG Engine               - class com.almasb.fxgl.net.NetService
07:54:41.744 [FXGL Background Thread 3 ] DEBUG Engine               - class com.almasb.fxgl.app.services.UpdaterService
07:54:41.744 [FXGL Background Thread 3 ] DEBUG Engine               - class com.almasb.fxgl.dev.DevService
07:54:43.159 [JavaFX Application Thread] DEBUG LoopRunner           - Stopping loop
07:54:43.160 [JavaFX Application Thread] FATAL FXGLApplication      - Uncaught Exception:
java.lang.IllegalArgumentException: Component MenuComponent not found!
	at com.almasb.fxgl.entity.Entity.getComponent(Entity.java:366)
	at org.betriebssysteme.view.EventHandler.handleMenuCLick(EventHandler.java:12)
	at org.betriebssysteme.view.CentralPlatformComponent.handleCentralClick(CentralPlatformComponent.java:196)
	at com.sun.javafx.event.CompositeEventHandler.dispatchBubblingEvent(CompositeEventHandler.java:86)
	at com.sun.javafx.event.EventHandlerManager.dispatchBubblingEvent(EventHandlerManager.java:232)
	at com.sun.javafx.event.EventHandlerManager.dispatchBubblingEvent(EventHandlerManager.java:189)
	at com.sun.javafx.event.CompositeEventDispatcher.dispatchBubblingEvent(CompositeEventDispatcher.java:59)
	at com.sun.javafx.event.BasicEventDispatcher.dispatchEvent(BasicEventDispatcher.java:58)
	at com.sun.javafx.event.EventDispatchChainImpl.dispatchEvent(EventDispatchChainImpl.java:114)
	at com.sun.javafx.event.BasicEventDispatcher.dispatchEvent(BasicEventDispatcher.java:56)
	at com.sun.javafx.event.EventDispatchChainImpl.dispatchEvent(EventDispatchChainImpl.java:114)
	at com.sun.javafx.event.BasicEventDispatcher.dispatchEvent(BasicEventDispatcher.java:56)
	at com.sun.javafx.event.EventDispatchChainImpl.dispatchEvent(EventDispatchChainImpl.java:114)
	at com.sun.javafx.event.EventUtil.fireEventImpl(EventUtil.java:74)
	at com.sun.javafx.event.EventUtil.fireEvent(EventUtil.java:54)
	at javafx.event.Event.fireEvent(Event.java:198)
	at javafx.scene.Scene$ClickGenerator.postProcess(Scene.java:3688)
	at javafx.scene.Scene$MouseHandler.process(Scene.java:3993)
	at javafx.scene.Scene.processMouseEvent(Scene.java:1890)
	at javafx.scene.Scene$ScenePeerListener.mouseEvent(Scene.java:2708)
	at com.sun.javafx.tk.quantum.GlassViewEventHandler$MouseEventNotification.run(GlassViewEventHandler.java:411)
	at com.sun.javafx.tk.quantum.GlassViewEventHandler$MouseEventNotification.run(GlassViewEventHandler.java:301)
	at java.base/java.security.AccessController.doPrivileged(AccessController.java:400)
	at com.sun.javafx.tk.quantum.GlassViewEventHandler.lambda$handleMouseEvent$2(GlassViewEventHandler.java:450)
	at com.sun.javafx.tk.quantum.QuantumToolkit.runWithoutRenderLock(QuantumToolkit.java:424)
	at com.sun.javafx.tk.quantum.GlassViewEventHandler.handleMouseEvent(GlassViewEventHandler.java:449)
	at com.sun.glass.ui.View.handleMouseEvent(View.java:551)
	at com.sun.glass.ui.View.notifyMouse(View.java:937)
	at com.sun.glass.ui.win.WinApplication._runLoop(Native Method)
	at com.sun.glass.ui.win.WinApplication.lambda$runLoop$3(WinApplication.java:185)
	at java.base/java.lang.Thread.run(Thread.java:1583)

07:54:43.160 [JavaFX Application Thread] FATAL FXGLApplication      - Application will now exit
07:54:43.164 [JavaFX Application Thread] DEBUG PrimaryStageWindow   - Push state: ErrorSubScene
07:54:43.164 [JavaFX Application Thread] DEBUG Input                - Clearing active input actions
07:54:43.164 [JavaFX Application Thread] DEBUG GameApplicationServi - Removing overlay from GameScene and adding to ErrorSubScene
07:54:43.167 [JavaFX Application Thread] DEBUG PrimaryStageWindow   - GameScene -> ErrorSubScene
07:54:45.217 [JavaFX Application Thread] DEBUG FXGLApplication      - Exiting FXGL
07:54:45.217 [JavaFX Application Thread] DEBUG Async                - Shutting down background threads
07:54:45.218 [JavaFX Application Thread] DEBUG PrimaryStageWindow   - Closing main window
07:54:45.233 [JavaFX Application Thread] DEBUG Logger               - Closing Logger
