21:11:35.691 [main                     ] DEBUG Logger               - Configured Logger
21:11:35.702 [main                     ] DEBUG GameApplication      - Logging settings
Title: Produktionslinie
Version: 0.0
Width: 1600
Height: 900
Fullscreen: false
Intro: false
Profiling: false
Single step:false
App Mode: DEVELOPER
Menu Key: ESCAPE
Stage Style: DECORATED
Scene Factory: class com.almasb.fxgl.app.scene.SceneFactory

21:11:35.990 [JavaFX Application Thread] DEBUG FXGLApplication      - Initializing FXGL
21:11:35.995 [JavaFX Application Thread] INFO  Engine               - FXGL-21.1 (27.03.2024 07.52) on WINDOWS (J:24.0.1 FX:24.0.1+1)
21:11:35.995 [JavaFX Application Thread] DEBUG Engine               - JRE Vendor Name: BellSoft
21:11:35.995 [JavaFX Application Thread] DEBUG Engine               - Running on OS: Windows 11 version 10.0
21:11:35.995 [JavaFX Application Thread] DEBUG Engine               - Architecture: amd64
21:11:35.996 [JavaFX Application Thread] INFO  Engine               - Source code and latest versions at: https://github.com/AlmasB/FXGL
21:11:35.996 [JavaFX Application Thread] INFO  Engine               -       Ask questions and discuss at: https://github.com/AlmasB/FXGL/discussions
21:11:35.996 [JavaFX Application Thread] INFO  Engine               -              Join the FXGL chat at: https://gitter.im/AlmasB/FXGL
21:11:36.082 [JavaFX Application Thread] DEBUG PrimaryStageWindow   - Creating a JavaFX scene
21:11:36.082 [JavaFX Application Thread] DEBUG PrimaryStageWindow   - Target size > screen size
21:11:36.130 [JavaFX Application Thread] DEBUG PrimaryStageWindow   - Target settings size: 1600.0 x 900.0
21:11:36.130 [JavaFX Application Thread] DEBUG PrimaryStageWindow   - Scaled scene size:    1415.0 x 810.0
21:11:36.130 [JavaFX Application Thread] DEBUG PrimaryStageWindow   - Scaled ratio: (0.884375, 0.9)
21:11:36.131 [JavaFX Application Thread] DEBUG PrimaryStageWindow   - Set initial scene to FXGLStartupScene
21:11:36.138 [JavaFX Application Thread] DEBUG PrimaryStageWindow   - Opening main window
21:11:36.482 [JavaFX Application Thread] DEBUG PrimaryStageWindow   - Window border size: (15.0, 37.33331298828125)
21:11:36.482 [JavaFX Application Thread] DEBUG PrimaryStageWindow   - Scaled size: 1415.0 x 810.0
21:11:36.482 [JavaFX Application Thread] DEBUG PrimaryStageWindow   - Scaled ratio: (0.884375, 0.9)
21:11:36.482 [JavaFX Application Thread] DEBUG PrimaryStageWindow   - Scene size: 1415.0 x 810.0
21:11:36.482 [JavaFX Application Thread] DEBUG PrimaryStageWindow   - Stage size: 1430.0 x 847.3333129882812
21:11:36.498 [FXGL Background Thread 1 ] DEBUG Engine               - Initializing environment variables
21:11:36.654 [FXGL Background Thread 1 ] DEBUG FXGLAssetLoaderServi - User app class for loading assets: class org.betriebssysteme.view.ProductionLineApp
21:11:36.656 [FXGL Background Thread 1 ] DEBUG GameApplicationServi - Applying CSS: fxgl_dark.css
21:11:36.657 [FXGL Background Thread 1 ] DEBUG FXGLAssetLoaderServi - Loading from file system: jar:file:/C:/Users/user/.m2/repository/com/github/AlmasB/FXGL/21.1/fxgl-21.1.jar!/fxglassets/ui/css/fxgl_dark.css
21:11:36.731 [FXGL Background Thread 1 ] DEBUG GameApplicationServi - Initializing application scenes
21:11:36.804 [FXGL Background Thread 1 ] DEBUG GameWorld            - Game world initialized
21:11:36.907 [FXGL Background Thread 1 ] DEBUG PhysicsWorld         - Physics world initialized: appHeight=900, physics.ppm=50,0
21:11:36.907 [FXGL Background Thread 1 ] DEBUG PhysicsWorld         - Using strategy: BRUTE_FORCE
21:11:36.911 [FXGL Background Thread 1 ] DEBUG GameScene            - Game scene initialized: 1600x900
21:11:36.929 [FXGL Background Thread 1 ] DEBUG FXGL.DefaultMenu     - createMenuBodyGameMenu()
21:11:36.943 [FXGL Background Thread 1 ] DEBUG FXGL.DefaultMenu     - createOptionsMenu()
21:11:36.958 [FXGL Background Thread 1 ] DEBUG FXGLAssetLoaderServi - Loading from file system: jar:file:/C:/Users/user/.m2/repository/com/github/AlmasB/FXGL/21.1/fxgl-21.1.jar!/fxglassets/textures/particles/smoke.png
21:11:37.061 [FXGL Background Thread 1 ] DEBUG FXGLAssetLoaderServi - Loading from file system: jar:file:/C:/Users/user/.m2/repository/com/github/AlmasB/FXGL/21.1/fxgl-21.1.jar!/fxglassets/textures/particles/trace_horizontal.png
21:11:37.084 [FXGL Background Thread 1 ] DEBUG GameApplicationServi - Application scenes initialized
21:11:37.098 [FXGL Background Thread 1 ] DEBUG SystemBundleService  - Loading FXGL system data
21:11:37.121 [FXGL Background Thread 1 ] DEBUG FileSystemAccess     - Reading from: C:\Users\user\IdeaProjects\Produktionslinie\system\fxgl.bundle
21:11:37.129 [FXGL Background Thread 1 ] DEBUG SystemBundleService  - Bundle FXGL: {}
21:11:37.129 [FXGL Background Thread 1 ] DEBUG UpdaterService       - Checking for updates
21:11:37.154 [FXGL Background Thread 4 ] DEBUG FXGLApplication      - Loading fonts
21:11:37.155 [FXGL Background Thread 4 ] DEBUG FXGLAssetLoaderServi - Loading from file system: jar:file:/C:/Users/user/.m2/repository/com/github/AlmasB/FXGL/21.1/fxgl-21.1.jar!/fxglassets/ui/fonts/VarelaRound-Regular.ttf
21:11:37.155 [FXGL Background Thread 1 ] DEBUG FXGLApplication      - Loading default localization
21:11:37.155 [FXGL Background Thread 1 ] DEBUG FXGLAssetLoaderServi - Loading from file system: jar:file:/C:/Users/user/.m2/repository/com/github/AlmasB/FXGL/21.1/fxgl-21.1.jar!/fxglassets/languages/english.lang
21:11:37.194 [FXGL Background Thread 1 ] INFO  FXGLApplication      - FXGL initialization took: 0,695 sec
21:11:37.196 [JavaFX Application Thread] DEBUG FXGLAssetLoaderServi - Loading from file system: jar:file:/C:/Users/user/.m2/repository/com/github/AlmasB/FXGL/21.1/fxgl-21.1.jar!/fxglassets/textures/fxgl_icon.png
21:11:37.210 [FXGL Background Thread 4 ] DEBUG FXGLAssetLoaderServi - Loading from file system: jar:file:/C:/Users/user/.m2/repository/com/github/AlmasB/FXGL/21.1/fxgl-21.1.jar!/fxglassets/ui/fonts/Abel-Regular.ttf
21:11:37.215 [JavaFX Application Thread] DEBUG FXGLAssetLoaderServi - Loading from file system: jar:file:/C:/Users/user/.m2/repository/com/github/AlmasB/FXGL/21.1/fxgl-21.1.jar!/fxglassets/textures/fxgl_default_cursor.png
21:11:37.225 [FXGL Background Thread 4 ] DEBUG FXGLAssetLoaderServi - Loading from file system: jar:file:/C:/Users/user/.m2/repository/com/github/AlmasB/FXGL/21.1/fxgl-21.1.jar!/fxglassets/ui/fonts/TerminalLandMono-Regular.otf
21:11:37.233 [JavaFX Application Thread] DEBUG Input                - Registered new binding: Screenshot - CTRL+8
21:11:37.234 [JavaFX Application Thread] DEBUG Input                - Registered new binding: Dev Options - 1
21:11:37.235 [JavaFX Application Thread] DEBUG Input                - Registered new binding: Dev Console - 2
21:11:37.236 [JavaFX Application Thread] DEBUG Input                - Registered new binding: System info dump - CTRL+9
21:11:37.238 [JavaFX Application Thread] DEBUG Input                - Registered new binding: Restart - CTRL+R
21:11:37.239 [JavaFX Application Thread] DEBUG Input                - Registered new binding: Toggle Debug Camera - CTRL+7
21:11:37.240 [FXGL Background Thread 4 ] DEBUG FXGLAssetLoaderServi - Loading from file system: jar:file:/C:/Users/user/.m2/repository/com/github/AlmasB/FXGL/21.1/fxgl-21.1.jar!/fxglassets/ui/fonts/Courier-Prime.ttf
21:11:37.245 [JavaFX Application Thread] DEBUG LoopRunner           - Starting loop
21:11:37.270 [JavaFX Application Thread] DEBUG LoopRunner           - Initializing JavaFX AnimationTimerLoop
21:11:37.272 [JavaFX Application Thread] DEBUG GameApplicationServi - Starting new game
21:11:37.272 [JavaFX Application Thread] DEBUG Input                - Clearing active input actions
21:11:37.289 [JavaFX Application Thread] DEBUG GameApplicationServi - Removing overlay from FXGLStartupScene and adding to FXGLLoadingScene
21:11:37.296 [JavaFX Application Thread] DEBUG PrimaryStageWindow   - FXGLStartupScene -> FXGLLoadingScene
21:11:37.296 [JavaFX Application Thread] DEBUG GameApplicationServi - Clearing previous game
21:11:37.296 [JavaFX Application Thread] DEBUG GameScene            - Clearing game scene
21:11:37.296 [JavaFX Application Thread] DEBUG GameWorld            - Clearing game world
21:11:37.296 [JavaFX Application Thread] DEBUG PhysicsWorld         - Clearing physics world
21:11:37.301 [JavaFX Application Thread] DEBUG FXGLApplication      - Registering font factories with UI factory
21:11:37.301 [FXGL Background Thread 4 ] DEBUG FXGLApplication      - Initializing game
21:11:37.337 [FXGL Background Thread 4 ] DEBUG FXGLAssetLoaderServi - Loading from file system: file:/C:/Users/user/IdeaProjects/Produktionslinie/target/classes/assets/textures/Turning_Off_Animation.png
21:11:37.344 [FXGL Background Thread 4 ] DEBUG FXGLAssetLoaderServi - Loading from file system: file:/C:/Users/user/IdeaProjects/Produktionslinie/target/classes/assets/textures/Turning_On_Animation.png
21:11:37.347 [FXGL Background Thread 4 ] DEBUG FXGLAssetLoaderServi - Loading from file system: file:/C:/Users/user/IdeaProjects/Produktionslinie/target/classes/assets/textures/Production_While_Taking_Items_Animation.png
21:11:37.355 [FXGL Background Thread 4 ] DEBUG FXGLAssetLoaderServi - Loading from file system: file:/C:/Users/user/IdeaProjects/Produktionslinie/target/classes/assets/textures/Production_Without_Taking_Items_Animation.png
21:11:37.382 [FXGL Background Thread 4 ] DEBUG FXGLAssetLoaderServi - Loading from file system: file:/C:/Users/user/IdeaProjects/Produktionslinie/target/classes/assets/textures/Info_Menu_Machine_Asset.png
21:11:37.418 [FXGL Background Thread 4 ] INFO  FXGLApplication      - Game initialization took: 0,117 sec
21:11:37.585 [JavaFX Application Thread] DEBUG Input                - Clearing active input actions
21:11:37.599 [JavaFX Application Thread] DEBUG GameApplicationServi - Removing overlay from FXGLLoadingScene and adding to GameScene
21:11:37.606 [JavaFX Application Thread] DEBUG PrimaryStageWindow   - FXGLLoadingScene -> GameScene
21:11:39.560 [JavaFX Application Thread] DEBUG FXGLApplication      - Exiting FXGL
21:11:39.560 [JavaFX Application Thread] DEBUG LoopRunner           - Stopping loop
21:11:39.561 [JavaFX Application Thread] DEBUG SystemBundleService  - Saving FXGL system data
21:11:39.564 [JavaFX Application Thread] DEBUG FileSystemAccess     - Writing to: C:\Users\user\IdeaProjects\Produktionslinie\system\fxgl.bundle
21:11:39.566 [JavaFX Application Thread] DEBUG Async                - Shutting down background threads
21:11:39.567 [JavaFX Application Thread] DEBUG PrimaryStageWindow   - Closing main window
21:11:39.592 [JavaFX Application Thread] DEBUG Logger               - Closing Logger
