19:53:39.157 [main                     ] DEBUG Logger               - Configured Logger
19:53:39.166 [main                     ] DEBUG GameApplication      - Logging settings
Title: Produktionslinie
Version: 0.0
Width: 1600
Height: 900
Fullscreen: false
Intro: false
Profiling: false
Single step:false
App Mode: DEVELOPER
Menu Key: ESCAPE
Stage Style: DECORATED
Scene Factory: class com.almasb.fxgl.app.scene.SceneFactory

19:53:39.434 [JavaFX Application Thread] DEBUG FXGLApplication      - Initializing FXGL
19:53:39.437 [JavaFX Application Thread] INFO  Engine               - FXGL-21.1 (27.03.2024 07.52) on WINDOWS (J:24.0.1 FX:24.0.1+1)
19:53:39.437 [JavaFX Application Thread] DEBUG Engine               - JRE Vendor Name: BellSoft
19:53:39.437 [JavaFX Application Thread] DEBUG Engine               - Running on OS: Windows 11 version 10.0
19:53:39.437 [JavaFX Application Thread] DEBUG Engine               - Architecture: amd64
19:53:39.437 [JavaFX Application Thread] INFO  Engine               - Source code and latest versions at: https://github.com/AlmasB/FXGL
19:53:39.439 [JavaFX Application Thread] INFO  Engine               -       Ask questions and discuss at: https://github.com/AlmasB/FXGL/discussions
19:53:39.439 [JavaFX Application Thread] INFO  Engine               -              Join the FXGL chat at: https://gitter.im/AlmasB/FXGL
19:53:39.527 [JavaFX Application Thread] DEBUG PrimaryStageWindow   - Creating a JavaFX scene
19:53:39.527 [JavaFX Application Thread] DEBUG PrimaryStageWindow   - Target size > screen size
19:53:39.567 [JavaFX Application Thread] DEBUG PrimaryStageWindow   - Target settings size: 1600.0 x 900.0
19:53:39.567 [JavaFX Application Thread] DEBUG PrimaryStageWindow   - Scaled scene size:    1415.0 x 810.0
19:53:39.567 [JavaFX Application Thread] DEBUG PrimaryStageWindow   - Scaled ratio: (0.884375, 0.9)
19:53:39.568 [JavaFX Application Thread] DEBUG PrimaryStageWindow   - Set initial scene to FXGLStartupScene
19:53:39.575 [JavaFX Application Thread] DEBUG PrimaryStageWindow   - Opening main window
19:53:39.857 [JavaFX Application Thread] DEBUG PrimaryStageWindow   - Window border size: (15.0, 37.33331298828125)
19:53:39.857 [JavaFX Application Thread] DEBUG PrimaryStageWindow   - Scaled size: 1415.0 x 810.0
19:53:39.857 [JavaFX Application Thread] DEBUG PrimaryStageWindow   - Scaled ratio: (0.884375, 0.9)
19:53:39.858 [JavaFX Application Thread] DEBUG PrimaryStageWindow   - Scene size: 1415.0 x 810.0
19:53:39.858 [JavaFX Application Thread] DEBUG PrimaryStageWindow   - Stage size: 1430.0 x 847.3333129882812
19:53:39.872 [FXGL Background Thread 1 ] DEBUG Engine               - Initializing environment variables
19:53:39.968 [FXGL Background Thread 1 ] DEBUG FXGLAssetLoaderServi - User app class for loading assets: class org.betriebssysteme.view.ProductionLineApp
19:53:39.969 [FXGL Background Thread 1 ] DEBUG GameApplicationServi - Applying CSS: fxgl_dark.css
19:53:39.970 [FXGL Background Thread 1 ] DEBUG FXGLAssetLoaderServi - Loading from file system: jar:file:/C:/Users/user/.m2/repository/com/github/AlmasB/FXGL/21.1/fxgl-21.1.jar!/fxglassets/ui/css/fxgl_dark.css
19:53:40.034 [FXGL Background Thread 1 ] DEBUG GameApplicationServi - Initializing application scenes
19:53:40.105 [FXGL Background Thread 1 ] DEBUG GameWorld            - Game world initialized
19:53:40.190 [FXGL Background Thread 1 ] DEBUG PhysicsWorld         - Physics world initialized: appHeight=900, physics.ppm=50,0
19:53:40.191 [FXGL Background Thread 1 ] DEBUG PhysicsWorld         - Using strategy: BRUTE_FORCE
19:53:40.195 [FXGL Background Thread 1 ] DEBUG GameScene            - Game scene initialized: 1600x900
19:53:40.214 [FXGL Background Thread 1 ] DEBUG FXGL.DefaultMenu     - createMenuBodyGameMenu()
19:53:40.226 [FXGL Background Thread 1 ] DEBUG FXGL.DefaultMenu     - createOptionsMenu()
19:53:40.241 [FXGL Background Thread 1 ] DEBUG FXGLAssetLoaderServi - Loading from file system: jar:file:/C:/Users/user/.m2/repository/com/github/AlmasB/FXGL/21.1/fxgl-21.1.jar!/fxglassets/textures/particles/smoke.png
19:53:40.356 [FXGL Background Thread 1 ] DEBUG FXGLAssetLoaderServi - Loading from file system: jar:file:/C:/Users/user/.m2/repository/com/github/AlmasB/FXGL/21.1/fxgl-21.1.jar!/fxglassets/textures/particles/trace_horizontal.png
19:53:40.382 [FXGL Background Thread 1 ] DEBUG GameApplicationServi - Application scenes initialized
19:53:40.399 [FXGL Background Thread 1 ] DEBUG SystemBundleService  - Loading FXGL system data
19:53:40.409 [FXGL Background Thread 1 ] DEBUG FileSystemAccess     - Reading from: C:\Users\user\IdeaProjects\Produktionslinie\system\fxgl.bundle
19:53:40.417 [FXGL Background Thread 1 ] DEBUG SystemBundleService  - Bundle FXGL: {}
19:53:40.417 [FXGL Background Thread 1 ] DEBUG UpdaterService       - Checking for updates
19:53:40.440 [FXGL Background Thread 4 ] DEBUG FXGLApplication      - Loading fonts
19:53:40.440 [FXGL Background Thread 4 ] DEBUG FXGLAssetLoaderServi - Loading from file system: jar:file:/C:/Users/user/.m2/repository/com/github/AlmasB/FXGL/21.1/fxgl-21.1.jar!/fxglassets/ui/fonts/VarelaRound-Regular.ttf
19:53:40.442 [FXGL Background Thread 1 ] DEBUG FXGLApplication      - Loading default localization
19:53:40.442 [FXGL Background Thread 1 ] DEBUG FXGLAssetLoaderServi - Loading from file system: jar:file:/C:/Users/user/.m2/repository/com/github/AlmasB/FXGL/21.1/fxgl-21.1.jar!/fxglassets/languages/english.lang
19:53:40.477 [FXGL Background Thread 1 ] INFO  FXGLApplication      - FXGL initialization took: 0,605 sec
19:53:40.489 [JavaFX Application Thread] DEBUG Input                - Registered new binding: action0 - R
19:53:40.493 [FXGL Background Thread 4 ] DEBUG FXGLAssetLoaderServi - Loading from file system: jar:file:/C:/Users/user/.m2/repository/com/github/AlmasB/FXGL/21.1/fxgl-21.1.jar!/fxglassets/ui/fonts/Abel-Regular.ttf
19:53:40.509 [FXGL Background Thread 4 ] DEBUG FXGLAssetLoaderServi - Loading from file system: jar:file:/C:/Users/user/.m2/repository/com/github/AlmasB/FXGL/21.1/fxgl-21.1.jar!/fxglassets/ui/fonts/TerminalLandMono-Regular.otf
19:53:40.515 [JavaFX Application Thread] DEBUG FXGLAssetLoaderServi - Loading from file system: jar:file:/C:/Users/user/.m2/repository/com/github/AlmasB/FXGL/21.1/fxgl-21.1.jar!/fxglassets/textures/fxgl_default_cursor.png
19:53:40.520 [JavaFX Application Thread] DEBUG Input                - Registered new binding: Screenshot - CTRL+8
19:53:40.521 [JavaFX Application Thread] DEBUG Input                - Registered new binding: Dev Options - 1
19:53:40.522 [JavaFX Application Thread] DEBUG Input                - Registered new binding: Dev Console - 2
19:53:40.523 [JavaFX Application Thread] DEBUG Input                - Registered new binding: System info dump - CTRL+9
19:53:40.524 [JavaFX Application Thread] DEBUG Input                - Registered new binding: Restart - CTRL+R
19:53:40.525 [JavaFX Application Thread] DEBUG Input                - Registered new binding: Toggle Debug Camera - CTRL+7
19:53:40.527 [FXGL Background Thread 4 ] DEBUG FXGLAssetLoaderServi - Loading from file system: jar:file:/C:/Users/user/.m2/repository/com/github/AlmasB/FXGL/21.1/fxgl-21.1.jar!/fxglassets/ui/fonts/Courier-Prime.ttf
19:53:40.534 [JavaFX Application Thread] DEBUG LoopRunner           - Starting loop
19:53:40.556 [JavaFX Application Thread] DEBUG LoopRunner           - Initializing JavaFX AnimationTimerLoop
19:53:40.560 [JavaFX Application Thread] DEBUG GameApplicationServi - Starting new game
19:53:40.561 [JavaFX Application Thread] DEBUG Input                - Clearing active input actions
19:53:40.581 [JavaFX Application Thread] DEBUG GameApplicationServi - Removing overlay from FXGLStartupScene and adding to FXGLLoadingScene
19:53:40.587 [JavaFX Application Thread] DEBUG PrimaryStageWindow   - FXGLStartupScene -> FXGLLoadingScene
19:53:40.587 [JavaFX Application Thread] DEBUG GameApplicationServi - Clearing previous game
19:53:40.587 [JavaFX Application Thread] DEBUG GameScene            - Clearing game scene
19:53:40.587 [JavaFX Application Thread] DEBUG GameWorld            - Clearing game world
19:53:40.589 [JavaFX Application Thread] DEBUG PhysicsWorld         - Clearing physics world
19:53:40.591 [FXGL Background Thread 4 ] DEBUG FXGLApplication      - Initializing game
19:53:40.601 [JavaFX Application Thread] DEBUG FXGLApplication      - Registering font factories with UI factory
19:53:40.678 [FXGL Background Thread 4 ] WARN  TMXLevelLoader       - TiledMap generated from 1.11.2. Supported version: 1.9.0. Some features may not be parsed fully.
19:53:40.693 [FXGL Background Thread 4 ] DEBUG TMXLevelLoader       - Parsed TiledMap: file:/C:/Users/user/IdeaProjects/Produktionslinie/target/classes/assets/levels/map.tmx
19:53:40.696 [FXGL Background Thread 4 ] DEBUG TMXLevelLoader       - Creating tile layer entities
19:53:40.701 [FXGL Background Thread 4 ] DEBUG TilesetLoader        - Loading view for layer Kachelebene 1
19:53:40.742 [FXGL Background Thread 4 ] DEBUG TilesetLoader        - Created buffer with size 3200.0x3200.0
19:53:40.812 [FXGL Background Thread 4 ] DEBUG TMXLevelLoader       - Creating object layer entities
19:53:40.813 [FXGL Background Thread 4 ] DEBUG GameWorld            - Clearing removable entities
19:53:40.815 [FXGL Background Thread 4 ] DEBUG GameWorld            - Setting level: com.almasb.fxgl.entity.level.Level@2d55cd48
19:53:40.856 [FXGL Background Thread 4 ] DEBUG FXGLAssetLoaderServi - Loading from file system: file:/C:/Users/user/IdeaProjects/Produktionslinie/target/classes/assets/textures/Info_Menu_Machine_Asset.png
19:53:40.990 [FXGL Background Thread 4 ] DEBUG FXGLAssetLoaderServi - Loading from file system: file:/C:/Users/user/IdeaProjects/Produktionslinie/target/classes/assets/textures/Turning_Off_Animation.png
19:53:40.999 [FXGL Background Thread 4 ] DEBUG FXGLAssetLoaderServi - Loading from file system: file:/C:/Users/user/IdeaProjects/Produktionslinie/target/classes/assets/textures/Turning_On_Animation.png
19:53:41.002 [FXGL Background Thread 4 ] DEBUG FXGLAssetLoaderServi - Loading from file system: file:/C:/Users/user/IdeaProjects/Produktionslinie/target/classes/assets/textures/Production_While_Taking_Items_Animation.png
19:53:41.006 [FXGL Background Thread 4 ] DEBUG FXGLAssetLoaderServi - Loading from file system: file:/C:/Users/user/IdeaProjects/Produktionslinie/target/classes/assets/textures/Production_Without_Taking_Items_Animation.png
19:53:41.057 [FXGL Background Thread 4 ] DEBUG FXGLAssetLoaderServi - Loading from file system: file:/C:/Users/user/IdeaProjects/Produktionslinie/target/classes/assets/textures/belt-start.png
19:53:41.060 [FXGL Background Thread 4 ] DEBUG FXGLAssetLoaderServi - Loading from file system: file:/C:/Users/user/IdeaProjects/Produktionslinie/target/classes/assets/textures/belt-mid.png
19:53:41.063 [FXGL Background Thread 4 ] DEBUG FXGLAssetLoaderServi - Loading from file system: file:/C:/Users/user/IdeaProjects/Produktionslinie/target/classes/assets/textures/belt-end.png
19:53:41.103 [FXGL Background Thread 4 ] INFO  FXGLApplication      - Game initialization took: 0,512 sec
19:53:41.202 [JavaFX Application Thread] DEBUG Input                - Clearing active input actions
19:53:41.241 [JavaFX Application Thread] DEBUG GameApplicationServi - Removing overlay from FXGLLoadingScene and adding to GameScene
19:53:41.250 [JavaFX Application Thread] DEBUG PrimaryStageWindow   - FXGLLoadingScene -> GameScene
19:53:43.440 [FXGL Background Thread 3 ] DEBUG Engine               - Logging environment variables
19:53:43.441 [FXGL Background Thread 3 ] DEBUG Engine               - achievements: []
19:53:43.441 [FXGL Background Thread 3 ] DEBUG Engine               - actualHeight: 810.0
19:53:43.441 [FXGL Background Thread 3 ] DEBUG Engine               - actualHeightProperty: ReadOnlyDoubleProperty [value: 810.0]
19:53:43.441 [FXGL Background Thread 3 ] DEBUG Engine               - actualWidth: 1415.0
19:53:43.441 [FXGL Background Thread 3 ] DEBUG Engine               - actualWidthProperty: ReadOnlyDoubleProperty [value: 1415.0]
19:53:43.441 [FXGL Background Thread 3 ] DEBUG Engine               - appIcon: fxgl_icon.png
19:53:43.441 [FXGL Background Thread 3 ] DEBUG Engine               - applicationMode: DEVELOPER
19:53:43.441 [FXGL Background Thread 3 ] DEBUG Engine               - cSSList: [fxgl_dark.css]
19:53:43.441 [FXGL Background Thread 3 ] DEBUG Engine               - collisionDetectionStrategy: BRUTE_FORCE
19:53:43.441 [FXGL Background Thread 3 ] DEBUG Engine               - configClass: Optional.empty
19:53:43.441 [FXGL Background Thread 3 ] DEBUG Engine               - credits: []
19:53:43.442 [FXGL Background Thread 3 ] DEBUG Engine               - defaultCursor: CursorInfo(imageName=fxgl_default_cursor.png, hotspotX=7.0, hotspotY=6.0)
19:53:43.442 [FXGL Background Thread 3 ] DEBUG Engine               - devBBoxColorProperty: ObjectProperty [value: 0xff0000ff]
19:53:43.442 [FXGL Background Thread 3 ] DEBUG Engine               - devEnableDebugCameraProperty: BooleanProperty [value: false]
19:53:43.442 [FXGL Background Thread 3 ] DEBUG Engine               - devSensorColorProperty: ObjectProperty [value: 0xffff00ff]
19:53:43.442 [FXGL Background Thread 3 ] DEBUG Engine               - devShowBBoxProperty: BooleanProperty [value: false]
19:53:43.442 [FXGL Background Thread 3 ] DEBUG Engine               - devShowPositionProperty: BooleanProperty [value: false]
19:53:43.442 [FXGL Background Thread 3 ] DEBUG Engine               - enabledMenuItems: []
19:53:43.442 [FXGL Background Thread 3 ] DEBUG Engine               - engineServices: [class com.almasb.fxgl.app.services.FXGLAssetLoaderService, class com.almasb.fxgl.app.FXGLApplication$GameApplicationService, class com.almasb.fxgl.app.services.FXGLDialogService, class com.almasb.fxgl.app.services.IOTaskExecutorService, class com.almasb.fxgl.io.FileSystemService, class com.almasb.fxgl.localization.LocalizationService, class com.almasb.fxgl.app.services.SystemBundleService, class com.almasb.fxgl.profile.SaveLoadService, class com.almasb.fxgl.ui.FXGLUIFactoryServiceProvider, class com.almasb.fxgl.ui.FXGLDialogFactoryServiceProvider, class com.almasb.fxgl.audio.AudioPlayer, class com.almasb.fxgl.notification.impl.NotificationServiceProvider, class com.almasb.fxgl.achievement.AchievementService, class com.almasb.fxgl.cutscene.CutsceneService, class com.almasb.fxgl.minigames.MiniGameService, class com.almasb.fxgl.net.NetService, class com.almasb.fxgl.app.services.UpdaterService, class com.almasb.fxgl.dev.DevService]
19:53:43.442 [FXGL Background Thread 3 ] DEBUG Engine               - fontGame: Abel-Regular.ttf
19:53:43.442 [FXGL Background Thread 3 ] DEBUG Engine               - fontMono: TerminalLandMono-Regular.otf
19:53:43.442 [FXGL Background Thread 3 ] DEBUG Engine               - fontSizeScaleUI: 1.0
19:53:43.442 [FXGL Background Thread 3 ] DEBUG Engine               - fontText: Courier-Prime.ttf
19:53:43.442 [FXGL Background Thread 3 ] DEBUG Engine               - fontUI: VarelaRound-Regular.ttf
19:53:43.442 [FXGL Background Thread 3 ] DEBUG Engine               - fullScreen: BooleanProperty [value: false]
19:53:43.442 [FXGL Background Thread 3 ] DEBUG Engine               - gameDifficulty: MEDIUM
19:53:43.442 [FXGL Background Thread 3 ] DEBUG Engine               - gameDifficultyProperty: ObjectProperty [value: MEDIUM]
19:53:43.442 [FXGL Background Thread 3 ] DEBUG Engine               - globalMusicVolume: 0.5
19:53:43.442 [FXGL Background Thread 3 ] DEBUG Engine               - globalMusicVolumeProperty: DoubleProperty [value: 0.5]
19:53:43.442 [FXGL Background Thread 3 ] DEBUG Engine               - globalSoundVolume: 0.5
19:53:43.443 [FXGL Background Thread 3 ] DEBUG Engine               - globalSoundVolumeProperty: DoubleProperty [value: 0.5]
19:53:43.443 [FXGL Background Thread 3 ] DEBUG Engine               - height: 900
19:53:43.443 [FXGL Background Thread 3 ] DEBUG Engine               - is3D: false
19:53:43.443 [FXGL Background Thread 3 ] DEBUG Engine               - isAndroid: false
19:53:43.443 [FXGL Background Thread 3 ] DEBUG Engine               - isBrowser: false
19:53:43.444 [FXGL Background Thread 3 ] DEBUG Engine               - isClickFeedbackEnabled: false
19:53:43.444 [FXGL Background Thread 3 ] DEBUG Engine               - isCloseConfirmation: false
19:53:43.444 [FXGL Background Thread 3 ] DEBUG Engine               - isDesktop: true
19:53:43.444 [FXGL Background Thread 3 ] DEBUG Engine               - isDeveloperMenuEnabled: true
19:53:43.444 [FXGL Background Thread 3 ] DEBUG Engine               - isEmbedded: false
19:53:43.444 [FXGL Background Thread 3 ] DEBUG Engine               - isEntityPreloadEnabled: true
19:53:43.444 [FXGL Background Thread 3 ] DEBUG Engine               - isExperimentalTiledLargeMap: false
19:53:43.444 [FXGL Background Thread 3 ] DEBUG Engine               - isFileSystemWriteAllowed: true
19:53:43.444 [FXGL Background Thread 3 ] DEBUG Engine               - isFullScreenAllowed: false
19:53:43.444 [FXGL Background Thread 3 ] DEBUG Engine               - isFullScreenFromStart: false
19:53:43.444 [FXGL Background Thread 3 ] DEBUG Engine               - isGameMenuEnabled: true
19:53:43.444 [FXGL Background Thread 3 ] DEBUG Engine               - isIOS: false
19:53:43.445 [FXGL Background Thread 3 ] DEBUG Engine               - isIntroEnabled: false
19:53:43.445 [FXGL Background Thread 3 ] DEBUG Engine               - isLinux: false
19:53:43.445 [FXGL Background Thread 3 ] DEBUG Engine               - isMac: false
19:53:43.445 [FXGL Background Thread 3 ] DEBUG Engine               - isMainMenuEnabled: false
19:53:43.445 [FXGL Background Thread 3 ] DEBUG Engine               - isManualResizeEnabled: false
19:53:43.445 [FXGL Background Thread 3 ] DEBUG Engine               - isMobile: false
19:53:43.445 [FXGL Background Thread 3 ] DEBUG Engine               - isNative: false
19:53:43.445 [FXGL Background Thread 3 ] DEBUG Engine               - isPauseMusicWhenMinimized: true
19:53:43.445 [FXGL Background Thread 3 ] DEBUG Engine               - isPreserveResizeRatio: false
19:53:43.445 [FXGL Background Thread 3 ] DEBUG Engine               - isProfilingEnabled: false
19:53:43.445 [FXGL Background Thread 3 ] DEBUG Engine               - isScaleAffectedOnResize: true
19:53:43.445 [FXGL Background Thread 3 ] DEBUG Engine               - isSingleStep: false
19:53:43.446 [FXGL Background Thread 3 ] DEBUG Engine               - isUserProfileEnabled: false
19:53:43.446 [FXGL Background Thread 3 ] DEBUG Engine               - isWindows: true
19:53:43.446 [FXGL Background Thread 3 ] DEBUG Engine               - language: ObjectProperty [value: ENGLISH]
19:53:43.446 [FXGL Background Thread 3 ] DEBUG Engine               - menuKey: ESCAPE
19:53:43.446 [FXGL Background Thread 3 ] DEBUG Engine               - mouseSensitivity: 0.2
19:53:43.446 [FXGL Background Thread 3 ] DEBUG Engine               - notificationViewClass: class com.almasb.fxgl.notification.view.XboxNotificationView
19:53:43.446 [FXGL Background Thread 3 ] DEBUG Engine               - pixelsPerMeter: 50.0
19:53:43.446 [FXGL Background Thread 3 ] DEBUG Engine               - platform: WINDOWS
19:53:43.446 [FXGL Background Thread 3 ] DEBUG Engine               - prefHeightProperty: ReadOnlyDoubleProperty [value: 900.0]
19:53:43.446 [FXGL Background Thread 3 ] DEBUG Engine               - prefWidthProperty: ReadOnlyDoubleProperty [value: 1600.0]
19:53:43.446 [FXGL Background Thread 3 ] DEBUG Engine               - profileDir: profiles/
19:53:43.446 [FXGL Background Thread 3 ] DEBUG Engine               - profileName: StringProperty [value: DEFAULT]
19:53:43.446 [FXGL Background Thread 3 ] DEBUG Engine               - randomSeed: -1
19:53:43.446 [FXGL Background Thread 3 ] DEBUG Engine               - runtimeInfo: RuntimeInfo(platform=WINDOWS, version=21.1, build=27.03.2024 07.52)
19:53:43.446 [FXGL Background Thread 3 ] DEBUG Engine               - saveFileExt: sav
19:53:43.446 [FXGL Background Thread 3 ] DEBUG Engine               - scaledHeightProp$fxgl: DoubleProperty [bound, value: 810.0]
19:53:43.446 [FXGL Background Thread 3 ] DEBUG Engine               - scaledWidthProp$fxgl: DoubleProperty [bound, value: 1415.0]
19:53:43.446 [FXGL Background Thread 3 ] DEBUG Engine               - sceneFactory: com.almasb.fxgl.app.scene.SceneFactory@4f80da3a
19:53:43.446 [FXGL Background Thread 3 ] DEBUG Engine               - secondsIn24h: 60
19:53:43.447 [FXGL Background Thread 3 ] DEBUG Engine               - soundMenuBack: menu/back.wav
19:53:43.447 [FXGL Background Thread 3 ] DEBUG Engine               - soundMenuPress: menu/press.wav
19:53:43.447 [FXGL Background Thread 3 ] DEBUG Engine               - soundMenuSelect: menu/select.wav
19:53:43.447 [FXGL Background Thread 3 ] DEBUG Engine               - soundNotification: core/notification.wav
19:53:43.447 [FXGL Background Thread 3 ] DEBUG Engine               - stageStyle: DECORATED
19:53:43.447 [FXGL Background Thread 3 ] DEBUG Engine               - supportedLanguages: [ENGLISH, FRENCH, GERMAN, HUNGARIAN, RUSSIAN]
19:53:43.447 [FXGL Background Thread 3 ] DEBUG Engine               - ticksPerSecond: -1
19:53:43.447 [FXGL Background Thread 3 ] DEBUG Engine               - title: Produktionslinie
19:53:43.447 [FXGL Background Thread 3 ] DEBUG Engine               - urlGithub: https://github.com/AlmasB/FXGL
19:53:43.447 [FXGL Background Thread 3 ] DEBUG Engine               - urlLeaderboard: http://fxgl-top.herokuapp.com/
19:53:43.447 [FXGL Background Thread 3 ] DEBUG Engine               - urlPOM: https://raw.githubusercontent.com/AlmasB/FXGL/release/README.md
19:53:43.447 [FXGL Background Thread 3 ] DEBUG Engine               - userAppClass: class org.betriebssysteme.view.ProductionLineApp
19:53:43.447 [FXGL Background Thread 3 ] DEBUG Engine               - version: 0.0
19:53:43.447 [FXGL Background Thread 3 ] DEBUG Engine               - versionCheckDays: 7
19:53:43.447 [FXGL Background Thread 3 ] DEBUG Engine               - width: 1600
19:53:43.447 [FXGL Background Thread 3 ] DEBUG Engine               - Logging services
19:53:43.447 [FXGL Background Thread 3 ] DEBUG Engine               - class com.almasb.fxgl.app.services.FXGLAssetLoaderService
19:53:43.447 [FXGL Background Thread 3 ] DEBUG Engine               - class com.almasb.fxgl.app.FXGLApplication$GameApplicationService
19:53:43.447 [FXGL Background Thread 3 ] DEBUG Engine               - class com.almasb.fxgl.app.services.FXGLDialogService
19:53:43.447 [FXGL Background Thread 3 ] DEBUG Engine               - class com.almasb.fxgl.app.services.IOTaskExecutorService
19:53:43.447 [FXGL Background Thread 3 ] DEBUG Engine               - class com.almasb.fxgl.io.FileSystemService
19:53:43.447 [FXGL Background Thread 3 ] DEBUG Engine               - class com.almasb.fxgl.localization.LocalizationService
19:53:43.447 [FXGL Background Thread 3 ] DEBUG Engine               - class com.almasb.fxgl.app.services.SystemBundleService
19:53:43.448 [FXGL Background Thread 3 ] DEBUG Engine               - class com.almasb.fxgl.profile.SaveLoadService
19:53:43.448 [FXGL Background Thread 3 ] DEBUG Engine               - class com.almasb.fxgl.ui.FXGLUIFactoryServiceProvider
19:53:43.448 [FXGL Background Thread 3 ] DEBUG Engine               - class com.almasb.fxgl.ui.FXGLDialogFactoryServiceProvider
19:53:43.448 [FXGL Background Thread 3 ] DEBUG Engine               - class com.almasb.fxgl.audio.AudioPlayer
19:53:43.448 [FXGL Background Thread 3 ] DEBUG Engine               - class com.almasb.fxgl.notification.impl.NotificationServiceProvider
19:53:43.448 [FXGL Background Thread 3 ] DEBUG Engine               - class com.almasb.fxgl.achievement.AchievementService
19:53:43.448 [FXGL Background Thread 3 ] DEBUG Engine               - class com.almasb.fxgl.cutscene.CutsceneService
19:53:43.448 [FXGL Background Thread 3 ] DEBUG Engine               - class com.almasb.fxgl.minigames.MiniGameService
19:53:43.448 [FXGL Background Thread 3 ] DEBUG Engine               - class com.almasb.fxgl.net.NetService
19:53:43.448 [FXGL Background Thread 3 ] DEBUG Engine               - class com.almasb.fxgl.app.services.UpdaterService
19:53:43.448 [FXGL Background Thread 3 ] DEBUG Engine               - class com.almasb.fxgl.dev.DevService
19:54:57.064 [JavaFX Application Thread] DEBUG FXGLApplication      - Exiting FXGL
19:54:57.064 [JavaFX Application Thread] DEBUG LoopRunner           - Stopping loop
19:54:57.065 [JavaFX Application Thread] DEBUG SystemBundleService  - Saving FXGL system data
19:54:57.067 [JavaFX Application Thread] DEBUG FileSystemAccess     - Writing to: C:\Users\user\IdeaProjects\Produktionslinie\system\fxgl.bundle
19:54:57.070 [JavaFX Application Thread] DEBUG Async                - Shutting down background threads
19:54:57.070 [JavaFX Application Thread] DEBUG PrimaryStageWindow   - Closing main window
19:54:57.089 [JavaFX Application Thread] DEBUG Logger               - Closing Logger
