21:26:58.227 [main                     ] DEBUG Logger               - Configured Logger
21:26:58.240 [main                     ] DEBUG GameApplication      - Logging settings
Title: Produktionslinie
Version: 0.0
Width: 1600
Height: 900
Fullscreen: false
Intro: false
Profiling: false
Single step:false
App Mode: DEVELOPER
Menu Key: ESCAPE
Stage Style: DECORATED
Scene Factory: class com.almasb.fxgl.app.scene.SceneFactory

21:26:58.519 [JavaFX Application Thread] DEBUG FXGLApplication      - Initializing FXGL
21:26:58.524 [JavaFX Application Thread] INFO  Engine               - FXGL-21.1 (27.03.2024 07.52) on WINDOWS (J:24.0.1 FX:24.0.1+1)
21:26:58.525 [JavaFX Application Thread] DEBUG Engine               - JRE Vendor Name: BellSoft
21:26:58.525 [JavaFX Application Thread] DEBUG Engine               - Running on OS: Windows 11 version 10.0
21:26:58.525 [JavaFX Application Thread] DEBUG Engine               - Architecture: amd64
21:26:58.525 [JavaFX Application Thread] INFO  Engine               - Source code and latest versions at: https://github.com/AlmasB/FXGL
21:26:58.525 [JavaFX Application Thread] INFO  Engine               -       Ask questions and discuss at: https://github.com/AlmasB/FXGL/discussions
21:26:58.525 [JavaFX Application Thread] INFO  Engine               -              Join the FXGL chat at: https://gitter.im/AlmasB/FXGL
21:26:58.608 [JavaFX Application Thread] DEBUG PrimaryStageWindow   - Creating a JavaFX scene
21:26:58.608 [JavaFX Application Thread] DEBUG PrimaryStageWindow   - Target size > screen size
21:26:58.647 [JavaFX Application Thread] DEBUG PrimaryStageWindow   - Target settings size: 1600.0 x 900.0
21:26:58.647 [JavaFX Application Thread] DEBUG PrimaryStageWindow   - Scaled scene size:    1415.0 x 810.0
21:26:58.647 [JavaFX Application Thread] DEBUG PrimaryStageWindow   - Scaled ratio: (0.884375, 0.9)
21:26:58.648 [JavaFX Application Thread] DEBUG PrimaryStageWindow   - Set initial scene to FXGLStartupScene
21:26:58.654 [JavaFX Application Thread] DEBUG PrimaryStageWindow   - Opening main window
21:26:58.925 [JavaFX Application Thread] DEBUG PrimaryStageWindow   - Window border size: (15.0, 37.33331298828125)
21:26:58.925 [JavaFX Application Thread] DEBUG PrimaryStageWindow   - Scaled size: 1415.0 x 810.0
21:26:58.925 [JavaFX Application Thread] DEBUG PrimaryStageWindow   - Scaled ratio: (0.884375, 0.9)
21:26:58.925 [JavaFX Application Thread] DEBUG PrimaryStageWindow   - Scene size: 1415.0 x 810.0
21:26:58.925 [JavaFX Application Thread] DEBUG PrimaryStageWindow   - Stage size: 1430.0 x 847.3333129882812
21:26:58.941 [FXGL Background Thread 1 ] DEBUG Engine               - Initializing environment variables
21:26:59.033 [FXGL Background Thread 1 ] DEBUG FXGLAssetLoaderServi - User app class for loading assets: class org.betriebssysteme.view.ProductionLineApp
21:26:59.033 [FXGL Background Thread 1 ] DEBUG GameApplicationServi - Applying CSS: fxgl_dark.css
21:26:59.036 [FXGL Background Thread 1 ] DEBUG FXGLAssetLoaderServi - Loading from file system: jar:file:/C:/Users/user/.m2/repository/com/github/AlmasB/FXGL/21.1/fxgl-21.1.jar!/fxglassets/ui/css/fxgl_dark.css
21:26:59.098 [FXGL Background Thread 1 ] DEBUG GameApplicationServi - Initializing application scenes
21:26:59.169 [FXGL Background Thread 1 ] DEBUG GameWorld            - Game world initialized
21:26:59.241 [FXGL Background Thread 1 ] DEBUG PhysicsWorld         - Physics world initialized: appHeight=900, physics.ppm=50,0
21:26:59.241 [FXGL Background Thread 1 ] DEBUG PhysicsWorld         - Using strategy: BRUTE_FORCE
21:26:59.246 [FXGL Background Thread 1 ] DEBUG GameScene            - Game scene initialized: 1600x900
21:26:59.261 [FXGL Background Thread 1 ] DEBUG FXGL.DefaultMenu     - createMenuBodyGameMenu()
21:26:59.277 [FXGL Background Thread 1 ] DEBUG FXGL.DefaultMenu     - createOptionsMenu()
21:26:59.291 [FXGL Background Thread 1 ] DEBUG FXGLAssetLoaderServi - Loading from file system: jar:file:/C:/Users/user/.m2/repository/com/github/AlmasB/FXGL/21.1/fxgl-21.1.jar!/fxglassets/textures/particles/smoke.png
21:26:59.395 [FXGL Background Thread 1 ] DEBUG FXGLAssetLoaderServi - Loading from file system: jar:file:/C:/Users/user/.m2/repository/com/github/AlmasB/FXGL/21.1/fxgl-21.1.jar!/fxglassets/textures/particles/trace_horizontal.png
21:26:59.423 [FXGL Background Thread 1 ] DEBUG GameApplicationServi - Application scenes initialized
21:26:59.440 [FXGL Background Thread 1 ] DEBUG SystemBundleService  - Loading FXGL system data
21:26:59.453 [FXGL Background Thread 1 ] DEBUG FileSystemAccess     - Reading from: C:\Users\user\IdeaProjects\Produktionslinie\system\fxgl.bundle
21:26:59.461 [FXGL Background Thread 1 ] DEBUG SystemBundleService  - Bundle FXGL: {}
21:26:59.461 [FXGL Background Thread 1 ] DEBUG UpdaterService       - Checking for updates
21:26:59.488 [FXGL Background Thread 4 ] DEBUG FXGLApplication      - Loading fonts
21:26:59.489 [FXGL Background Thread 4 ] DEBUG FXGLAssetLoaderServi - Loading from file system: jar:file:/C:/Users/user/.m2/repository/com/github/AlmasB/FXGL/21.1/fxgl-21.1.jar!/fxglassets/ui/fonts/VarelaRound-Regular.ttf
21:26:59.489 [FXGL Background Thread 1 ] DEBUG FXGLApplication      - Loading default localization
21:26:59.490 [FXGL Background Thread 1 ] DEBUG FXGLAssetLoaderServi - Loading from file system: jar:file:/C:/Users/user/.m2/repository/com/github/AlmasB/FXGL/21.1/fxgl-21.1.jar!/fxglassets/languages/english.lang
21:26:59.526 [FXGL Background Thread 1 ] INFO  FXGLApplication      - FXGL initialization took: 0,585 sec
21:26:59.528 [JavaFX Application Thread] DEBUG FXGLAssetLoaderServi - Loading from file system: jar:file:/C:/Users/user/.m2/repository/com/github/AlmasB/FXGL/21.1/fxgl-21.1.jar!/fxglassets/textures/fxgl_icon.png
21:26:59.541 [FXGL Background Thread 4 ] DEBUG FXGLAssetLoaderServi - Loading from file system: jar:file:/C:/Users/user/.m2/repository/com/github/AlmasB/FXGL/21.1/fxgl-21.1.jar!/fxglassets/ui/fonts/Abel-Regular.ttf
21:26:59.545 [JavaFX Application Thread] DEBUG FXGLAssetLoaderServi - Loading from file system: jar:file:/C:/Users/user/.m2/repository/com/github/AlmasB/FXGL/21.1/fxgl-21.1.jar!/fxglassets/textures/fxgl_default_cursor.png
21:26:59.558 [FXGL Background Thread 4 ] DEBUG FXGLAssetLoaderServi - Loading from file system: jar:file:/C:/Users/user/.m2/repository/com/github/AlmasB/FXGL/21.1/fxgl-21.1.jar!/fxglassets/ui/fonts/TerminalLandMono-Regular.otf
21:26:59.560 [JavaFX Application Thread] DEBUG Input                - Registered new binding: Screenshot - CTRL+8
21:26:59.562 [JavaFX Application Thread] DEBUG Input                - Registered new binding: Dev Options - 1
21:26:59.563 [JavaFX Application Thread] DEBUG Input                - Registered new binding: Dev Console - 2
21:26:59.564 [JavaFX Application Thread] DEBUG Input                - Registered new binding: System info dump - CTRL+9
21:26:59.564 [JavaFX Application Thread] DEBUG Input                - Registered new binding: Restart - CTRL+R
21:26:59.566 [JavaFX Application Thread] DEBUG Input                - Registered new binding: Toggle Debug Camera - CTRL+7
21:26:59.574 [JavaFX Application Thread] DEBUG LoopRunner           - Starting loop
21:26:59.574 [FXGL Background Thread 4 ] DEBUG FXGLAssetLoaderServi - Loading from file system: jar:file:/C:/Users/user/.m2/repository/com/github/AlmasB/FXGL/21.1/fxgl-21.1.jar!/fxglassets/ui/fonts/Courier-Prime.ttf
21:26:59.595 [JavaFX Application Thread] DEBUG LoopRunner           - Initializing JavaFX AnimationTimerLoop
21:26:59.597 [JavaFX Application Thread] DEBUG GameApplicationServi - Starting new game
21:26:59.598 [JavaFX Application Thread] DEBUG Input                - Clearing active input actions
21:26:59.616 [JavaFX Application Thread] DEBUG GameApplicationServi - Removing overlay from FXGLStartupScene and adding to FXGLLoadingScene
21:26:59.626 [JavaFX Application Thread] DEBUG PrimaryStageWindow   - FXGLStartupScene -> FXGLLoadingScene
21:26:59.626 [JavaFX Application Thread] DEBUG GameApplicationServi - Clearing previous game
21:26:59.626 [JavaFX Application Thread] DEBUG GameScene            - Clearing game scene
21:26:59.626 [JavaFX Application Thread] DEBUG GameWorld            - Clearing game world
21:26:59.626 [JavaFX Application Thread] DEBUG PhysicsWorld         - Clearing physics world
21:26:59.630 [FXGL Background Thread 4 ] DEBUG FXGLApplication      - Initializing game
21:26:59.658 [FXGL Background Thread 4 ] DEBUG FXGLAssetLoaderServi - Loading from file system: file:/C:/Users/user/IdeaProjects/Produktionslinie/target/classes/assets/textures/Info_Menu_Machine_Asset.png
21:26:59.699 [FXGL Background Thread 4 ] DEBUG FXGLAssetLoaderServi - Loading from file system: file:/C:/Users/user/IdeaProjects/Produktionslinie/target/classes/assets/textures/Turning_Off_Animation.png
21:26:59.709 [FXGL Background Thread 4 ] DEBUG FXGLAssetLoaderServi - Loading from file system: file:/C:/Users/user/IdeaProjects/Produktionslinie/target/classes/assets/textures/Turning_On_Animation.png
21:26:59.711 [FXGL Background Thread 4 ] DEBUG FXGLAssetLoaderServi - Loading from file system: file:/C:/Users/user/IdeaProjects/Produktionslinie/target/classes/assets/textures/Production_While_Taking_Items_Animation.png
21:26:59.714 [FXGL Background Thread 4 ] DEBUG FXGLAssetLoaderServi - Loading from file system: file:/C:/Users/user/IdeaProjects/Produktionslinie/target/classes/assets/textures/Production_Without_Taking_Items_Animation.png
21:26:59.732 [FXGL Background Thread 4 ] INFO  FXGLApplication      - Game initialization took: 0,102 sec
21:26:59.913 [JavaFX Application Thread] DEBUG FXGLApplication      - Registering font factories with UI factory
21:26:59.928 [JavaFX Application Thread] DEBUG Input                - Clearing active input actions
21:26:59.942 [JavaFX Application Thread] DEBUG GameApplicationServi - Removing overlay from FXGLLoadingScene and adding to GameScene
21:26:59.953 [JavaFX Application Thread] DEBUG PrimaryStageWindow   - FXGLLoadingScene -> GameScene
21:27:00.971 [JavaFX Application Thread] DEBUG LoopRunner           - Stopping loop
21:27:00.973 [JavaFX Application Thread] FATAL FXGLApplication      - Uncaught Exception:
java.lang.RuntimeException: Pane.translateX : A bound value cannot be set.
	at javafx.base/javafx.beans.property.DoublePropertyBase.set(DoublePropertyBase.java:144)
	at javafx.graphics/javafx.css.StyleableDoubleProperty.set(StyleableDoubleProperty.java:103)
	at javafx.graphics/javafx.scene.Node.setTranslateX(Node.java:5603)
	at org.betriebssysteme.view.ProductionLineApp.lambda$initZoomToCursor$0(ProductionLineApp.java:50)
	at javafx.base/com.sun.javafx.event.CompositeEventHandler.dispatchBubblingEvent(CompositeEventHandler.java:86)
	at javafx.base/com.sun.javafx.event.EventHandlerManager.dispatchBubblingEvent(EventHandlerManager.java:232)
	at javafx.base/com.sun.javafx.event.EventHandlerManager.dispatchBubblingEvent(EventHandlerManager.java:189)
	at javafx.base/com.sun.javafx.event.CompositeEventDispatcher.dispatchBubblingEvent(CompositeEventDispatcher.java:59)
	at javafx.base/com.sun.javafx.event.BasicEventDispatcher.dispatchEvent(BasicEventDispatcher.java:58)
	at javafx.base/com.sun.javafx.event.EventDispatchChainImpl.dispatchEvent(EventDispatchChainImpl.java:114)
	at javafx.base/com.sun.javafx.event.BasicEventDispatcher.dispatchEvent(BasicEventDispatcher.java:56)
	at javafx.base/com.sun.javafx.event.EventDispatchChainImpl.dispatchEvent(EventDispatchChainImpl.java:114)
	at javafx.base/com.sun.javafx.event.BasicEventDispatcher.dispatchEvent(BasicEventDispatcher.java:56)
	at javafx.base/com.sun.javafx.event.EventDispatchChainImpl.dispatchEvent(EventDispatchChainImpl.java:114)
	at javafx.base/com.sun.javafx.event.EventUtil.fireEventImpl(EventUtil.java:74)
	at javafx.base/com.sun.javafx.event.EventUtil.fireEvent(EventUtil.java:54)
	at javafx.base/javafx.event.Event.fireEvent(Event.java:199)
	at javafx.graphics/javafx.scene.Scene.processGestureEvent(Scene.java:2012)
	at javafx.graphics/javafx.scene.Scene$ScenePeerListener.scrollEvent(Scene.java:2842)
	at javafx.graphics/com.sun.javafx.tk.quantum.GlassViewEventHandler.lambda$handleScrollEvent$1(GlassViewEventHandler.java:464)
	at javafx.graphics/com.sun.javafx.tk.quantum.QuantumToolkit.runWithoutRenderLock(QuantumToolkit.java:424)
	at javafx.graphics/com.sun.javafx.tk.quantum.GlassViewEventHandler.handleScrollEvent(GlassViewEventHandler.java:444)
	at javafx.graphics/com.sun.glass.ui.View.notifyScroll(View.java:968)
	at javafx.graphics/com.sun.glass.ui.win.WinApplication._runLoop(Native Method)
	at javafx.graphics/com.sun.glass.ui.win.WinApplication.lambda$runLoop$0(WinApplication.java:168)
	at java.base/java.lang.Thread.run(Thread.java:1447)

21:27:00.973 [JavaFX Application Thread] FATAL FXGLApplication      - Application will now exit
21:27:00.978 [JavaFX Application Thread] DEBUG PrimaryStageWindow   - Push state: ErrorSubScene
21:27:00.979 [JavaFX Application Thread] DEBUG Input                - Clearing active input actions
21:27:00.981 [JavaFX Application Thread] DEBUG GameApplicationServi - Removing overlay from GameScene and adding to ErrorSubScene
21:27:00.983 [JavaFX Application Thread] DEBUG PrimaryStageWindow   - GameScene -> ErrorSubScene
21:27:02.487 [FXGL Background Thread 3 ] DEBUG Engine               - Logging environment variables
21:27:02.488 [FXGL Background Thread 3 ] DEBUG Engine               - achievements: []
21:27:02.488 [FXGL Background Thread 3 ] DEBUG Engine               - actualHeight: 810.0
21:27:02.488 [FXGL Background Thread 3 ] DEBUG Engine               - actualHeightProperty: ReadOnlyDoubleProperty [value: 810.0]
21:27:02.488 [FXGL Background Thread 3 ] DEBUG Engine               - actualWidth: 1415.0
21:27:02.488 [FXGL Background Thread 3 ] DEBUG Engine               - actualWidthProperty: ReadOnlyDoubleProperty [value: 1415.0]
21:27:02.488 [FXGL Background Thread 3 ] DEBUG Engine               - appIcon: fxgl_icon.png
21:27:02.488 [FXGL Background Thread 3 ] DEBUG Engine               - applicationMode: DEVELOPER
21:27:02.488 [FXGL Background Thread 3 ] DEBUG Engine               - cSSList: [fxgl_dark.css]
21:27:02.488 [FXGL Background Thread 3 ] DEBUG Engine               - collisionDetectionStrategy: BRUTE_FORCE
21:27:02.488 [FXGL Background Thread 3 ] DEBUG Engine               - configClass: Optional.empty
21:27:02.488 [FXGL Background Thread 3 ] DEBUG Engine               - credits: []
21:27:02.488 [FXGL Background Thread 3 ] DEBUG Engine               - defaultCursor: CursorInfo(imageName=fxgl_default_cursor.png, hotspotX=7.0, hotspotY=6.0)
21:27:02.489 [FXGL Background Thread 3 ] DEBUG Engine               - devBBoxColorProperty: ObjectProperty [value: 0xff0000ff]
21:27:02.489 [FXGL Background Thread 3 ] DEBUG Engine               - devEnableDebugCameraProperty: BooleanProperty [value: false]
21:27:02.489 [FXGL Background Thread 3 ] DEBUG Engine               - devSensorColorProperty: ObjectProperty [value: 0xffff00ff]
21:27:02.489 [FXGL Background Thread 3 ] DEBUG Engine               - devShowBBoxProperty: BooleanProperty [value: false]
21:27:02.489 [FXGL Background Thread 3 ] DEBUG Engine               - devShowPositionProperty: BooleanProperty [value: false]
21:27:02.489 [FXGL Background Thread 3 ] DEBUG Engine               - enabledMenuItems: []
21:27:02.489 [FXGL Background Thread 3 ] DEBUG Engine               - engineServices: [class com.almasb.fxgl.app.services.FXGLAssetLoaderService, class com.almasb.fxgl.app.FXGLApplication$GameApplicationService, class com.almasb.fxgl.app.services.FXGLDialogService, class com.almasb.fxgl.app.services.IOTaskExecutorService, class com.almasb.fxgl.io.FileSystemService, class com.almasb.fxgl.localization.LocalizationService, class com.almasb.fxgl.app.services.SystemBundleService, class com.almasb.fxgl.profile.SaveLoadService, class com.almasb.fxgl.ui.FXGLUIFactoryServiceProvider, class com.almasb.fxgl.ui.FXGLDialogFactoryServiceProvider, class com.almasb.fxgl.audio.AudioPlayer, class com.almasb.fxgl.notification.impl.NotificationServiceProvider, class com.almasb.fxgl.achievement.AchievementService, class com.almasb.fxgl.cutscene.CutsceneService, class com.almasb.fxgl.minigames.MiniGameService, class com.almasb.fxgl.net.NetService, class com.almasb.fxgl.app.services.UpdaterService, class com.almasb.fxgl.dev.DevService]
21:27:02.489 [FXGL Background Thread 3 ] DEBUG Engine               - fontGame: Abel-Regular.ttf
21:27:02.489 [FXGL Background Thread 3 ] DEBUG Engine               - fontMono: TerminalLandMono-Regular.otf
21:27:02.489 [FXGL Background Thread 3 ] DEBUG Engine               - fontSizeScaleUI: 1.0
21:27:02.489 [FXGL Background Thread 3 ] DEBUG Engine               - fontText: Courier-Prime.ttf
21:27:02.489 [FXGL Background Thread 3 ] DEBUG Engine               - fontUI: VarelaRound-Regular.ttf
21:27:02.489 [FXGL Background Thread 3 ] DEBUG Engine               - fullScreen: BooleanProperty [value: false]
21:27:02.489 [FXGL Background Thread 3 ] DEBUG Engine               - gameDifficulty: MEDIUM
21:27:02.489 [FXGL Background Thread 3 ] DEBUG Engine               - gameDifficultyProperty: ObjectProperty [value: MEDIUM]
21:27:02.489 [FXGL Background Thread 3 ] DEBUG Engine               - globalMusicVolume: 0.5
21:27:02.489 [FXGL Background Thread 3 ] DEBUG Engine               - globalMusicVolumeProperty: DoubleProperty [value: 0.5]
21:27:02.489 [FXGL Background Thread 3 ] DEBUG Engine               - globalSoundVolume: 0.5
21:27:02.490 [FXGL Background Thread 3 ] DEBUG Engine               - globalSoundVolumeProperty: DoubleProperty [value: 0.5]
21:27:02.490 [FXGL Background Thread 3 ] DEBUG Engine               - height: 900
21:27:02.490 [FXGL Background Thread 3 ] DEBUG Engine               - is3D: false
21:27:02.490 [FXGL Background Thread 3 ] DEBUG Engine               - isAndroid: false
21:27:02.490 [FXGL Background Thread 3 ] DEBUG Engine               - isBrowser: false
21:27:02.490 [FXGL Background Thread 3 ] DEBUG Engine               - isClickFeedbackEnabled: false
21:27:02.490 [FXGL Background Thread 3 ] DEBUG Engine               - isCloseConfirmation: false
21:27:02.490 [FXGL Background Thread 3 ] DEBUG Engine               - isDesktop: true
21:27:02.490 [FXGL Background Thread 3 ] DEBUG Engine               - isDeveloperMenuEnabled: true
21:27:02.490 [FXGL Background Thread 3 ] DEBUG Engine               - isEmbedded: false
21:27:02.490 [FXGL Background Thread 3 ] DEBUG Engine               - isEntityPreloadEnabled: true
21:27:02.490 [FXGL Background Thread 3 ] DEBUG Engine               - isExperimentalTiledLargeMap: false
21:27:02.490 [FXGL Background Thread 3 ] DEBUG Engine               - isFileSystemWriteAllowed: true
21:27:02.491 [FXGL Background Thread 3 ] DEBUG Engine               - isFullScreenAllowed: false
21:27:02.491 [FXGL Background Thread 3 ] DEBUG Engine               - isFullScreenFromStart: false
21:27:02.491 [FXGL Background Thread 3 ] DEBUG Engine               - isGameMenuEnabled: true
21:27:02.491 [FXGL Background Thread 3 ] DEBUG Engine               - isIOS: false
21:27:02.491 [FXGL Background Thread 3 ] DEBUG Engine               - isIntroEnabled: false
21:27:02.491 [FXGL Background Thread 3 ] DEBUG Engine               - isLinux: false
21:27:02.491 [FXGL Background Thread 3 ] DEBUG Engine               - isMac: false
21:27:02.491 [FXGL Background Thread 3 ] DEBUG Engine               - isMainMenuEnabled: false
21:27:02.491 [FXGL Background Thread 3 ] DEBUG Engine               - isManualResizeEnabled: false
21:27:02.491 [FXGL Background Thread 3 ] DEBUG Engine               - isMobile: false
21:27:02.491 [FXGL Background Thread 3 ] DEBUG Engine               - isNative: false
21:27:02.491 [FXGL Background Thread 3 ] DEBUG Engine               - isPauseMusicWhenMinimized: true
21:27:02.491 [FXGL Background Thread 3 ] DEBUG Engine               - isPreserveResizeRatio: false
21:27:02.491 [FXGL Background Thread 3 ] DEBUG Engine               - isProfilingEnabled: false
21:27:02.491 [FXGL Background Thread 3 ] DEBUG Engine               - isScaleAffectedOnResize: true
21:27:02.491 [FXGL Background Thread 3 ] DEBUG Engine               - isSingleStep: false
21:27:02.491 [FXGL Background Thread 3 ] DEBUG Engine               - isUserProfileEnabled: false
21:27:02.493 [FXGL Background Thread 3 ] DEBUG Engine               - isWindows: true
21:27:02.493 [FXGL Background Thread 3 ] DEBUG Engine               - language: ObjectProperty [value: ENGLISH]
21:27:02.493 [FXGL Background Thread 3 ] DEBUG Engine               - menuKey: ESCAPE
21:27:02.493 [FXGL Background Thread 3 ] DEBUG Engine               - mouseSensitivity: 0.2
21:27:02.493 [FXGL Background Thread 3 ] DEBUG Engine               - notificationViewClass: class com.almasb.fxgl.notification.view.XboxNotificationView
21:27:02.493 [FXGL Background Thread 3 ] DEBUG Engine               - pixelsPerMeter: 50.0
21:27:02.493 [FXGL Background Thread 3 ] DEBUG Engine               - platform: WINDOWS
21:27:02.493 [FXGL Background Thread 3 ] DEBUG Engine               - prefHeightProperty: ReadOnlyDoubleProperty [value: 900.0]
21:27:02.493 [FXGL Background Thread 3 ] DEBUG Engine               - prefWidthProperty: ReadOnlyDoubleProperty [value: 1600.0]
21:27:02.493 [FXGL Background Thread 3 ] DEBUG Engine               - profileDir: profiles/
21:27:02.493 [FXGL Background Thread 3 ] DEBUG Engine               - profileName: StringProperty [value: DEFAULT]
21:27:02.493 [FXGL Background Thread 3 ] DEBUG Engine               - randomSeed: -1
21:27:02.494 [FXGL Background Thread 3 ] DEBUG Engine               - runtimeInfo: RuntimeInfo(platform=WINDOWS, version=21.1, build=27.03.2024 07.52)
21:27:02.494 [FXGL Background Thread 3 ] DEBUG Engine               - saveFileExt: sav
21:27:02.494 [FXGL Background Thread 3 ] DEBUG Engine               - scaledHeightProp$fxgl: DoubleProperty [bound, value: 810.0]
21:27:02.494 [FXGL Background Thread 3 ] DEBUG Engine               - scaledWidthProp$fxgl: DoubleProperty [bound, value: 1415.0]
21:27:02.494 [FXGL Background Thread 3 ] DEBUG Engine               - sceneFactory: com.almasb.fxgl.app.scene.SceneFactory@6a873c2a
21:27:02.494 [FXGL Background Thread 3 ] DEBUG Engine               - secondsIn24h: 60
21:27:02.494 [FXGL Background Thread 3 ] DEBUG Engine               - soundMenuBack: menu/back.wav
21:27:02.494 [FXGL Background Thread 3 ] DEBUG Engine               - soundMenuPress: menu/press.wav
21:27:02.494 [FXGL Background Thread 3 ] DEBUG Engine               - soundMenuSelect: menu/select.wav
21:27:02.494 [FXGL Background Thread 3 ] DEBUG Engine               - soundNotification: core/notification.wav
21:27:02.494 [FXGL Background Thread 3 ] DEBUG Engine               - stageStyle: DECORATED
21:27:02.494 [FXGL Background Thread 3 ] DEBUG Engine               - supportedLanguages: [ENGLISH, FRENCH, GERMAN, HUNGARIAN, RUSSIAN]
21:27:02.494 [FXGL Background Thread 3 ] DEBUG Engine               - ticksPerSecond: -1
21:27:02.494 [FXGL Background Thread 3 ] DEBUG Engine               - title: Produktionslinie
21:27:02.494 [FXGL Background Thread 3 ] DEBUG Engine               - urlGithub: https://github.com/AlmasB/FXGL
21:27:02.494 [FXGL Background Thread 3 ] DEBUG Engine               - urlLeaderboard: http://fxgl-top.herokuapp.com/
21:27:02.494 [FXGL Background Thread 3 ] DEBUG Engine               - urlPOM: https://raw.githubusercontent.com/AlmasB/FXGL/release/README.md
21:27:02.494 [FXGL Background Thread 3 ] DEBUG Engine               - userAppClass: class org.betriebssysteme.view.ProductionLineApp
21:27:02.495 [FXGL Background Thread 3 ] DEBUG Engine               - version: 0.0
21:27:02.495 [FXGL Background Thread 3 ] DEBUG Engine               - versionCheckDays: 7
21:27:02.495 [FXGL Background Thread 3 ] DEBUG Engine               - width: 1600
21:27:02.495 [FXGL Background Thread 3 ] DEBUG Engine               - Logging services
21:27:02.495 [FXGL Background Thread 3 ] DEBUG Engine               - class com.almasb.fxgl.app.services.FXGLAssetLoaderService
21:27:02.495 [FXGL Background Thread 3 ] DEBUG Engine               - class com.almasb.fxgl.app.FXGLApplication$GameApplicationService
21:27:02.495 [FXGL Background Thread 3 ] DEBUG Engine               - class com.almasb.fxgl.app.services.FXGLDialogService
21:27:02.495 [FXGL Background Thread 3 ] DEBUG Engine               - class com.almasb.fxgl.app.services.IOTaskExecutorService
21:27:02.495 [FXGL Background Thread 3 ] DEBUG Engine               - class com.almasb.fxgl.io.FileSystemService
21:27:02.495 [FXGL Background Thread 3 ] DEBUG Engine               - class com.almasb.fxgl.localization.LocalizationService
21:27:02.495 [FXGL Background Thread 3 ] DEBUG Engine               - class com.almasb.fxgl.app.services.SystemBundleService
21:27:02.495 [FXGL Background Thread 3 ] DEBUG Engine               - class com.almasb.fxgl.profile.SaveLoadService
21:27:02.495 [FXGL Background Thread 3 ] DEBUG Engine               - class com.almasb.fxgl.ui.FXGLUIFactoryServiceProvider
21:27:02.495 [FXGL Background Thread 3 ] DEBUG Engine               - class com.almasb.fxgl.ui.FXGLDialogFactoryServiceProvider
21:27:02.495 [FXGL Background Thread 3 ] DEBUG Engine               - class com.almasb.fxgl.audio.AudioPlayer
21:27:02.495 [FXGL Background Thread 3 ] DEBUG Engine               - class com.almasb.fxgl.notification.impl.NotificationServiceProvider
21:27:02.495 [FXGL Background Thread 3 ] DEBUG Engine               - class com.almasb.fxgl.achievement.AchievementService
21:27:02.495 [FXGL Background Thread 3 ] DEBUG Engine               - class com.almasb.fxgl.cutscene.CutsceneService
21:27:02.495 [FXGL Background Thread 3 ] DEBUG Engine               - class com.almasb.fxgl.minigames.MiniGameService
21:27:02.495 [FXGL Background Thread 3 ] DEBUG Engine               - class com.almasb.fxgl.net.NetService
21:27:02.495 [FXGL Background Thread 3 ] DEBUG Engine               - class com.almasb.fxgl.app.services.UpdaterService
21:27:02.495 [FXGL Background Thread 3 ] DEBUG Engine               - class com.almasb.fxgl.dev.DevService
21:27:11.264 [JavaFX Application Thread] DEBUG FXGLApplication      - Exiting FXGL
21:27:11.264 [JavaFX Application Thread] DEBUG Async                - Shutting down background threads
21:27:11.264 [JavaFX Application Thread] DEBUG PrimaryStageWindow   - Closing main window
21:27:11.290 [JavaFX Application Thread] DEBUG Logger               - Closing Logger
