20:19:21.552 [main                     ] DEBUG Logger               - Configured Logger
20:19:21.574 [main                     ] DEBUG GameApplication      - Logging settings
Title: Produktionslinie
Version: 0.0
Width: 1600
Height: 900
Fullscreen: false
Intro: false
Profiling: false
Single step:false
App Mode: DEVELOPER
Menu Key: ESCAPE
Stage Style: DECORATED
Scene Factory: class com.almasb.fxgl.app.scene.SceneFactory

20:19:21.988 [JavaFX Application Thread] DEBUG FXGLApplication      - Initializing FXGL
20:19:21.992 [JavaFX Application Thread] INFO  Engine               - FXGL-21.1 (27.03.2024 07.52) on WINDOWS (J:21.0.9 FX:21.0.1)
20:19:21.992 [JavaFX Application Thread] DEBUG Engine               - JRE Vendor Name: Microsoft
20:19:21.993 [JavaFX Application Thread] DEBUG Engine               - Running on OS: Windows 11 version 10.0
20:19:21.993 [JavaFX Application Thread] DEBUG Engine               - Architecture: amd64
20:19:21.993 [JavaFX Application Thread] INFO  Engine               - Source code and latest versions at: https://github.com/AlmasB/FXGL
20:19:21.993 [JavaFX Application Thread] INFO  Engine               -       Ask questions and discuss at: https://github.com/AlmasB/FXGL/discussions
20:19:21.993 [JavaFX Application Thread] INFO  Engine               -              Join the FXGL chat at: https://gitter.im/AlmasB/FXGL
20:19:22.085 [JavaFX Application Thread] DEBUG PrimaryStageWindow   - Creating a JavaFX scene
20:19:22.128 [JavaFX Application Thread] DEBUG PrimaryStageWindow   - Target settings size: 1600.0 x 900.0
20:19:22.128 [JavaFX Application Thread] DEBUG PrimaryStageWindow   - Scaled scene size:    1600.0 x 900.0
20:19:22.128 [JavaFX Application Thread] DEBUG PrimaryStageWindow   - Scaled ratio: (1.0, 1.0)
20:19:22.129 [JavaFX Application Thread] DEBUG PrimaryStageWindow   - Set initial scene to FXGLStartupScene
20:19:22.131 [JavaFX Application Thread] DEBUG PrimaryStageWindow   - Opening main window
20:19:22.208 [JavaFX Application Thread] DEBUG PrimaryStageWindow   - Window border size: (16.0, 39.0)
20:19:22.208 [JavaFX Application Thread] DEBUG PrimaryStageWindow   - Scaled size: 1600.0 x 900.0
20:19:22.208 [JavaFX Application Thread] DEBUG PrimaryStageWindow   - Scaled ratio: (1.0, 1.0)
20:19:22.208 [JavaFX Application Thread] DEBUG PrimaryStageWindow   - Scene size: 1600.0 x 900.0
20:19:22.209 [JavaFX Application Thread] DEBUG PrimaryStageWindow   - Stage size: 1616.0 x 939.0
20:19:22.215 [FXGL Background Thread 1 ] DEBUG Engine               - Initializing environment variables
20:19:22.261 [FXGL Background Thread 1 ] DEBUG FXGLAssetLoaderServi - User app class for loading assets: class org.betriebssysteme.view.ProductionLineApp
20:19:22.261 [FXGL Background Thread 1 ] DEBUG GameApplicationServi - Applying CSS: fxgl_dark.css
20:19:22.261 [FXGL Background Thread 1 ] DEBUG FXGLAssetLoaderServi - Loading from file system: jar:file:/C:/Users/abdul/.m2/repository/com/github/almasb/fxgl/21.1/fxgl-21.1.jar!/fxglassets/ui/css/fxgl_dark.css
20:19:22.294 [FXGL Background Thread 1 ] DEBUG GameApplicationServi - Initializing application scenes
20:19:22.334 [FXGL Background Thread 1 ] DEBUG GameWorld            - Game world initialized
20:19:22.402 [FXGL Background Thread 1 ] DEBUG PhysicsWorld         - Physics world initialized: appHeight=900, physics.ppm=50,0
20:19:22.402 [FXGL Background Thread 1 ] DEBUG PhysicsWorld         - Using strategy: BRUTE_FORCE
20:19:22.405 [FXGL Background Thread 1 ] DEBUG GameScene            - Game scene initialized: 1600x900
20:19:22.419 [FXGL Background Thread 1 ] DEBUG FXGL.DefaultMenu     - createMenuBodyGameMenu()
20:19:22.432 [FXGL Background Thread 1 ] DEBUG FXGL.DefaultMenu     - createOptionsMenu()
20:19:22.442 [FXGL Background Thread 1 ] DEBUG FXGLAssetLoaderServi - Loading from file system: jar:file:/C:/Users/abdul/.m2/repository/com/github/almasb/fxgl/21.1/fxgl-21.1.jar!/fxglassets/textures/particles/smoke.png
20:19:22.539 [FXGL Background Thread 1 ] DEBUG FXGLAssetLoaderServi - Loading from file system: jar:file:/C:/Users/abdul/.m2/repository/com/github/almasb/fxgl/21.1/fxgl-21.1.jar!/fxglassets/textures/particles/trace_horizontal.png
20:19:22.566 [FXGL Background Thread 1 ] DEBUG GameApplicationServi - Application scenes initialized
20:19:22.582 [FXGL Background Thread 1 ] DEBUG SystemBundleService  - Loading FXGL system data
20:19:22.585 [FXGL Background Thread 1 ] DEBUG FileSystemAccess     - Reading from: C:\Users\abdul\IdeaProjects\Produktionslinie\system\fxgl.bundle
20:19:22.594 [FXGL Background Thread 1 ] DEBUG SystemBundleService  - Bundle FXGL: {}
20:19:22.595 [FXGL Background Thread 1 ] DEBUG UpdaterService       - Checking for updates
20:19:22.625 [FXGL Background Thread 4 ] DEBUG FXGLApplication      - Loading fonts
20:19:22.625 [FXGL Background Thread 4 ] DEBUG FXGLAssetLoaderServi - Loading from file system: jar:file:/C:/Users/abdul/.m2/repository/com/github/almasb/fxgl/21.1/fxgl-21.1.jar!/fxglassets/ui/fonts/VarelaRound-Regular.ttf
20:19:22.626 [FXGL Background Thread 1 ] DEBUG FXGLApplication      - Loading default localization
20:19:22.626 [FXGL Background Thread 1 ] DEBUG FXGLAssetLoaderServi - Loading from file system: jar:file:/C:/Users/abdul/.m2/repository/com/github/almasb/fxgl/21.1/fxgl-21.1.jar!/fxglassets/languages/english.lang
20:19:22.658 [FXGL Background Thread 1 ] INFO  FXGLApplication      - FXGL initialization took: 0,444 sec
20:19:22.661 [FXGL Background Thread 4 ] DEBUG FXGLAssetLoaderServi - Loading from file system: jar:file:/C:/Users/abdul/.m2/repository/com/github/almasb/fxgl/21.1/fxgl-21.1.jar!/fxglassets/ui/fonts/Abel-Regular.ttf
20:19:22.671 [FXGL Background Thread 4 ] DEBUG FXGLAssetLoaderServi - Loading from file system: jar:file:/C:/Users/abdul/.m2/repository/com/github/almasb/fxgl/21.1/fxgl-21.1.jar!/fxglassets/ui/fonts/TerminalLandMono-Regular.otf
20:19:22.676 [JavaFX Application Thread] DEBUG Input                - Registered new binding: action0 - R
20:19:22.679 [JavaFX Application Thread] DEBUG FXGLAssetLoaderServi - Loading from file system: jar:file:/C:/Users/abdul/.m2/repository/com/github/almasb/fxgl/21.1/fxgl-21.1.jar!/fxglassets/textures/fxgl_icon.png
20:19:22.682 [FXGL Background Thread 4 ] DEBUG FXGLAssetLoaderServi - Loading from file system: jar:file:/C:/Users/abdul/.m2/repository/com/github/almasb/fxgl/21.1/fxgl-21.1.jar!/fxglassets/ui/fonts/Courier-Prime.ttf
20:19:22.705 [JavaFX Application Thread] DEBUG FXGLAssetLoaderServi - Loading from file system: jar:file:/C:/Users/abdul/.m2/repository/com/github/almasb/fxgl/21.1/fxgl-21.1.jar!/fxglassets/textures/fxgl_default_cursor.png
20:19:22.710 [JavaFX Application Thread] DEBUG Input                - Registered new binding: Screenshot - CTRL+8
20:19:22.711 [JavaFX Application Thread] DEBUG Input                - Registered new binding: Dev Options - 1
20:19:22.713 [JavaFX Application Thread] DEBUG Input                - Registered new binding: Dev Console - 2
20:19:22.714 [JavaFX Application Thread] DEBUG Input                - Registered new binding: System info dump - CTRL+9
20:19:22.715 [JavaFX Application Thread] DEBUG Input                - Registered new binding: Restart - CTRL+R
20:19:22.717 [JavaFX Application Thread] DEBUG Input                - Registered new binding: Toggle Debug Camera - CTRL+7
20:19:22.727 [JavaFX Application Thread] DEBUG LoopRunner           - Starting loop
20:19:22.744 [JavaFX Application Thread] DEBUG LoopRunner           - Initializing JavaFX AnimationTimerLoop
20:19:22.745 [JavaFX Application Thread] DEBUG GameApplicationServi - Starting new game
20:19:22.746 [JavaFX Application Thread] DEBUG Input                - Clearing active input actions
20:19:22.757 [JavaFX Application Thread] DEBUG GameApplicationServi - Removing overlay from FXGLStartupScene and adding to FXGLLoadingScene
20:19:22.761 [JavaFX Application Thread] DEBUG PrimaryStageWindow   - FXGLStartupScene -> FXGLLoadingScene
20:19:22.761 [JavaFX Application Thread] DEBUG GameApplicationServi - Clearing previous game
20:19:22.761 [JavaFX Application Thread] DEBUG GameScene            - Clearing game scene
20:19:22.761 [JavaFX Application Thread] DEBUG GameWorld            - Clearing game world
20:19:22.761 [JavaFX Application Thread] DEBUG PhysicsWorld         - Clearing physics world
20:19:22.762 [FXGL Background Thread 4 ] DEBUG FXGLApplication      - Initializing game
20:19:22.764 [JavaFX Application Thread] DEBUG FXGLApplication      - Registering font factories with UI factory
20:19:22.784 [FXGL Background Thread 4 ] WARN  TMXLevelLoader       - TiledMap generated from 1.11.2. Supported version: 1.9.0. Some features may not be parsed fully.
20:19:22.794 [FXGL Background Thread 4 ] DEBUG TMXLevelLoader       - Parsed TiledMap: file:/C:/Users/abdul/IdeaProjects/Produktionslinie/target/classes/assets/levels/map.tmx
20:19:22.796 [FXGL Background Thread 4 ] DEBUG TMXLevelLoader       - Creating tile layer entities
20:19:22.799 [FXGL Background Thread 4 ] DEBUG TilesetLoader        - Loading view for layer Kachelebene 1
20:19:22.808 [FXGL Background Thread 4 ] DEBUG TilesetLoader        - Created buffer with size 3200.0x3200.0
20:19:22.841 [FXGL Background Thread 4 ] DEBUG TMXLevelLoader       - Creating object layer entities
20:19:22.843 [FXGL Background Thread 4 ] DEBUG GameWorld            - Clearing removable entities
20:19:22.844 [FXGL Background Thread 4 ] DEBUG GameWorld            - Setting level: com.almasb.fxgl.entity.level.Level@70742862
20:19:22.870 [FXGL Background Thread 4 ] DEBUG FXGLAssetLoaderServi - Loading from file system: file:/C:/Users/abdul/IdeaProjects/Produktionslinie/target/classes/assets/textures/Info_Menu_Machine_Asset.png
20:19:22.932 [FXGL Background Thread 4 ] DEBUG FXGLAssetLoaderServi - Loading from file system: file:/C:/Users/abdul/IdeaProjects/Produktionslinie/target/classes/assets/textures/Turning_Off_Animation.png
20:19:22.939 [FXGL Background Thread 4 ] DEBUG FXGLAssetLoaderServi - Loading from file system: file:/C:/Users/abdul/IdeaProjects/Produktionslinie/target/classes/assets/textures/Turning_On_Animation.png
20:19:22.940 [FXGL Background Thread 4 ] DEBUG FXGLAssetLoaderServi - Loading from file system: file:/C:/Users/abdul/IdeaProjects/Produktionslinie/target/classes/assets/textures/Production_While_Taking_Items_Animation.png
20:19:22.942 [FXGL Background Thread 4 ] DEBUG FXGLAssetLoaderServi - Loading from file system: file:/C:/Users/abdul/IdeaProjects/Produktionslinie/target/classes/assets/textures/Production_Without_Taking_Items_Animation.png
20:19:22.990 [FXGL Background Thread 4 ] DEBUG FXGLAssetLoaderServi - Loading from file system: file:/C:/Users/abdul/IdeaProjects/Produktionslinie/target/classes/assets/textures/belt-start.png
20:19:22.991 [FXGL Background Thread 4 ] DEBUG FXGLAssetLoaderServi - Loading from file system: file:/C:/Users/abdul/IdeaProjects/Produktionslinie/target/classes/assets/textures/belt-mid.png
20:19:22.992 [FXGL Background Thread 4 ] DEBUG FXGLAssetLoaderServi - Loading from file system: file:/C:/Users/abdul/IdeaProjects/Produktionslinie/target/classes/assets/textures/belt-end.png
20:19:23.012 [FXGL Background Thread 4 ] DEBUG FXGLAssetLoaderServi - Loading from file system: file:/C:/Users/abdul/IdeaProjects/Produktionslinie/target/classes/assets/textures/item.png
20:19:23.020 [FXGL Background Thread 4 ] INFO  FXGLApplication      - Game initialization took: 0,259 sec
20:19:23.048 [JavaFX Application Thread] DEBUG Input                - Clearing active input actions
20:19:23.056 [JavaFX Application Thread] DEBUG GameApplicationServi - Removing overlay from FXGLLoadingScene and adding to GameScene
20:19:23.059 [JavaFX Application Thread] DEBUG PrimaryStageWindow   - FXGLLoadingScene -> GameScene
20:19:25.624 [FXGL Background Thread 3 ] DEBUG Engine               - Logging environment variables
20:19:25.626 [FXGL Background Thread 3 ] DEBUG Engine               - achievements: []
20:19:25.626 [FXGL Background Thread 3 ] DEBUG Engine               - actualHeight: 900.0
20:19:25.626 [FXGL Background Thread 3 ] DEBUG Engine               - actualHeightProperty: ReadOnlyDoubleProperty [value: 900.0]
20:19:25.627 [FXGL Background Thread 3 ] DEBUG Engine               - actualWidth: 1600.0
20:19:25.627 [FXGL Background Thread 3 ] DEBUG Engine               - actualWidthProperty: ReadOnlyDoubleProperty [value: 1600.0]
20:19:25.627 [FXGL Background Thread 3 ] DEBUG Engine               - appIcon: fxgl_icon.png
20:19:25.627 [FXGL Background Thread 3 ] DEBUG Engine               - applicationMode: DEVELOPER
20:19:25.627 [FXGL Background Thread 3 ] DEBUG Engine               - cSSList: [fxgl_dark.css]
20:19:25.627 [FXGL Background Thread 3 ] DEBUG Engine               - collisionDetectionStrategy: BRUTE_FORCE
20:19:25.627 [FXGL Background Thread 3 ] DEBUG Engine               - configClass: Optional.empty
20:19:25.627 [FXGL Background Thread 3 ] DEBUG Engine               - credits: []
20:19:25.628 [FXGL Background Thread 3 ] DEBUG Engine               - defaultCursor: CursorInfo(imageName=fxgl_default_cursor.png, hotspotX=7.0, hotspotY=6.0)
20:19:25.629 [FXGL Background Thread 3 ] DEBUG Engine               - devBBoxColorProperty: ObjectProperty [value: 0xff0000ff]
20:19:25.629 [FXGL Background Thread 3 ] DEBUG Engine               - devEnableDebugCameraProperty: BooleanProperty [value: false]
20:19:25.629 [FXGL Background Thread 3 ] DEBUG Engine               - devSensorColorProperty: ObjectProperty [value: 0xffff00ff]
20:19:25.629 [FXGL Background Thread 3 ] DEBUG Engine               - devShowBBoxProperty: BooleanProperty [value: false]
20:19:25.629 [FXGL Background Thread 3 ] DEBUG Engine               - devShowPositionProperty: BooleanProperty [value: false]
20:19:25.629 [FXGL Background Thread 3 ] DEBUG Engine               - enabledMenuItems: []
20:19:25.630 [FXGL Background Thread 3 ] DEBUG Engine               - engineServices: [class com.almasb.fxgl.app.services.FXGLAssetLoaderService, class com.almasb.fxgl.app.FXGLApplication$GameApplicationService, class com.almasb.fxgl.app.services.FXGLDialogService, class com.almasb.fxgl.app.services.IOTaskExecutorService, class com.almasb.fxgl.io.FileSystemService, class com.almasb.fxgl.localization.LocalizationService, class com.almasb.fxgl.app.services.SystemBundleService, class com.almasb.fxgl.profile.SaveLoadService, class com.almasb.fxgl.ui.FXGLUIFactoryServiceProvider, class com.almasb.fxgl.ui.FXGLDialogFactoryServiceProvider, class com.almasb.fxgl.audio.AudioPlayer, class com.almasb.fxgl.notification.impl.NotificationServiceProvider, class com.almasb.fxgl.achievement.AchievementService, class com.almasb.fxgl.cutscene.CutsceneService, class com.almasb.fxgl.minigames.MiniGameService, class com.almasb.fxgl.net.NetService, class com.almasb.fxgl.app.services.UpdaterService, class com.almasb.fxgl.dev.DevService]
20:19:25.630 [FXGL Background Thread 3 ] DEBUG Engine               - fontGame: Abel-Regular.ttf
20:19:25.630 [FXGL Background Thread 3 ] DEBUG Engine               - fontMono: TerminalLandMono-Regular.otf
20:19:25.630 [FXGL Background Thread 3 ] DEBUG Engine               - fontSizeScaleUI: 1.0
20:19:25.630 [FXGL Background Thread 3 ] DEBUG Engine               - fontText: Courier-Prime.ttf
20:19:25.630 [FXGL Background Thread 3 ] DEBUG Engine               - fontUI: VarelaRound-Regular.ttf
20:19:25.630 [FXGL Background Thread 3 ] DEBUG Engine               - fullScreen: BooleanProperty [value: false]
20:19:25.630 [FXGL Background Thread 3 ] DEBUG Engine               - gameDifficulty: MEDIUM
20:19:25.630 [FXGL Background Thread 3 ] DEBUG Engine               - gameDifficultyProperty: ObjectProperty [value: MEDIUM]
20:19:25.630 [FXGL Background Thread 3 ] DEBUG Engine               - globalMusicVolume: 0.5
20:19:25.630 [FXGL Background Thread 3 ] DEBUG Engine               - globalMusicVolumeProperty: DoubleProperty [value: 0.5]
20:19:25.630 [FXGL Background Thread 3 ] DEBUG Engine               - globalSoundVolume: 0.5
20:19:25.630 [FXGL Background Thread 3 ] DEBUG Engine               - globalSoundVolumeProperty: DoubleProperty [value: 0.5]
20:19:25.630 [FXGL Background Thread 3 ] DEBUG Engine               - height: 900
20:19:25.630 [FXGL Background Thread 3 ] DEBUG Engine               - is3D: false
20:19:25.631 [FXGL Background Thread 3 ] DEBUG Engine               - isAndroid: false
20:19:25.631 [FXGL Background Thread 3 ] DEBUG Engine               - isBrowser: false
20:19:25.631 [FXGL Background Thread 3 ] DEBUG Engine               - isClickFeedbackEnabled: false
20:19:25.631 [FXGL Background Thread 3 ] DEBUG Engine               - isCloseConfirmation: false
20:19:25.631 [FXGL Background Thread 3 ] DEBUG Engine               - isDesktop: true
20:19:25.631 [FXGL Background Thread 3 ] DEBUG Engine               - isDeveloperMenuEnabled: true
20:19:25.631 [FXGL Background Thread 3 ] DEBUG Engine               - isEmbedded: false
20:19:25.631 [FXGL Background Thread 3 ] DEBUG Engine               - isEntityPreloadEnabled: true
20:19:25.631 [FXGL Background Thread 3 ] DEBUG Engine               - isExperimentalTiledLargeMap: false
20:19:25.631 [FXGL Background Thread 3 ] DEBUG Engine               - isFileSystemWriteAllowed: true
20:19:25.631 [FXGL Background Thread 3 ] DEBUG Engine               - isFullScreenAllowed: false
20:19:25.631 [FXGL Background Thread 3 ] DEBUG Engine               - isFullScreenFromStart: false
20:19:25.631 [FXGL Background Thread 3 ] DEBUG Engine               - isGameMenuEnabled: true
20:19:25.631 [FXGL Background Thread 3 ] DEBUG Engine               - isIOS: false
20:19:25.631 [FXGL Background Thread 3 ] DEBUG Engine               - isIntroEnabled: false
20:19:25.631 [FXGL Background Thread 3 ] DEBUG Engine               - isLinux: false
20:19:25.631 [FXGL Background Thread 3 ] DEBUG Engine               - isMac: false
20:19:25.631 [FXGL Background Thread 3 ] DEBUG Engine               - isMainMenuEnabled: false
20:19:25.632 [FXGL Background Thread 3 ] DEBUG Engine               - isManualResizeEnabled: false
20:19:25.632 [FXGL Background Thread 3 ] DEBUG Engine               - isMobile: false
20:19:25.632 [FXGL Background Thread 3 ] DEBUG Engine               - isNative: false
20:19:25.632 [FXGL Background Thread 3 ] DEBUG Engine               - isPauseMusicWhenMinimized: true
20:19:25.632 [FXGL Background Thread 3 ] DEBUG Engine               - isPreserveResizeRatio: false
20:19:25.632 [FXGL Background Thread 3 ] DEBUG Engine               - isProfilingEnabled: false
20:19:25.632 [FXGL Background Thread 3 ] DEBUG Engine               - isScaleAffectedOnResize: true
20:19:25.632 [FXGL Background Thread 3 ] DEBUG Engine               - isSingleStep: false
20:19:25.632 [FXGL Background Thread 3 ] DEBUG Engine               - isUserProfileEnabled: false
20:19:25.632 [FXGL Background Thread 3 ] DEBUG Engine               - isWindows: true
20:19:25.632 [FXGL Background Thread 3 ] DEBUG Engine               - language: ObjectProperty [value: ENGLISH]
20:19:25.632 [FXGL Background Thread 3 ] DEBUG Engine               - menuKey: ESCAPE
20:19:25.632 [FXGL Background Thread 3 ] DEBUG Engine               - mouseSensitivity: 0.2
20:19:25.632 [FXGL Background Thread 3 ] DEBUG Engine               - notificationViewClass: class com.almasb.fxgl.notification.view.XboxNotificationView
20:19:25.632 [FXGL Background Thread 3 ] DEBUG Engine               - pixelsPerMeter: 50.0
20:19:25.632 [FXGL Background Thread 3 ] DEBUG Engine               - platform: WINDOWS
20:19:25.632 [FXGL Background Thread 3 ] DEBUG Engine               - prefHeightProperty: ReadOnlyDoubleProperty [value: 900.0]
20:19:25.632 [FXGL Background Thread 3 ] DEBUG Engine               - prefWidthProperty: ReadOnlyDoubleProperty [value: 1600.0]
20:19:25.632 [FXGL Background Thread 3 ] DEBUG Engine               - profileDir: profiles/
20:19:25.632 [FXGL Background Thread 3 ] DEBUG Engine               - profileName: StringProperty [value: DEFAULT]
20:19:25.632 [FXGL Background Thread 3 ] DEBUG Engine               - randomSeed: -1
20:19:25.632 [FXGL Background Thread 3 ] DEBUG Engine               - runtimeInfo: RuntimeInfo(platform=WINDOWS, version=21.1, build=27.03.2024 07.52)
20:19:25.632 [FXGL Background Thread 3 ] DEBUG Engine               - saveFileExt: sav
20:19:25.632 [FXGL Background Thread 3 ] DEBUG Engine               - scaledHeightProp$fxgl: DoubleProperty [bound, value: 900.0]
20:19:25.633 [FXGL Background Thread 3 ] DEBUG Engine               - scaledWidthProp$fxgl: DoubleProperty [bound, value: 1600.0]
20:19:25.633 [FXGL Background Thread 3 ] DEBUG Engine               - sceneFactory: com.almasb.fxgl.app.scene.SceneFactory@1574726d
20:19:25.633 [FXGL Background Thread 3 ] DEBUG Engine               - secondsIn24h: 60
20:19:25.633 [FXGL Background Thread 3 ] DEBUG Engine               - soundMenuBack: menu/back.wav
20:19:25.633 [FXGL Background Thread 3 ] DEBUG Engine               - soundMenuPress: menu/press.wav
20:19:25.633 [FXGL Background Thread 3 ] DEBUG Engine               - soundMenuSelect: menu/select.wav
20:19:25.633 [FXGL Background Thread 3 ] DEBUG Engine               - soundNotification: core/notification.wav
20:19:25.633 [FXGL Background Thread 3 ] DEBUG Engine               - stageStyle: DECORATED
20:19:25.633 [FXGL Background Thread 3 ] DEBUG Engine               - supportedLanguages: [ENGLISH, FRENCH, GERMAN, HUNGARIAN, RUSSIAN]
20:19:25.633 [FXGL Background Thread 3 ] DEBUG Engine               - ticksPerSecond: -1
20:19:25.633 [FXGL Background Thread 3 ] DEBUG Engine               - title: Produktionslinie
20:19:25.633 [FXGL Background Thread 3 ] DEBUG Engine               - urlGithub: https://github.com/AlmasB/FXGL
20:19:25.633 [FXGL Background Thread 3 ] DEBUG Engine               - urlLeaderboard: http://fxgl-top.herokuapp.com/
20:19:25.633 [FXGL Background Thread 3 ] DEBUG Engine               - urlPOM: https://raw.githubusercontent.com/AlmasB/FXGL/release/README.md
20:19:25.633 [FXGL Background Thread 3 ] DEBUG Engine               - userAppClass: class org.betriebssysteme.view.ProductionLineApp
20:19:25.633 [FXGL Background Thread 3 ] DEBUG Engine               - version: 0.0
20:19:25.633 [FXGL Background Thread 3 ] DEBUG Engine               - versionCheckDays: 7
20:19:25.633 [FXGL Background Thread 3 ] DEBUG Engine               - width: 1600
20:19:25.633 [FXGL Background Thread 3 ] DEBUG Engine               - Logging services
20:19:25.633 [FXGL Background Thread 3 ] DEBUG Engine               - class com.almasb.fxgl.app.services.FXGLAssetLoaderService
20:19:25.633 [FXGL Background Thread 3 ] DEBUG Engine               - class com.almasb.fxgl.app.FXGLApplication$GameApplicationService
20:19:25.633 [FXGL Background Thread 3 ] DEBUG Engine               - class com.almasb.fxgl.app.services.FXGLDialogService
20:19:25.634 [FXGL Background Thread 3 ] DEBUG Engine               - class com.almasb.fxgl.app.services.IOTaskExecutorService
20:19:25.634 [FXGL Background Thread 3 ] DEBUG Engine               - class com.almasb.fxgl.io.FileSystemService
20:19:25.634 [FXGL Background Thread 3 ] DEBUG Engine               - class com.almasb.fxgl.localization.LocalizationService
20:19:25.634 [FXGL Background Thread 3 ] DEBUG Engine               - class com.almasb.fxgl.app.services.SystemBundleService
20:19:25.634 [FXGL Background Thread 3 ] DEBUG Engine               - class com.almasb.fxgl.profile.SaveLoadService
20:19:25.634 [FXGL Background Thread 3 ] DEBUG Engine               - class com.almasb.fxgl.ui.FXGLUIFactoryServiceProvider
20:19:25.634 [FXGL Background Thread 3 ] DEBUG Engine               - class com.almasb.fxgl.ui.FXGLDialogFactoryServiceProvider
20:19:25.634 [FXGL Background Thread 3 ] DEBUG Engine               - class com.almasb.fxgl.audio.AudioPlayer
20:19:25.634 [FXGL Background Thread 3 ] DEBUG Engine               - class com.almasb.fxgl.notification.impl.NotificationServiceProvider
20:19:25.634 [FXGL Background Thread 3 ] DEBUG Engine               - class com.almasb.fxgl.achievement.AchievementService
20:19:25.634 [FXGL Background Thread 3 ] DEBUG Engine               - class com.almasb.fxgl.cutscene.CutsceneService
20:19:25.634 [FXGL Background Thread 3 ] DEBUG Engine               - class com.almasb.fxgl.minigames.MiniGameService
20:19:25.634 [FXGL Background Thread 3 ] DEBUG Engine               - class com.almasb.fxgl.net.NetService
20:19:25.634 [FXGL Background Thread 3 ] DEBUG Engine               - class com.almasb.fxgl.app.services.UpdaterService
20:19:25.634 [FXGL Background Thread 3 ] DEBUG Engine               - class com.almasb.fxgl.dev.DevService
20:19:55.246 [JavaFX Application Thread] DEBUG FXGLApplication      - Exiting FXGL
20:19:55.247 [JavaFX Application Thread] DEBUG LoopRunner           - Stopping loop
20:19:55.247 [JavaFX Application Thread] DEBUG SystemBundleService  - Saving FXGL system data
20:19:55.250 [JavaFX Application Thread] DEBUG FileSystemAccess     - Writing to: C:\Users\abdul\IdeaProjects\Produktionslinie\system\fxgl.bundle
20:19:55.252 [JavaFX Application Thread] DEBUG Async                - Shutting down background threads
20:19:55.252 [JavaFX Application Thread] DEBUG PrimaryStageWindow   - Closing main window
20:19:55.267 [JavaFX Application Thread] DEBUG Logger               - Closing Logger
