11:21:37.088 [main                     ] DEBUG Logger               - Configured Logger
11:21:37.110 [main                     ] DEBUG GameApplication      - Logging settings
Title: Produktionslinie
Version: 0.0
Width: 1600
Height: 900
Fullscreen: false
Intro: false
Profiling: false
Single step:false
App Mode: DEVELOPER
Menu Key: ESCAPE
Stage Style: DECORATED
Scene Factory: class com.almasb.fxgl.app.scene.SceneFactory

11:21:37.518 [JavaFX Application Thread] DEBUG FXGLApplication      - Initializing FXGL
11:21:37.520 [JavaFX Application Thread] INFO  Engine               - FXGL-21.1 (27.03.2024 07.52) on WINDOWS (J:21.0.9 FX:21.0.1)
11:21:37.520 [JavaFX Application Thread] DEBUG Engine               - JRE Vendor Name: Microsoft
11:21:37.521 [JavaFX Application Thread] DEBUG Engine               - Running on OS: Windows 11 version 10.0
11:21:37.521 [JavaFX Application Thread] DEBUG Engine               - Architecture: amd64
11:21:37.521 [JavaFX Application Thread] INFO  Engine               - Source code and latest versions at: https://github.com/AlmasB/FXGL
11:21:37.521 [JavaFX Application Thread] INFO  Engine               -       Ask questions and discuss at: https://github.com/AlmasB/FXGL/discussions
11:21:37.521 [JavaFX Application Thread] INFO  Engine               -              Join the FXGL chat at: https://gitter.im/AlmasB/FXGL
11:21:37.618 [JavaFX Application Thread] DEBUG PrimaryStageWindow   - Creating a JavaFX scene
11:21:37.662 [JavaFX Application Thread] DEBUG PrimaryStageWindow   - Target settings size: 1600.0 x 900.0
11:21:37.662 [JavaFX Application Thread] DEBUG PrimaryStageWindow   - Scaled scene size:    1600.0 x 900.0
11:21:37.662 [JavaFX Application Thread] DEBUG PrimaryStageWindow   - Scaled ratio: (1.0, 1.0)
11:21:37.663 [JavaFX Application Thread] DEBUG PrimaryStageWindow   - Set initial scene to FXGLStartupScene
11:21:37.665 [JavaFX Application Thread] DEBUG PrimaryStageWindow   - Opening main window
11:21:37.730 [JavaFX Application Thread] DEBUG PrimaryStageWindow   - Window border size: (16.0, 39.0)
11:21:37.731 [JavaFX Application Thread] DEBUG PrimaryStageWindow   - Scaled size: 1600.0 x 900.0
11:21:37.731 [JavaFX Application Thread] DEBUG PrimaryStageWindow   - Scaled ratio: (1.0, 1.0)
11:21:37.731 [JavaFX Application Thread] DEBUG PrimaryStageWindow   - Scene size: 1600.0 x 900.0
11:21:37.731 [JavaFX Application Thread] DEBUG PrimaryStageWindow   - Stage size: 1616.0 x 939.0
11:21:37.736 [FXGL Background Thread 1 ] DEBUG Engine               - Initializing environment variables
11:21:37.780 [FXGL Background Thread 1 ] DEBUG FXGLAssetLoaderServi - User app class for loading assets: class org.betriebssysteme.view.ProductionLineApp
11:21:37.780 [FXGL Background Thread 1 ] DEBUG GameApplicationServi - Applying CSS: fxgl_dark.css
11:21:37.781 [FXGL Background Thread 1 ] DEBUG FXGLAssetLoaderServi - Loading from file system: jar:file:/C:/Users/abdul/.m2/repository/com/github/almasb/fxgl/21.1/fxgl-21.1.jar!/fxglassets/ui/css/fxgl_dark.css
11:21:37.814 [FXGL Background Thread 1 ] DEBUG GameApplicationServi - Initializing application scenes
11:21:37.855 [FXGL Background Thread 1 ] DEBUG GameWorld            - Game world initialized
11:21:37.923 [FXGL Background Thread 1 ] DEBUG PhysicsWorld         - Physics world initialized: appHeight=900, physics.ppm=50,0
11:21:37.923 [FXGL Background Thread 1 ] DEBUG PhysicsWorld         - Using strategy: BRUTE_FORCE
11:21:37.926 [FXGL Background Thread 1 ] DEBUG GameScene            - Game scene initialized: 1600x900
11:21:37.937 [FXGL Background Thread 1 ] DEBUG FXGL.DefaultMenu     - createMenuBodyGameMenu()
11:21:37.952 [FXGL Background Thread 1 ] DEBUG FXGL.DefaultMenu     - createOptionsMenu()
11:21:37.961 [FXGL Background Thread 1 ] DEBUG FXGLAssetLoaderServi - Loading from file system: jar:file:/C:/Users/abdul/.m2/repository/com/github/almasb/fxgl/21.1/fxgl-21.1.jar!/fxglassets/textures/particles/smoke.png
11:21:38.056 [FXGL Background Thread 1 ] DEBUG FXGLAssetLoaderServi - Loading from file system: jar:file:/C:/Users/abdul/.m2/repository/com/github/almasb/fxgl/21.1/fxgl-21.1.jar!/fxglassets/textures/particles/trace_horizontal.png
11:21:38.079 [FXGL Background Thread 1 ] DEBUG GameApplicationServi - Application scenes initialized
11:21:38.093 [FXGL Background Thread 1 ] DEBUG SystemBundleService  - Loading FXGL system data
11:21:38.097 [FXGL Background Thread 1 ] DEBUG FileSystemAccess     - Reading from: C:\Users\abdul\IdeaProjects\Produktionslinie\system\fxgl.bundle
11:21:38.104 [FXGL Background Thread 1 ] DEBUG SystemBundleService  - Bundle FXGL: {}
11:21:38.104 [FXGL Background Thread 1 ] DEBUG UpdaterService       - Checking for updates
11:21:38.132 [FXGL Background Thread 4 ] DEBUG FXGLApplication      - Loading fonts
11:21:38.133 [FXGL Background Thread 4 ] DEBUG FXGLAssetLoaderServi - Loading from file system: jar:file:/C:/Users/abdul/.m2/repository/com/github/almasb/fxgl/21.1/fxgl-21.1.jar!/fxglassets/ui/fonts/VarelaRound-Regular.ttf
11:21:38.133 [FXGL Background Thread 1 ] DEBUG FXGLApplication      - Loading default localization
11:21:38.133 [FXGL Background Thread 1 ] DEBUG FXGLAssetLoaderServi - Loading from file system: jar:file:/C:/Users/abdul/.m2/repository/com/github/almasb/fxgl/21.1/fxgl-21.1.jar!/fxglassets/languages/english.lang
11:21:38.169 [FXGL Background Thread 4 ] DEBUG FXGLAssetLoaderServi - Loading from file system: jar:file:/C:/Users/abdul/.m2/repository/com/github/almasb/fxgl/21.1/fxgl-21.1.jar!/fxglassets/ui/fonts/Abel-Regular.ttf
11:21:38.170 [FXGL Background Thread 1 ] INFO  FXGLApplication      - FXGL initialization took: 0,433 sec
11:21:38.180 [FXGL Background Thread 4 ] DEBUG FXGLAssetLoaderServi - Loading from file system: jar:file:/C:/Users/abdul/.m2/repository/com/github/almasb/fxgl/21.1/fxgl-21.1.jar!/fxglassets/ui/fonts/TerminalLandMono-Regular.otf
11:21:38.185 [JavaFX Application Thread] DEBUG Input                - Registered new binding: action0 - R
11:21:38.186 [JavaFX Application Thread] DEBUG FXGLAssetLoaderServi - Loading from file system: jar:file:/C:/Users/abdul/.m2/repository/com/github/almasb/fxgl/21.1/fxgl-21.1.jar!/fxglassets/textures/fxgl_icon.png
11:21:38.190 [FXGL Background Thread 4 ] DEBUG FXGLAssetLoaderServi - Loading from file system: jar:file:/C:/Users/abdul/.m2/repository/com/github/almasb/fxgl/21.1/fxgl-21.1.jar!/fxglassets/ui/fonts/Courier-Prime.ttf
11:21:38.204 [JavaFX Application Thread] DEBUG FXGLAssetLoaderServi - Loading from file system: jar:file:/C:/Users/abdul/.m2/repository/com/github/almasb/fxgl/21.1/fxgl-21.1.jar!/fxglassets/textures/fxgl_default_cursor.png
11:21:38.209 [JavaFX Application Thread] DEBUG Input                - Registered new binding: Screenshot - CTRL+8
11:21:38.210 [JavaFX Application Thread] DEBUG Input                - Registered new binding: Dev Options - 1
11:21:38.211 [JavaFX Application Thread] DEBUG Input                - Registered new binding: Dev Console - 2
11:21:38.212 [JavaFX Application Thread] DEBUG Input                - Registered new binding: System info dump - CTRL+9
11:21:38.213 [JavaFX Application Thread] DEBUG Input                - Registered new binding: Restart - CTRL+R
11:21:38.215 [JavaFX Application Thread] DEBUG Input                - Registered new binding: Toggle Debug Camera - CTRL+7
11:21:38.227 [JavaFX Application Thread] DEBUG LoopRunner           - Starting loop
11:21:38.256 [JavaFX Application Thread] DEBUG LoopRunner           - Initializing JavaFX AnimationTimerLoop
11:21:38.258 [JavaFX Application Thread] DEBUG GameApplicationServi - Starting new game
11:21:38.258 [JavaFX Application Thread] DEBUG Input                - Clearing active input actions
11:21:38.272 [JavaFX Application Thread] DEBUG GameApplicationServi - Removing overlay from FXGLStartupScene and adding to FXGLLoadingScene
11:21:38.275 [JavaFX Application Thread] DEBUG PrimaryStageWindow   - FXGLStartupScene -> FXGLLoadingScene
11:21:38.276 [JavaFX Application Thread] DEBUG GameApplicationServi - Clearing previous game
11:21:38.276 [JavaFX Application Thread] DEBUG GameScene            - Clearing game scene
11:21:38.276 [JavaFX Application Thread] DEBUG GameWorld            - Clearing game world
11:21:38.276 [JavaFX Application Thread] DEBUG PhysicsWorld         - Clearing physics world
11:21:38.277 [FXGL Background Thread 4 ] DEBUG FXGLApplication      - Initializing game
11:21:38.277 [JavaFX Application Thread] DEBUG FXGLApplication      - Registering font factories with UI factory
11:21:38.283 [FXGL Background Thread 4 ] DEBUG FXGLAssetLoaderServi - Loading from file system: file:/C:/Users/abdul/IdeaProjects/Produktionslinie/target/classes/assets/textures/Info_Menu_Machine_Asset.png
11:21:38.342 [FXGL Background Thread 4 ] DEBUG FXGLAssetLoaderServi - Loading from file system: file:/C:/Users/abdul/IdeaProjects/Produktionslinie/target/classes/assets/textures/Turning_Off_Animation.png
11:21:38.350 [FXGL Background Thread 4 ] DEBUG FXGLAssetLoaderServi - Loading from file system: file:/C:/Users/abdul/IdeaProjects/Produktionslinie/target/classes/assets/textures/Turning_On_Animation.png
11:21:38.351 [FXGL Background Thread 4 ] DEBUG FXGLAssetLoaderServi - Loading from file system: file:/C:/Users/abdul/IdeaProjects/Produktionslinie/target/classes/assets/textures/Production_While_Taking_Items_Animation.png
11:21:38.353 [FXGL Background Thread 4 ] DEBUG FXGLAssetLoaderServi - Loading from file system: file:/C:/Users/abdul/IdeaProjects/Produktionslinie/target/classes/assets/textures/Production_Without_Taking_Items_Animation.png
11:21:38.384 [FXGL Background Thread 4 ] INFO  FXGLApplication      - Game initialization took: 0,107 sec
11:21:38.516 [JavaFX Application Thread] DEBUG Input                - Clearing active input actions
11:21:38.524 [JavaFX Application Thread] DEBUG GameApplicationServi - Removing overlay from FXGLLoadingScene and adding to GameScene
11:21:38.528 [JavaFX Application Thread] DEBUG PrimaryStageWindow   - FXGLLoadingScene -> GameScene
11:21:41.132 [FXGL Background Thread 3 ] DEBUG Engine               - Logging environment variables
11:21:41.132 [FXGL Background Thread 3 ] DEBUG Engine               - achievements: []
11:21:41.132 [FXGL Background Thread 3 ] DEBUG Engine               - actualHeight: 900.0
11:21:41.133 [FXGL Background Thread 3 ] DEBUG Engine               - actualHeightProperty: ReadOnlyDoubleProperty [value: 900.0]
11:21:41.133 [FXGL Background Thread 3 ] DEBUG Engine               - actualWidth: 1600.0
11:21:41.133 [FXGL Background Thread 3 ] DEBUG Engine               - actualWidthProperty: ReadOnlyDoubleProperty [value: 1600.0]
11:21:41.133 [FXGL Background Thread 3 ] DEBUG Engine               - appIcon: fxgl_icon.png
11:21:41.133 [FXGL Background Thread 3 ] DEBUG Engine               - applicationMode: DEVELOPER
11:21:41.133 [FXGL Background Thread 3 ] DEBUG Engine               - cSSList: [fxgl_dark.css]
11:21:41.133 [FXGL Background Thread 3 ] DEBUG Engine               - collisionDetectionStrategy: BRUTE_FORCE
11:21:41.133 [FXGL Background Thread 3 ] DEBUG Engine               - configClass: Optional.empty
11:21:41.133 [FXGL Background Thread 3 ] DEBUG Engine               - credits: []
11:21:41.133 [FXGL Background Thread 3 ] DEBUG Engine               - defaultCursor: CursorInfo(imageName=fxgl_default_cursor.png, hotspotX=7.0, hotspotY=6.0)
11:21:41.133 [FXGL Background Thread 3 ] DEBUG Engine               - devBBoxColorProperty: ObjectProperty [value: 0xff0000ff]
11:21:41.134 [FXGL Background Thread 3 ] DEBUG Engine               - devEnableDebugCameraProperty: BooleanProperty [value: false]
11:21:41.134 [FXGL Background Thread 3 ] DEBUG Engine               - devSensorColorProperty: ObjectProperty [value: 0xffff00ff]
11:21:41.134 [FXGL Background Thread 3 ] DEBUG Engine               - devShowBBoxProperty: BooleanProperty [value: false]
11:21:41.134 [FXGL Background Thread 3 ] DEBUG Engine               - devShowPositionProperty: BooleanProperty [value: false]
11:21:41.134 [FXGL Background Thread 3 ] DEBUG Engine               - enabledMenuItems: []
11:21:41.134 [FXGL Background Thread 3 ] DEBUG Engine               - engineServices: [class com.almasb.fxgl.app.services.FXGLAssetLoaderService, class com.almasb.fxgl.app.FXGLApplication$GameApplicationService, class com.almasb.fxgl.app.services.FXGLDialogService, class com.almasb.fxgl.app.services.IOTaskExecutorService, class com.almasb.fxgl.io.FileSystemService, class com.almasb.fxgl.localization.LocalizationService, class com.almasb.fxgl.app.services.SystemBundleService, class com.almasb.fxgl.profile.SaveLoadService, class com.almasb.fxgl.ui.FXGLUIFactoryServiceProvider, class com.almasb.fxgl.ui.FXGLDialogFactoryServiceProvider, class com.almasb.fxgl.audio.AudioPlayer, class com.almasb.fxgl.notification.impl.NotificationServiceProvider, class com.almasb.fxgl.achievement.AchievementService, class com.almasb.fxgl.cutscene.CutsceneService, class com.almasb.fxgl.minigames.MiniGameService, class com.almasb.fxgl.net.NetService, class com.almasb.fxgl.app.services.UpdaterService, class com.almasb.fxgl.dev.DevService]
11:21:41.134 [FXGL Background Thread 3 ] DEBUG Engine               - fontGame: Abel-Regular.ttf
11:21:41.134 [FXGL Background Thread 3 ] DEBUG Engine               - fontMono: TerminalLandMono-Regular.otf
11:21:41.134 [FXGL Background Thread 3 ] DEBUG Engine               - fontSizeScaleUI: 1.0
11:21:41.134 [FXGL Background Thread 3 ] DEBUG Engine               - fontText: Courier-Prime.ttf
11:21:41.134 [FXGL Background Thread 3 ] DEBUG Engine               - fontUI: VarelaRound-Regular.ttf
11:21:41.134 [FXGL Background Thread 3 ] DEBUG Engine               - fullScreen: BooleanProperty [value: false]
11:21:41.134 [FXGL Background Thread 3 ] DEBUG Engine               - gameDifficulty: MEDIUM
11:21:41.134 [FXGL Background Thread 3 ] DEBUG Engine               - gameDifficultyProperty: ObjectProperty [value: MEDIUM]
11:21:41.134 [FXGL Background Thread 3 ] DEBUG Engine               - globalMusicVolume: 0.5
11:21:41.134 [FXGL Background Thread 3 ] DEBUG Engine               - globalMusicVolumeProperty: DoubleProperty [value: 0.5]
11:21:41.135 [FXGL Background Thread 3 ] DEBUG Engine               - globalSoundVolume: 0.5
11:21:41.135 [FXGL Background Thread 3 ] DEBUG Engine               - globalSoundVolumeProperty: DoubleProperty [value: 0.5]
11:21:41.135 [FXGL Background Thread 3 ] DEBUG Engine               - height: 900
11:21:41.135 [FXGL Background Thread 3 ] DEBUG Engine               - is3D: false
11:21:41.135 [FXGL Background Thread 3 ] DEBUG Engine               - isAndroid: false
11:21:41.135 [FXGL Background Thread 3 ] DEBUG Engine               - isBrowser: false
11:21:41.135 [FXGL Background Thread 3 ] DEBUG Engine               - isClickFeedbackEnabled: false
11:21:41.135 [FXGL Background Thread 3 ] DEBUG Engine               - isCloseConfirmation: false
11:21:41.135 [FXGL Background Thread 3 ] DEBUG Engine               - isDesktop: true
11:21:41.135 [FXGL Background Thread 3 ] DEBUG Engine               - isDeveloperMenuEnabled: true
11:21:41.135 [FXGL Background Thread 3 ] DEBUG Engine               - isEmbedded: false
11:21:41.135 [FXGL Background Thread 3 ] DEBUG Engine               - isEntityPreloadEnabled: true
11:21:41.135 [FXGL Background Thread 3 ] DEBUG Engine               - isExperimentalTiledLargeMap: false
11:21:41.135 [FXGL Background Thread 3 ] DEBUG Engine               - isFileSystemWriteAllowed: true
11:21:41.135 [FXGL Background Thread 3 ] DEBUG Engine               - isFullScreenAllowed: false
11:21:41.135 [FXGL Background Thread 3 ] DEBUG Engine               - isFullScreenFromStart: false
11:21:41.135 [FXGL Background Thread 3 ] DEBUG Engine               - isGameMenuEnabled: true
11:21:41.135 [FXGL Background Thread 3 ] DEBUG Engine               - isIOS: false
11:21:41.136 [FXGL Background Thread 3 ] DEBUG Engine               - isIntroEnabled: false
11:21:41.136 [FXGL Background Thread 3 ] DEBUG Engine               - isLinux: false
11:21:41.136 [FXGL Background Thread 3 ] DEBUG Engine               - isMac: false
11:21:41.136 [FXGL Background Thread 3 ] DEBUG Engine               - isMainMenuEnabled: false
11:21:41.136 [FXGL Background Thread 3 ] DEBUG Engine               - isManualResizeEnabled: false
11:21:41.136 [FXGL Background Thread 3 ] DEBUG Engine               - isMobile: false
11:21:41.136 [FXGL Background Thread 3 ] DEBUG Engine               - isNative: false
11:21:41.136 [FXGL Background Thread 3 ] DEBUG Engine               - isPauseMusicWhenMinimized: true
11:21:41.136 [FXGL Background Thread 3 ] DEBUG Engine               - isPreserveResizeRatio: false
11:21:41.136 [FXGL Background Thread 3 ] DEBUG Engine               - isProfilingEnabled: false
11:21:41.136 [FXGL Background Thread 3 ] DEBUG Engine               - isScaleAffectedOnResize: true
11:21:41.136 [FXGL Background Thread 3 ] DEBUG Engine               - isSingleStep: false
11:21:41.136 [FXGL Background Thread 3 ] DEBUG Engine               - isUserProfileEnabled: false
11:21:41.136 [FXGL Background Thread 3 ] DEBUG Engine               - isWindows: true
11:21:41.136 [FXGL Background Thread 3 ] DEBUG Engine               - language: ObjectProperty [value: ENGLISH]
11:21:41.136 [FXGL Background Thread 3 ] DEBUG Engine               - menuKey: ESCAPE
11:21:41.137 [FXGL Background Thread 3 ] DEBUG Engine               - mouseSensitivity: 0.2
11:21:41.137 [FXGL Background Thread 3 ] DEBUG Engine               - notificationViewClass: class com.almasb.fxgl.notification.view.XboxNotificationView
11:21:41.137 [FXGL Background Thread 3 ] DEBUG Engine               - pixelsPerMeter: 50.0
11:21:41.137 [FXGL Background Thread 3 ] DEBUG Engine               - platform: WINDOWS
11:21:41.137 [FXGL Background Thread 3 ] DEBUG Engine               - prefHeightProperty: ReadOnlyDoubleProperty [value: 900.0]
11:21:41.137 [FXGL Background Thread 3 ] DEBUG Engine               - prefWidthProperty: ReadOnlyDoubleProperty [value: 1600.0]
11:21:41.137 [FXGL Background Thread 3 ] DEBUG Engine               - profileDir: profiles/
11:21:41.137 [FXGL Background Thread 3 ] DEBUG Engine               - profileName: StringProperty [value: DEFAULT]
11:21:41.137 [FXGL Background Thread 3 ] DEBUG Engine               - randomSeed: -1
11:21:41.137 [FXGL Background Thread 3 ] DEBUG Engine               - runtimeInfo: RuntimeInfo(platform=WINDOWS, version=21.1, build=27.03.2024 07.52)
11:21:41.138 [FXGL Background Thread 3 ] DEBUG Engine               - saveFileExt: sav
11:21:41.138 [FXGL Background Thread 3 ] DEBUG Engine               - scaledHeightProp$fxgl: DoubleProperty [bound, value: 900.0]
11:21:41.138 [FXGL Background Thread 3 ] DEBUG Engine               - scaledWidthProp$fxgl: DoubleProperty [bound, value: 1600.0]
11:21:41.138 [FXGL Background Thread 3 ] DEBUG Engine               - sceneFactory: com.almasb.fxgl.app.scene.SceneFactory@65111526
11:21:41.138 [FXGL Background Thread 3 ] DEBUG Engine               - secondsIn24h: 60
11:21:41.138 [FXGL Background Thread 3 ] DEBUG Engine               - soundMenuBack: menu/back.wav
11:21:41.138 [FXGL Background Thread 3 ] DEBUG Engine               - soundMenuPress: menu/press.wav
11:21:41.138 [FXGL Background Thread 3 ] DEBUG Engine               - soundMenuSelect: menu/select.wav
11:21:41.138 [FXGL Background Thread 3 ] DEBUG Engine               - soundNotification: core/notification.wav
11:21:41.138 [FXGL Background Thread 3 ] DEBUG Engine               - stageStyle: DECORATED
11:21:41.138 [FXGL Background Thread 3 ] DEBUG Engine               - supportedLanguages: [ENGLISH, FRENCH, GERMAN, HUNGARIAN, RUSSIAN]
11:21:41.138 [FXGL Background Thread 3 ] DEBUG Engine               - ticksPerSecond: -1
11:21:41.138 [FXGL Background Thread 3 ] DEBUG Engine               - title: Produktionslinie
11:21:41.138 [FXGL Background Thread 3 ] DEBUG Engine               - urlGithub: https://github.com/AlmasB/FXGL
11:21:41.138 [FXGL Background Thread 3 ] DEBUG Engine               - urlLeaderboard: http://fxgl-top.herokuapp.com/
11:21:41.138 [FXGL Background Thread 3 ] DEBUG Engine               - urlPOM: https://raw.githubusercontent.com/AlmasB/FXGL/release/README.md
11:21:41.138 [FXGL Background Thread 3 ] DEBUG Engine               - userAppClass: class org.betriebssysteme.view.ProductionLineApp
11:21:41.138 [FXGL Background Thread 3 ] DEBUG Engine               - version: 0.0
11:21:41.138 [FXGL Background Thread 3 ] DEBUG Engine               - versionCheckDays: 7
11:21:41.138 [FXGL Background Thread 3 ] DEBUG Engine               - width: 1600
11:21:41.138 [FXGL Background Thread 3 ] DEBUG Engine               - Logging services
11:21:41.138 [FXGL Background Thread 3 ] DEBUG Engine               - class com.almasb.fxgl.app.services.FXGLAssetLoaderService
11:21:41.138 [FXGL Background Thread 3 ] DEBUG Engine               - class com.almasb.fxgl.app.FXGLApplication$GameApplicationService
11:21:41.138 [FXGL Background Thread 3 ] DEBUG Engine               - class com.almasb.fxgl.app.services.FXGLDialogService
11:21:41.138 [FXGL Background Thread 3 ] DEBUG Engine               - class com.almasb.fxgl.app.services.IOTaskExecutorService
11:21:41.138 [FXGL Background Thread 3 ] DEBUG Engine               - class com.almasb.fxgl.io.FileSystemService
11:21:41.138 [FXGL Background Thread 3 ] DEBUG Engine               - class com.almasb.fxgl.localization.LocalizationService
11:21:41.138 [FXGL Background Thread 3 ] DEBUG Engine               - class com.almasb.fxgl.app.services.SystemBundleService
11:21:41.138 [FXGL Background Thread 3 ] DEBUG Engine               - class com.almasb.fxgl.profile.SaveLoadService
11:21:41.140 [FXGL Background Thread 3 ] DEBUG Engine               - class com.almasb.fxgl.ui.FXGLUIFactoryServiceProvider
11:21:41.140 [FXGL Background Thread 3 ] DEBUG Engine               - class com.almasb.fxgl.ui.FXGLDialogFactoryServiceProvider
11:21:41.140 [FXGL Background Thread 3 ] DEBUG Engine               - class com.almasb.fxgl.audio.AudioPlayer
11:21:41.140 [FXGL Background Thread 3 ] DEBUG Engine               - class com.almasb.fxgl.notification.impl.NotificationServiceProvider
11:21:41.140 [FXGL Background Thread 3 ] DEBUG Engine               - class com.almasb.fxgl.achievement.AchievementService
11:21:41.140 [FXGL Background Thread 3 ] DEBUG Engine               - class com.almasb.fxgl.cutscene.CutsceneService
11:21:41.140 [FXGL Background Thread 3 ] DEBUG Engine               - class com.almasb.fxgl.minigames.MiniGameService
11:21:41.140 [FXGL Background Thread 3 ] DEBUG Engine               - class com.almasb.fxgl.net.NetService
11:21:41.140 [FXGL Background Thread 3 ] DEBUG Engine               - class com.almasb.fxgl.app.services.UpdaterService
11:21:41.140 [FXGL Background Thread 3 ] DEBUG Engine               - class com.almasb.fxgl.dev.DevService
11:21:48.728 [JavaFX Application Thread] DEBUG FXGLApplication      - Exiting FXGL
11:21:48.729 [JavaFX Application Thread] DEBUG LoopRunner           - Stopping loop
11:21:48.729 [JavaFX Application Thread] DEBUG SystemBundleService  - Saving FXGL system data
11:21:48.731 [JavaFX Application Thread] DEBUG FileSystemAccess     - Writing to: C:\Users\abdul\IdeaProjects\Produktionslinie\system\fxgl.bundle
11:21:48.733 [JavaFX Application Thread] DEBUG Async                - Shutting down background threads
11:21:48.733 [JavaFX Application Thread] DEBUG PrimaryStageWindow   - Closing main window
11:21:48.748 [JavaFX Application Thread] DEBUG Logger               - Closing Logger
