23:40:27.552 [main                     ] DEBUG Logger               - Configured Logger
23:40:27.574 [main                     ] DEBUG GameApplication      - Logging settings
Title: Produktionslinie
Version: 0.0
Width: 1600
Height: 900
Fullscreen: false
Intro: false
Profiling: false
Single step:false
App Mode: DEVELOPER
Menu Key: ESCAPE
Stage Style: DECORATED
Scene Factory: class com.almasb.fxgl.app.scene.SceneFactory

23:40:27.974 [JavaFX Application Thread] DEBUG FXGLApplication      - Initializing FXGL
23:40:27.978 [JavaFX Application Thread] INFO  Engine               - FXGL-21.1 (27.03.2024 07.52) on WINDOWS (J:21.0.9 FX:21.0.1)
23:40:27.978 [JavaFX Application Thread] DEBUG Engine               - JRE Vendor Name: Microsoft
23:40:27.978 [JavaFX Application Thread] DEBUG Engine               - Running on OS: Windows 11 version 10.0
23:40:27.979 [JavaFX Application Thread] DEBUG Engine               - Architecture: amd64
23:40:27.979 [JavaFX Application Thread] INFO  Engine               - Source code and latest versions at: https://github.com/AlmasB/FXGL
23:40:27.979 [JavaFX Application Thread] INFO  Engine               -       Ask questions and discuss at: https://github.com/AlmasB/FXGL/discussions
23:40:27.979 [JavaFX Application Thread] INFO  Engine               -              Join the FXGL chat at: https://gitter.im/AlmasB/FXGL
23:40:28.068 [JavaFX Application Thread] DEBUG PrimaryStageWindow   - Creating a JavaFX scene
23:40:28.110 [JavaFX Application Thread] DEBUG PrimaryStageWindow   - Target settings size: 1600.0 x 900.0
23:40:28.110 [JavaFX Application Thread] DEBUG PrimaryStageWindow   - Scaled scene size:    1600.0 x 900.0
23:40:28.110 [JavaFX Application Thread] DEBUG PrimaryStageWindow   - Scaled ratio: (1.0, 1.0)
23:40:28.111 [JavaFX Application Thread] DEBUG PrimaryStageWindow   - Set initial scene to FXGLStartupScene
23:40:28.113 [JavaFX Application Thread] DEBUG PrimaryStageWindow   - Opening main window
23:40:28.192 [JavaFX Application Thread] DEBUG PrimaryStageWindow   - Window border size: (16.0, 39.0)
23:40:28.192 [JavaFX Application Thread] DEBUG PrimaryStageWindow   - Scaled size: 1600.0 x 900.0
23:40:28.192 [JavaFX Application Thread] DEBUG PrimaryStageWindow   - Scaled ratio: (1.0, 1.0)
23:40:28.193 [JavaFX Application Thread] DEBUG PrimaryStageWindow   - Scene size: 1600.0 x 900.0
23:40:28.193 [JavaFX Application Thread] DEBUG PrimaryStageWindow   - Stage size: 1616.0 x 939.0
23:40:28.198 [FXGL Background Thread 1 ] DEBUG Engine               - Initializing environment variables
23:40:28.243 [FXGL Background Thread 1 ] DEBUG FXGLAssetLoaderServi - User app class for loading assets: class org.betriebssysteme.view.ProductionLineApp
23:40:28.243 [FXGL Background Thread 1 ] DEBUG GameApplicationServi - Applying CSS: fxgl_dark.css
23:40:28.244 [FXGL Background Thread 1 ] DEBUG FXGLAssetLoaderServi - Loading from file system: jar:file:/C:/Users/abdul/.m2/repository/com/github/almasb/fxgl/21.1/fxgl-21.1.jar!/fxglassets/ui/css/fxgl_dark.css
23:40:28.276 [FXGL Background Thread 1 ] DEBUG GameApplicationServi - Initializing application scenes
23:40:28.318 [FXGL Background Thread 1 ] DEBUG GameWorld            - Game world initialized
23:40:28.388 [FXGL Background Thread 1 ] DEBUG PhysicsWorld         - Physics world initialized: appHeight=900, physics.ppm=50,0
23:40:28.388 [FXGL Background Thread 1 ] DEBUG PhysicsWorld         - Using strategy: BRUTE_FORCE
23:40:28.390 [FXGL Background Thread 1 ] DEBUG GameScene            - Game scene initialized: 1600x900
23:40:28.401 [FXGL Background Thread 1 ] DEBUG FXGL.DefaultMenu     - createMenuBodyGameMenu()
23:40:28.415 [FXGL Background Thread 1 ] DEBUG FXGL.DefaultMenu     - createOptionsMenu()
23:40:28.423 [FXGL Background Thread 1 ] DEBUG FXGLAssetLoaderServi - Loading from file system: jar:file:/C:/Users/abdul/.m2/repository/com/github/almasb/fxgl/21.1/fxgl-21.1.jar!/fxglassets/textures/particles/smoke.png
23:40:28.520 [FXGL Background Thread 1 ] DEBUG FXGLAssetLoaderServi - Loading from file system: jar:file:/C:/Users/abdul/.m2/repository/com/github/almasb/fxgl/21.1/fxgl-21.1.jar!/fxglassets/textures/particles/trace_horizontal.png
23:40:28.542 [FXGL Background Thread 1 ] DEBUG GameApplicationServi - Application scenes initialized
23:40:28.554 [FXGL Background Thread 1 ] DEBUG SystemBundleService  - Loading FXGL system data
23:40:28.556 [FXGL Background Thread 1 ] DEBUG FileSystemAccess     - Reading from: C:\Users\abdul\IdeaProjects\Produktionslinie\system\fxgl.bundle
23:40:28.564 [FXGL Background Thread 1 ] DEBUG SystemBundleService  - Bundle FXGL: {}
23:40:28.564 [FXGL Background Thread 1 ] DEBUG UpdaterService       - Checking for updates
23:40:28.595 [FXGL Background Thread 4 ] DEBUG FXGLApplication      - Loading fonts
23:40:28.596 [FXGL Background Thread 4 ] DEBUG FXGLAssetLoaderServi - Loading from file system: jar:file:/C:/Users/abdul/.m2/repository/com/github/almasb/fxgl/21.1/fxgl-21.1.jar!/fxglassets/ui/fonts/VarelaRound-Regular.ttf
23:40:28.596 [FXGL Background Thread 1 ] DEBUG FXGLApplication      - Loading default localization
23:40:28.596 [FXGL Background Thread 1 ] DEBUG FXGLAssetLoaderServi - Loading from file system: jar:file:/C:/Users/abdul/.m2/repository/com/github/almasb/fxgl/21.1/fxgl-21.1.jar!/fxglassets/languages/english.lang
23:40:28.630 [FXGL Background Thread 1 ] INFO  FXGLApplication      - FXGL initialization took: 0,432 sec
23:40:28.633 [FXGL Background Thread 4 ] DEBUG FXGLAssetLoaderServi - Loading from file system: jar:file:/C:/Users/abdul/.m2/repository/com/github/almasb/fxgl/21.1/fxgl-21.1.jar!/fxglassets/ui/fonts/Abel-Regular.ttf
23:40:28.644 [FXGL Background Thread 4 ] DEBUG FXGLAssetLoaderServi - Loading from file system: jar:file:/C:/Users/abdul/.m2/repository/com/github/almasb/fxgl/21.1/fxgl-21.1.jar!/fxglassets/ui/fonts/TerminalLandMono-Regular.otf
23:40:28.646 [JavaFX Application Thread] DEBUG Input                - Registered new binding: action0 - R
23:40:28.648 [JavaFX Application Thread] DEBUG FXGLAssetLoaderServi - Loading from file system: jar:file:/C:/Users/abdul/.m2/repository/com/github/almasb/fxgl/21.1/fxgl-21.1.jar!/fxglassets/textures/fxgl_icon.png
23:40:28.654 [FXGL Background Thread 4 ] DEBUG FXGLAssetLoaderServi - Loading from file system: jar:file:/C:/Users/abdul/.m2/repository/com/github/almasb/fxgl/21.1/fxgl-21.1.jar!/fxglassets/ui/fonts/Courier-Prime.ttf
23:40:28.663 [JavaFX Application Thread] DEBUG FXGLAssetLoaderServi - Loading from file system: jar:file:/C:/Users/abdul/.m2/repository/com/github/almasb/fxgl/21.1/fxgl-21.1.jar!/fxglassets/textures/fxgl_default_cursor.png
23:40:28.667 [JavaFX Application Thread] DEBUG Input                - Registered new binding: Screenshot - CTRL+8
23:40:28.669 [JavaFX Application Thread] DEBUG Input                - Registered new binding: Dev Options - 1
23:40:28.670 [JavaFX Application Thread] DEBUG Input                - Registered new binding: Dev Console - 2
23:40:28.671 [JavaFX Application Thread] DEBUG Input                - Registered new binding: System info dump - CTRL+9
23:40:28.672 [JavaFX Application Thread] DEBUG Input                - Registered new binding: Restart - CTRL+R
23:40:28.674 [JavaFX Application Thread] DEBUG Input                - Registered new binding: Toggle Debug Camera - CTRL+7
23:40:28.686 [JavaFX Application Thread] DEBUG LoopRunner           - Starting loop
23:40:28.717 [JavaFX Application Thread] DEBUG LoopRunner           - Initializing JavaFX AnimationTimerLoop
23:40:28.718 [JavaFX Application Thread] DEBUG GameApplicationServi - Starting new game
23:40:28.719 [JavaFX Application Thread] DEBUG Input                - Clearing active input actions
23:40:28.733 [JavaFX Application Thread] DEBUG GameApplicationServi - Removing overlay from FXGLStartupScene and adding to FXGLLoadingScene
23:40:28.736 [JavaFX Application Thread] DEBUG PrimaryStageWindow   - FXGLStartupScene -> FXGLLoadingScene
23:40:28.736 [JavaFX Application Thread] DEBUG GameApplicationServi - Clearing previous game
23:40:28.736 [JavaFX Application Thread] DEBUG GameScene            - Clearing game scene
23:40:28.737 [JavaFX Application Thread] DEBUG GameWorld            - Clearing game world
23:40:28.737 [JavaFX Application Thread] DEBUG PhysicsWorld         - Clearing physics world
23:40:28.738 [FXGL Background Thread 4 ] DEBUG FXGLApplication      - Initializing game
23:40:28.739 [JavaFX Application Thread] DEBUG FXGLApplication      - Registering font factories with UI factory
23:40:28.764 [FXGL Background Thread 4 ] WARN  TMXLevelLoader       - TiledMap generated from 1.11.2. Supported version: 1.9.0. Some features may not be parsed fully.
23:40:28.773 [FXGL Background Thread 4 ] DEBUG TMXLevelLoader       - Parsed TiledMap: file:/C:/Users/abdul/IdeaProjects/Produktionslinie/target/classes/assets/levels/map.tmx
23:40:28.775 [FXGL Background Thread 4 ] DEBUG TMXLevelLoader       - Creating tile layer entities
23:40:28.779 [FXGL Background Thread 4 ] DEBUG TilesetLoader        - Loading view for layer Kachelebene 1
23:40:28.785 [FXGL Background Thread 4 ] DEBUG TilesetLoader        - Created buffer with size 3200.0x3200.0
23:40:28.826 [FXGL Background Thread 4 ] DEBUG TMXLevelLoader       - Creating object layer entities
23:40:28.827 [FXGL Background Thread 4 ] DEBUG GameWorld            - Clearing removable entities
23:40:28.828 [FXGL Background Thread 4 ] DEBUG GameWorld            - Setting level: com.almasb.fxgl.entity.level.Level@97c2802
23:40:28.855 [FXGL Background Thread 4 ] DEBUG FXGLAssetLoaderServi - Loading from file system: file:/C:/Users/abdul/IdeaProjects/Produktionslinie/target/classes/assets/textures/Info_Menu_Machine_Asset.png
23:40:28.905 [FXGL Background Thread 4 ] DEBUG FXGLAssetLoaderServi - Loading from file system: file:/C:/Users/abdul/IdeaProjects/Produktionslinie/target/classes/assets/textures/Turning_Off_Animation.png
23:40:28.911 [FXGL Background Thread 4 ] DEBUG FXGLAssetLoaderServi - Loading from file system: file:/C:/Users/abdul/IdeaProjects/Produktionslinie/target/classes/assets/textures/Turning_On_Animation.png
23:40:28.912 [FXGL Background Thread 4 ] DEBUG FXGLAssetLoaderServi - Loading from file system: file:/C:/Users/abdul/IdeaProjects/Produktionslinie/target/classes/assets/textures/Production_While_Taking_Items_Animation.png
23:40:28.913 [FXGL Background Thread 4 ] DEBUG FXGLAssetLoaderServi - Loading from file system: file:/C:/Users/abdul/IdeaProjects/Produktionslinie/target/classes/assets/textures/Production_Without_Taking_Items_Animation.png
23:40:28.957 [FXGL Background Thread 4 ] DEBUG FXGLAssetLoaderServi - Loading from file system: file:/C:/Users/abdul/IdeaProjects/Produktionslinie/target/classes/assets/textures/belt-start.png
23:40:28.958 [FXGL Background Thread 4 ] DEBUG FXGLAssetLoaderServi - Loading from file system: file:/C:/Users/abdul/IdeaProjects/Produktionslinie/target/classes/assets/textures/belt-mid.png
23:40:28.959 [FXGL Background Thread 4 ] DEBUG FXGLAssetLoaderServi - Loading from file system: file:/C:/Users/abdul/IdeaProjects/Produktionslinie/target/classes/assets/textures/belt-end.png
23:40:28.984 [FXGL Background Thread 4 ] DEBUG FXGLAssetLoaderServi - Loading from file system: file:/C:/Users/abdul/IdeaProjects/Produktionslinie/target/classes/assets/textures/item.png
23:40:28.992 [FXGL Background Thread 4 ] INFO  FXGLApplication      - Game initialization took: 0,254 sec
23:40:29.016 [JavaFX Application Thread] DEBUG Input                - Clearing active input actions
23:40:29.025 [JavaFX Application Thread] DEBUG GameApplicationServi - Removing overlay from FXGLLoadingScene and adding to GameScene
23:40:29.028 [JavaFX Application Thread] DEBUG PrimaryStageWindow   - FXGLLoadingScene -> GameScene
23:40:31.596 [FXGL Background Thread 3 ] DEBUG Engine               - Logging environment variables
23:40:31.597 [FXGL Background Thread 3 ] DEBUG Engine               - achievements: []
23:40:31.597 [FXGL Background Thread 3 ] DEBUG Engine               - actualHeight: 900.0
23:40:31.597 [FXGL Background Thread 3 ] DEBUG Engine               - actualHeightProperty: ReadOnlyDoubleProperty [value: 900.0]
23:40:31.597 [FXGL Background Thread 3 ] DEBUG Engine               - actualWidth: 1600.0
23:40:31.597 [FXGL Background Thread 3 ] DEBUG Engine               - actualWidthProperty: ReadOnlyDoubleProperty [value: 1600.0]
23:40:31.597 [FXGL Background Thread 3 ] DEBUG Engine               - appIcon: fxgl_icon.png
23:40:31.597 [FXGL Background Thread 3 ] DEBUG Engine               - applicationMode: DEVELOPER
23:40:31.597 [FXGL Background Thread 3 ] DEBUG Engine               - cSSList: [fxgl_dark.css]
23:40:31.597 [FXGL Background Thread 3 ] DEBUG Engine               - collisionDetectionStrategy: BRUTE_FORCE
23:40:31.597 [FXGL Background Thread 3 ] DEBUG Engine               - configClass: Optional.empty
23:40:31.597 [FXGL Background Thread 3 ] DEBUG Engine               - credits: []
23:40:31.597 [FXGL Background Thread 3 ] DEBUG Engine               - defaultCursor: CursorInfo(imageName=fxgl_default_cursor.png, hotspotX=7.0, hotspotY=6.0)
23:40:31.599 [FXGL Background Thread 3 ] DEBUG Engine               - devBBoxColorProperty: ObjectProperty [value: 0xff0000ff]
23:40:31.599 [FXGL Background Thread 3 ] DEBUG Engine               - devEnableDebugCameraProperty: BooleanProperty [value: false]
23:40:31.599 [FXGL Background Thread 3 ] DEBUG Engine               - devSensorColorProperty: ObjectProperty [value: 0xffff00ff]
23:40:31.599 [FXGL Background Thread 3 ] DEBUG Engine               - devShowBBoxProperty: BooleanProperty [value: false]
23:40:31.599 [FXGL Background Thread 3 ] DEBUG Engine               - devShowPositionProperty: BooleanProperty [value: false]
23:40:31.599 [FXGL Background Thread 3 ] DEBUG Engine               - enabledMenuItems: []
23:40:31.599 [FXGL Background Thread 3 ] DEBUG Engine               - engineServices: [class com.almasb.fxgl.app.services.FXGLAssetLoaderService, class com.almasb.fxgl.app.FXGLApplication$GameApplicationService, class com.almasb.fxgl.app.services.FXGLDialogService, class com.almasb.fxgl.app.services.IOTaskExecutorService, class com.almasb.fxgl.io.FileSystemService, class com.almasb.fxgl.localization.LocalizationService, class com.almasb.fxgl.app.services.SystemBundleService, class com.almasb.fxgl.profile.SaveLoadService, class com.almasb.fxgl.ui.FXGLUIFactoryServiceProvider, class com.almasb.fxgl.ui.FXGLDialogFactoryServiceProvider, class com.almasb.fxgl.audio.AudioPlayer, class com.almasb.fxgl.notification.impl.NotificationServiceProvider, class com.almasb.fxgl.achievement.AchievementService, class com.almasb.fxgl.cutscene.CutsceneService, class com.almasb.fxgl.minigames.MiniGameService, class com.almasb.fxgl.net.NetService, class com.almasb.fxgl.app.services.UpdaterService, class com.almasb.fxgl.dev.DevService]
23:40:31.599 [FXGL Background Thread 3 ] DEBUG Engine               - fontGame: Abel-Regular.ttf
23:40:31.599 [FXGL Background Thread 3 ] DEBUG Engine               - fontMono: TerminalLandMono-Regular.otf
23:40:31.599 [FXGL Background Thread 3 ] DEBUG Engine               - fontSizeScaleUI: 1.0
23:40:31.599 [FXGL Background Thread 3 ] DEBUG Engine               - fontText: Courier-Prime.ttf
23:40:31.599 [FXGL Background Thread 3 ] DEBUG Engine               - fontUI: VarelaRound-Regular.ttf
23:40:31.599 [FXGL Background Thread 3 ] DEBUG Engine               - fullScreen: BooleanProperty [value: false]
23:40:31.599 [FXGL Background Thread 3 ] DEBUG Engine               - gameDifficulty: MEDIUM
23:40:31.599 [FXGL Background Thread 3 ] DEBUG Engine               - gameDifficultyProperty: ObjectProperty [value: MEDIUM]
23:40:31.599 [FXGL Background Thread 3 ] DEBUG Engine               - globalMusicVolume: 0.5
23:40:31.599 [FXGL Background Thread 3 ] DEBUG Engine               - globalMusicVolumeProperty: DoubleProperty [value: 0.5]
23:40:31.599 [FXGL Background Thread 3 ] DEBUG Engine               - globalSoundVolume: 0.5
23:40:31.599 [FXGL Background Thread 3 ] DEBUG Engine               - globalSoundVolumeProperty: DoubleProperty [value: 0.5]
23:40:31.600 [FXGL Background Thread 3 ] DEBUG Engine               - height: 900
23:40:31.600 [FXGL Background Thread 3 ] DEBUG Engine               - is3D: false
23:40:31.600 [FXGL Background Thread 3 ] DEBUG Engine               - isAndroid: false
23:40:31.600 [FXGL Background Thread 3 ] DEBUG Engine               - isBrowser: false
23:40:31.600 [FXGL Background Thread 3 ] DEBUG Engine               - isClickFeedbackEnabled: false
23:40:31.600 [FXGL Background Thread 3 ] DEBUG Engine               - isCloseConfirmation: false
23:40:31.600 [FXGL Background Thread 3 ] DEBUG Engine               - isDesktop: true
23:40:31.600 [FXGL Background Thread 3 ] DEBUG Engine               - isDeveloperMenuEnabled: true
23:40:31.600 [FXGL Background Thread 3 ] DEBUG Engine               - isEmbedded: false
23:40:31.600 [FXGL Background Thread 3 ] DEBUG Engine               - isEntityPreloadEnabled: true
23:40:31.600 [FXGL Background Thread 3 ] DEBUG Engine               - isExperimentalTiledLargeMap: false
23:40:31.600 [FXGL Background Thread 3 ] DEBUG Engine               - isFileSystemWriteAllowed: true
23:40:31.600 [FXGL Background Thread 3 ] DEBUG Engine               - isFullScreenAllowed: false
23:40:31.600 [FXGL Background Thread 3 ] DEBUG Engine               - isFullScreenFromStart: false
23:40:31.600 [FXGL Background Thread 3 ] DEBUG Engine               - isGameMenuEnabled: true
23:40:31.600 [FXGL Background Thread 3 ] DEBUG Engine               - isIOS: false
23:40:31.600 [FXGL Background Thread 3 ] DEBUG Engine               - isIntroEnabled: false
23:40:31.600 [FXGL Background Thread 3 ] DEBUG Engine               - isLinux: false
23:40:31.600 [FXGL Background Thread 3 ] DEBUG Engine               - isMac: false
23:40:31.600 [FXGL Background Thread 3 ] DEBUG Engine               - isMainMenuEnabled: false
23:40:31.600 [FXGL Background Thread 3 ] DEBUG Engine               - isManualResizeEnabled: false
23:40:31.600 [FXGL Background Thread 3 ] DEBUG Engine               - isMobile: false
23:40:31.600 [FXGL Background Thread 3 ] DEBUG Engine               - isNative: false
23:40:31.600 [FXGL Background Thread 3 ] DEBUG Engine               - isPauseMusicWhenMinimized: true
23:40:31.600 [FXGL Background Thread 3 ] DEBUG Engine               - isPreserveResizeRatio: false
23:40:31.600 [FXGL Background Thread 3 ] DEBUG Engine               - isProfilingEnabled: false
23:40:31.601 [FXGL Background Thread 3 ] DEBUG Engine               - isScaleAffectedOnResize: true
23:40:31.601 [FXGL Background Thread 3 ] DEBUG Engine               - isSingleStep: false
23:40:31.601 [FXGL Background Thread 3 ] DEBUG Engine               - isUserProfileEnabled: false
23:40:31.601 [FXGL Background Thread 3 ] DEBUG Engine               - isWindows: true
23:40:31.601 [FXGL Background Thread 3 ] DEBUG Engine               - language: ObjectProperty [value: ENGLISH]
23:40:31.601 [FXGL Background Thread 3 ] DEBUG Engine               - menuKey: ESCAPE
23:40:31.601 [FXGL Background Thread 3 ] DEBUG Engine               - mouseSensitivity: 0.2
23:40:31.601 [FXGL Background Thread 3 ] DEBUG Engine               - notificationViewClass: class com.almasb.fxgl.notification.view.XboxNotificationView
23:40:31.601 [FXGL Background Thread 3 ] DEBUG Engine               - pixelsPerMeter: 50.0
23:40:31.601 [FXGL Background Thread 3 ] DEBUG Engine               - platform: WINDOWS
23:40:31.601 [FXGL Background Thread 3 ] DEBUG Engine               - prefHeightProperty: ReadOnlyDoubleProperty [value: 900.0]
23:40:31.601 [FXGL Background Thread 3 ] DEBUG Engine               - prefWidthProperty: ReadOnlyDoubleProperty [value: 1600.0]
23:40:31.601 [FXGL Background Thread 3 ] DEBUG Engine               - profileDir: profiles/
23:40:31.601 [FXGL Background Thread 3 ] DEBUG Engine               - profileName: StringProperty [value: DEFAULT]
23:40:31.601 [FXGL Background Thread 3 ] DEBUG Engine               - randomSeed: -1
23:40:31.601 [FXGL Background Thread 3 ] DEBUG Engine               - runtimeInfo: RuntimeInfo(platform=WINDOWS, version=21.1, build=27.03.2024 07.52)
23:40:31.602 [FXGL Background Thread 3 ] DEBUG Engine               - saveFileExt: sav
23:40:31.602 [FXGL Background Thread 3 ] DEBUG Engine               - scaledHeightProp$fxgl: DoubleProperty [bound, value: 900.0]
23:40:31.602 [FXGL Background Thread 3 ] DEBUG Engine               - scaledWidthProp$fxgl: DoubleProperty [bound, value: 1600.0]
23:40:31.602 [FXGL Background Thread 3 ] DEBUG Engine               - sceneFactory: com.almasb.fxgl.app.scene.SceneFactory@46a82d21
23:40:31.602 [FXGL Background Thread 3 ] DEBUG Engine               - secondsIn24h: 60
23:40:31.602 [FXGL Background Thread 3 ] DEBUG Engine               - soundMenuBack: menu/back.wav
23:40:31.602 [FXGL Background Thread 3 ] DEBUG Engine               - soundMenuPress: menu/press.wav
23:40:31.602 [FXGL Background Thread 3 ] DEBUG Engine               - soundMenuSelect: menu/select.wav
23:40:31.602 [FXGL Background Thread 3 ] DEBUG Engine               - soundNotification: core/notification.wav
23:40:31.602 [FXGL Background Thread 3 ] DEBUG Engine               - stageStyle: DECORATED
23:40:31.602 [FXGL Background Thread 3 ] DEBUG Engine               - supportedLanguages: [ENGLISH, FRENCH, GERMAN, HUNGARIAN, RUSSIAN]
23:40:31.602 [FXGL Background Thread 3 ] DEBUG Engine               - ticksPerSecond: -1
23:40:31.602 [FXGL Background Thread 3 ] DEBUG Engine               - title: Produktionslinie
23:40:31.602 [FXGL Background Thread 3 ] DEBUG Engine               - urlGithub: https://github.com/AlmasB/FXGL
23:40:31.602 [FXGL Background Thread 3 ] DEBUG Engine               - urlLeaderboard: http://fxgl-top.herokuapp.com/
23:40:31.602 [FXGL Background Thread 3 ] DEBUG Engine               - urlPOM: https://raw.githubusercontent.com/AlmasB/FXGL/release/README.md
23:40:31.602 [FXGL Background Thread 3 ] DEBUG Engine               - userAppClass: class org.betriebssysteme.view.ProductionLineApp
23:40:31.602 [FXGL Background Thread 3 ] DEBUG Engine               - version: 0.0
23:40:31.602 [FXGL Background Thread 3 ] DEBUG Engine               - versionCheckDays: 7
23:40:31.602 [FXGL Background Thread 3 ] DEBUG Engine               - width: 1600
23:40:31.602 [FXGL Background Thread 3 ] DEBUG Engine               - Logging services
23:40:31.602 [FXGL Background Thread 3 ] DEBUG Engine               - class com.almasb.fxgl.app.services.FXGLAssetLoaderService
23:40:31.602 [FXGL Background Thread 3 ] DEBUG Engine               - class com.almasb.fxgl.app.FXGLApplication$GameApplicationService
23:40:31.602 [FXGL Background Thread 3 ] DEBUG Engine               - class com.almasb.fxgl.app.services.FXGLDialogService
23:40:31.602 [FXGL Background Thread 3 ] DEBUG Engine               - class com.almasb.fxgl.app.services.IOTaskExecutorService
23:40:31.602 [FXGL Background Thread 3 ] DEBUG Engine               - class com.almasb.fxgl.io.FileSystemService
23:40:31.602 [FXGL Background Thread 3 ] DEBUG Engine               - class com.almasb.fxgl.localization.LocalizationService
23:40:31.604 [FXGL Background Thread 3 ] DEBUG Engine               - class com.almasb.fxgl.app.services.SystemBundleService
23:40:31.604 [FXGL Background Thread 3 ] DEBUG Engine               - class com.almasb.fxgl.profile.SaveLoadService
23:40:31.604 [FXGL Background Thread 3 ] DEBUG Engine               - class com.almasb.fxgl.ui.FXGLUIFactoryServiceProvider
23:40:31.604 [FXGL Background Thread 3 ] DEBUG Engine               - class com.almasb.fxgl.ui.FXGLDialogFactoryServiceProvider
23:40:31.604 [FXGL Background Thread 3 ] DEBUG Engine               - class com.almasb.fxgl.audio.AudioPlayer
23:40:31.604 [FXGL Background Thread 3 ] DEBUG Engine               - class com.almasb.fxgl.notification.impl.NotificationServiceProvider
23:40:31.604 [FXGL Background Thread 3 ] DEBUG Engine               - class com.almasb.fxgl.achievement.AchievementService
23:40:31.604 [FXGL Background Thread 3 ] DEBUG Engine               - class com.almasb.fxgl.cutscene.CutsceneService
23:40:31.604 [FXGL Background Thread 3 ] DEBUG Engine               - class com.almasb.fxgl.minigames.MiniGameService
23:40:31.604 [FXGL Background Thread 3 ] DEBUG Engine               - class com.almasb.fxgl.net.NetService
23:40:31.604 [FXGL Background Thread 3 ] DEBUG Engine               - class com.almasb.fxgl.app.services.UpdaterService
23:40:31.604 [FXGL Background Thread 3 ] DEBUG Engine               - class com.almasb.fxgl.dev.DevService
23:40:43.152 [JavaFX Application Thread] DEBUG FXGLApplication      - Exiting FXGL
23:40:43.152 [JavaFX Application Thread] DEBUG LoopRunner           - Stopping loop
23:40:43.152 [JavaFX Application Thread] DEBUG SystemBundleService  - Saving FXGL system data
23:40:43.156 [JavaFX Application Thread] DEBUG FileSystemAccess     - Writing to: C:\Users\abdul\IdeaProjects\Produktionslinie\system\fxgl.bundle
23:40:43.157 [JavaFX Application Thread] DEBUG Async                - Shutting down background threads
23:40:43.159 [JavaFX Application Thread] DEBUG PrimaryStageWindow   - Closing main window
23:40:43.173 [JavaFX Application Thread] DEBUG Logger               - Closing Logger
