19:37:44.144 [main                     ] DEBUG Logger               - Configured Logger
19:37:44.154 [main                     ] DEBUG GameApplication      - Logging settings
Title: Produktionslinie
Version: 0.0
Width: 1600
Height: 900
Fullscreen: false
Intro: false
Profiling: false
Single step:false
App Mode: DEVELOPER
Menu Key: ESCAPE
Stage Style: DECORATED
Scene Factory: class com.almasb.fxgl.app.scene.SceneFactory

19:37:44.435 [JavaFX Application Thread] DEBUG FXGLApplication      - Initializing FXGL
19:37:44.439 [JavaFX Application Thread] INFO  Engine               - FXGL-21.1 (27.03.2024 07.52) on WINDOWS (J:24.0.1 FX:24.0.1+1)
19:37:44.439 [JavaFX Application Thread] DEBUG Engine               - JRE Vendor Name: BellSoft
19:37:44.439 [JavaFX Application Thread] DEBUG Engine               - Running on OS: Windows 11 version 10.0
19:37:44.439 [JavaFX Application Thread] DEBUG Engine               - Architecture: amd64
19:37:44.439 [JavaFX Application Thread] INFO  Engine               - Source code and latest versions at: https://github.com/AlmasB/FXGL
19:37:44.439 [JavaFX Application Thread] INFO  Engine               -       Ask questions and discuss at: https://github.com/AlmasB/FXGL/discussions
19:37:44.439 [JavaFX Application Thread] INFO  Engine               -              Join the FXGL chat at: https://gitter.im/AlmasB/FXGL
19:37:44.530 [JavaFX Application Thread] DEBUG PrimaryStageWindow   - Creating a JavaFX scene
19:37:44.530 [JavaFX Application Thread] DEBUG PrimaryStageWindow   - Target size > screen size
19:37:44.568 [JavaFX Application Thread] DEBUG PrimaryStageWindow   - Target settings size: 1600.0 x 900.0
19:37:44.568 [JavaFX Application Thread] DEBUG PrimaryStageWindow   - Scaled scene size:    1415.0 x 810.0
19:37:44.569 [JavaFX Application Thread] DEBUG PrimaryStageWindow   - Scaled ratio: (0.884375, 0.9)
19:37:44.570 [JavaFX Application Thread] DEBUG PrimaryStageWindow   - Set initial scene to FXGLStartupScene
19:37:44.576 [JavaFX Application Thread] DEBUG PrimaryStageWindow   - Opening main window
19:37:44.828 [JavaFX Application Thread] DEBUG PrimaryStageWindow   - Window border size: (15.0, 37.33331298828125)
19:37:44.828 [JavaFX Application Thread] DEBUG PrimaryStageWindow   - Scaled size: 1415.0 x 810.0
19:37:44.828 [JavaFX Application Thread] DEBUG PrimaryStageWindow   - Scaled ratio: (0.884375, 0.9)
19:37:44.828 [JavaFX Application Thread] DEBUG PrimaryStageWindow   - Scene size: 1415.0 x 810.0
19:37:44.829 [JavaFX Application Thread] DEBUG PrimaryStageWindow   - Stage size: 1430.0 x 847.3333129882812
19:37:44.844 [FXGL Background Thread 1 ] DEBUG Engine               - Initializing environment variables
19:37:44.948 [FXGL Background Thread 1 ] DEBUG FXGLAssetLoaderServi - User app class for loading assets: class org.betriebssysteme.view.ProductionLineApp
19:37:44.948 [FXGL Background Thread 1 ] DEBUG GameApplicationServi - Applying CSS: fxgl_dark.css
19:37:44.950 [FXGL Background Thread 1 ] DEBUG FXGLAssetLoaderServi - Loading from file system: jar:file:/C:/Users/user/.m2/repository/com/github/AlmasB/FXGL/21.1/fxgl-21.1.jar!/fxglassets/ui/css/fxgl_dark.css
19:37:45.014 [FXGL Background Thread 1 ] DEBUG GameApplicationServi - Initializing application scenes
19:37:45.081 [FXGL Background Thread 1 ] DEBUG GameWorld            - Game world initialized
19:37:45.161 [FXGL Background Thread 1 ] DEBUG PhysicsWorld         - Physics world initialized: appHeight=900, physics.ppm=50,0
19:37:45.161 [FXGL Background Thread 1 ] DEBUG PhysicsWorld         - Using strategy: BRUTE_FORCE
19:37:45.166 [FXGL Background Thread 1 ] DEBUG GameScene            - Game scene initialized: 1600x900
19:37:45.183 [FXGL Background Thread 1 ] DEBUG FXGL.DefaultMenu     - createMenuBodyGameMenu()
19:37:45.195 [FXGL Background Thread 1 ] DEBUG FXGL.DefaultMenu     - createOptionsMenu()
19:37:45.211 [FXGL Background Thread 1 ] DEBUG FXGLAssetLoaderServi - Loading from file system: jar:file:/C:/Users/user/.m2/repository/com/github/AlmasB/FXGL/21.1/fxgl-21.1.jar!/fxglassets/textures/particles/smoke.png
19:37:45.319 [FXGL Background Thread 1 ] DEBUG FXGLAssetLoaderServi - Loading from file system: jar:file:/C:/Users/user/.m2/repository/com/github/AlmasB/FXGL/21.1/fxgl-21.1.jar!/fxglassets/textures/particles/trace_horizontal.png
19:37:45.348 [FXGL Background Thread 1 ] DEBUG GameApplicationServi - Application scenes initialized
19:37:45.364 [FXGL Background Thread 1 ] DEBUG SystemBundleService  - Loading FXGL system data
19:37:45.376 [FXGL Background Thread 1 ] DEBUG FileSystemAccess     - Reading from: C:\Users\user\IdeaProjects\Produktionslinie\system\fxgl.bundle
19:37:45.385 [FXGL Background Thread 1 ] DEBUG SystemBundleService  - Bundle FXGL: {}
19:37:45.385 [FXGL Background Thread 1 ] DEBUG UpdaterService       - Checking for updates
19:37:45.409 [FXGL Background Thread 4 ] DEBUG FXGLApplication      - Loading fonts
19:37:45.409 [FXGL Background Thread 4 ] DEBUG FXGLAssetLoaderServi - Loading from file system: jar:file:/C:/Users/user/.m2/repository/com/github/AlmasB/FXGL/21.1/fxgl-21.1.jar!/fxglassets/ui/fonts/VarelaRound-Regular.ttf
19:37:45.410 [FXGL Background Thread 1 ] DEBUG FXGLApplication      - Loading default localization
19:37:45.410 [FXGL Background Thread 1 ] DEBUG FXGLAssetLoaderServi - Loading from file system: jar:file:/C:/Users/user/.m2/repository/com/github/AlmasB/FXGL/21.1/fxgl-21.1.jar!/fxglassets/languages/english.lang
19:37:45.449 [FXGL Background Thread 1 ] INFO  FXGLApplication      - FXGL initialization took: 0,604 sec
19:37:45.456 [FXGL Background Thread 4 ] DEBUG FXGLAssetLoaderServi - Loading from file system: jar:file:/C:/Users/user/.m2/repository/com/github/AlmasB/FXGL/21.1/fxgl-21.1.jar!/fxglassets/ui/fonts/Abel-Regular.ttf
19:37:45.462 [JavaFX Application Thread] DEBUG Input                - Registered new binding: action0 - R
19:37:45.468 [JavaFX Application Thread] DEBUG FXGLAssetLoaderServi - Loading from file system: jar:file:/C:/Users/user/.m2/repository/com/github/AlmasB/FXGL/21.1/fxgl-21.1.jar!/fxglassets/textures/fxgl_icon.png
19:37:45.472 [FXGL Background Thread 4 ] DEBUG FXGLAssetLoaderServi - Loading from file system: jar:file:/C:/Users/user/.m2/repository/com/github/AlmasB/FXGL/21.1/fxgl-21.1.jar!/fxglassets/ui/fonts/TerminalLandMono-Regular.otf
19:37:45.486 [JavaFX Application Thread] DEBUG FXGLAssetLoaderServi - Loading from file system: jar:file:/C:/Users/user/.m2/repository/com/github/AlmasB/FXGL/21.1/fxgl-21.1.jar!/fxglassets/textures/fxgl_default_cursor.png
19:37:45.487 [FXGL Background Thread 4 ] DEBUG FXGLAssetLoaderServi - Loading from file system: jar:file:/C:/Users/user/.m2/repository/com/github/AlmasB/FXGL/21.1/fxgl-21.1.jar!/fxglassets/ui/fonts/Courier-Prime.ttf
19:37:45.491 [JavaFX Application Thread] DEBUG Input                - Registered new binding: Screenshot - CTRL+8
19:37:45.492 [JavaFX Application Thread] DEBUG Input                - Registered new binding: Dev Options - 1
19:37:45.493 [JavaFX Application Thread] DEBUG Input                - Registered new binding: Dev Console - 2
19:37:45.494 [JavaFX Application Thread] DEBUG Input                - Registered new binding: System info dump - CTRL+9
19:37:45.494 [JavaFX Application Thread] DEBUG Input                - Registered new binding: Restart - CTRL+R
19:37:45.496 [JavaFX Application Thread] DEBUG Input                - Registered new binding: Toggle Debug Camera - CTRL+7
19:37:45.503 [JavaFX Application Thread] DEBUG LoopRunner           - Starting loop
19:37:45.521 [JavaFX Application Thread] DEBUG LoopRunner           - Initializing JavaFX AnimationTimerLoop
19:37:45.525 [JavaFX Application Thread] DEBUG GameApplicationServi - Starting new game
19:37:45.525 [JavaFX Application Thread] DEBUG Input                - Clearing active input actions
19:37:45.541 [JavaFX Application Thread] DEBUG GameApplicationServi - Removing overlay from FXGLStartupScene and adding to FXGLLoadingScene
19:37:45.550 [JavaFX Application Thread] DEBUG PrimaryStageWindow   - FXGLStartupScene -> FXGLLoadingScene
19:37:45.550 [JavaFX Application Thread] DEBUG GameApplicationServi - Clearing previous game
19:37:45.550 [JavaFX Application Thread] DEBUG GameScene            - Clearing game scene
19:37:45.550 [JavaFX Application Thread] DEBUG GameWorld            - Clearing game world
19:37:45.550 [JavaFX Application Thread] DEBUG PhysicsWorld         - Clearing physics world
19:37:45.554 [FXGL Background Thread 4 ] DEBUG FXGLApplication      - Initializing game
19:37:45.558 [JavaFX Application Thread] DEBUG FXGLApplication      - Registering font factories with UI factory
19:37:45.640 [FXGL Background Thread 4 ] WARN  TMXLevelLoader       - TiledMap generated from 1.11.2. Supported version: 1.9.0. Some features may not be parsed fully.
19:37:45.653 [FXGL Background Thread 4 ] DEBUG TMXLevelLoader       - Parsed TiledMap: file:/C:/Users/user/IdeaProjects/Produktionslinie/target/classes/assets/levels/map.tmx
19:37:45.655 [FXGL Background Thread 4 ] DEBUG TMXLevelLoader       - Creating tile layer entities
19:37:45.660 [FXGL Background Thread 4 ] DEBUG TilesetLoader        - Loading view for layer Kachelebene 1
19:37:45.672 [FXGL Background Thread 4 ] DEBUG TilesetLoader        - Created buffer with size 3200.0x3200.0
19:37:45.726 [FXGL Background Thread 4 ] DEBUG TMXLevelLoader       - Creating object layer entities
19:37:45.728 [FXGL Background Thread 4 ] DEBUG GameWorld            - Clearing removable entities
19:37:45.729 [FXGL Background Thread 4 ] DEBUG GameWorld            - Setting level: com.almasb.fxgl.entity.level.Level@51ef93fa
19:37:45.760 [FXGL Background Thread 4 ] DEBUG FXGLAssetLoaderServi - Loading from file system: file:/C:/Users/user/IdeaProjects/Produktionslinie/target/classes/assets/textures/Info_Menu_Machine_Asset.png
19:37:45.858 [FXGL Background Thread 4 ] DEBUG FXGLAssetLoaderServi - Loading from file system: file:/C:/Users/user/IdeaProjects/Produktionslinie/target/classes/assets/textures/Turning_Off_Animation.png
19:37:45.868 [FXGL Background Thread 4 ] DEBUG FXGLAssetLoaderServi - Loading from file system: file:/C:/Users/user/IdeaProjects/Produktionslinie/target/classes/assets/textures/Turning_On_Animation.png
19:37:45.870 [FXGL Background Thread 4 ] DEBUG FXGLAssetLoaderServi - Loading from file system: file:/C:/Users/user/IdeaProjects/Produktionslinie/target/classes/assets/textures/Production_While_Taking_Items_Animation.png
19:37:45.873 [FXGL Background Thread 4 ] DEBUG FXGLAssetLoaderServi - Loading from file system: file:/C:/Users/user/IdeaProjects/Produktionslinie/target/classes/assets/textures/Production_Without_Taking_Items_Animation.png
19:37:45.929 [FXGL Background Thread 4 ] DEBUG FXGLAssetLoaderServi - Loading from file system: file:/C:/Users/user/IdeaProjects/Produktionslinie/target/classes/assets/textures/belt-start.png
19:37:45.931 [FXGL Background Thread 4 ] DEBUG FXGLAssetLoaderServi - Loading from file system: file:/C:/Users/user/IdeaProjects/Produktionslinie/target/classes/assets/textures/belt-mid.png
19:37:45.933 [FXGL Background Thread 4 ] DEBUG FXGLAssetLoaderServi - Loading from file system: file:/C:/Users/user/IdeaProjects/Produktionslinie/target/classes/assets/textures/belt-end.png
19:37:46.003 [FXGL Background Thread 4 ] INFO  FXGLApplication      - Game initialization took: 0,448 sec
19:37:46.104 [JavaFX Application Thread] DEBUG Input                - Clearing active input actions
19:37:46.120 [JavaFX Application Thread] DEBUG GameApplicationServi - Removing overlay from FXGLLoadingScene and adding to GameScene
19:37:46.127 [JavaFX Application Thread] DEBUG PrimaryStageWindow   - FXGLLoadingScene -> GameScene
19:37:47.480 [JavaFX Application Thread] DEBUG FXGLApplication      - Exiting FXGL
19:37:47.480 [JavaFX Application Thread] DEBUG LoopRunner           - Stopping loop
19:37:47.481 [JavaFX Application Thread] DEBUG SystemBundleService  - Saving FXGL system data
19:37:47.482 [JavaFX Application Thread] DEBUG FileSystemAccess     - Writing to: C:\Users\user\IdeaProjects\Produktionslinie\system\fxgl.bundle
19:37:47.485 [JavaFX Application Thread] DEBUG Async                - Shutting down background threads
19:37:47.485 [JavaFX Application Thread] DEBUG PrimaryStageWindow   - Closing main window
19:37:47.506 [JavaFX Application Thread] DEBUG Logger               - Closing Logger
