19:24:57.071 [main                     ] DEBUG Logger               - Configured Logger
19:24:57.083 [main                     ] DEBUG GameApplication      - Logging settings
Title: Produktionslinie
Version: 0.0
Width: 1600
Height: 900
Fullscreen: false
Intro: false
Profiling: false
Single step:false
App Mode: DEVELOPER
Menu Key: ESCAPE
Stage Style: DECORATED
Scene Factory: class com.almasb.fxgl.app.scene.SceneFactory

19:24:57.376 [JavaFX Application Thread] DEBUG FXGLApplication      - Initializing FXGL
19:24:57.381 [JavaFX Application Thread] INFO  Engine               - FXGL-21.1 (27.03.2024 07.52) on WINDOWS (J:24.0.1 FX:24.0.1+1)
19:24:57.382 [JavaFX Application Thread] DEBUG Engine               - JRE Vendor Name: BellSoft
19:24:57.382 [JavaFX Application Thread] DEBUG Engine               - Running on OS: Windows 11 version 10.0
19:24:57.382 [JavaFX Application Thread] DEBUG Engine               - Architecture: amd64
19:24:57.382 [JavaFX Application Thread] INFO  Engine               - Source code and latest versions at: https://github.com/AlmasB/FXGL
19:24:57.382 [JavaFX Application Thread] INFO  Engine               -       Ask questions and discuss at: https://github.com/AlmasB/FXGL/discussions
19:24:57.382 [JavaFX Application Thread] INFO  Engine               -              Join the FXGL chat at: https://gitter.im/AlmasB/FXGL
19:24:57.498 [JavaFX Application Thread] DEBUG PrimaryStageWindow   - Creating a JavaFX scene
19:24:57.499 [JavaFX Application Thread] DEBUG PrimaryStageWindow   - Target size > screen size
19:24:57.544 [JavaFX Application Thread] DEBUG PrimaryStageWindow   - Target settings size: 1600.0 x 900.0
19:24:57.544 [JavaFX Application Thread] DEBUG PrimaryStageWindow   - Scaled scene size:    1415.0 x 810.0
19:24:57.545 [JavaFX Application Thread] DEBUG PrimaryStageWindow   - Scaled ratio: (0.884375, 0.9)
19:24:57.546 [JavaFX Application Thread] DEBUG PrimaryStageWindow   - Set initial scene to FXGLStartupScene
19:24:57.554 [JavaFX Application Thread] DEBUG PrimaryStageWindow   - Opening main window
19:24:57.870 [JavaFX Application Thread] DEBUG PrimaryStageWindow   - Window border size: (15.0, 37.33331298828125)
19:24:57.870 [JavaFX Application Thread] DEBUG PrimaryStageWindow   - Scaled size: 1415.0 x 810.0
19:24:57.870 [JavaFX Application Thread] DEBUG PrimaryStageWindow   - Scaled ratio: (0.884375, 0.9)
19:24:57.871 [JavaFX Application Thread] DEBUG PrimaryStageWindow   - Scene size: 1415.0 x 810.0
19:24:57.871 [JavaFX Application Thread] DEBUG PrimaryStageWindow   - Stage size: 1430.0 x 847.3333129882812
19:24:57.887 [FXGL Background Thread 1 ] DEBUG Engine               - Initializing environment variables
19:24:58.005 [FXGL Background Thread 1 ] DEBUG FXGLAssetLoaderServi - User app class for loading assets: class org.betriebssysteme.view.ProductionLineApp
19:24:58.005 [FXGL Background Thread 1 ] DEBUG GameApplicationServi - Applying CSS: fxgl_dark.css
19:24:58.007 [FXGL Background Thread 1 ] DEBUG FXGLAssetLoaderServi - Loading from file system: jar:file:/C:/Users/user/.m2/repository/com/github/AlmasB/FXGL/21.1/fxgl-21.1.jar!/fxglassets/ui/css/fxgl_dark.css
19:24:58.069 [FXGL Background Thread 1 ] DEBUG GameApplicationServi - Initializing application scenes
19:24:58.139 [FXGL Background Thread 1 ] DEBUG GameWorld            - Game world initialized
19:24:58.227 [FXGL Background Thread 1 ] DEBUG PhysicsWorld         - Physics world initialized: appHeight=900, physics.ppm=50,0
19:24:58.227 [FXGL Background Thread 1 ] DEBUG PhysicsWorld         - Using strategy: BRUTE_FORCE
19:24:58.232 [FXGL Background Thread 1 ] DEBUG GameScene            - Game scene initialized: 1600x900
19:24:58.269 [FXGL Background Thread 1 ] DEBUG FXGL.DefaultMenu     - createMenuBodyGameMenu()
19:24:58.283 [FXGL Background Thread 1 ] DEBUG FXGL.DefaultMenu     - createOptionsMenu()
19:24:58.299 [FXGL Background Thread 1 ] DEBUG FXGLAssetLoaderServi - Loading from file system: jar:file:/C:/Users/user/.m2/repository/com/github/AlmasB/FXGL/21.1/fxgl-21.1.jar!/fxglassets/textures/particles/smoke.png
19:24:58.415 [FXGL Background Thread 1 ] DEBUG FXGLAssetLoaderServi - Loading from file system: jar:file:/C:/Users/user/.m2/repository/com/github/AlmasB/FXGL/21.1/fxgl-21.1.jar!/fxglassets/textures/particles/trace_horizontal.png
19:24:58.449 [FXGL Background Thread 1 ] DEBUG GameApplicationServi - Application scenes initialized
19:24:58.464 [FXGL Background Thread 1 ] DEBUG SystemBundleService  - Loading FXGL system data
19:24:58.476 [FXGL Background Thread 1 ] DEBUG FileSystemAccess     - Reading from: C:\Users\user\IdeaProjects\Produktionslinie\system\fxgl.bundle
19:24:58.484 [FXGL Background Thread 1 ] DEBUG SystemBundleService  - Bundle FXGL: {}
19:24:58.484 [FXGL Background Thread 1 ] DEBUG UpdaterService       - Checking for updates
19:24:58.518 [FXGL Background Thread 4 ] DEBUG FXGLApplication      - Loading fonts
19:24:58.520 [FXGL Background Thread 4 ] DEBUG FXGLAssetLoaderServi - Loading from file system: jar:file:/C:/Users/user/.m2/repository/com/github/AlmasB/FXGL/21.1/fxgl-21.1.jar!/fxglassets/ui/fonts/VarelaRound-Regular.ttf
19:24:58.523 [FXGL Background Thread 1 ] DEBUG FXGLApplication      - Loading default localization
19:24:58.524 [FXGL Background Thread 1 ] DEBUG FXGLAssetLoaderServi - Loading from file system: jar:file:/C:/Users/user/.m2/repository/com/github/AlmasB/FXGL/21.1/fxgl-21.1.jar!/fxglassets/languages/english.lang
19:24:58.568 [FXGL Background Thread 1 ] INFO  FXGLApplication      - FXGL initialization took: 0,680 sec
19:24:58.573 [FXGL Background Thread 4 ] DEBUG FXGLAssetLoaderServi - Loading from file system: jar:file:/C:/Users/user/.m2/repository/com/github/AlmasB/FXGL/21.1/fxgl-21.1.jar!/fxglassets/ui/fonts/Abel-Regular.ttf
19:24:58.580 [JavaFX Application Thread] DEBUG Input                - Registered new binding: action0 - R
19:24:58.585 [JavaFX Application Thread] DEBUG FXGLAssetLoaderServi - Loading from file system: jar:file:/C:/Users/user/.m2/repository/com/github/AlmasB/FXGL/21.1/fxgl-21.1.jar!/fxglassets/textures/fxgl_icon.png
19:24:58.594 [FXGL Background Thread 4 ] DEBUG FXGLAssetLoaderServi - Loading from file system: jar:file:/C:/Users/user/.m2/repository/com/github/AlmasB/FXGL/21.1/fxgl-21.1.jar!/fxglassets/ui/fonts/TerminalLandMono-Regular.otf
19:24:58.607 [JavaFX Application Thread] DEBUG FXGLAssetLoaderServi - Loading from file system: jar:file:/C:/Users/user/.m2/repository/com/github/AlmasB/FXGL/21.1/fxgl-21.1.jar!/fxglassets/textures/fxgl_default_cursor.png
19:24:58.610 [FXGL Background Thread 4 ] DEBUG FXGLAssetLoaderServi - Loading from file system: jar:file:/C:/Users/user/.m2/repository/com/github/AlmasB/FXGL/21.1/fxgl-21.1.jar!/fxglassets/ui/fonts/Courier-Prime.ttf
19:24:58.612 [JavaFX Application Thread] DEBUG Input                - Registered new binding: Screenshot - CTRL+8
19:24:58.613 [JavaFX Application Thread] DEBUG Input                - Registered new binding: Dev Options - 1
19:24:58.613 [JavaFX Application Thread] DEBUG Input                - Registered new binding: Dev Console - 2
19:24:58.615 [JavaFX Application Thread] DEBUG Input                - Registered new binding: System info dump - CTRL+9
19:24:58.616 [JavaFX Application Thread] DEBUG Input                - Registered new binding: Restart - CTRL+R
19:24:58.618 [JavaFX Application Thread] DEBUG Input                - Registered new binding: Toggle Debug Camera - CTRL+7
19:24:58.626 [JavaFX Application Thread] DEBUG LoopRunner           - Starting loop
19:24:58.657 [JavaFX Application Thread] DEBUG LoopRunner           - Initializing JavaFX AnimationTimerLoop
19:24:58.659 [JavaFX Application Thread] DEBUG GameApplicationServi - Starting new game
19:24:58.660 [JavaFX Application Thread] DEBUG Input                - Clearing active input actions
19:24:58.679 [JavaFX Application Thread] DEBUG GameApplicationServi - Removing overlay from FXGLStartupScene and adding to FXGLLoadingScene
19:24:58.690 [JavaFX Application Thread] DEBUG PrimaryStageWindow   - FXGLStartupScene -> FXGLLoadingScene
19:24:58.691 [JavaFX Application Thread] DEBUG GameApplicationServi - Clearing previous game
19:24:58.691 [JavaFX Application Thread] DEBUG GameScene            - Clearing game scene
19:24:58.691 [JavaFX Application Thread] DEBUG GameWorld            - Clearing game world
19:24:58.691 [JavaFX Application Thread] DEBUG PhysicsWorld         - Clearing physics world
19:24:58.696 [FXGL Background Thread 4 ] DEBUG FXGLApplication      - Initializing game
19:24:58.700 [JavaFX Application Thread] DEBUG FXGLApplication      - Registering font factories with UI factory
19:24:58.774 [FXGL Background Thread 4 ] WARN  TMXLevelLoader       - TiledMap generated from 1.11.2. Supported version: 1.9.0. Some features may not be parsed fully.
19:24:58.789 [FXGL Background Thread 4 ] DEBUG TMXLevelLoader       - Parsed TiledMap: file:/C:/Users/user/IdeaProjects/Produktionslinie/target/classes/assets/levels/map.tmx
19:24:58.793 [FXGL Background Thread 4 ] DEBUG TMXLevelLoader       - Creating tile layer entities
19:24:58.799 [FXGL Background Thread 4 ] DEBUG TilesetLoader        - Loading view for layer Kachelebene 1
19:24:58.814 [FXGL Background Thread 4 ] DEBUG TilesetLoader        - Created buffer with size 3200.0x3200.0
19:24:58.874 [FXGL Background Thread 4 ] DEBUG TMXLevelLoader       - Creating object layer entities
19:24:58.877 [FXGL Background Thread 4 ] DEBUG GameWorld            - Clearing removable entities
19:24:58.879 [FXGL Background Thread 4 ] DEBUG GameWorld            - Setting level: com.almasb.fxgl.entity.level.Level@4370327c
19:24:58.908 [FXGL Background Thread 4 ] DEBUG FXGLAssetLoaderServi - Loading from file system: file:/C:/Users/user/IdeaProjects/Produktionslinie/target/classes/assets/textures/Info_Menu_Machine_Asset.png
19:24:59.051 [FXGL Background Thread 4 ] DEBUG FXGLAssetLoaderServi - Loading from file system: file:/C:/Users/user/IdeaProjects/Produktionslinie/target/classes/assets/textures/Turning_Off_Animation.png
19:24:59.059 [FXGL Background Thread 4 ] DEBUG FXGLAssetLoaderServi - Loading from file system: file:/C:/Users/user/IdeaProjects/Produktionslinie/target/classes/assets/textures/Turning_On_Animation.png
19:24:59.062 [FXGL Background Thread 4 ] DEBUG FXGLAssetLoaderServi - Loading from file system: file:/C:/Users/user/IdeaProjects/Produktionslinie/target/classes/assets/textures/Production_While_Taking_Items_Animation.png
19:24:59.065 [FXGL Background Thread 4 ] DEBUG FXGLAssetLoaderServi - Loading from file system: file:/C:/Users/user/IdeaProjects/Produktionslinie/target/classes/assets/textures/Production_Without_Taking_Items_Animation.png
19:24:59.138 [FXGL Background Thread 4 ] DEBUG FXGLAssetLoaderServi - Loading from file system: file:/C:/Users/user/IdeaProjects/Produktionslinie/target/classes/assets/textures/belt-start.png
19:24:59.140 [FXGL Background Thread 4 ] DEBUG FXGLAssetLoaderServi - Loading from file system: file:/C:/Users/user/IdeaProjects/Produktionslinie/target/classes/assets/textures/belt-mid.png
19:24:59.143 [FXGL Background Thread 4 ] DEBUG FXGLAssetLoaderServi - Loading from file system: file:/C:/Users/user/IdeaProjects/Produktionslinie/target/classes/assets/textures/belt-end.png
19:24:59.229 [FXGL Background Thread 4 ] INFO  FXGLApplication      - Game initialization took: 0,532 sec
19:24:59.271 [JavaFX Application Thread] DEBUG Input                - Clearing active input actions
19:24:59.295 [JavaFX Application Thread] DEBUG GameApplicationServi - Removing overlay from FXGLLoadingScene and adding to GameScene
19:24:59.309 [JavaFX Application Thread] DEBUG PrimaryStageWindow   - FXGLLoadingScene -> GameScene
19:25:01.509 [FXGL Background Thread 3 ] DEBUG Engine               - Logging environment variables
19:25:01.510 [FXGL Background Thread 3 ] DEBUG Engine               - achievements: []
19:25:01.510 [FXGL Background Thread 3 ] DEBUG Engine               - actualHeight: 810.0
19:25:01.510 [FXGL Background Thread 3 ] DEBUG Engine               - actualHeightProperty: ReadOnlyDoubleProperty [value: 810.0]
19:25:01.510 [FXGL Background Thread 3 ] DEBUG Engine               - actualWidth: 1415.0
19:25:01.510 [FXGL Background Thread 3 ] DEBUG Engine               - actualWidthProperty: ReadOnlyDoubleProperty [value: 1415.0]
19:25:01.510 [FXGL Background Thread 3 ] DEBUG Engine               - appIcon: fxgl_icon.png
19:25:01.512 [FXGL Background Thread 3 ] DEBUG Engine               - applicationMode: DEVELOPER
19:25:01.512 [FXGL Background Thread 3 ] DEBUG Engine               - cSSList: [fxgl_dark.css]
19:25:01.512 [FXGL Background Thread 3 ] DEBUG Engine               - collisionDetectionStrategy: BRUTE_FORCE
19:25:01.512 [FXGL Background Thread 3 ] DEBUG Engine               - configClass: Optional.empty
19:25:01.512 [FXGL Background Thread 3 ] DEBUG Engine               - credits: []
19:25:01.512 [FXGL Background Thread 3 ] DEBUG Engine               - defaultCursor: CursorInfo(imageName=fxgl_default_cursor.png, hotspotX=7.0, hotspotY=6.0)
19:25:01.512 [FXGL Background Thread 3 ] DEBUG Engine               - devBBoxColorProperty: ObjectProperty [value: 0xff0000ff]
19:25:01.512 [FXGL Background Thread 3 ] DEBUG Engine               - devEnableDebugCameraProperty: BooleanProperty [value: false]
19:25:01.512 [FXGL Background Thread 3 ] DEBUG Engine               - devSensorColorProperty: ObjectProperty [value: 0xffff00ff]
19:25:01.512 [FXGL Background Thread 3 ] DEBUG Engine               - devShowBBoxProperty: BooleanProperty [value: false]
19:25:01.513 [FXGL Background Thread 3 ] DEBUG Engine               - devShowPositionProperty: BooleanProperty [value: false]
19:25:01.513 [FXGL Background Thread 3 ] DEBUG Engine               - enabledMenuItems: []
19:25:01.513 [FXGL Background Thread 3 ] DEBUG Engine               - engineServices: [class com.almasb.fxgl.app.services.FXGLAssetLoaderService, class com.almasb.fxgl.app.FXGLApplication$GameApplicationService, class com.almasb.fxgl.app.services.FXGLDialogService, class com.almasb.fxgl.app.services.IOTaskExecutorService, class com.almasb.fxgl.io.FileSystemService, class com.almasb.fxgl.localization.LocalizationService, class com.almasb.fxgl.app.services.SystemBundleService, class com.almasb.fxgl.profile.SaveLoadService, class com.almasb.fxgl.ui.FXGLUIFactoryServiceProvider, class com.almasb.fxgl.ui.FXGLDialogFactoryServiceProvider, class com.almasb.fxgl.audio.AudioPlayer, class com.almasb.fxgl.notification.impl.NotificationServiceProvider, class com.almasb.fxgl.achievement.AchievementService, class com.almasb.fxgl.cutscene.CutsceneService, class com.almasb.fxgl.minigames.MiniGameService, class com.almasb.fxgl.net.NetService, class com.almasb.fxgl.app.services.UpdaterService, class com.almasb.fxgl.dev.DevService]
19:25:01.513 [FXGL Background Thread 3 ] DEBUG Engine               - fontGame: Abel-Regular.ttf
19:25:01.513 [FXGL Background Thread 3 ] DEBUG Engine               - fontMono: TerminalLandMono-Regular.otf
19:25:01.513 [FXGL Background Thread 3 ] DEBUG Engine               - fontSizeScaleUI: 1.0
19:25:01.513 [FXGL Background Thread 3 ] DEBUG Engine               - fontText: Courier-Prime.ttf
19:25:01.513 [FXGL Background Thread 3 ] DEBUG Engine               - fontUI: VarelaRound-Regular.ttf
19:25:01.513 [FXGL Background Thread 3 ] DEBUG Engine               - fullScreen: BooleanProperty [value: false]
19:25:01.513 [FXGL Background Thread 3 ] DEBUG Engine               - gameDifficulty: MEDIUM
19:25:01.513 [FXGL Background Thread 3 ] DEBUG Engine               - gameDifficultyProperty: ObjectProperty [value: MEDIUM]
19:25:01.513 [FXGL Background Thread 3 ] DEBUG Engine               - globalMusicVolume: 0.5
19:25:01.513 [FXGL Background Thread 3 ] DEBUG Engine               - globalMusicVolumeProperty: DoubleProperty [value: 0.5]
19:25:01.513 [FXGL Background Thread 3 ] DEBUG Engine               - globalSoundVolume: 0.5
19:25:01.514 [FXGL Background Thread 3 ] DEBUG Engine               - globalSoundVolumeProperty: DoubleProperty [value: 0.5]
19:25:01.514 [FXGL Background Thread 3 ] DEBUG Engine               - height: 900
19:25:01.514 [FXGL Background Thread 3 ] DEBUG Engine               - is3D: false
19:25:01.514 [FXGL Background Thread 3 ] DEBUG Engine               - isAndroid: false
19:25:01.514 [FXGL Background Thread 3 ] DEBUG Engine               - isBrowser: false
19:25:01.514 [FXGL Background Thread 3 ] DEBUG Engine               - isClickFeedbackEnabled: false
19:25:01.514 [FXGL Background Thread 3 ] DEBUG Engine               - isCloseConfirmation: false
19:25:01.514 [FXGL Background Thread 3 ] DEBUG Engine               - isDesktop: true
19:25:01.514 [FXGL Background Thread 3 ] DEBUG Engine               - isDeveloperMenuEnabled: true
19:25:01.514 [FXGL Background Thread 3 ] DEBUG Engine               - isEmbedded: false
19:25:01.514 [FXGL Background Thread 3 ] DEBUG Engine               - isEntityPreloadEnabled: true
19:25:01.514 [FXGL Background Thread 3 ] DEBUG Engine               - isExperimentalTiledLargeMap: false
19:25:01.514 [FXGL Background Thread 3 ] DEBUG Engine               - isFileSystemWriteAllowed: true
19:25:01.514 [FXGL Background Thread 3 ] DEBUG Engine               - isFullScreenAllowed: false
19:25:01.514 [FXGL Background Thread 3 ] DEBUG Engine               - isFullScreenFromStart: false
19:25:01.515 [FXGL Background Thread 3 ] DEBUG Engine               - isGameMenuEnabled: true
19:25:01.515 [FXGL Background Thread 3 ] DEBUG Engine               - isIOS: false
19:25:01.515 [FXGL Background Thread 3 ] DEBUG Engine               - isIntroEnabled: false
19:25:01.515 [FXGL Background Thread 3 ] DEBUG Engine               - isLinux: false
19:25:01.515 [FXGL Background Thread 3 ] DEBUG Engine               - isMac: false
19:25:01.515 [FXGL Background Thread 3 ] DEBUG Engine               - isMainMenuEnabled: false
19:25:01.515 [FXGL Background Thread 3 ] DEBUG Engine               - isManualResizeEnabled: false
19:25:01.515 [FXGL Background Thread 3 ] DEBUG Engine               - isMobile: false
19:25:01.515 [FXGL Background Thread 3 ] DEBUG Engine               - isNative: false
19:25:01.515 [FXGL Background Thread 3 ] DEBUG Engine               - isPauseMusicWhenMinimized: true
19:25:01.515 [FXGL Background Thread 3 ] DEBUG Engine               - isPreserveResizeRatio: false
19:25:01.515 [FXGL Background Thread 3 ] DEBUG Engine               - isProfilingEnabled: false
19:25:01.515 [FXGL Background Thread 3 ] DEBUG Engine               - isScaleAffectedOnResize: true
19:25:01.515 [FXGL Background Thread 3 ] DEBUG Engine               - isSingleStep: false
19:25:01.515 [FXGL Background Thread 3 ] DEBUG Engine               - isUserProfileEnabled: false
19:25:01.515 [FXGL Background Thread 3 ] DEBUG Engine               - isWindows: true
19:25:01.515 [FXGL Background Thread 3 ] DEBUG Engine               - language: ObjectProperty [value: ENGLISH]
19:25:01.515 [FXGL Background Thread 3 ] DEBUG Engine               - menuKey: ESCAPE
19:25:01.515 [FXGL Background Thread 3 ] DEBUG Engine               - mouseSensitivity: 0.2
19:25:01.515 [FXGL Background Thread 3 ] DEBUG Engine               - notificationViewClass: class com.almasb.fxgl.notification.view.XboxNotificationView
19:25:01.515 [FXGL Background Thread 3 ] DEBUG Engine               - pixelsPerMeter: 50.0
19:25:01.515 [FXGL Background Thread 3 ] DEBUG Engine               - platform: WINDOWS
19:25:01.515 [FXGL Background Thread 3 ] DEBUG Engine               - prefHeightProperty: ReadOnlyDoubleProperty [value: 900.0]
19:25:01.516 [FXGL Background Thread 3 ] DEBUG Engine               - prefWidthProperty: ReadOnlyDoubleProperty [value: 1600.0]
19:25:01.516 [FXGL Background Thread 3 ] DEBUG Engine               - profileDir: profiles/
19:25:01.516 [FXGL Background Thread 3 ] DEBUG Engine               - profileName: StringProperty [value: DEFAULT]
19:25:01.516 [FXGL Background Thread 3 ] DEBUG Engine               - randomSeed: -1
19:25:01.516 [FXGL Background Thread 3 ] DEBUG Engine               - runtimeInfo: RuntimeInfo(platform=WINDOWS, version=21.1, build=27.03.2024 07.52)
19:25:01.516 [FXGL Background Thread 3 ] DEBUG Engine               - saveFileExt: sav
19:25:01.516 [FXGL Background Thread 3 ] DEBUG Engine               - scaledHeightProp$fxgl: DoubleProperty [bound, value: 810.0]
19:25:01.516 [FXGL Background Thread 3 ] DEBUG Engine               - scaledWidthProp$fxgl: DoubleProperty [bound, value: 1415.0]
19:25:01.516 [FXGL Background Thread 3 ] DEBUG Engine               - sceneFactory: com.almasb.fxgl.app.scene.SceneFactory@48f140dc
19:25:01.516 [FXGL Background Thread 3 ] DEBUG Engine               - secondsIn24h: 60
19:25:01.516 [FXGL Background Thread 3 ] DEBUG Engine               - soundMenuBack: menu/back.wav
19:25:01.516 [FXGL Background Thread 3 ] DEBUG Engine               - soundMenuPress: menu/press.wav
19:25:01.516 [FXGL Background Thread 3 ] DEBUG Engine               - soundMenuSelect: menu/select.wav
19:25:01.516 [FXGL Background Thread 3 ] DEBUG Engine               - soundNotification: core/notification.wav
19:25:01.516 [FXGL Background Thread 3 ] DEBUG Engine               - stageStyle: DECORATED
19:25:01.516 [FXGL Background Thread 3 ] DEBUG Engine               - supportedLanguages: [ENGLISH, FRENCH, GERMAN, HUNGARIAN, RUSSIAN]
19:25:01.516 [FXGL Background Thread 3 ] DEBUG Engine               - ticksPerSecond: -1
19:25:01.516 [FXGL Background Thread 3 ] DEBUG Engine               - title: Produktionslinie
19:25:01.516 [FXGL Background Thread 3 ] DEBUG Engine               - urlGithub: https://github.com/AlmasB/FXGL
19:25:01.517 [FXGL Background Thread 3 ] DEBUG Engine               - urlLeaderboard: http://fxgl-top.herokuapp.com/
19:25:01.517 [FXGL Background Thread 3 ] DEBUG Engine               - urlPOM: https://raw.githubusercontent.com/AlmasB/FXGL/release/README.md
19:25:01.517 [FXGL Background Thread 3 ] DEBUG Engine               - userAppClass: class org.betriebssysteme.view.ProductionLineApp
19:25:01.517 [FXGL Background Thread 3 ] DEBUG Engine               - version: 0.0
19:25:01.517 [FXGL Background Thread 3 ] DEBUG Engine               - versionCheckDays: 7
19:25:01.517 [FXGL Background Thread 3 ] DEBUG Engine               - width: 1600
19:25:01.517 [FXGL Background Thread 3 ] DEBUG Engine               - Logging services
19:25:01.517 [FXGL Background Thread 3 ] DEBUG Engine               - class com.almasb.fxgl.app.services.FXGLAssetLoaderService
19:25:01.517 [FXGL Background Thread 3 ] DEBUG Engine               - class com.almasb.fxgl.app.FXGLApplication$GameApplicationService
19:25:01.517 [FXGL Background Thread 3 ] DEBUG Engine               - class com.almasb.fxgl.app.services.FXGLDialogService
19:25:01.517 [FXGL Background Thread 3 ] DEBUG Engine               - class com.almasb.fxgl.app.services.IOTaskExecutorService
19:25:01.517 [FXGL Background Thread 3 ] DEBUG Engine               - class com.almasb.fxgl.io.FileSystemService
19:25:01.517 [FXGL Background Thread 3 ] DEBUG Engine               - class com.almasb.fxgl.localization.LocalizationService
19:25:01.517 [FXGL Background Thread 3 ] DEBUG Engine               - class com.almasb.fxgl.app.services.SystemBundleService
19:25:01.517 [FXGL Background Thread 3 ] DEBUG Engine               - class com.almasb.fxgl.profile.SaveLoadService
19:25:01.517 [FXGL Background Thread 3 ] DEBUG Engine               - class com.almasb.fxgl.ui.FXGLUIFactoryServiceProvider
19:25:01.517 [FXGL Background Thread 3 ] DEBUG Engine               - class com.almasb.fxgl.ui.FXGLDialogFactoryServiceProvider
19:25:01.517 [FXGL Background Thread 3 ] DEBUG Engine               - class com.almasb.fxgl.audio.AudioPlayer
19:25:01.517 [FXGL Background Thread 3 ] DEBUG Engine               - class com.almasb.fxgl.notification.impl.NotificationServiceProvider
19:25:01.517 [FXGL Background Thread 3 ] DEBUG Engine               - class com.almasb.fxgl.achievement.AchievementService
19:25:01.517 [FXGL Background Thread 3 ] DEBUG Engine               - class com.almasb.fxgl.cutscene.CutsceneService
19:25:01.517 [FXGL Background Thread 3 ] DEBUG Engine               - class com.almasb.fxgl.minigames.MiniGameService
19:25:01.517 [FXGL Background Thread 3 ] DEBUG Engine               - class com.almasb.fxgl.net.NetService
19:25:01.517 [FXGL Background Thread 3 ] DEBUG Engine               - class com.almasb.fxgl.app.services.UpdaterService
19:25:01.517 [FXGL Background Thread 3 ] DEBUG Engine               - class com.almasb.fxgl.dev.DevService
19:25:01.699 [JavaFX Application Thread] DEBUG FXGLApplication      - Exiting FXGL
19:25:01.699 [JavaFX Application Thread] DEBUG LoopRunner           - Stopping loop
19:25:01.700 [JavaFX Application Thread] DEBUG SystemBundleService  - Saving FXGL system data
19:25:01.702 [JavaFX Application Thread] DEBUG FileSystemAccess     - Writing to: C:\Users\user\IdeaProjects\Produktionslinie\system\fxgl.bundle
19:25:01.704 [JavaFX Application Thread] DEBUG Async                - Shutting down background threads
19:25:01.704 [JavaFX Application Thread] DEBUG PrimaryStageWindow   - Closing main window
19:25:01.725 [JavaFX Application Thread] DEBUG Logger               - Closing Logger
