20:45:20.418 [main                     ] DEBUG Logger               - Configured Logger
20:45:20.430 [main                     ] DEBUG GameApplication      - Logging settings
Title: Produktionslinie
Version: 0.0
Width: 800
Height: 600
Fullscreen: false
Intro: false
Profiling: false
Single step:false
App Mode: DEVELOPER
Menu Key: ESCAPE
Stage Style: DECORATED
Scene Factory: class com.almasb.fxgl.app.scene.SceneFactory

20:45:20.741 [JavaFX Application Thread] DEBUG FXGLApplication      - Initializing FXGL
20:45:20.745 [JavaFX Application Thread] INFO  Engine               - FXGL-21.1 (27.03.2024 07.52) on WINDOWS (J:24.0.1 FX:24.0.1+1)
20:45:20.745 [JavaFX Application Thread] DEBUG Engine               - JRE Vendor Name: BellSoft
20:45:20.745 [JavaFX Application Thread] DEBUG Engine               - Running on OS: Windows 11 version 10.0
20:45:20.745 [JavaFX Application Thread] DEBUG Engine               - Architecture: amd64
20:45:20.745 [JavaFX Application Thread] INFO  Engine               - Source code and latest versions at: https://github.com/AlmasB/FXGL
20:45:20.745 [JavaFX Application Thread] INFO  Engine               -       Ask questions and discuss at: https://github.com/AlmasB/FXGL/discussions
20:45:20.745 [JavaFX Application Thread] INFO  Engine               -              Join the FXGL chat at: https://gitter.im/AlmasB/FXGL
20:45:20.846 [JavaFX Application Thread] DEBUG PrimaryStageWindow   - Creating a JavaFX scene
20:45:20.884 [JavaFX Application Thread] DEBUG PrimaryStageWindow   - Target settings size: 800.0 x 600.0
20:45:20.885 [JavaFX Application Thread] DEBUG PrimaryStageWindow   - Scaled scene size:    800.0 x 600.0
20:45:20.885 [JavaFX Application Thread] DEBUG PrimaryStageWindow   - Scaled ratio: (1.0, 1.0)
20:45:20.886 [JavaFX Application Thread] DEBUG PrimaryStageWindow   - Set initial scene to FXGLStartupScene
20:45:20.892 [JavaFX Application Thread] DEBUG PrimaryStageWindow   - Opening main window
20:45:21.229 [JavaFX Application Thread] DEBUG PrimaryStageWindow   - Window border size: (14.66668701171875, 37.33331298828125)
20:45:21.229 [JavaFX Application Thread] DEBUG PrimaryStageWindow   - Scaled size: 800.0 x 600.0
20:45:21.229 [JavaFX Application Thread] DEBUG PrimaryStageWindow   - Scaled ratio: (1.0, 1.0)
20:45:21.229 [JavaFX Application Thread] DEBUG PrimaryStageWindow   - Scene size: 800.0 x 600.0
20:45:21.230 [JavaFX Application Thread] DEBUG PrimaryStageWindow   - Stage size: 814.6666870117188 x 637.3333129882812
20:45:21.245 [FXGL Background Thread 1 ] DEBUG Engine               - Initializing environment variables
20:45:21.354 [FXGL Background Thread 1 ] DEBUG FXGLAssetLoaderServi - User app class for loading assets: class org.betriebssysteme.view.ProductionLineApp
20:45:21.355 [FXGL Background Thread 1 ] DEBUG GameApplicationServi - Applying CSS: fxgl_dark.css
20:45:21.359 [FXGL Background Thread 1 ] DEBUG FXGLAssetLoaderServi - Loading from file system: jar:file:/C:/Users/user/.m2/repository/com/github/AlmasB/FXGL/21.1/fxgl-21.1.jar!/fxglassets/ui/css/fxgl_dark.css
20:45:21.437 [FXGL Background Thread 1 ] DEBUG GameApplicationServi - Initializing application scenes
20:45:21.500 [FXGL Background Thread 1 ] DEBUG GameWorld            - Game world initialized
20:45:21.602 [FXGL Background Thread 1 ] DEBUG PhysicsWorld         - Physics world initialized: appHeight=600, physics.ppm=50,0
20:45:21.602 [FXGL Background Thread 1 ] DEBUG PhysicsWorld         - Using strategy: BRUTE_FORCE
20:45:21.607 [FXGL Background Thread 1 ] DEBUG GameScene            - Game scene initialized: 800x600
20:45:21.634 [FXGL Background Thread 1 ] DEBUG FXGL.DefaultMenu     - createMenuBodyGameMenu()
20:45:21.656 [FXGL Background Thread 1 ] DEBUG FXGL.DefaultMenu     - createOptionsMenu()
20:45:21.681 [FXGL Background Thread 1 ] DEBUG FXGLAssetLoaderServi - Loading from file system: jar:file:/C:/Users/user/.m2/repository/com/github/AlmasB/FXGL/21.1/fxgl-21.1.jar!/fxglassets/textures/particles/smoke.png
20:45:21.824 [FXGL Background Thread 1 ] DEBUG FXGLAssetLoaderServi - Loading from file system: jar:file:/C:/Users/user/.m2/repository/com/github/AlmasB/FXGL/21.1/fxgl-21.1.jar!/fxglassets/textures/particles/trace_horizontal.png
20:45:21.864 [FXGL Background Thread 1 ] DEBUG GameApplicationServi - Application scenes initialized
20:45:21.882 [FXGL Background Thread 1 ] DEBUG SystemBundleService  - Loading FXGL system data
20:45:21.894 [FXGL Background Thread 1 ] DEBUG FileSystemAccess     - Reading from: C:\Users\user\IdeaProjects\Produktionslinie\system\fxgl.bundle
20:45:21.901 [FXGL Background Thread 1 ] DEBUG SystemBundleService  - Bundle FXGL: {}
20:45:21.901 [FXGL Background Thread 1 ] DEBUG UpdaterService       - Checking for updates
20:45:21.930 [FXGL Background Thread 4 ] DEBUG FXGLApplication      - Loading fonts
20:45:21.930 [FXGL Background Thread 4 ] DEBUG FXGLAssetLoaderServi - Loading from file system: jar:file:/C:/Users/user/.m2/repository/com/github/AlmasB/FXGL/21.1/fxgl-21.1.jar!/fxglassets/ui/fonts/VarelaRound-Regular.ttf
20:45:21.930 [FXGL Background Thread 1 ] DEBUG FXGLApplication      - Loading default localization
20:45:21.932 [FXGL Background Thread 1 ] DEBUG FXGLAssetLoaderServi - Loading from file system: jar:file:/C:/Users/user/.m2/repository/com/github/AlmasB/FXGL/21.1/fxgl-21.1.jar!/fxglassets/languages/english.lang
20:45:21.975 [FXGL Background Thread 1 ] INFO  FXGLApplication      - FXGL initialization took: 0,730 sec
20:45:21.976 [JavaFX Application Thread] DEBUG FXGLAssetLoaderServi - Loading from file system: jar:file:/C:/Users/user/.m2/repository/com/github/AlmasB/FXGL/21.1/fxgl-21.1.jar!/fxglassets/textures/fxgl_icon.png
20:45:21.988 [FXGL Background Thread 4 ] DEBUG FXGLAssetLoaderServi - Loading from file system: jar:file:/C:/Users/user/.m2/repository/com/github/AlmasB/FXGL/21.1/fxgl-21.1.jar!/fxglassets/ui/fonts/Abel-Regular.ttf
20:45:21.992 [JavaFX Application Thread] DEBUG FXGLAssetLoaderServi - Loading from file system: jar:file:/C:/Users/user/.m2/repository/com/github/AlmasB/FXGL/21.1/fxgl-21.1.jar!/fxglassets/textures/fxgl_default_cursor.png
20:45:22.004 [FXGL Background Thread 4 ] DEBUG FXGLAssetLoaderServi - Loading from file system: jar:file:/C:/Users/user/.m2/repository/com/github/AlmasB/FXGL/21.1/fxgl-21.1.jar!/fxglassets/ui/fonts/TerminalLandMono-Regular.otf
20:45:22.011 [JavaFX Application Thread] DEBUG Input                - Registered new binding: Screenshot - CTRL+8
20:45:22.013 [JavaFX Application Thread] DEBUG Input                - Registered new binding: Dev Options - 1
20:45:22.014 [JavaFX Application Thread] DEBUG Input                - Registered new binding: Dev Console - 2
20:45:22.014 [JavaFX Application Thread] DEBUG Input                - Registered new binding: System info dump - CTRL+9
20:45:22.015 [JavaFX Application Thread] DEBUG Input                - Registered new binding: Restart - CTRL+R
20:45:22.017 [JavaFX Application Thread] DEBUG Input                - Registered new binding: Toggle Debug Camera - CTRL+7
20:45:22.019 [FXGL Background Thread 4 ] DEBUG FXGLAssetLoaderServi - Loading from file system: jar:file:/C:/Users/user/.m2/repository/com/github/AlmasB/FXGL/21.1/fxgl-21.1.jar!/fxglassets/ui/fonts/Courier-Prime.ttf
20:45:22.026 [JavaFX Application Thread] DEBUG LoopRunner           - Starting loop
20:45:22.051 [JavaFX Application Thread] DEBUG LoopRunner           - Initializing JavaFX AnimationTimerLoop
20:45:22.056 [JavaFX Application Thread] DEBUG GameApplicationServi - Starting new game
20:45:22.057 [JavaFX Application Thread] DEBUG Input                - Clearing active input actions
20:45:22.072 [JavaFX Application Thread] DEBUG GameApplicationServi - Removing overlay from FXGLStartupScene and adding to FXGLLoadingScene
20:45:22.078 [JavaFX Application Thread] DEBUG PrimaryStageWindow   - FXGLStartupScene -> FXGLLoadingScene
20:45:22.078 [JavaFX Application Thread] DEBUG GameApplicationServi - Clearing previous game
20:45:22.078 [JavaFX Application Thread] DEBUG GameScene            - Clearing game scene
20:45:22.078 [JavaFX Application Thread] DEBUG GameWorld            - Clearing game world
20:45:22.080 [JavaFX Application Thread] DEBUG PhysicsWorld         - Clearing physics world
20:45:22.083 [FXGL Background Thread 4 ] DEBUG FXGLApplication      - Initializing game
20:45:22.083 [JavaFX Application Thread] DEBUG FXGLApplication      - Registering font factories with UI factory
20:45:22.130 [FXGL Background Thread 4 ] DEBUG FXGLAssetLoaderServi - Loading from file system: file:/C:/Users/user/IdeaProjects/Produktionslinie/target/classes/assets/textures/Turning_Off_Animation.png
20:45:22.138 [FXGL Background Thread 4 ] DEBUG FXGLAssetLoaderServi - Loading from file system: file:/C:/Users/user/IdeaProjects/Produktionslinie/target/classes/assets/textures/Turning_On_Animation.png
20:45:22.140 [FXGL Background Thread 4 ] DEBUG FXGLAssetLoaderServi - Loading from file system: file:/C:/Users/user/IdeaProjects/Produktionslinie/target/classes/assets/textures/Production_While_Taking_Items_Animation.png
20:45:22.143 [FXGL Background Thread 4 ] WARN  FXGLAssetLoaderServi - Asset "/assets/textures/Production_While_Without_Items_Animation.png" was not found!
20:45:22.144 [FXGL Background Thread 4 ] WARN  FXGLAssetLoaderServi - Failed to load IMAGE
20:45:22.499 [FXGL Background Thread 4 ] INFO  FXGLApplication      - Game initialization took: 0,416 sec
20:45:22.527 [JavaFX Application Thread] DEBUG Input                - Clearing active input actions
20:45:22.539 [JavaFX Application Thread] DEBUG GameApplicationServi - Removing overlay from FXGLLoadingScene and adding to GameScene
20:45:22.545 [JavaFX Application Thread] DEBUG PrimaryStageWindow   - FXGLLoadingScene -> GameScene
20:45:24.928 [FXGL Background Thread 3 ] DEBUG Engine               - Logging environment variables
20:45:24.929 [FXGL Background Thread 3 ] DEBUG Engine               - achievements: []
20:45:24.929 [FXGL Background Thread 3 ] DEBUG Engine               - actualHeight: 600.0
20:45:24.929 [FXGL Background Thread 3 ] DEBUG Engine               - actualHeightProperty: ReadOnlyDoubleProperty [value: 600.0]
20:45:24.929 [FXGL Background Thread 3 ] DEBUG Engine               - actualWidth: 800.0
20:45:24.929 [FXGL Background Thread 3 ] DEBUG Engine               - actualWidthProperty: ReadOnlyDoubleProperty [value: 800.0]
20:45:24.929 [FXGL Background Thread 3 ] DEBUG Engine               - appIcon: fxgl_icon.png
20:45:24.929 [FXGL Background Thread 3 ] DEBUG Engine               - applicationMode: DEVELOPER
20:45:24.929 [FXGL Background Thread 3 ] DEBUG Engine               - cSSList: [fxgl_dark.css]
20:45:24.929 [FXGL Background Thread 3 ] DEBUG Engine               - collisionDetectionStrategy: BRUTE_FORCE
20:45:24.931 [FXGL Background Thread 3 ] DEBUG Engine               - configClass: Optional.empty
20:45:24.931 [FXGL Background Thread 3 ] DEBUG Engine               - credits: []
20:45:24.931 [FXGL Background Thread 3 ] DEBUG Engine               - defaultCursor: CursorInfo(imageName=fxgl_default_cursor.png, hotspotX=7.0, hotspotY=6.0)
20:45:24.931 [FXGL Background Thread 3 ] DEBUG Engine               - devBBoxColorProperty: ObjectProperty [value: 0xff0000ff]
20:45:24.931 [FXGL Background Thread 3 ] DEBUG Engine               - devEnableDebugCameraProperty: BooleanProperty [value: false]
20:45:24.931 [FXGL Background Thread 3 ] DEBUG Engine               - devSensorColorProperty: ObjectProperty [value: 0xffff00ff]
20:45:24.931 [FXGL Background Thread 3 ] DEBUG Engine               - devShowBBoxProperty: BooleanProperty [value: false]
20:45:24.931 [FXGL Background Thread 3 ] DEBUG Engine               - devShowPositionProperty: BooleanProperty [value: false]
20:45:24.932 [FXGL Background Thread 3 ] DEBUG Engine               - enabledMenuItems: []
20:45:24.932 [FXGL Background Thread 3 ] DEBUG Engine               - engineServices: [class com.almasb.fxgl.app.services.FXGLAssetLoaderService, class com.almasb.fxgl.app.FXGLApplication$GameApplicationService, class com.almasb.fxgl.app.services.FXGLDialogService, class com.almasb.fxgl.app.services.IOTaskExecutorService, class com.almasb.fxgl.io.FileSystemService, class com.almasb.fxgl.localization.LocalizationService, class com.almasb.fxgl.app.services.SystemBundleService, class com.almasb.fxgl.profile.SaveLoadService, class com.almasb.fxgl.ui.FXGLUIFactoryServiceProvider, class com.almasb.fxgl.ui.FXGLDialogFactoryServiceProvider, class com.almasb.fxgl.audio.AudioPlayer, class com.almasb.fxgl.notification.impl.NotificationServiceProvider, class com.almasb.fxgl.achievement.AchievementService, class com.almasb.fxgl.cutscene.CutsceneService, class com.almasb.fxgl.minigames.MiniGameService, class com.almasb.fxgl.net.NetService, class com.almasb.fxgl.app.services.UpdaterService, class com.almasb.fxgl.dev.DevService]
20:45:24.932 [FXGL Background Thread 3 ] DEBUG Engine               - fontGame: Abel-Regular.ttf
20:45:24.932 [FXGL Background Thread 3 ] DEBUG Engine               - fontMono: TerminalLandMono-Regular.otf
20:45:24.932 [FXGL Background Thread 3 ] DEBUG Engine               - fontSizeScaleUI: 1.0
20:45:24.932 [FXGL Background Thread 3 ] DEBUG Engine               - fontText: Courier-Prime.ttf
20:45:24.932 [FXGL Background Thread 3 ] DEBUG Engine               - fontUI: VarelaRound-Regular.ttf
20:45:24.932 [FXGL Background Thread 3 ] DEBUG Engine               - fullScreen: BooleanProperty [value: false]
20:45:24.932 [FXGL Background Thread 3 ] DEBUG Engine               - gameDifficulty: MEDIUM
20:45:24.932 [FXGL Background Thread 3 ] DEBUG Engine               - gameDifficultyProperty: ObjectProperty [value: MEDIUM]
20:45:24.932 [FXGL Background Thread 3 ] DEBUG Engine               - globalMusicVolume: 0.5
20:45:24.932 [FXGL Background Thread 3 ] DEBUG Engine               - globalMusicVolumeProperty: DoubleProperty [value: 0.5]
20:45:24.932 [FXGL Background Thread 3 ] DEBUG Engine               - globalSoundVolume: 0.5
20:45:24.932 [FXGL Background Thread 3 ] DEBUG Engine               - globalSoundVolumeProperty: DoubleProperty [value: 0.5]
20:45:24.933 [FXGL Background Thread 3 ] DEBUG Engine               - height: 600
20:45:24.933 [FXGL Background Thread 3 ] DEBUG Engine               - is3D: false
20:45:24.933 [FXGL Background Thread 3 ] DEBUG Engine               - isAndroid: false
20:45:24.933 [FXGL Background Thread 3 ] DEBUG Engine               - isBrowser: false
20:45:24.933 [FXGL Background Thread 3 ] DEBUG Engine               - isClickFeedbackEnabled: false
20:45:24.933 [FXGL Background Thread 3 ] DEBUG Engine               - isCloseConfirmation: false
20:45:24.933 [FXGL Background Thread 3 ] DEBUG Engine               - isDesktop: true
20:45:24.933 [FXGL Background Thread 3 ] DEBUG Engine               - isDeveloperMenuEnabled: true
20:45:24.933 [FXGL Background Thread 3 ] DEBUG Engine               - isEmbedded: false
20:45:24.933 [FXGL Background Thread 3 ] DEBUG Engine               - isEntityPreloadEnabled: true
20:45:24.933 [FXGL Background Thread 3 ] DEBUG Engine               - isExperimentalTiledLargeMap: false
20:45:24.933 [FXGL Background Thread 3 ] DEBUG Engine               - isFileSystemWriteAllowed: true
20:45:24.933 [FXGL Background Thread 3 ] DEBUG Engine               - isFullScreenAllowed: false
20:45:24.933 [FXGL Background Thread 3 ] DEBUG Engine               - isFullScreenFromStart: false
20:45:24.933 [FXGL Background Thread 3 ] DEBUG Engine               - isGameMenuEnabled: true
20:45:24.933 [FXGL Background Thread 3 ] DEBUG Engine               - isIOS: false
20:45:24.934 [FXGL Background Thread 3 ] DEBUG Engine               - isIntroEnabled: false
20:45:24.934 [FXGL Background Thread 3 ] DEBUG Engine               - isLinux: false
20:45:24.934 [FXGL Background Thread 3 ] DEBUG Engine               - isMac: false
20:45:24.934 [FXGL Background Thread 3 ] DEBUG Engine               - isMainMenuEnabled: false
20:45:24.934 [FXGL Background Thread 3 ] DEBUG Engine               - isManualResizeEnabled: false
20:45:24.934 [FXGL Background Thread 3 ] DEBUG Engine               - isMobile: false
20:45:24.934 [FXGL Background Thread 3 ] DEBUG Engine               - isNative: false
20:45:24.934 [FXGL Background Thread 3 ] DEBUG Engine               - isPauseMusicWhenMinimized: true
20:45:24.934 [FXGL Background Thread 3 ] DEBUG Engine               - isPreserveResizeRatio: false
20:45:24.934 [FXGL Background Thread 3 ] DEBUG Engine               - isProfilingEnabled: false
20:45:24.934 [FXGL Background Thread 3 ] DEBUG Engine               - isScaleAffectedOnResize: true
20:45:24.934 [FXGL Background Thread 3 ] DEBUG Engine               - isSingleStep: false
20:45:24.934 [FXGL Background Thread 3 ] DEBUG Engine               - isUserProfileEnabled: false
20:45:24.934 [FXGL Background Thread 3 ] DEBUG Engine               - isWindows: true
20:45:24.934 [FXGL Background Thread 3 ] DEBUG Engine               - language: ObjectProperty [value: ENGLISH]
20:45:24.934 [FXGL Background Thread 3 ] DEBUG Engine               - menuKey: ESCAPE
20:45:24.935 [FXGL Background Thread 3 ] DEBUG Engine               - mouseSensitivity: 0.2
20:45:24.935 [FXGL Background Thread 3 ] DEBUG Engine               - notificationViewClass: class com.almasb.fxgl.notification.view.XboxNotificationView
20:45:24.935 [FXGL Background Thread 3 ] DEBUG Engine               - pixelsPerMeter: 50.0
20:45:24.935 [FXGL Background Thread 3 ] DEBUG Engine               - platform: WINDOWS
20:45:24.935 [FXGL Background Thread 3 ] DEBUG Engine               - prefHeightProperty: ReadOnlyDoubleProperty [value: 600.0]
20:45:24.935 [FXGL Background Thread 3 ] DEBUG Engine               - prefWidthProperty: ReadOnlyDoubleProperty [value: 800.0]
20:45:24.935 [FXGL Background Thread 3 ] DEBUG Engine               - profileDir: profiles/
20:45:24.935 [FXGL Background Thread 3 ] DEBUG Engine               - profileName: StringProperty [value: DEFAULT]
20:45:24.935 [FXGL Background Thread 3 ] DEBUG Engine               - randomSeed: -1
20:45:24.935 [FXGL Background Thread 3 ] DEBUG Engine               - runtimeInfo: RuntimeInfo(platform=WINDOWS, version=21.1, build=27.03.2024 07.52)
20:45:24.936 [FXGL Background Thread 3 ] DEBUG Engine               - saveFileExt: sav
20:45:24.936 [FXGL Background Thread 3 ] DEBUG Engine               - scaledHeightProp$fxgl: DoubleProperty [bound, value: 600.0]
20:45:24.936 [FXGL Background Thread 3 ] DEBUG Engine               - scaledWidthProp$fxgl: DoubleProperty [bound, value: 800.0]
20:45:24.936 [FXGL Background Thread 3 ] DEBUG Engine               - sceneFactory: com.almasb.fxgl.app.scene.SceneFactory@3ca31dfe
20:45:24.936 [FXGL Background Thread 3 ] DEBUG Engine               - secondsIn24h: 60
20:45:24.936 [FXGL Background Thread 3 ] DEBUG Engine               - soundMenuBack: menu/back.wav
20:45:24.936 [FXGL Background Thread 3 ] DEBUG Engine               - soundMenuPress: menu/press.wav
20:45:24.936 [FXGL Background Thread 3 ] DEBUG Engine               - soundMenuSelect: menu/select.wav
20:45:24.936 [FXGL Background Thread 3 ] DEBUG Engine               - soundNotification: core/notification.wav
20:45:24.936 [FXGL Background Thread 3 ] DEBUG Engine               - stageStyle: DECORATED
20:45:24.936 [FXGL Background Thread 3 ] DEBUG Engine               - supportedLanguages: [ENGLISH, FRENCH, GERMAN, HUNGARIAN, RUSSIAN]
20:45:24.936 [FXGL Background Thread 3 ] DEBUG Engine               - ticksPerSecond: -1
20:45:24.936 [FXGL Background Thread 3 ] DEBUG Engine               - title: Produktionslinie
20:45:24.936 [FXGL Background Thread 3 ] DEBUG Engine               - urlGithub: https://github.com/AlmasB/FXGL
20:45:24.936 [FXGL Background Thread 3 ] DEBUG Engine               - urlLeaderboard: http://fxgl-top.herokuapp.com/
20:45:24.937 [FXGL Background Thread 3 ] DEBUG Engine               - urlPOM: https://raw.githubusercontent.com/AlmasB/FXGL/release/README.md
20:45:24.937 [FXGL Background Thread 3 ] DEBUG Engine               - userAppClass: class org.betriebssysteme.view.ProductionLineApp
20:45:24.937 [FXGL Background Thread 3 ] DEBUG Engine               - version: 0.0
20:45:24.937 [FXGL Background Thread 3 ] DEBUG Engine               - versionCheckDays: 7
20:45:24.937 [FXGL Background Thread 3 ] DEBUG Engine               - width: 800
20:45:24.937 [FXGL Background Thread 3 ] DEBUG Engine               - Logging services
20:45:24.937 [FXGL Background Thread 3 ] DEBUG Engine               - class com.almasb.fxgl.app.services.FXGLAssetLoaderService
20:45:24.937 [FXGL Background Thread 3 ] DEBUG Engine               - class com.almasb.fxgl.app.FXGLApplication$GameApplicationService
20:45:24.937 [FXGL Background Thread 3 ] DEBUG Engine               - class com.almasb.fxgl.app.services.FXGLDialogService
20:45:24.937 [FXGL Background Thread 3 ] DEBUG Engine               - class com.almasb.fxgl.app.services.IOTaskExecutorService
20:45:24.937 [FXGL Background Thread 3 ] DEBUG Engine               - class com.almasb.fxgl.io.FileSystemService
20:45:24.937 [FXGL Background Thread 3 ] DEBUG Engine               - class com.almasb.fxgl.localization.LocalizationService
20:45:24.937 [FXGL Background Thread 3 ] DEBUG Engine               - class com.almasb.fxgl.app.services.SystemBundleService
20:45:24.937 [FXGL Background Thread 3 ] DEBUG Engine               - class com.almasb.fxgl.profile.SaveLoadService
20:45:24.937 [FXGL Background Thread 3 ] DEBUG Engine               - class com.almasb.fxgl.ui.FXGLUIFactoryServiceProvider
20:45:24.937 [FXGL Background Thread 3 ] DEBUG Engine               - class com.almasb.fxgl.ui.FXGLDialogFactoryServiceProvider
20:45:24.937 [FXGL Background Thread 3 ] DEBUG Engine               - class com.almasb.fxgl.audio.AudioPlayer
20:45:24.937 [FXGL Background Thread 3 ] DEBUG Engine               - class com.almasb.fxgl.notification.impl.NotificationServiceProvider
20:45:24.937 [FXGL Background Thread 3 ] DEBUG Engine               - class com.almasb.fxgl.achievement.AchievementService
20:45:24.937 [FXGL Background Thread 3 ] DEBUG Engine               - class com.almasb.fxgl.cutscene.CutsceneService
20:45:24.938 [FXGL Background Thread 3 ] DEBUG Engine               - class com.almasb.fxgl.minigames.MiniGameService
20:45:24.938 [FXGL Background Thread 3 ] DEBUG Engine               - class com.almasb.fxgl.net.NetService
20:45:24.938 [FXGL Background Thread 3 ] DEBUG Engine               - class com.almasb.fxgl.app.services.UpdaterService
20:45:24.938 [FXGL Background Thread 3 ] DEBUG Engine               - class com.almasb.fxgl.dev.DevService
20:45:36.451 [JavaFX Application Thread] DEBUG FXGLApplication      - Exiting FXGL
20:45:36.451 [JavaFX Application Thread] DEBUG LoopRunner           - Stopping loop
20:45:36.452 [JavaFX Application Thread] DEBUG SystemBundleService  - Saving FXGL system data
20:45:36.455 [JavaFX Application Thread] DEBUG FileSystemAccess     - Writing to: C:\Users\user\IdeaProjects\Produktionslinie\system\fxgl.bundle
20:45:36.458 [JavaFX Application Thread] DEBUG Async                - Shutting down background threads
20:45:36.458 [JavaFX Application Thread] DEBUG PrimaryStageWindow   - Closing main window
20:45:36.479 [JavaFX Application Thread] DEBUG Logger               - Closing Logger
