07:56:04.260 [main                     ] DEBUG Logger               - Configured Logger
07:56:04.283 [main                     ] DEBUG GameApplication      - Logging settings
Title: Produktionslinie
Version: 0.0
Width: 1600
Height: 900
Fullscreen: false
Intro: false
Profiling: false
Single step:false
App Mode: DEVELOPER
Menu Key: ESCAPE
Stage Style: DECORATED
Scene Factory: class com.almasb.fxgl.app.scene.SceneFactory

07:56:04.686 [JavaFX Application Thread] DEBUG FXGLApplication      - Initializing FXGL
07:56:04.689 [JavaFX Application Thread] INFO  Engine               - FXGL-21.1 (27.03.2024 07.52) on WINDOWS (J:21.0.9 FX:21.0.1)
07:56:04.690 [JavaFX Application Thread] DEBUG Engine               - JRE Vendor Name: Microsoft
07:56:04.690 [JavaFX Application Thread] DEBUG Engine               - Running on OS: Windows 11 version 10.0
07:56:04.690 [JavaFX Application Thread] DEBUG Engine               - Architecture: amd64
07:56:04.690 [JavaFX Application Thread] INFO  Engine               - Source code and latest versions at: https://github.com/AlmasB/FXGL
07:56:04.690 [JavaFX Application Thread] INFO  Engine               -       Ask questions and discuss at: https://github.com/AlmasB/FXGL/discussions
07:56:04.690 [JavaFX Application Thread] INFO  Engine               -              Join the FXGL chat at: https://gitter.im/AlmasB/FXGL
07:56:04.787 [JavaFX Application Thread] DEBUG PrimaryStageWindow   - Creating a JavaFX scene
07:56:04.829 [JavaFX Application Thread] DEBUG PrimaryStageWindow   - Target settings size: 1600.0 x 900.0
07:56:04.829 [JavaFX Application Thread] DEBUG PrimaryStageWindow   - Scaled scene size:    1600.0 x 900.0
07:56:04.829 [JavaFX Application Thread] DEBUG PrimaryStageWindow   - Scaled ratio: (1.0, 1.0)
07:56:04.830 [JavaFX Application Thread] DEBUG PrimaryStageWindow   - Set initial scene to FXGLStartupScene
07:56:04.833 [JavaFX Application Thread] DEBUG PrimaryStageWindow   - Opening main window
07:56:04.916 [JavaFX Application Thread] DEBUG PrimaryStageWindow   - Window border size: (16.0, 39.0)
07:56:04.916 [JavaFX Application Thread] DEBUG PrimaryStageWindow   - Scaled size: 1600.0 x 900.0
07:56:04.916 [JavaFX Application Thread] DEBUG PrimaryStageWindow   - Scaled ratio: (1.0, 1.0)
07:56:04.916 [JavaFX Application Thread] DEBUG PrimaryStageWindow   - Scene size: 1600.0 x 900.0
07:56:04.916 [JavaFX Application Thread] DEBUG PrimaryStageWindow   - Stage size: 1616.0 x 939.0
07:56:04.922 [FXGL Background Thread 1 ] DEBUG Engine               - Initializing environment variables
07:56:04.967 [FXGL Background Thread 1 ] DEBUG FXGLAssetLoaderServi - User app class for loading assets: class org.betriebssysteme.view.ProductionLineApp
07:56:04.967 [FXGL Background Thread 1 ] DEBUG GameApplicationServi - Applying CSS: fxgl_dark.css
07:56:04.968 [FXGL Background Thread 1 ] DEBUG FXGLAssetLoaderServi - Loading from file system: jar:file:/C:/Users/abdul/.m2/repository/com/github/almasb/fxgl/21.1/fxgl-21.1.jar!/fxglassets/ui/css/fxgl_dark.css
07:56:05.004 [FXGL Background Thread 1 ] DEBUG GameApplicationServi - Initializing application scenes
07:56:05.048 [FXGL Background Thread 1 ] DEBUG GameWorld            - Game world initialized
07:56:05.116 [FXGL Background Thread 1 ] DEBUG PhysicsWorld         - Physics world initialized: appHeight=900, physics.ppm=50,0
07:56:05.116 [FXGL Background Thread 1 ] DEBUG PhysicsWorld         - Using strategy: BRUTE_FORCE
07:56:05.119 [FXGL Background Thread 1 ] DEBUG GameScene            - Game scene initialized: 1600x900
07:56:05.130 [FXGL Background Thread 1 ] DEBUG FXGL.DefaultMenu     - createMenuBodyGameMenu()
07:56:05.144 [FXGL Background Thread 1 ] DEBUG FXGL.DefaultMenu     - createOptionsMenu()
07:56:05.154 [FXGL Background Thread 1 ] DEBUG FXGLAssetLoaderServi - Loading from file system: jar:file:/C:/Users/abdul/.m2/repository/com/github/almasb/fxgl/21.1/fxgl-21.1.jar!/fxglassets/textures/particles/smoke.png
07:56:05.260 [FXGL Background Thread 1 ] DEBUG FXGLAssetLoaderServi - Loading from file system: jar:file:/C:/Users/abdul/.m2/repository/com/github/almasb/fxgl/21.1/fxgl-21.1.jar!/fxglassets/textures/particles/trace_horizontal.png
07:56:05.282 [FXGL Background Thread 1 ] DEBUG GameApplicationServi - Application scenes initialized
07:56:05.293 [FXGL Background Thread 1 ] DEBUG SystemBundleService  - Loading FXGL system data
07:56:05.298 [FXGL Background Thread 1 ] DEBUG FileSystemAccess     - Reading from: C:\Users\abdul\IdeaProjects\Produktionslinie\system\fxgl.bundle
07:56:05.311 [FXGL Background Thread 1 ] DEBUG SystemBundleService  - Bundle FXGL: {}
07:56:05.311 [FXGL Background Thread 1 ] DEBUG UpdaterService       - Checking for updates
07:56:05.344 [FXGL Background Thread 4 ] DEBUG FXGLApplication      - Loading fonts
07:56:05.344 [FXGL Background Thread 4 ] DEBUG FXGLAssetLoaderServi - Loading from file system: jar:file:/C:/Users/abdul/.m2/repository/com/github/almasb/fxgl/21.1/fxgl-21.1.jar!/fxglassets/ui/fonts/VarelaRound-Regular.ttf
07:56:05.345 [FXGL Background Thread 1 ] DEBUG FXGLApplication      - Loading default localization
07:56:05.346 [FXGL Background Thread 1 ] DEBUG FXGLAssetLoaderServi - Loading from file system: jar:file:/C:/Users/abdul/.m2/repository/com/github/almasb/fxgl/21.1/fxgl-21.1.jar!/fxglassets/languages/english.lang
07:56:05.379 [FXGL Background Thread 1 ] INFO  FXGLApplication      - FXGL initialization took: 0,457 sec
07:56:05.384 [FXGL Background Thread 4 ] DEBUG FXGLAssetLoaderServi - Loading from file system: jar:file:/C:/Users/abdul/.m2/repository/com/github/almasb/fxgl/21.1/fxgl-21.1.jar!/fxglassets/ui/fonts/Abel-Regular.ttf
07:56:05.389 [JavaFX Application Thread] DEBUG Input                - Registered new binding: action0 - R
07:56:05.391 [JavaFX Application Thread] DEBUG FXGLAssetLoaderServi - Loading from file system: jar:file:/C:/Users/abdul/.m2/repository/com/github/almasb/fxgl/21.1/fxgl-21.1.jar!/fxglassets/textures/fxgl_icon.png
07:56:05.396 [FXGL Background Thread 4 ] DEBUG FXGLAssetLoaderServi - Loading from file system: jar:file:/C:/Users/abdul/.m2/repository/com/github/almasb/fxgl/21.1/fxgl-21.1.jar!/fxglassets/ui/fonts/TerminalLandMono-Regular.otf
07:56:05.408 [FXGL Background Thread 4 ] DEBUG FXGLAssetLoaderServi - Loading from file system: jar:file:/C:/Users/abdul/.m2/repository/com/github/almasb/fxgl/21.1/fxgl-21.1.jar!/fxglassets/ui/fonts/Courier-Prime.ttf
07:56:05.412 [JavaFX Application Thread] DEBUG FXGLAssetLoaderServi - Loading from file system: jar:file:/C:/Users/abdul/.m2/repository/com/github/almasb/fxgl/21.1/fxgl-21.1.jar!/fxglassets/textures/fxgl_default_cursor.png
07:56:05.416 [JavaFX Application Thread] DEBUG Input                - Registered new binding: Screenshot - CTRL+8
07:56:05.417 [JavaFX Application Thread] DEBUG Input                - Registered new binding: Dev Options - 1
07:56:05.418 [JavaFX Application Thread] DEBUG Input                - Registered new binding: Dev Console - 2
07:56:05.419 [JavaFX Application Thread] DEBUG Input                - Registered new binding: System info dump - CTRL+9
07:56:05.420 [JavaFX Application Thread] DEBUG Input                - Registered new binding: Restart - CTRL+R
07:56:05.422 [JavaFX Application Thread] DEBUG Input                - Registered new binding: Toggle Debug Camera - CTRL+7
07:56:05.430 [JavaFX Application Thread] DEBUG LoopRunner           - Starting loop
07:56:05.466 [JavaFX Application Thread] DEBUG LoopRunner           - Initializing JavaFX AnimationTimerLoop
07:56:05.468 [JavaFX Application Thread] DEBUG GameApplicationServi - Starting new game
07:56:05.472 [JavaFX Application Thread] DEBUG Input                - Clearing active input actions
07:56:05.487 [JavaFX Application Thread] DEBUG GameApplicationServi - Removing overlay from FXGLStartupScene and adding to FXGLLoadingScene
07:56:05.490 [JavaFX Application Thread] DEBUG PrimaryStageWindow   - FXGLStartupScene -> FXGLLoadingScene
07:56:05.490 [JavaFX Application Thread] DEBUG GameApplicationServi - Clearing previous game
07:56:05.490 [JavaFX Application Thread] DEBUG GameScene            - Clearing game scene
07:56:05.490 [JavaFX Application Thread] DEBUG GameWorld            - Clearing game world
07:56:05.490 [JavaFX Application Thread] DEBUG PhysicsWorld         - Clearing physics world
07:56:05.492 [FXGL Background Thread 4 ] DEBUG FXGLApplication      - Initializing game
07:56:05.493 [JavaFX Application Thread] DEBUG FXGLApplication      - Registering font factories with UI factory
07:56:05.511 [FXGL Background Thread 4 ] WARN  TMXLevelLoader       - TiledMap generated from 1.11.2. Supported version: 1.9.0. Some features may not be parsed fully.
07:56:05.524 [FXGL Background Thread 4 ] DEBUG TMXLevelLoader       - Parsed TiledMap: file:/C:/Users/abdul/IdeaProjects/Produktionslinie/target/classes/assets/levels/map.tmx
07:56:05.529 [FXGL Background Thread 4 ] DEBUG TMXLevelLoader       - Creating tile layer entities
07:56:05.535 [FXGL Background Thread 4 ] DEBUG TilesetLoader        - Loading view for layer Kachelebene 1
07:56:05.545 [FXGL Background Thread 4 ] DEBUG TilesetLoader        - Created buffer with size 3200.0x3200.0
07:56:05.584 [FXGL Background Thread 4 ] DEBUG TMXLevelLoader       - Creating object layer entities
07:56:05.586 [FXGL Background Thread 4 ] DEBUG GameWorld            - Clearing removable entities
07:56:05.588 [FXGL Background Thread 4 ] DEBUG GameWorld            - Setting level: com.almasb.fxgl.entity.level.Level@43b67b
07:56:05.615 [FXGL Background Thread 4 ] DEBUG FXGLAssetLoaderServi - Loading from file system: file:/C:/Users/abdul/IdeaProjects/Produktionslinie/target/classes/assets/textures/Info_Menu_Machine_Asset.png
07:56:05.671 [FXGL Background Thread 4 ] DEBUG FXGLAssetLoaderServi - Loading from file system: file:/C:/Users/abdul/IdeaProjects/Produktionslinie/target/classes/assets/textures/Turning_Off_Animation.png
07:56:05.677 [FXGL Background Thread 4 ] DEBUG FXGLAssetLoaderServi - Loading from file system: file:/C:/Users/abdul/IdeaProjects/Produktionslinie/target/classes/assets/textures/Turning_On_Animation.png
07:56:05.678 [FXGL Background Thread 4 ] DEBUG FXGLAssetLoaderServi - Loading from file system: file:/C:/Users/abdul/IdeaProjects/Produktionslinie/target/classes/assets/textures/Production_While_Taking_Items_Animation.png
07:56:05.681 [FXGL Background Thread 4 ] DEBUG FXGLAssetLoaderServi - Loading from file system: file:/C:/Users/abdul/IdeaProjects/Produktionslinie/target/classes/assets/textures/Production_Without_Taking_Items_Animation.png
07:56:05.727 [FXGL Background Thread 4 ] DEBUG FXGLAssetLoaderServi - Loading from file system: file:/C:/Users/abdul/IdeaProjects/Produktionslinie/target/classes/assets/textures/belt-start.png
07:56:05.729 [FXGL Background Thread 4 ] DEBUG FXGLAssetLoaderServi - Loading from file system: file:/C:/Users/abdul/IdeaProjects/Produktionslinie/target/classes/assets/textures/belt-mid.png
07:56:05.730 [FXGL Background Thread 4 ] DEBUG FXGLAssetLoaderServi - Loading from file system: file:/C:/Users/abdul/IdeaProjects/Produktionslinie/target/classes/assets/textures/belt-end.png
07:56:05.747 [FXGL Background Thread 4 ] DEBUG FXGLAssetLoaderServi - Loading from file system: file:/C:/Users/abdul/IdeaProjects/Produktionslinie/target/classes/assets/textures/item.png
07:56:05.761 [FXGL Background Thread 4 ] INFO  FXGLApplication      - Game initialization took: 0,269 sec
07:56:05.786 [JavaFX Application Thread] DEBUG Input                - Clearing active input actions
07:56:05.797 [JavaFX Application Thread] DEBUG GameApplicationServi - Removing overlay from FXGLLoadingScene and adding to GameScene
07:56:05.801 [JavaFX Application Thread] DEBUG PrimaryStageWindow   - FXGLLoadingScene -> GameScene
07:56:07.998 [JavaFX Application Thread] DEBUG FXGLApplication      - Exiting FXGL
07:56:07.998 [JavaFX Application Thread] DEBUG LoopRunner           - Stopping loop
07:56:07.998 [JavaFX Application Thread] DEBUG SystemBundleService  - Saving FXGL system data
07:56:08.001 [JavaFX Application Thread] DEBUG FileSystemAccess     - Writing to: C:\Users\abdul\IdeaProjects\Produktionslinie\system\fxgl.bundle
07:56:08.007 [JavaFX Application Thread] DEBUG Async                - Shutting down background threads
07:56:08.007 [JavaFX Application Thread] DEBUG PrimaryStageWindow   - Closing main window
07:56:08.018 [JavaFX Application Thread] DEBUG Logger               - Closing Logger
