20:15:04.784 [main                     ] DEBUG Logger               - Configured Logger
20:15:04.817 [main                     ] DEBUG GameApplication      - Logging settings
Title: Produktionslinie
Version: 0.0
Width: 1600
Height: 900
Fullscreen: false
Intro: false
Profiling: false
Single step:false
App Mode: DEVELOPER
Menu Key: ESCAPE
Stage Style: DECORATED
Scene Factory: class com.almasb.fxgl.app.scene.SceneFactory

20:15:05.286 [JavaFX Application Thread] DEBUG FXGLApplication      - Initializing FXGL
20:15:05.289 [JavaFX Application Thread] INFO  Engine               - FXGL-21.1 (27.03.2024 07.52) on WINDOWS (J:21.0.9 FX:21.0.1)
20:15:05.289 [JavaFX Application Thread] DEBUG Engine               - JRE Vendor Name: Microsoft
20:15:05.289 [JavaFX Application Thread] DEBUG Engine               - Running on OS: Windows 11 version 10.0
20:15:05.289 [JavaFX Application Thread] DEBUG Engine               - Architecture: amd64
20:15:05.289 [JavaFX Application Thread] INFO  Engine               - Source code and latest versions at: https://github.com/AlmasB/FXGL
20:15:05.290 [JavaFX Application Thread] INFO  Engine               -       Ask questions and discuss at: https://github.com/AlmasB/FXGL/discussions
20:15:05.290 [JavaFX Application Thread] INFO  Engine               -              Join the FXGL chat at: https://gitter.im/AlmasB/FXGL
20:15:05.394 [JavaFX Application Thread] DEBUG PrimaryStageWindow   - Creating a JavaFX scene
20:15:05.439 [JavaFX Application Thread] DEBUG PrimaryStageWindow   - Target settings size: 1600.0 x 900.0
20:15:05.439 [JavaFX Application Thread] DEBUG PrimaryStageWindow   - Scaled scene size:    1600.0 x 900.0
20:15:05.439 [JavaFX Application Thread] DEBUG PrimaryStageWindow   - Scaled ratio: (1.0, 1.0)
20:15:05.441 [JavaFX Application Thread] DEBUG PrimaryStageWindow   - Set initial scene to FXGLStartupScene
20:15:05.443 [JavaFX Application Thread] DEBUG PrimaryStageWindow   - Opening main window
20:15:05.524 [JavaFX Application Thread] DEBUG PrimaryStageWindow   - Window border size: (16.0, 39.0)
20:15:05.524 [JavaFX Application Thread] DEBUG PrimaryStageWindow   - Scaled size: 1600.0 x 900.0
20:15:05.525 [JavaFX Application Thread] DEBUG PrimaryStageWindow   - Scaled ratio: (1.0, 1.0)
20:15:05.525 [JavaFX Application Thread] DEBUG PrimaryStageWindow   - Scene size: 1600.0 x 900.0
20:15:05.525 [JavaFX Application Thread] DEBUG PrimaryStageWindow   - Stage size: 1616.0 x 939.0
20:15:05.529 [FXGL Background Thread 1 ] DEBUG Engine               - Initializing environment variables
20:15:05.572 [FXGL Background Thread 1 ] DEBUG FXGLAssetLoaderServi - User app class for loading assets: class org.betriebssysteme.view.ProductionLineApp
20:15:05.572 [FXGL Background Thread 1 ] DEBUG GameApplicationServi - Applying CSS: fxgl_dark.css
20:15:05.573 [FXGL Background Thread 1 ] DEBUG FXGLAssetLoaderServi - Loading from file system: jar:file:/C:/Users/abdul/.m2/repository/com/github/almasb/fxgl/21.1/fxgl-21.1.jar!/fxglassets/ui/css/fxgl_dark.css
20:15:05.607 [FXGL Background Thread 1 ] DEBUG GameApplicationServi - Initializing application scenes
20:15:05.648 [FXGL Background Thread 1 ] DEBUG GameWorld            - Game world initialized
20:15:05.726 [FXGL Background Thread 1 ] DEBUG PhysicsWorld         - Physics world initialized: appHeight=900, physics.ppm=50,0
20:15:05.726 [FXGL Background Thread 1 ] DEBUG PhysicsWorld         - Using strategy: BRUTE_FORCE
20:15:05.729 [FXGL Background Thread 1 ] DEBUG GameScene            - Game scene initialized: 1600x900
20:15:05.743 [FXGL Background Thread 1 ] DEBUG FXGL.DefaultMenu     - createMenuBodyGameMenu()
20:15:05.756 [FXGL Background Thread 1 ] DEBUG FXGL.DefaultMenu     - createOptionsMenu()
20:15:05.766 [FXGL Background Thread 1 ] DEBUG FXGLAssetLoaderServi - Loading from file system: jar:file:/C:/Users/abdul/.m2/repository/com/github/almasb/fxgl/21.1/fxgl-21.1.jar!/fxglassets/textures/particles/smoke.png
20:15:05.865 [FXGL Background Thread 1 ] DEBUG FXGLAssetLoaderServi - Loading from file system: jar:file:/C:/Users/abdul/.m2/repository/com/github/almasb/fxgl/21.1/fxgl-21.1.jar!/fxglassets/textures/particles/trace_horizontal.png
20:15:05.888 [FXGL Background Thread 1 ] DEBUG GameApplicationServi - Application scenes initialized
20:15:05.907 [FXGL Background Thread 1 ] DEBUG SystemBundleService  - Loading FXGL system data
20:15:05.910 [FXGL Background Thread 1 ] DEBUG FileSystemAccess     - Reading from: C:\Users\abdul\IdeaProjects\Produktionslinie\system\fxgl.bundle
20:15:05.919 [FXGL Background Thread 1 ] DEBUG SystemBundleService  - Bundle FXGL: {}
20:15:05.919 [FXGL Background Thread 1 ] DEBUG UpdaterService       - Checking for updates
20:15:05.945 [FXGL Background Thread 4 ] DEBUG FXGLApplication      - Loading fonts
20:15:05.947 [FXGL Background Thread 4 ] DEBUG FXGLAssetLoaderServi - Loading from file system: jar:file:/C:/Users/abdul/.m2/repository/com/github/almasb/fxgl/21.1/fxgl-21.1.jar!/fxglassets/ui/fonts/VarelaRound-Regular.ttf
20:15:05.947 [FXGL Background Thread 1 ] DEBUG FXGLApplication      - Loading default localization
20:15:05.948 [FXGL Background Thread 1 ] DEBUG FXGLAssetLoaderServi - Loading from file system: jar:file:/C:/Users/abdul/.m2/repository/com/github/almasb/fxgl/21.1/fxgl-21.1.jar!/fxglassets/languages/english.lang
20:15:05.985 [FXGL Background Thread 1 ] INFO  FXGLApplication      - FXGL initialization took: 0,455 sec
20:15:05.990 [FXGL Background Thread 4 ] DEBUG FXGLAssetLoaderServi - Loading from file system: jar:file:/C:/Users/abdul/.m2/repository/com/github/almasb/fxgl/21.1/fxgl-21.1.jar!/fxglassets/ui/fonts/Abel-Regular.ttf
20:15:06.000 [JavaFX Application Thread] DEBUG Input                - Registered new binding: action0 - R
20:15:06.002 [JavaFX Application Thread] DEBUG FXGLAssetLoaderServi - Loading from file system: jar:file:/C:/Users/abdul/.m2/repository/com/github/almasb/fxgl/21.1/fxgl-21.1.jar!/fxglassets/textures/fxgl_icon.png
20:15:06.007 [FXGL Background Thread 4 ] DEBUG FXGLAssetLoaderServi - Loading from file system: jar:file:/C:/Users/abdul/.m2/repository/com/github/almasb/fxgl/21.1/fxgl-21.1.jar!/fxglassets/ui/fonts/TerminalLandMono-Regular.otf
20:15:06.019 [FXGL Background Thread 4 ] DEBUG FXGLAssetLoaderServi - Loading from file system: jar:file:/C:/Users/abdul/.m2/repository/com/github/almasb/fxgl/21.1/fxgl-21.1.jar!/fxglassets/ui/fonts/Courier-Prime.ttf
20:15:06.024 [JavaFX Application Thread] DEBUG FXGLAssetLoaderServi - Loading from file system: jar:file:/C:/Users/abdul/.m2/repository/com/github/almasb/fxgl/21.1/fxgl-21.1.jar!/fxglassets/textures/fxgl_default_cursor.png
20:15:06.029 [JavaFX Application Thread] DEBUG Input                - Registered new binding: Screenshot - CTRL+8
20:15:06.031 [JavaFX Application Thread] DEBUG Input                - Registered new binding: Dev Options - 1
20:15:06.032 [JavaFX Application Thread] DEBUG Input                - Registered new binding: Dev Console - 2
20:15:06.034 [JavaFX Application Thread] DEBUG Input                - Registered new binding: System info dump - CTRL+9
20:15:06.034 [JavaFX Application Thread] DEBUG Input                - Registered new binding: Restart - CTRL+R
20:15:06.037 [JavaFX Application Thread] DEBUG Input                - Registered new binding: Toggle Debug Camera - CTRL+7
20:15:06.049 [JavaFX Application Thread] DEBUG LoopRunner           - Starting loop
20:15:06.076 [JavaFX Application Thread] DEBUG LoopRunner           - Initializing JavaFX AnimationTimerLoop
20:15:06.079 [JavaFX Application Thread] DEBUG GameApplicationServi - Starting new game
20:15:06.080 [JavaFX Application Thread] DEBUG Input                - Clearing active input actions
20:15:06.089 [JavaFX Application Thread] DEBUG GameApplicationServi - Removing overlay from FXGLStartupScene and adding to FXGLLoadingScene
20:15:06.093 [JavaFX Application Thread] DEBUG PrimaryStageWindow   - FXGLStartupScene -> FXGLLoadingScene
20:15:06.093 [JavaFX Application Thread] DEBUG GameApplicationServi - Clearing previous game
20:15:06.093 [JavaFX Application Thread] DEBUG GameScene            - Clearing game scene
20:15:06.094 [JavaFX Application Thread] DEBUG GameWorld            - Clearing game world
20:15:06.094 [JavaFX Application Thread] DEBUG PhysicsWorld         - Clearing physics world
20:15:06.095 [FXGL Background Thread 4 ] DEBUG FXGLApplication      - Initializing game
20:15:06.097 [JavaFX Application Thread] DEBUG FXGLApplication      - Registering font factories with UI factory
20:15:06.119 [FXGL Background Thread 4 ] WARN  TMXLevelLoader       - TiledMap generated from 1.11.2. Supported version: 1.9.0. Some features may not be parsed fully.
20:15:06.130 [FXGL Background Thread 4 ] DEBUG TMXLevelLoader       - Parsed TiledMap: file:/C:/Users/abdul/IdeaProjects/Produktionslinie/target/classes/assets/levels/map.tmx
20:15:06.132 [FXGL Background Thread 4 ] DEBUG TMXLevelLoader       - Creating tile layer entities
20:15:06.135 [FXGL Background Thread 4 ] DEBUG TilesetLoader        - Loading view for layer Kachelebene 1
20:15:06.145 [FXGL Background Thread 4 ] DEBUG TilesetLoader        - Created buffer with size 3200.0x3200.0
20:15:06.182 [FXGL Background Thread 4 ] DEBUG TMXLevelLoader       - Creating object layer entities
20:15:06.183 [FXGL Background Thread 4 ] DEBUG GameWorld            - Clearing removable entities
20:15:06.184 [FXGL Background Thread 4 ] DEBUG GameWorld            - Setting level: com.almasb.fxgl.entity.level.Level@624b58c3
20:15:06.213 [FXGL Background Thread 4 ] DEBUG FXGLAssetLoaderServi - Loading from file system: file:/C:/Users/abdul/IdeaProjects/Produktionslinie/target/classes/assets/textures/Info_Menu_Machine_Asset.png
20:15:06.277 [FXGL Background Thread 4 ] DEBUG FXGLAssetLoaderServi - Loading from file system: file:/C:/Users/abdul/IdeaProjects/Produktionslinie/target/classes/assets/textures/Turning_Off_Animation.png
20:15:06.283 [FXGL Background Thread 4 ] DEBUG FXGLAssetLoaderServi - Loading from file system: file:/C:/Users/abdul/IdeaProjects/Produktionslinie/target/classes/assets/textures/Turning_On_Animation.png
20:15:06.284 [FXGL Background Thread 4 ] DEBUG FXGLAssetLoaderServi - Loading from file system: file:/C:/Users/abdul/IdeaProjects/Produktionslinie/target/classes/assets/textures/Production_While_Taking_Items_Animation.png
20:15:06.284 [FXGL Background Thread 4 ] DEBUG FXGLAssetLoaderServi - Loading from file system: file:/C:/Users/abdul/IdeaProjects/Produktionslinie/target/classes/assets/textures/Production_Without_Taking_Items_Animation.png
20:15:06.324 [FXGL Background Thread 4 ] DEBUG FXGLAssetLoaderServi - Loading from file system: file:/C:/Users/abdul/IdeaProjects/Produktionslinie/target/classes/assets/textures/belt-start.png
20:15:06.326 [FXGL Background Thread 4 ] DEBUG FXGLAssetLoaderServi - Loading from file system: file:/C:/Users/abdul/IdeaProjects/Produktionslinie/target/classes/assets/textures/belt-mid.png
20:15:06.327 [FXGL Background Thread 4 ] DEBUG FXGLAssetLoaderServi - Loading from file system: file:/C:/Users/abdul/IdeaProjects/Produktionslinie/target/classes/assets/textures/belt-end.png
20:15:06.349 [FXGL Background Thread 4 ] DEBUG FXGLAssetLoaderServi - Loading from file system: file:/C:/Users/abdul/IdeaProjects/Produktionslinie/target/classes/assets/textures/item.png
20:15:06.358 [FXGL Background Thread 4 ] INFO  FXGLApplication      - Game initialization took: 0,263 sec
20:15:06.391 [JavaFX Application Thread] DEBUG Input                - Clearing active input actions
20:15:06.401 [JavaFX Application Thread] DEBUG GameApplicationServi - Removing overlay from FXGLLoadingScene and adding to GameScene
20:15:06.408 [JavaFX Application Thread] DEBUG PrimaryStageWindow   - FXGLLoadingScene -> GameScene
20:15:08.945 [FXGL Background Thread 3 ] DEBUG Engine               - Logging environment variables
20:15:08.946 [FXGL Background Thread 3 ] DEBUG Engine               - achievements: []
20:15:08.946 [FXGL Background Thread 3 ] DEBUG Engine               - actualHeight: 900.0
20:15:08.946 [FXGL Background Thread 3 ] DEBUG Engine               - actualHeightProperty: ReadOnlyDoubleProperty [value: 900.0]
20:15:08.946 [FXGL Background Thread 3 ] DEBUG Engine               - actualWidth: 1600.0
20:15:08.946 [FXGL Background Thread 3 ] DEBUG Engine               - actualWidthProperty: ReadOnlyDoubleProperty [value: 1600.0]
20:15:08.946 [FXGL Background Thread 3 ] DEBUG Engine               - appIcon: fxgl_icon.png
20:15:08.946 [FXGL Background Thread 3 ] DEBUG Engine               - applicationMode: DEVELOPER
20:15:08.946 [FXGL Background Thread 3 ] DEBUG Engine               - cSSList: [fxgl_dark.css]
20:15:08.946 [FXGL Background Thread 3 ] DEBUG Engine               - collisionDetectionStrategy: BRUTE_FORCE
20:15:08.946 [FXGL Background Thread 3 ] DEBUG Engine               - configClass: Optional.empty
20:15:08.946 [FXGL Background Thread 3 ] DEBUG Engine               - credits: []
20:15:08.947 [FXGL Background Thread 3 ] DEBUG Engine               - defaultCursor: CursorInfo(imageName=fxgl_default_cursor.png, hotspotX=7.0, hotspotY=6.0)
20:15:08.947 [FXGL Background Thread 3 ] DEBUG Engine               - devBBoxColorProperty: ObjectProperty [value: 0xff0000ff]
20:15:08.947 [FXGL Background Thread 3 ] DEBUG Engine               - devEnableDebugCameraProperty: BooleanProperty [value: false]
20:15:08.947 [FXGL Background Thread 3 ] DEBUG Engine               - devSensorColorProperty: ObjectProperty [value: 0xffff00ff]
20:15:08.947 [FXGL Background Thread 3 ] DEBUG Engine               - devShowBBoxProperty: BooleanProperty [value: false]
20:15:08.947 [FXGL Background Thread 3 ] DEBUG Engine               - devShowPositionProperty: BooleanProperty [value: false]
20:15:08.947 [FXGL Background Thread 3 ] DEBUG Engine               - enabledMenuItems: []
20:15:08.947 [FXGL Background Thread 3 ] DEBUG Engine               - engineServices: [class com.almasb.fxgl.app.services.FXGLAssetLoaderService, class com.almasb.fxgl.app.FXGLApplication$GameApplicationService, class com.almasb.fxgl.app.services.FXGLDialogService, class com.almasb.fxgl.app.services.IOTaskExecutorService, class com.almasb.fxgl.io.FileSystemService, class com.almasb.fxgl.localization.LocalizationService, class com.almasb.fxgl.app.services.SystemBundleService, class com.almasb.fxgl.profile.SaveLoadService, class com.almasb.fxgl.ui.FXGLUIFactoryServiceProvider, class com.almasb.fxgl.ui.FXGLDialogFactoryServiceProvider, class com.almasb.fxgl.audio.AudioPlayer, class com.almasb.fxgl.notification.impl.NotificationServiceProvider, class com.almasb.fxgl.achievement.AchievementService, class com.almasb.fxgl.cutscene.CutsceneService, class com.almasb.fxgl.minigames.MiniGameService, class com.almasb.fxgl.net.NetService, class com.almasb.fxgl.app.services.UpdaterService, class com.almasb.fxgl.dev.DevService]
20:15:08.947 [FXGL Background Thread 3 ] DEBUG Engine               - fontGame: Abel-Regular.ttf
20:15:08.947 [FXGL Background Thread 3 ] DEBUG Engine               - fontMono: TerminalLandMono-Regular.otf
20:15:08.947 [FXGL Background Thread 3 ] DEBUG Engine               - fontSizeScaleUI: 1.0
20:15:08.947 [FXGL Background Thread 3 ] DEBUG Engine               - fontText: Courier-Prime.ttf
20:15:08.947 [FXGL Background Thread 3 ] DEBUG Engine               - fontUI: VarelaRound-Regular.ttf
20:15:08.947 [FXGL Background Thread 3 ] DEBUG Engine               - fullScreen: BooleanProperty [value: false]
20:15:08.947 [FXGL Background Thread 3 ] DEBUG Engine               - gameDifficulty: MEDIUM
20:15:08.948 [FXGL Background Thread 3 ] DEBUG Engine               - gameDifficultyProperty: ObjectProperty [value: MEDIUM]
20:15:08.948 [FXGL Background Thread 3 ] DEBUG Engine               - globalMusicVolume: 0.5
20:15:08.948 [FXGL Background Thread 3 ] DEBUG Engine               - globalMusicVolumeProperty: DoubleProperty [value: 0.5]
20:15:08.948 [FXGL Background Thread 3 ] DEBUG Engine               - globalSoundVolume: 0.5
20:15:08.948 [FXGL Background Thread 3 ] DEBUG Engine               - globalSoundVolumeProperty: DoubleProperty [value: 0.5]
20:15:08.948 [FXGL Background Thread 3 ] DEBUG Engine               - height: 900
20:15:08.948 [FXGL Background Thread 3 ] DEBUG Engine               - is3D: false
20:15:08.948 [FXGL Background Thread 3 ] DEBUG Engine               - isAndroid: false
20:15:08.948 [FXGL Background Thread 3 ] DEBUG Engine               - isBrowser: false
20:15:08.948 [FXGL Background Thread 3 ] DEBUG Engine               - isClickFeedbackEnabled: false
20:15:08.948 [FXGL Background Thread 3 ] DEBUG Engine               - isCloseConfirmation: false
20:15:08.948 [FXGL Background Thread 3 ] DEBUG Engine               - isDesktop: true
20:15:08.948 [FXGL Background Thread 3 ] DEBUG Engine               - isDeveloperMenuEnabled: true
20:15:08.948 [FXGL Background Thread 3 ] DEBUG Engine               - isEmbedded: false
20:15:08.948 [FXGL Background Thread 3 ] DEBUG Engine               - isEntityPreloadEnabled: true
20:15:08.948 [FXGL Background Thread 3 ] DEBUG Engine               - isExperimentalTiledLargeMap: false
20:15:08.948 [FXGL Background Thread 3 ] DEBUG Engine               - isFileSystemWriteAllowed: true
20:15:08.948 [FXGL Background Thread 3 ] DEBUG Engine               - isFullScreenAllowed: false
20:15:08.948 [FXGL Background Thread 3 ] DEBUG Engine               - isFullScreenFromStart: false
20:15:08.948 [FXGL Background Thread 3 ] DEBUG Engine               - isGameMenuEnabled: true
20:15:08.948 [FXGL Background Thread 3 ] DEBUG Engine               - isIOS: false
20:15:08.948 [FXGL Background Thread 3 ] DEBUG Engine               - isIntroEnabled: false
20:15:08.948 [FXGL Background Thread 3 ] DEBUG Engine               - isLinux: false
20:15:08.948 [FXGL Background Thread 3 ] DEBUG Engine               - isMac: false
20:15:08.948 [FXGL Background Thread 3 ] DEBUG Engine               - isMainMenuEnabled: false
20:15:08.948 [FXGL Background Thread 3 ] DEBUG Engine               - isManualResizeEnabled: false
20:15:08.948 [FXGL Background Thread 3 ] DEBUG Engine               - isMobile: false
20:15:08.948 [FXGL Background Thread 3 ] DEBUG Engine               - isNative: false
20:15:08.949 [FXGL Background Thread 3 ] DEBUG Engine               - isPauseMusicWhenMinimized: true
20:15:08.949 [FXGL Background Thread 3 ] DEBUG Engine               - isPreserveResizeRatio: false
20:15:08.949 [FXGL Background Thread 3 ] DEBUG Engine               - isProfilingEnabled: false
20:15:08.949 [FXGL Background Thread 3 ] DEBUG Engine               - isScaleAffectedOnResize: true
20:15:08.949 [FXGL Background Thread 3 ] DEBUG Engine               - isSingleStep: false
20:15:08.949 [FXGL Background Thread 3 ] DEBUG Engine               - isUserProfileEnabled: false
20:15:08.949 [FXGL Background Thread 3 ] DEBUG Engine               - isWindows: true
20:15:08.949 [FXGL Background Thread 3 ] DEBUG Engine               - language: ObjectProperty [value: ENGLISH]
20:15:08.949 [FXGL Background Thread 3 ] DEBUG Engine               - menuKey: ESCAPE
20:15:08.949 [FXGL Background Thread 3 ] DEBUG Engine               - mouseSensitivity: 0.2
20:15:08.949 [FXGL Background Thread 3 ] DEBUG Engine               - notificationViewClass: class com.almasb.fxgl.notification.view.XboxNotificationView
20:15:08.949 [FXGL Background Thread 3 ] DEBUG Engine               - pixelsPerMeter: 50.0
20:15:08.949 [FXGL Background Thread 3 ] DEBUG Engine               - platform: WINDOWS
20:15:08.949 [FXGL Background Thread 3 ] DEBUG Engine               - prefHeightProperty: ReadOnlyDoubleProperty [value: 900.0]
20:15:08.949 [FXGL Background Thread 3 ] DEBUG Engine               - prefWidthProperty: ReadOnlyDoubleProperty [value: 1600.0]
20:15:08.949 [FXGL Background Thread 3 ] DEBUG Engine               - profileDir: profiles/
20:15:08.949 [FXGL Background Thread 3 ] DEBUG Engine               - profileName: StringProperty [value: DEFAULT]
20:15:08.949 [FXGL Background Thread 3 ] DEBUG Engine               - randomSeed: -1
20:15:08.949 [FXGL Background Thread 3 ] DEBUG Engine               - runtimeInfo: RuntimeInfo(platform=WINDOWS, version=21.1, build=27.03.2024 07.52)
20:15:08.949 [FXGL Background Thread 3 ] DEBUG Engine               - saveFileExt: sav
20:15:08.949 [FXGL Background Thread 3 ] DEBUG Engine               - scaledHeightProp$fxgl: DoubleProperty [bound, value: 900.0]
20:15:08.949 [FXGL Background Thread 3 ] DEBUG Engine               - scaledWidthProp$fxgl: DoubleProperty [bound, value: 1600.0]
20:15:08.949 [FXGL Background Thread 3 ] DEBUG Engine               - sceneFactory: com.almasb.fxgl.app.scene.SceneFactory@1aa786f1
20:15:08.950 [FXGL Background Thread 3 ] DEBUG Engine               - secondsIn24h: 60
20:15:08.950 [FXGL Background Thread 3 ] DEBUG Engine               - soundMenuBack: menu/back.wav
20:15:08.950 [FXGL Background Thread 3 ] DEBUG Engine               - soundMenuPress: menu/press.wav
20:15:08.950 [FXGL Background Thread 3 ] DEBUG Engine               - soundMenuSelect: menu/select.wav
20:15:08.950 [FXGL Background Thread 3 ] DEBUG Engine               - soundNotification: core/notification.wav
20:15:08.950 [FXGL Background Thread 3 ] DEBUG Engine               - stageStyle: DECORATED
20:15:08.950 [FXGL Background Thread 3 ] DEBUG Engine               - supportedLanguages: [ENGLISH, FRENCH, GERMAN, HUNGARIAN, RUSSIAN]
20:15:08.950 [FXGL Background Thread 3 ] DEBUG Engine               - ticksPerSecond: -1
20:15:08.950 [FXGL Background Thread 3 ] DEBUG Engine               - title: Produktionslinie
20:15:08.950 [FXGL Background Thread 3 ] DEBUG Engine               - urlGithub: https://github.com/AlmasB/FXGL
20:15:08.950 [FXGL Background Thread 3 ] DEBUG Engine               - urlLeaderboard: http://fxgl-top.herokuapp.com/
20:15:08.950 [FXGL Background Thread 3 ] DEBUG Engine               - urlPOM: https://raw.githubusercontent.com/AlmasB/FXGL/release/README.md
20:15:08.950 [FXGL Background Thread 3 ] DEBUG Engine               - userAppClass: class org.betriebssysteme.view.ProductionLineApp
20:15:08.950 [FXGL Background Thread 3 ] DEBUG Engine               - version: 0.0
20:15:08.950 [FXGL Background Thread 3 ] DEBUG Engine               - versionCheckDays: 7
20:15:08.950 [FXGL Background Thread 3 ] DEBUG Engine               - width: 1600
20:15:08.950 [FXGL Background Thread 3 ] DEBUG Engine               - Logging services
20:15:08.950 [FXGL Background Thread 3 ] DEBUG Engine               - class com.almasb.fxgl.app.services.FXGLAssetLoaderService
20:15:08.950 [FXGL Background Thread 3 ] DEBUG Engine               - class com.almasb.fxgl.app.FXGLApplication$GameApplicationService
20:15:08.950 [FXGL Background Thread 3 ] DEBUG Engine               - class com.almasb.fxgl.app.services.FXGLDialogService
20:15:08.950 [FXGL Background Thread 3 ] DEBUG Engine               - class com.almasb.fxgl.app.services.IOTaskExecutorService
20:15:08.950 [FXGL Background Thread 3 ] DEBUG Engine               - class com.almasb.fxgl.io.FileSystemService
20:15:08.950 [FXGL Background Thread 3 ] DEBUG Engine               - class com.almasb.fxgl.localization.LocalizationService
20:15:08.950 [FXGL Background Thread 3 ] DEBUG Engine               - class com.almasb.fxgl.app.services.SystemBundleService
20:15:08.950 [FXGL Background Thread 3 ] DEBUG Engine               - class com.almasb.fxgl.profile.SaveLoadService
20:15:08.950 [FXGL Background Thread 3 ] DEBUG Engine               - class com.almasb.fxgl.ui.FXGLUIFactoryServiceProvider
20:15:08.950 [FXGL Background Thread 3 ] DEBUG Engine               - class com.almasb.fxgl.ui.FXGLDialogFactoryServiceProvider
20:15:08.950 [FXGL Background Thread 3 ] DEBUG Engine               - class com.almasb.fxgl.audio.AudioPlayer
20:15:08.950 [FXGL Background Thread 3 ] DEBUG Engine               - class com.almasb.fxgl.notification.impl.NotificationServiceProvider
20:15:08.950 [FXGL Background Thread 3 ] DEBUG Engine               - class com.almasb.fxgl.achievement.AchievementService
20:15:08.950 [FXGL Background Thread 3 ] DEBUG Engine               - class com.almasb.fxgl.cutscene.CutsceneService
20:15:08.950 [FXGL Background Thread 3 ] DEBUG Engine               - class com.almasb.fxgl.minigames.MiniGameService
20:15:08.950 [FXGL Background Thread 3 ] DEBUG Engine               - class com.almasb.fxgl.net.NetService
20:15:08.950 [FXGL Background Thread 3 ] DEBUG Engine               - class com.almasb.fxgl.app.services.UpdaterService
20:15:08.950 [FXGL Background Thread 3 ] DEBUG Engine               - class com.almasb.fxgl.dev.DevService
20:15:32.386 [JavaFX Application Thread] DEBUG LoopRunner           - Pausing loop
20:15:45.898 [JavaFX Application Thread] DEBUG LoopRunner           - Resuming loop
20:15:49.558 [JavaFX Application Thread] DEBUG FXGLApplication      - Exiting FXGL
20:15:49.558 [JavaFX Application Thread] DEBUG LoopRunner           - Stopping loop
20:15:49.558 [JavaFX Application Thread] DEBUG SystemBundleService  - Saving FXGL system data
20:15:49.562 [JavaFX Application Thread] DEBUG FileSystemAccess     - Writing to: C:\Users\abdul\IdeaProjects\Produktionslinie\system\fxgl.bundle
20:15:49.564 [JavaFX Application Thread] DEBUG Async                - Shutting down background threads
20:15:49.564 [JavaFX Application Thread] DEBUG PrimaryStageWindow   - Closing main window
20:15:49.577 [JavaFX Application Thread] DEBUG Logger               - Closing Logger
