23:52:22.813 [main                     ] DEBUG Logger               - Configured Logger
23:52:22.839 [main                     ] DEBUG GameApplication      - Logging settings
Title: Produktionslinie
Version: 0.0
Width: 1600
Height: 900
Fullscreen: false
Intro: false
Profiling: false
Single step:false
App Mode: DEVELOPER
Menu Key: ESCAPE
Stage Style: DECORATED
Scene Factory: class com.almasb.fxgl.app.scene.SceneFactory

23:52:23.255 [JavaFX Application Thread] DEBUG FXGLApplication      - Initializing FXGL
23:52:23.260 [JavaFX Application Thread] INFO  Engine               - FXGL-21.1 (27.03.2024 07.52) on WINDOWS (J:21.0.9 FX:21.0.1)
23:52:23.261 [JavaFX Application Thread] DEBUG Engine               - JRE Vendor Name: Microsoft
23:52:23.261 [JavaFX Application Thread] DEBUG Engine               - Running on OS: Windows 11 version 10.0
23:52:23.261 [JavaFX Application Thread] DEBUG Engine               - Architecture: amd64
23:52:23.261 [JavaFX Application Thread] INFO  Engine               - Source code and latest versions at: https://github.com/AlmasB/FXGL
23:52:23.261 [JavaFX Application Thread] INFO  Engine               -       Ask questions and discuss at: https://github.com/AlmasB/FXGL/discussions
23:52:23.261 [JavaFX Application Thread] INFO  Engine               -              Join the FXGL chat at: https://gitter.im/AlmasB/FXGL
23:52:23.351 [JavaFX Application Thread] DEBUG PrimaryStageWindow   - Creating a JavaFX scene
23:52:23.392 [JavaFX Application Thread] DEBUG PrimaryStageWindow   - Target settings size: 1600.0 x 900.0
23:52:23.392 [JavaFX Application Thread] DEBUG PrimaryStageWindow   - Scaled scene size:    1600.0 x 900.0
23:52:23.393 [JavaFX Application Thread] DEBUG PrimaryStageWindow   - Scaled ratio: (1.0, 1.0)
23:52:23.393 [JavaFX Application Thread] DEBUG PrimaryStageWindow   - Set initial scene to FXGLStartupScene
23:52:23.396 [JavaFX Application Thread] DEBUG PrimaryStageWindow   - Opening main window
23:52:23.472 [JavaFX Application Thread] DEBUG PrimaryStageWindow   - Window border size: (16.0, 39.0)
23:52:23.472 [JavaFX Application Thread] DEBUG PrimaryStageWindow   - Scaled size: 1600.0 x 900.0
23:52:23.472 [JavaFX Application Thread] DEBUG PrimaryStageWindow   - Scaled ratio: (1.0, 1.0)
23:52:23.473 [JavaFX Application Thread] DEBUG PrimaryStageWindow   - Scene size: 1600.0 x 900.0
23:52:23.473 [JavaFX Application Thread] DEBUG PrimaryStageWindow   - Stage size: 1616.0 x 939.0
23:52:23.478 [FXGL Background Thread 1 ] DEBUG Engine               - Initializing environment variables
23:52:23.526 [FXGL Background Thread 1 ] DEBUG FXGLAssetLoaderServi - User app class for loading assets: class org.betriebssysteme.view.ProductionLineApp
23:52:23.526 [FXGL Background Thread 1 ] DEBUG GameApplicationServi - Applying CSS: fxgl_dark.css
23:52:23.527 [FXGL Background Thread 1 ] DEBUG FXGLAssetLoaderServi - Loading from file system: jar:file:/C:/Users/abdul/.m2/repository/com/github/almasb/fxgl/21.1/fxgl-21.1.jar!/fxglassets/ui/css/fxgl_dark.css
23:52:23.558 [FXGL Background Thread 1 ] DEBUG GameApplicationServi - Initializing application scenes
23:52:23.597 [FXGL Background Thread 1 ] DEBUG GameWorld            - Game world initialized
23:52:23.674 [FXGL Background Thread 1 ] DEBUG PhysicsWorld         - Physics world initialized: appHeight=900, physics.ppm=50,0
23:52:23.674 [FXGL Background Thread 1 ] DEBUG PhysicsWorld         - Using strategy: BRUTE_FORCE
23:52:23.678 [FXGL Background Thread 1 ] DEBUG GameScene            - Game scene initialized: 1600x900
23:52:23.690 [FXGL Background Thread 1 ] DEBUG FXGL.DefaultMenu     - createMenuBodyGameMenu()
23:52:23.702 [FXGL Background Thread 1 ] DEBUG FXGL.DefaultMenu     - createOptionsMenu()
23:52:23.711 [FXGL Background Thread 1 ] DEBUG FXGLAssetLoaderServi - Loading from file system: jar:file:/C:/Users/abdul/.m2/repository/com/github/almasb/fxgl/21.1/fxgl-21.1.jar!/fxglassets/textures/particles/smoke.png
23:52:23.803 [FXGL Background Thread 1 ] DEBUG FXGLAssetLoaderServi - Loading from file system: jar:file:/C:/Users/abdul/.m2/repository/com/github/almasb/fxgl/21.1/fxgl-21.1.jar!/fxglassets/textures/particles/trace_horizontal.png
23:52:23.826 [FXGL Background Thread 1 ] DEBUG GameApplicationServi - Application scenes initialized
23:52:23.838 [FXGL Background Thread 1 ] DEBUG SystemBundleService  - Loading FXGL system data
23:52:23.841 [FXGL Background Thread 1 ] DEBUG FileSystemAccess     - Reading from: C:\Users\abdul\IdeaProjects\Produktionslinie\system\fxgl.bundle
23:52:23.847 [FXGL Background Thread 1 ] DEBUG SystemBundleService  - Bundle FXGL: {}
23:52:23.849 [FXGL Background Thread 1 ] DEBUG UpdaterService       - Checking for updates
23:52:23.879 [FXGL Background Thread 4 ] DEBUG FXGLApplication      - Loading fonts
23:52:23.879 [FXGL Background Thread 4 ] DEBUG FXGLAssetLoaderServi - Loading from file system: jar:file:/C:/Users/abdul/.m2/repository/com/github/almasb/fxgl/21.1/fxgl-21.1.jar!/fxglassets/ui/fonts/VarelaRound-Regular.ttf
23:52:23.879 [FXGL Background Thread 1 ] DEBUG FXGLApplication      - Loading default localization
23:52:23.880 [FXGL Background Thread 1 ] DEBUG FXGLAssetLoaderServi - Loading from file system: jar:file:/C:/Users/abdul/.m2/repository/com/github/almasb/fxgl/21.1/fxgl-21.1.jar!/fxglassets/languages/english.lang
23:52:23.914 [FXGL Background Thread 4 ] DEBUG FXGLAssetLoaderServi - Loading from file system: jar:file:/C:/Users/abdul/.m2/repository/com/github/almasb/fxgl/21.1/fxgl-21.1.jar!/fxglassets/ui/fonts/Abel-Regular.ttf
23:52:23.914 [FXGL Background Thread 1 ] INFO  FXGLApplication      - FXGL initialization took: 0,436 sec
23:52:23.923 [FXGL Background Thread 4 ] DEBUG FXGLAssetLoaderServi - Loading from file system: jar:file:/C:/Users/abdul/.m2/repository/com/github/almasb/fxgl/21.1/fxgl-21.1.jar!/fxglassets/ui/fonts/TerminalLandMono-Regular.otf
23:52:23.930 [JavaFX Application Thread] DEBUG Input                - Registered new binding: action0 - R
23:52:23.931 [JavaFX Application Thread] DEBUG FXGLAssetLoaderServi - Loading from file system: jar:file:/C:/Users/abdul/.m2/repository/com/github/almasb/fxgl/21.1/fxgl-21.1.jar!/fxglassets/textures/fxgl_icon.png
23:52:23.933 [FXGL Background Thread 4 ] DEBUG FXGLAssetLoaderServi - Loading from file system: jar:file:/C:/Users/abdul/.m2/repository/com/github/almasb/fxgl/21.1/fxgl-21.1.jar!/fxglassets/ui/fonts/Courier-Prime.ttf
23:52:23.947 [JavaFX Application Thread] DEBUG FXGLAssetLoaderServi - Loading from file system: jar:file:/C:/Users/abdul/.m2/repository/com/github/almasb/fxgl/21.1/fxgl-21.1.jar!/fxglassets/textures/fxgl_default_cursor.png
23:52:23.951 [JavaFX Application Thread] DEBUG Input                - Registered new binding: Screenshot - CTRL+8
23:52:23.952 [JavaFX Application Thread] DEBUG Input                - Registered new binding: Dev Options - 1
23:52:23.953 [JavaFX Application Thread] DEBUG Input                - Registered new binding: Dev Console - 2
23:52:23.954 [JavaFX Application Thread] DEBUG Input                - Registered new binding: System info dump - CTRL+9
23:52:23.955 [JavaFX Application Thread] DEBUG Input                - Registered new binding: Restart - CTRL+R
23:52:23.956 [JavaFX Application Thread] DEBUG Input                - Registered new binding: Toggle Debug Camera - CTRL+7
23:52:23.968 [JavaFX Application Thread] DEBUG LoopRunner           - Starting loop
23:52:23.998 [JavaFX Application Thread] DEBUG LoopRunner           - Initializing JavaFX AnimationTimerLoop
23:52:23.999 [JavaFX Application Thread] DEBUG GameApplicationServi - Starting new game
23:52:23.999 [JavaFX Application Thread] DEBUG Input                - Clearing active input actions
23:52:24.011 [JavaFX Application Thread] DEBUG GameApplicationServi - Removing overlay from FXGLStartupScene and adding to FXGLLoadingScene
23:52:24.015 [JavaFX Application Thread] DEBUG PrimaryStageWindow   - FXGLStartupScene -> FXGLLoadingScene
23:52:24.015 [JavaFX Application Thread] DEBUG GameApplicationServi - Clearing previous game
23:52:24.016 [JavaFX Application Thread] DEBUG GameScene            - Clearing game scene
23:52:24.016 [JavaFX Application Thread] DEBUG GameWorld            - Clearing game world
23:52:24.016 [JavaFX Application Thread] DEBUG PhysicsWorld         - Clearing physics world
23:52:24.017 [FXGL Background Thread 4 ] DEBUG FXGLApplication      - Initializing game
23:52:24.018 [JavaFX Application Thread] DEBUG FXGLApplication      - Registering font factories with UI factory
23:52:24.042 [FXGL Background Thread 4 ] WARN  TMXLevelLoader       - TiledMap generated from 1.11.2. Supported version: 1.9.0. Some features may not be parsed fully.
23:52:24.055 [FXGL Background Thread 4 ] DEBUG TMXLevelLoader       - Parsed TiledMap: file:/C:/Users/abdul/IdeaProjects/Produktionslinie/target/classes/assets/levels/map.tmx
23:52:24.057 [FXGL Background Thread 4 ] DEBUG TMXLevelLoader       - Creating tile layer entities
23:52:24.060 [FXGL Background Thread 4 ] DEBUG TilesetLoader        - Loading view for layer Kachelebene 1
23:52:24.071 [FXGL Background Thread 4 ] DEBUG TilesetLoader        - Created buffer with size 3200.0x3200.0
23:52:24.106 [FXGL Background Thread 4 ] DEBUG TMXLevelLoader       - Creating object layer entities
23:52:24.107 [FXGL Background Thread 4 ] DEBUG GameWorld            - Clearing removable entities
23:52:24.109 [FXGL Background Thread 4 ] DEBUG GameWorld            - Setting level: com.almasb.fxgl.entity.level.Level@29b5a815
23:52:24.135 [FXGL Background Thread 4 ] DEBUG FXGLAssetLoaderServi - Loading from file system: file:/C:/Users/abdul/IdeaProjects/Produktionslinie/target/classes/assets/textures/Info_Menu_Machine_Asset.png
23:52:24.194 [FXGL Background Thread 4 ] DEBUG FXGLAssetLoaderServi - Loading from file system: file:/C:/Users/abdul/IdeaProjects/Produktionslinie/target/classes/assets/textures/Turning_Off_Animation.png
23:52:24.200 [FXGL Background Thread 4 ] DEBUG FXGLAssetLoaderServi - Loading from file system: file:/C:/Users/abdul/IdeaProjects/Produktionslinie/target/classes/assets/textures/Turning_On_Animation.png
23:52:24.202 [FXGL Background Thread 4 ] DEBUG FXGLAssetLoaderServi - Loading from file system: file:/C:/Users/abdul/IdeaProjects/Produktionslinie/target/classes/assets/textures/Production_While_Taking_Items_Animation.png
23:52:24.203 [FXGL Background Thread 4 ] DEBUG FXGLAssetLoaderServi - Loading from file system: file:/C:/Users/abdul/IdeaProjects/Produktionslinie/target/classes/assets/textures/Production_Without_Taking_Items_Animation.png
23:52:24.241 [FXGL Background Thread 4 ] DEBUG FXGLAssetLoaderServi - Loading from file system: file:/C:/Users/abdul/IdeaProjects/Produktionslinie/target/classes/assets/textures/belt-start.png
23:52:24.242 [FXGL Background Thread 4 ] DEBUG FXGLAssetLoaderServi - Loading from file system: file:/C:/Users/abdul/IdeaProjects/Produktionslinie/target/classes/assets/textures/belt-mid.png
23:52:24.244 [FXGL Background Thread 4 ] DEBUG FXGLAssetLoaderServi - Loading from file system: file:/C:/Users/abdul/IdeaProjects/Produktionslinie/target/classes/assets/textures/belt-end.png
23:52:24.270 [FXGL Background Thread 4 ] DEBUG FXGLAssetLoaderServi - Loading from file system: file:/C:/Users/abdul/IdeaProjects/Produktionslinie/target/classes/assets/textures/item.png
23:52:24.277 [FXGL Background Thread 4 ] INFO  FXGLApplication      - Game initialization took: 0,261 sec
23:52:24.307 [JavaFX Application Thread] DEBUG Input                - Clearing active input actions
23:52:24.316 [JavaFX Application Thread] DEBUG GameApplicationServi - Removing overlay from FXGLLoadingScene and adding to GameScene
23:52:24.319 [JavaFX Application Thread] DEBUG PrimaryStageWindow   - FXGLLoadingScene -> GameScene
23:52:26.878 [FXGL Background Thread 3 ] DEBUG Engine               - Logging environment variables
23:52:26.879 [FXGL Background Thread 3 ] DEBUG Engine               - achievements: []
23:52:26.879 [FXGL Background Thread 3 ] DEBUG Engine               - actualHeight: 900.0
23:52:26.880 [FXGL Background Thread 3 ] DEBUG Engine               - actualHeightProperty: ReadOnlyDoubleProperty [value: 900.0]
23:52:26.880 [FXGL Background Thread 3 ] DEBUG Engine               - actualWidth: 1600.0
23:52:26.880 [FXGL Background Thread 3 ] DEBUG Engine               - actualWidthProperty: ReadOnlyDoubleProperty [value: 1600.0]
23:52:26.880 [FXGL Background Thread 3 ] DEBUG Engine               - appIcon: fxgl_icon.png
23:52:26.880 [FXGL Background Thread 3 ] DEBUG Engine               - applicationMode: DEVELOPER
23:52:26.880 [FXGL Background Thread 3 ] DEBUG Engine               - cSSList: [fxgl_dark.css]
23:52:26.880 [FXGL Background Thread 3 ] DEBUG Engine               - collisionDetectionStrategy: BRUTE_FORCE
23:52:26.881 [FXGL Background Thread 3 ] DEBUG Engine               - configClass: Optional.empty
23:52:26.881 [FXGL Background Thread 3 ] DEBUG Engine               - credits: []
23:52:26.881 [FXGL Background Thread 3 ] DEBUG Engine               - defaultCursor: CursorInfo(imageName=fxgl_default_cursor.png, hotspotX=7.0, hotspotY=6.0)
23:52:26.882 [FXGL Background Thread 3 ] DEBUG Engine               - devBBoxColorProperty: ObjectProperty [value: 0xff0000ff]
23:52:26.882 [FXGL Background Thread 3 ] DEBUG Engine               - devEnableDebugCameraProperty: BooleanProperty [value: false]
23:52:26.882 [FXGL Background Thread 3 ] DEBUG Engine               - devSensorColorProperty: ObjectProperty [value: 0xffff00ff]
23:52:26.882 [FXGL Background Thread 3 ] DEBUG Engine               - devShowBBoxProperty: BooleanProperty [value: false]
23:52:26.882 [FXGL Background Thread 3 ] DEBUG Engine               - devShowPositionProperty: BooleanProperty [value: false]
23:52:26.882 [FXGL Background Thread 3 ] DEBUG Engine               - enabledMenuItems: []
23:52:26.882 [FXGL Background Thread 3 ] DEBUG Engine               - engineServices: [class com.almasb.fxgl.app.services.FXGLAssetLoaderService, class com.almasb.fxgl.app.FXGLApplication$GameApplicationService, class com.almasb.fxgl.app.services.FXGLDialogService, class com.almasb.fxgl.app.services.IOTaskExecutorService, class com.almasb.fxgl.io.FileSystemService, class com.almasb.fxgl.localization.LocalizationService, class com.almasb.fxgl.app.services.SystemBundleService, class com.almasb.fxgl.profile.SaveLoadService, class com.almasb.fxgl.ui.FXGLUIFactoryServiceProvider, class com.almasb.fxgl.ui.FXGLDialogFactoryServiceProvider, class com.almasb.fxgl.audio.AudioPlayer, class com.almasb.fxgl.notification.impl.NotificationServiceProvider, class com.almasb.fxgl.achievement.AchievementService, class com.almasb.fxgl.cutscene.CutsceneService, class com.almasb.fxgl.minigames.MiniGameService, class com.almasb.fxgl.net.NetService, class com.almasb.fxgl.app.services.UpdaterService, class com.almasb.fxgl.dev.DevService]
23:52:26.882 [FXGL Background Thread 3 ] DEBUG Engine               - fontGame: Abel-Regular.ttf
23:52:26.883 [FXGL Background Thread 3 ] DEBUG Engine               - fontMono: TerminalLandMono-Regular.otf
23:52:26.883 [FXGL Background Thread 3 ] DEBUG Engine               - fontSizeScaleUI: 1.0
23:52:26.883 [FXGL Background Thread 3 ] DEBUG Engine               - fontText: Courier-Prime.ttf
23:52:26.883 [FXGL Background Thread 3 ] DEBUG Engine               - fontUI: VarelaRound-Regular.ttf
23:52:26.883 [FXGL Background Thread 3 ] DEBUG Engine               - fullScreen: BooleanProperty [value: false]
23:52:26.883 [FXGL Background Thread 3 ] DEBUG Engine               - gameDifficulty: MEDIUM
23:52:26.883 [FXGL Background Thread 3 ] DEBUG Engine               - gameDifficultyProperty: ObjectProperty [value: MEDIUM]
23:52:26.883 [FXGL Background Thread 3 ] DEBUG Engine               - globalMusicVolume: 0.5
23:52:26.884 [FXGL Background Thread 3 ] DEBUG Engine               - globalMusicVolumeProperty: DoubleProperty [value: 0.5]
23:52:26.884 [FXGL Background Thread 3 ] DEBUG Engine               - globalSoundVolume: 0.5
23:52:26.884 [FXGL Background Thread 3 ] DEBUG Engine               - globalSoundVolumeProperty: DoubleProperty [value: 0.5]
23:52:26.884 [FXGL Background Thread 3 ] DEBUG Engine               - height: 900
23:52:26.885 [FXGL Background Thread 3 ] DEBUG Engine               - is3D: false
23:52:26.885 [FXGL Background Thread 3 ] DEBUG Engine               - isAndroid: false
23:52:26.885 [FXGL Background Thread 3 ] DEBUG Engine               - isBrowser: false
23:52:26.885 [FXGL Background Thread 3 ] DEBUG Engine               - isClickFeedbackEnabled: false
23:52:26.885 [FXGL Background Thread 3 ] DEBUG Engine               - isCloseConfirmation: false
23:52:26.885 [FXGL Background Thread 3 ] DEBUG Engine               - isDesktop: true
23:52:26.885 [FXGL Background Thread 3 ] DEBUG Engine               - isDeveloperMenuEnabled: true
23:52:26.885 [FXGL Background Thread 3 ] DEBUG Engine               - isEmbedded: false
23:52:26.885 [FXGL Background Thread 3 ] DEBUG Engine               - isEntityPreloadEnabled: true
23:52:26.885 [FXGL Background Thread 3 ] DEBUG Engine               - isExperimentalTiledLargeMap: false
23:52:26.885 [FXGL Background Thread 3 ] DEBUG Engine               - isFileSystemWriteAllowed: true
23:52:26.885 [FXGL Background Thread 3 ] DEBUG Engine               - isFullScreenAllowed: false
23:52:26.885 [FXGL Background Thread 3 ] DEBUG Engine               - isFullScreenFromStart: false
23:52:26.885 [FXGL Background Thread 3 ] DEBUG Engine               - isGameMenuEnabled: true
23:52:26.885 [FXGL Background Thread 3 ] DEBUG Engine               - isIOS: false
23:52:26.885 [FXGL Background Thread 3 ] DEBUG Engine               - isIntroEnabled: false
23:52:26.885 [FXGL Background Thread 3 ] DEBUG Engine               - isLinux: false
23:52:26.885 [FXGL Background Thread 3 ] DEBUG Engine               - isMac: false
23:52:26.885 [FXGL Background Thread 3 ] DEBUG Engine               - isMainMenuEnabled: false
23:52:26.885 [FXGL Background Thread 3 ] DEBUG Engine               - isManualResizeEnabled: false
23:52:26.886 [FXGL Background Thread 3 ] DEBUG Engine               - isMobile: false
23:52:26.886 [FXGL Background Thread 3 ] DEBUG Engine               - isNative: false
23:52:26.886 [FXGL Background Thread 3 ] DEBUG Engine               - isPauseMusicWhenMinimized: true
23:52:26.886 [FXGL Background Thread 3 ] DEBUG Engine               - isPreserveResizeRatio: false
23:52:26.886 [FXGL Background Thread 3 ] DEBUG Engine               - isProfilingEnabled: false
23:52:26.886 [FXGL Background Thread 3 ] DEBUG Engine               - isScaleAffectedOnResize: true
23:52:26.886 [FXGL Background Thread 3 ] DEBUG Engine               - isSingleStep: false
23:52:26.886 [FXGL Background Thread 3 ] DEBUG Engine               - isUserProfileEnabled: false
23:52:26.886 [FXGL Background Thread 3 ] DEBUG Engine               - isWindows: true
23:52:26.886 [FXGL Background Thread 3 ] DEBUG Engine               - language: ObjectProperty [value: ENGLISH]
23:52:26.886 [FXGL Background Thread 3 ] DEBUG Engine               - menuKey: ESCAPE
23:52:26.886 [FXGL Background Thread 3 ] DEBUG Engine               - mouseSensitivity: 0.2
23:52:26.886 [FXGL Background Thread 3 ] DEBUG Engine               - notificationViewClass: class com.almasb.fxgl.notification.view.XboxNotificationView
23:52:26.886 [FXGL Background Thread 3 ] DEBUG Engine               - pixelsPerMeter: 50.0
23:52:26.886 [FXGL Background Thread 3 ] DEBUG Engine               - platform: WINDOWS
23:52:26.886 [FXGL Background Thread 3 ] DEBUG Engine               - prefHeightProperty: ReadOnlyDoubleProperty [value: 900.0]
23:52:26.886 [FXGL Background Thread 3 ] DEBUG Engine               - prefWidthProperty: ReadOnlyDoubleProperty [value: 1600.0]
23:52:26.886 [FXGL Background Thread 3 ] DEBUG Engine               - profileDir: profiles/
23:52:26.886 [FXGL Background Thread 3 ] DEBUG Engine               - profileName: StringProperty [value: DEFAULT]
23:52:26.886 [FXGL Background Thread 3 ] DEBUG Engine               - randomSeed: -1
23:52:26.887 [FXGL Background Thread 3 ] DEBUG Engine               - runtimeInfo: RuntimeInfo(platform=WINDOWS, version=21.1, build=27.03.2024 07.52)
23:52:26.887 [FXGL Background Thread 3 ] DEBUG Engine               - saveFileExt: sav
23:52:26.887 [FXGL Background Thread 3 ] DEBUG Engine               - scaledHeightProp$fxgl: DoubleProperty [bound, value: 900.0]
23:52:26.887 [FXGL Background Thread 3 ] DEBUG Engine               - scaledWidthProp$fxgl: DoubleProperty [bound, value: 1600.0]
23:52:26.887 [FXGL Background Thread 3 ] DEBUG Engine               - sceneFactory: com.almasb.fxgl.app.scene.SceneFactory@1974aef
23:52:26.887 [FXGL Background Thread 3 ] DEBUG Engine               - secondsIn24h: 60
23:52:26.887 [FXGL Background Thread 3 ] DEBUG Engine               - soundMenuBack: menu/back.wav
23:52:26.887 [FXGL Background Thread 3 ] DEBUG Engine               - soundMenuPress: menu/press.wav
23:52:26.887 [FXGL Background Thread 3 ] DEBUG Engine               - soundMenuSelect: menu/select.wav
23:52:26.887 [FXGL Background Thread 3 ] DEBUG Engine               - soundNotification: core/notification.wav
23:52:26.887 [FXGL Background Thread 3 ] DEBUG Engine               - stageStyle: DECORATED
23:52:26.887 [FXGL Background Thread 3 ] DEBUG Engine               - supportedLanguages: [ENGLISH, FRENCH, GERMAN, HUNGARIAN, RUSSIAN]
23:52:26.887 [FXGL Background Thread 3 ] DEBUG Engine               - ticksPerSecond: -1
23:52:26.887 [FXGL Background Thread 3 ] DEBUG Engine               - title: Produktionslinie
23:52:26.887 [FXGL Background Thread 3 ] DEBUG Engine               - urlGithub: https://github.com/AlmasB/FXGL
23:52:26.887 [FXGL Background Thread 3 ] DEBUG Engine               - urlLeaderboard: http://fxgl-top.herokuapp.com/
23:52:26.888 [FXGL Background Thread 3 ] DEBUG Engine               - urlPOM: https://raw.githubusercontent.com/AlmasB/FXGL/release/README.md
23:52:26.888 [FXGL Background Thread 3 ] DEBUG Engine               - userAppClass: class org.betriebssysteme.view.ProductionLineApp
23:52:26.888 [FXGL Background Thread 3 ] DEBUG Engine               - version: 0.0
23:52:26.888 [FXGL Background Thread 3 ] DEBUG Engine               - versionCheckDays: 7
23:52:26.888 [FXGL Background Thread 3 ] DEBUG Engine               - width: 1600
23:52:26.888 [FXGL Background Thread 3 ] DEBUG Engine               - Logging services
23:52:26.888 [FXGL Background Thread 3 ] DEBUG Engine               - class com.almasb.fxgl.app.services.FXGLAssetLoaderService
23:52:26.888 [FXGL Background Thread 3 ] DEBUG Engine               - class com.almasb.fxgl.app.FXGLApplication$GameApplicationService
23:52:26.888 [FXGL Background Thread 3 ] DEBUG Engine               - class com.almasb.fxgl.app.services.FXGLDialogService
23:52:26.888 [FXGL Background Thread 3 ] DEBUG Engine               - class com.almasb.fxgl.app.services.IOTaskExecutorService
23:52:26.888 [FXGL Background Thread 3 ] DEBUG Engine               - class com.almasb.fxgl.io.FileSystemService
23:52:26.888 [FXGL Background Thread 3 ] DEBUG Engine               - class com.almasb.fxgl.localization.LocalizationService
23:52:26.888 [FXGL Background Thread 3 ] DEBUG Engine               - class com.almasb.fxgl.app.services.SystemBundleService
23:52:26.888 [FXGL Background Thread 3 ] DEBUG Engine               - class com.almasb.fxgl.profile.SaveLoadService
23:52:26.888 [FXGL Background Thread 3 ] DEBUG Engine               - class com.almasb.fxgl.ui.FXGLUIFactoryServiceProvider
23:52:26.888 [FXGL Background Thread 3 ] DEBUG Engine               - class com.almasb.fxgl.ui.FXGLDialogFactoryServiceProvider
23:52:26.888 [FXGL Background Thread 3 ] DEBUG Engine               - class com.almasb.fxgl.audio.AudioPlayer
23:52:26.888 [FXGL Background Thread 3 ] DEBUG Engine               - class com.almasb.fxgl.notification.impl.NotificationServiceProvider
23:52:26.888 [FXGL Background Thread 3 ] DEBUG Engine               - class com.almasb.fxgl.achievement.AchievementService
23:52:26.888 [FXGL Background Thread 3 ] DEBUG Engine               - class com.almasb.fxgl.cutscene.CutsceneService
23:52:26.888 [FXGL Background Thread 3 ] DEBUG Engine               - class com.almasb.fxgl.minigames.MiniGameService
23:52:26.888 [FXGL Background Thread 3 ] DEBUG Engine               - class com.almasb.fxgl.net.NetService
23:52:26.888 [FXGL Background Thread 3 ] DEBUG Engine               - class com.almasb.fxgl.app.services.UpdaterService
23:52:26.888 [FXGL Background Thread 3 ] DEBUG Engine               - class com.almasb.fxgl.dev.DevService
23:52:41.311 [JavaFX Application Thread] DEBUG FXGLApplication      - Exiting FXGL
23:52:41.311 [JavaFX Application Thread] DEBUG LoopRunner           - Stopping loop
23:52:41.311 [JavaFX Application Thread] DEBUG SystemBundleService  - Saving FXGL system data
23:52:41.312 [JavaFX Application Thread] DEBUG FileSystemAccess     - Writing to: C:\Users\abdul\IdeaProjects\Produktionslinie\system\fxgl.bundle
23:52:41.315 [JavaFX Application Thread] DEBUG Async                - Shutting down background threads
23:52:41.315 [JavaFX Application Thread] DEBUG PrimaryStageWindow   - Closing main window
23:52:41.328 [JavaFX Application Thread] DEBUG Logger               - Closing Logger
