16:15:28.918 [main                     ] DEBUG Logger               - Configured Logger
16:15:28.949 [main                     ] DEBUG GameApplication      - Logging settings
Title: Produktionslinie
Version: 0.0
Width: 1600
Height: 900
Fullscreen: false
Intro: false
Profiling: false
Single step:false
App Mode: DEVELOPER
Menu Key: ESCAPE
Stage Style: DECORATED
Scene Factory: class com.almasb.fxgl.app.scene.SceneFactory

16:15:29.382 [JavaFX Application Thread] DEBUG FXGLApplication      - Initializing FXGL
16:15:29.385 [JavaFX Application Thread] INFO  Engine               - FXGL-21.1 (27.03.2024 07.52) on WINDOWS (J:21.0.9 FX:21.0.1)
16:15:29.387 [JavaFX Application Thread] DEBUG Engine               - JRE Vendor Name: Microsoft
16:15:29.387 [JavaFX Application Thread] DEBUG Engine               - Running on OS: Windows 11 version 10.0
16:15:29.387 [JavaFX Application Thread] DEBUG Engine               - Architecture: amd64
16:15:29.387 [JavaFX Application Thread] INFO  Engine               - Source code and latest versions at: https://github.com/AlmasB/FXGL
16:15:29.387 [JavaFX Application Thread] INFO  Engine               -       Ask questions and discuss at: https://github.com/AlmasB/FXGL/discussions
16:15:29.387 [JavaFX Application Thread] INFO  Engine               -              Join the FXGL chat at: https://gitter.im/AlmasB/FXGL
16:15:29.482 [JavaFX Application Thread] DEBUG PrimaryStageWindow   - Creating a JavaFX scene
16:15:29.526 [JavaFX Application Thread] DEBUG PrimaryStageWindow   - Target settings size: 1600.0 x 900.0
16:15:29.526 [JavaFX Application Thread] DEBUG PrimaryStageWindow   - Scaled scene size:    1600.0 x 900.0
16:15:29.526 [JavaFX Application Thread] DEBUG PrimaryStageWindow   - Scaled ratio: (1.0, 1.0)
16:15:29.528 [JavaFX Application Thread] DEBUG PrimaryStageWindow   - Set initial scene to FXGLStartupScene
16:15:29.530 [JavaFX Application Thread] DEBUG PrimaryStageWindow   - Opening main window
16:15:29.608 [JavaFX Application Thread] DEBUG PrimaryStageWindow   - Window border size: (16.0, 39.0)
16:15:29.608 [JavaFX Application Thread] DEBUG PrimaryStageWindow   - Scaled size: 1600.0 x 900.0
16:15:29.608 [JavaFX Application Thread] DEBUG PrimaryStageWindow   - Scaled ratio: (1.0, 1.0)
16:15:29.608 [JavaFX Application Thread] DEBUG PrimaryStageWindow   - Scene size: 1600.0 x 900.0
16:15:29.610 [JavaFX Application Thread] DEBUG PrimaryStageWindow   - Stage size: 1616.0 x 939.0
16:15:29.615 [FXGL Background Thread 1 ] DEBUG Engine               - Initializing environment variables
16:15:29.659 [FXGL Background Thread 1 ] DEBUG FXGLAssetLoaderServi - User app class for loading assets: class org.betriebssysteme.view.ProductionLineApp
16:15:29.659 [FXGL Background Thread 1 ] DEBUG GameApplicationServi - Applying CSS: fxgl_dark.css
16:15:29.660 [FXGL Background Thread 1 ] DEBUG FXGLAssetLoaderServi - Loading from file system: jar:file:/C:/Users/abdul/.m2/repository/com/github/almasb/fxgl/21.1/fxgl-21.1.jar!/fxglassets/ui/css/fxgl_dark.css
16:15:29.693 [FXGL Background Thread 1 ] DEBUG GameApplicationServi - Initializing application scenes
16:15:29.740 [FXGL Background Thread 1 ] DEBUG GameWorld            - Game world initialized
16:15:29.804 [FXGL Background Thread 1 ] DEBUG PhysicsWorld         - Physics world initialized: appHeight=900, physics.ppm=50,0
16:15:29.805 [FXGL Background Thread 1 ] DEBUG PhysicsWorld         - Using strategy: BRUTE_FORCE
16:15:29.808 [FXGL Background Thread 1 ] DEBUG GameScene            - Game scene initialized: 1600x900
16:15:29.820 [FXGL Background Thread 1 ] DEBUG FXGL.DefaultMenu     - createMenuBodyGameMenu()
16:15:29.833 [FXGL Background Thread 1 ] DEBUG FXGL.DefaultMenu     - createOptionsMenu()
16:15:29.842 [FXGL Background Thread 1 ] DEBUG FXGLAssetLoaderServi - Loading from file system: jar:file:/C:/Users/abdul/.m2/repository/com/github/almasb/fxgl/21.1/fxgl-21.1.jar!/fxglassets/textures/particles/smoke.png
16:15:29.938 [FXGL Background Thread 1 ] DEBUG FXGLAssetLoaderServi - Loading from file system: jar:file:/C:/Users/abdul/.m2/repository/com/github/almasb/fxgl/21.1/fxgl-21.1.jar!/fxglassets/textures/particles/trace_horizontal.png
16:15:29.963 [FXGL Background Thread 1 ] DEBUG GameApplicationServi - Application scenes initialized
16:15:29.976 [FXGL Background Thread 1 ] DEBUG SystemBundleService  - Loading FXGL system data
16:15:29.980 [FXGL Background Thread 1 ] DEBUG FileSystemAccess     - Reading from: C:\Users\abdul\IdeaProjects\Produktionslinie\system\fxgl.bundle
16:15:29.988 [FXGL Background Thread 1 ] DEBUG SystemBundleService  - Bundle FXGL: {}
16:15:29.988 [FXGL Background Thread 1 ] DEBUG UpdaterService       - Checking for updates
16:15:30.018 [FXGL Background Thread 4 ] DEBUG FXGLApplication      - Loading fonts
16:15:30.018 [FXGL Background Thread 4 ] DEBUG FXGLAssetLoaderServi - Loading from file system: jar:file:/C:/Users/abdul/.m2/repository/com/github/almasb/fxgl/21.1/fxgl-21.1.jar!/fxglassets/ui/fonts/VarelaRound-Regular.ttf
16:15:30.018 [FXGL Background Thread 1 ] DEBUG FXGLApplication      - Loading default localization
16:15:30.019 [FXGL Background Thread 1 ] DEBUG FXGLAssetLoaderServi - Loading from file system: jar:file:/C:/Users/abdul/.m2/repository/com/github/almasb/fxgl/21.1/fxgl-21.1.jar!/fxglassets/languages/english.lang
16:15:30.054 [FXGL Background Thread 4 ] DEBUG FXGLAssetLoaderServi - Loading from file system: jar:file:/C:/Users/abdul/.m2/repository/com/github/almasb/fxgl/21.1/fxgl-21.1.jar!/fxglassets/ui/fonts/Abel-Regular.ttf
16:15:30.058 [FXGL Background Thread 1 ] INFO  FXGLApplication      - FXGL initialization took: 0,444 sec
16:15:30.064 [FXGL Background Thread 4 ] DEBUG FXGLAssetLoaderServi - Loading from file system: jar:file:/C:/Users/abdul/.m2/repository/com/github/almasb/fxgl/21.1/fxgl-21.1.jar!/fxglassets/ui/fonts/TerminalLandMono-Regular.otf
16:15:30.074 [JavaFX Application Thread] DEBUG Input                - Registered new binding: action0 - R
16:15:30.075 [FXGL Background Thread 4 ] DEBUG FXGLAssetLoaderServi - Loading from file system: jar:file:/C:/Users/abdul/.m2/repository/com/github/almasb/fxgl/21.1/fxgl-21.1.jar!/fxglassets/ui/fonts/Courier-Prime.ttf
16:15:30.077 [JavaFX Application Thread] DEBUG FXGLAssetLoaderServi - Loading from file system: jar:file:/C:/Users/abdul/.m2/repository/com/github/almasb/fxgl/21.1/fxgl-21.1.jar!/fxglassets/textures/fxgl_icon.png
16:15:30.093 [JavaFX Application Thread] DEBUG FXGLAssetLoaderServi - Loading from file system: jar:file:/C:/Users/abdul/.m2/repository/com/github/almasb/fxgl/21.1/fxgl-21.1.jar!/fxglassets/textures/fxgl_default_cursor.png
16:15:30.097 [JavaFX Application Thread] DEBUG Input                - Registered new binding: Screenshot - CTRL+8
16:15:30.099 [JavaFX Application Thread] DEBUG Input                - Registered new binding: Dev Options - 1
16:15:30.100 [JavaFX Application Thread] DEBUG Input                - Registered new binding: Dev Console - 2
16:15:30.101 [JavaFX Application Thread] DEBUG Input                - Registered new binding: System info dump - CTRL+9
16:15:30.102 [JavaFX Application Thread] DEBUG Input                - Registered new binding: Restart - CTRL+R
16:15:30.104 [JavaFX Application Thread] DEBUG Input                - Registered new binding: Toggle Debug Camera - CTRL+7
16:15:30.117 [JavaFX Application Thread] DEBUG LoopRunner           - Starting loop
16:15:30.142 [JavaFX Application Thread] DEBUG LoopRunner           - Initializing JavaFX AnimationTimerLoop
16:15:30.143 [JavaFX Application Thread] DEBUG GameApplicationServi - Starting new game
16:15:30.144 [JavaFX Application Thread] DEBUG Input                - Clearing active input actions
16:15:30.157 [JavaFX Application Thread] DEBUG GameApplicationServi - Removing overlay from FXGLStartupScene and adding to FXGLLoadingScene
16:15:30.160 [JavaFX Application Thread] DEBUG PrimaryStageWindow   - FXGLStartupScene -> FXGLLoadingScene
16:15:30.160 [JavaFX Application Thread] DEBUG GameApplicationServi - Clearing previous game
16:15:30.160 [JavaFX Application Thread] DEBUG GameScene            - Clearing game scene
16:15:30.161 [JavaFX Application Thread] DEBUG GameWorld            - Clearing game world
16:15:30.161 [JavaFX Application Thread] DEBUG PhysicsWorld         - Clearing physics world
16:15:30.162 [FXGL Background Thread 4 ] DEBUG FXGLApplication      - Initializing game
16:15:30.163 [JavaFX Application Thread] DEBUG FXGLApplication      - Registering font factories with UI factory
16:15:30.169 [FXGL Background Thread 4 ] DEBUG FXGLAssetLoaderServi - Loading from file system: file:/C:/Users/abdul/IdeaProjects/Produktionslinie/target/classes/assets/textures/Info_Menu_Machine_Asset.png
16:15:30.215 [FXGL Background Thread 4 ] DEBUG FXGLAssetLoaderServi - Loading from file system: file:/C:/Users/abdul/IdeaProjects/Produktionslinie/target/classes/assets/textures/Turning_Off_Animation.png
16:15:30.218 [FXGL Background Thread 4 ] DEBUG FXGLAssetLoaderServi - Loading from file system: file:/C:/Users/abdul/IdeaProjects/Produktionslinie/target/classes/assets/textures/Turning_On_Animation.png
16:15:30.220 [FXGL Background Thread 4 ] DEBUG FXGLAssetLoaderServi - Loading from file system: file:/C:/Users/abdul/IdeaProjects/Produktionslinie/target/classes/assets/textures/Production_While_Taking_Items_Animation.png
16:15:30.222 [FXGL Background Thread 4 ] DEBUG FXGLAssetLoaderServi - Loading from file system: file:/C:/Users/abdul/IdeaProjects/Produktionslinie/target/classes/assets/textures/Production_Without_Taking_Items_Animation.png
16:15:30.250 [FXGL Background Thread 4 ] INFO  FXGLApplication      - Game initialization took: 0,087 sec
16:15:30.387 [JavaFX Application Thread] DEBUG Input                - Clearing active input actions
16:15:30.395 [JavaFX Application Thread] DEBUG GameApplicationServi - Removing overlay from FXGLLoadingScene and adding to GameScene
16:15:30.399 [JavaFX Application Thread] DEBUG PrimaryStageWindow   - FXGLLoadingScene -> GameScene
16:15:32.899 [JavaFX Application Thread] DEBUG FXGLApplication      - Exiting FXGL
16:15:32.900 [JavaFX Application Thread] DEBUG LoopRunner           - Stopping loop
16:15:32.900 [JavaFX Application Thread] DEBUG SystemBundleService  - Saving FXGL system data
16:15:32.901 [JavaFX Application Thread] DEBUG FileSystemAccess     - Writing to: C:\Users\abdul\IdeaProjects\Produktionslinie\system\fxgl.bundle
16:15:32.904 [JavaFX Application Thread] DEBUG Async                - Shutting down background threads
16:15:32.905 [JavaFX Application Thread] DEBUG PrimaryStageWindow   - Closing main window
16:15:32.915 [JavaFX Application Thread] DEBUG Logger               - Closing Logger
