20:00:26.112 [main                     ] DEBUG Logger               - Configured Logger
20:00:26.131 [main                     ] DEBUG GameApplication      - Logging settings
Title: Produktionslinie
Version: 0.0
Width: 1600
Height: 900
Fullscreen: false
Intro: false
Profiling: false
Single step:false
App Mode: DEVELOPER
Menu Key: ESCAPE
Stage Style: DECORATED
Scene Factory: class com.almasb.fxgl.app.scene.SceneFactory

20:00:26.623 [JavaFX Application Thread] DEBUG FXGLApplication      - Initializing FXGL
20:00:26.631 [JavaFX Application Thread] INFO  Engine               - FXGL-21.1 (27.03.2024 07.52) on WINDOWS (J:24.0.1 FX:24.0.1+1)
20:00:26.631 [JavaFX Application Thread] DEBUG Engine               - JRE Vendor Name: BellSoft
20:00:26.631 [JavaFX Application Thread] DEBUG Engine               - Running on OS: Windows 11 version 10.0
20:00:26.632 [JavaFX Application Thread] DEBUG Engine               - Architecture: amd64
20:00:26.632 [JavaFX Application Thread] INFO  Engine               - Source code and latest versions at: https://github.com/AlmasB/FXGL
20:00:26.632 [JavaFX Application Thread] INFO  Engine               -       Ask questions and discuss at: https://github.com/AlmasB/FXGL/discussions
20:00:26.632 [JavaFX Application Thread] INFO  Engine               -              Join the FXGL chat at: https://gitter.im/AlmasB/FXGL
20:00:26.802 [JavaFX Application Thread] DEBUG PrimaryStageWindow   - Creating a JavaFX scene
20:00:26.802 [JavaFX Application Thread] DEBUG PrimaryStageWindow   - Target size > screen size
20:00:26.891 [JavaFX Application Thread] DEBUG PrimaryStageWindow   - Target settings size: 1600.0 x 900.0
20:00:26.892 [JavaFX Application Thread] DEBUG PrimaryStageWindow   - Scaled scene size:    1415.0 x 810.0
20:00:26.892 [JavaFX Application Thread] DEBUG PrimaryStageWindow   - Scaled ratio: (0.884375, 0.9)
20:00:26.894 [JavaFX Application Thread] DEBUG PrimaryStageWindow   - Set initial scene to FXGLStartupScene
20:00:26.905 [JavaFX Application Thread] DEBUG PrimaryStageWindow   - Opening main window
20:00:27.409 [JavaFX Application Thread] DEBUG PrimaryStageWindow   - Window border size: (15.0, 37.33331298828125)
20:00:27.410 [JavaFX Application Thread] DEBUG PrimaryStageWindow   - Scaled size: 1415.0 x 810.0
20:00:27.410 [JavaFX Application Thread] DEBUG PrimaryStageWindow   - Scaled ratio: (0.884375, 0.9)
20:00:27.410 [JavaFX Application Thread] DEBUG PrimaryStageWindow   - Scene size: 1415.0 x 810.0
20:00:27.410 [JavaFX Application Thread] DEBUG PrimaryStageWindow   - Stage size: 1430.0 x 847.3333129882812
20:00:27.436 [FXGL Background Thread 1 ] DEBUG Engine               - Initializing environment variables
20:00:27.598 [FXGL Background Thread 1 ] DEBUG FXGLAssetLoaderServi - User app class for loading assets: class org.betriebssysteme.view.ProductionLineApp
20:00:27.598 [FXGL Background Thread 1 ] DEBUG GameApplicationServi - Applying CSS: fxgl_dark.css
20:00:27.601 [FXGL Background Thread 1 ] DEBUG FXGLAssetLoaderServi - Loading from file system: jar:file:/C:/Users/user/.m2/repository/com/github/AlmasB/FXGL/21.1/fxgl-21.1.jar!/fxglassets/ui/css/fxgl_dark.css
20:00:27.711 [FXGL Background Thread 1 ] DEBUG GameApplicationServi - Initializing application scenes
20:00:27.821 [FXGL Background Thread 1 ] DEBUG GameWorld            - Game world initialized
20:00:27.989 [FXGL Background Thread 1 ] DEBUG PhysicsWorld         - Physics world initialized: appHeight=900, physics.ppm=50,0
20:00:27.989 [FXGL Background Thread 1 ] DEBUG PhysicsWorld         - Using strategy: BRUTE_FORCE
20:00:27.999 [FXGL Background Thread 1 ] DEBUG GameScene            - Game scene initialized: 1600x900
20:00:28.026 [FXGL Background Thread 1 ] DEBUG FXGL.DefaultMenu     - createMenuBodyGameMenu()
20:00:28.048 [FXGL Background Thread 1 ] DEBUG FXGL.DefaultMenu     - createOptionsMenu()
20:00:28.072 [FXGL Background Thread 1 ] DEBUG FXGLAssetLoaderServi - Loading from file system: jar:file:/C:/Users/user/.m2/repository/com/github/AlmasB/FXGL/21.1/fxgl-21.1.jar!/fxglassets/textures/particles/smoke.png
20:00:28.279 [FXGL Background Thread 1 ] DEBUG FXGLAssetLoaderServi - Loading from file system: jar:file:/C:/Users/user/.m2/repository/com/github/AlmasB/FXGL/21.1/fxgl-21.1.jar!/fxglassets/textures/particles/trace_horizontal.png
20:00:28.327 [FXGL Background Thread 1 ] DEBUG GameApplicationServi - Application scenes initialized
20:00:28.353 [FXGL Background Thread 1 ] DEBUG SystemBundleService  - Loading FXGL system data
20:00:28.375 [FXGL Background Thread 1 ] DEBUG FileSystemAccess     - Reading from: C:\Users\user\IdeaProjects\Produktionslinie\system\fxgl.bundle
20:00:28.387 [FXGL Background Thread 1 ] DEBUG SystemBundleService  - Bundle FXGL: {}
20:00:28.387 [FXGL Background Thread 1 ] DEBUG UpdaterService       - Checking for updates
20:00:28.427 [FXGL Background Thread 4 ] DEBUG FXGLApplication      - Loading fonts
20:00:28.428 [FXGL Background Thread 4 ] DEBUG FXGLAssetLoaderServi - Loading from file system: jar:file:/C:/Users/user/.m2/repository/com/github/AlmasB/FXGL/21.1/fxgl-21.1.jar!/fxglassets/ui/fonts/VarelaRound-Regular.ttf
20:00:28.429 [FXGL Background Thread 1 ] DEBUG FXGLApplication      - Loading default localization
20:00:28.430 [FXGL Background Thread 1 ] DEBUG FXGLAssetLoaderServi - Loading from file system: jar:file:/C:/Users/user/.m2/repository/com/github/AlmasB/FXGL/21.1/fxgl-21.1.jar!/fxglassets/languages/english.lang
20:00:28.491 [FXGL Background Thread 1 ] INFO  FXGLApplication      - FXGL initialization took: 1,055 sec
20:00:28.494 [JavaFX Application Thread] DEBUG FXGLAssetLoaderServi - Loading from file system: jar:file:/C:/Users/user/.m2/repository/com/github/AlmasB/FXGL/21.1/fxgl-21.1.jar!/fxglassets/textures/fxgl_icon.png
20:00:28.531 [FXGL Background Thread 4 ] DEBUG FXGLAssetLoaderServi - Loading from file system: jar:file:/C:/Users/user/.m2/repository/com/github/AlmasB/FXGL/21.1/fxgl-21.1.jar!/fxglassets/ui/fonts/Abel-Regular.ttf
20:00:28.539 [JavaFX Application Thread] DEBUG FXGLAssetLoaderServi - Loading from file system: jar:file:/C:/Users/user/.m2/repository/com/github/AlmasB/FXGL/21.1/fxgl-21.1.jar!/fxglassets/textures/fxgl_default_cursor.png
20:00:28.554 [FXGL Background Thread 4 ] DEBUG FXGLAssetLoaderServi - Loading from file system: jar:file:/C:/Users/user/.m2/repository/com/github/AlmasB/FXGL/21.1/fxgl-21.1.jar!/fxglassets/ui/fonts/TerminalLandMono-Regular.otf
20:00:28.575 [JavaFX Application Thread] DEBUG Input                - Registered new binding: Screenshot - CTRL+8
20:00:28.576 [JavaFX Application Thread] DEBUG Input                - Registered new binding: Dev Options - 1
20:00:28.580 [JavaFX Application Thread] DEBUG Input                - Registered new binding: Dev Console - 2
20:00:28.580 [FXGL Background Thread 4 ] DEBUG FXGLAssetLoaderServi - Loading from file system: jar:file:/C:/Users/user/.m2/repository/com/github/AlmasB/FXGL/21.1/fxgl-21.1.jar!/fxglassets/ui/fonts/Courier-Prime.ttf
20:00:28.581 [JavaFX Application Thread] DEBUG Input                - Registered new binding: System info dump - CTRL+9
20:00:28.585 [JavaFX Application Thread] DEBUG Input                - Registered new binding: Restart - CTRL+R
20:00:28.587 [JavaFX Application Thread] DEBUG Input                - Registered new binding: Toggle Debug Camera - CTRL+7
20:00:28.608 [JavaFX Application Thread] DEBUG LoopRunner           - Starting loop
20:00:28.644 [JavaFX Application Thread] DEBUG LoopRunner           - Initializing JavaFX AnimationTimerLoop
20:00:28.647 [JavaFX Application Thread] DEBUG GameApplicationServi - Starting new game
20:00:28.648 [JavaFX Application Thread] DEBUG Input                - Clearing active input actions
20:00:28.680 [JavaFX Application Thread] DEBUG GameApplicationServi - Removing overlay from FXGLStartupScene and adding to FXGLLoadingScene
20:00:28.691 [JavaFX Application Thread] DEBUG PrimaryStageWindow   - FXGLStartupScene -> FXGLLoadingScene
20:00:28.691 [JavaFX Application Thread] DEBUG GameApplicationServi - Clearing previous game
20:00:28.691 [JavaFX Application Thread] DEBUG GameScene            - Clearing game scene
20:00:28.692 [JavaFX Application Thread] DEBUG GameWorld            - Clearing game world
20:00:28.692 [JavaFX Application Thread] DEBUG PhysicsWorld         - Clearing physics world
20:00:28.698 [FXGL Background Thread 4 ] DEBUG FXGLApplication      - Initializing game
20:00:28.698 [JavaFX Application Thread] DEBUG FXGLApplication      - Registering font factories with UI factory
20:00:28.777 [FXGL Background Thread 4 ] DEBUG FXGLAssetLoaderServi - Loading from file system: file:/C:/Users/user/IdeaProjects/Produktionslinie/target/classes/assets/textures/Turning_Off_Animation.png
20:00:28.792 [FXGL Background Thread 4 ] DEBUG FXGLAssetLoaderServi - Loading from file system: file:/C:/Users/user/IdeaProjects/Produktionslinie/target/classes/assets/textures/Turning_On_Animation.png
20:00:28.795 [FXGL Background Thread 4 ] DEBUG FXGLAssetLoaderServi - Loading from file system: file:/C:/Users/user/IdeaProjects/Produktionslinie/target/classes/assets/textures/Production_While_Taking_Items_Animation.png
20:00:28.802 [FXGL Background Thread 4 ] DEBUG FXGLAssetLoaderServi - Loading from file system: file:/C:/Users/user/IdeaProjects/Produktionslinie/target/classes/assets/textures/Production_Without_Taking_Items_Animation.png
20:00:28.827 [FXGL Background Thread 4 ] DEBUG FXGLAssetLoaderServi - Loading from file system: file:/C:/Users/user/IdeaProjects/Produktionslinie/target/classes/assets/textures/Info_Menu_Machine_Asset.png
20:00:28.901 [FXGL Background Thread 4 ] INFO  FXGLApplication      - Game initialization took: 0,202 sec
20:00:29.192 [JavaFX Application Thread] DEBUG Input                - Clearing active input actions
20:00:29.215 [JavaFX Application Thread] DEBUG GameApplicationServi - Removing overlay from FXGLLoadingScene and adding to GameScene
20:00:29.225 [JavaFX Application Thread] DEBUG PrimaryStageWindow   - FXGLLoadingScene -> GameScene
20:00:31.171 [JavaFX Application Thread] DEBUG FXGLApplication      - Exiting FXGL
20:00:31.171 [JavaFX Application Thread] DEBUG LoopRunner           - Stopping loop
20:00:31.172 [JavaFX Application Thread] DEBUG SystemBundleService  - Saving FXGL system data
20:00:31.177 [JavaFX Application Thread] DEBUG FileSystemAccess     - Writing to: C:\Users\user\IdeaProjects\Produktionslinie\system\fxgl.bundle
20:00:31.182 [JavaFX Application Thread] DEBUG Async                - Shutting down background threads
20:00:31.183 [JavaFX Application Thread] DEBUG PrimaryStageWindow   - Closing main window
20:00:31.221 [JavaFX Application Thread] DEBUG Logger               - Closing Logger
