20:10:27.474 [main                     ] DEBUG Logger               - Configured Logger
20:10:27.496 [main                     ] DEBUG GameApplication      - Logging settings
Title: Produktionslinie
Version: 0.0
Width: 1600
Height: 900
Fullscreen: false
Intro: false
Profiling: false
Single step:false
App Mode: DEVELOPER
Menu Key: ESCAPE
Stage Style: DECORATED
Scene Factory: class com.almasb.fxgl.app.scene.SceneFactory

20:10:27.901 [JavaFX Application Thread] DEBUG FXGLApplication      - Initializing FXGL
20:10:27.904 [JavaFX Application Thread] INFO  Engine               - FXGL-21.1 (27.03.2024 07.52) on WINDOWS (J:21.0.9 FX:21.0.1)
20:10:27.905 [JavaFX Application Thread] DEBUG Engine               - JRE Vendor Name: Microsoft
20:10:27.905 [JavaFX Application Thread] DEBUG Engine               - Running on OS: Windows 11 version 10.0
20:10:27.905 [JavaFX Application Thread] DEBUG Engine               - Architecture: amd64
20:10:27.905 [JavaFX Application Thread] INFO  Engine               - Source code and latest versions at: https://github.com/AlmasB/FXGL
20:10:27.905 [JavaFX Application Thread] INFO  Engine               -       Ask questions and discuss at: https://github.com/AlmasB/FXGL/discussions
20:10:27.905 [JavaFX Application Thread] INFO  Engine               -              Join the FXGL chat at: https://gitter.im/AlmasB/FXGL
20:10:28.000 [JavaFX Application Thread] DEBUG PrimaryStageWindow   - Creating a JavaFX scene
20:10:28.042 [JavaFX Application Thread] DEBUG PrimaryStageWindow   - Target settings size: 1600.0 x 900.0
20:10:28.042 [JavaFX Application Thread] DEBUG PrimaryStageWindow   - Scaled scene size:    1600.0 x 900.0
20:10:28.043 [JavaFX Application Thread] DEBUG PrimaryStageWindow   - Scaled ratio: (1.0, 1.0)
20:10:28.043 [JavaFX Application Thread] DEBUG PrimaryStageWindow   - Set initial scene to FXGLStartupScene
20:10:28.046 [JavaFX Application Thread] DEBUG PrimaryStageWindow   - Opening main window
20:10:28.126 [JavaFX Application Thread] DEBUG PrimaryStageWindow   - Window border size: (16.0, 39.0)
20:10:28.126 [JavaFX Application Thread] DEBUG PrimaryStageWindow   - Scaled size: 1600.0 x 900.0
20:10:28.126 [JavaFX Application Thread] DEBUG PrimaryStageWindow   - Scaled ratio: (1.0, 1.0)
20:10:28.126 [JavaFX Application Thread] DEBUG PrimaryStageWindow   - Scene size: 1600.0 x 900.0
20:10:28.126 [JavaFX Application Thread] DEBUG PrimaryStageWindow   - Stage size: 1616.0 x 939.0
20:10:28.133 [FXGL Background Thread 1 ] DEBUG Engine               - Initializing environment variables
20:10:28.176 [FXGL Background Thread 1 ] DEBUG FXGLAssetLoaderServi - User app class for loading assets: class org.betriebssysteme.view.ProductionLineApp
20:10:28.177 [FXGL Background Thread 1 ] DEBUG GameApplicationServi - Applying CSS: fxgl_dark.css
20:10:28.177 [FXGL Background Thread 1 ] DEBUG FXGLAssetLoaderServi - Loading from file system: jar:file:/C:/Users/abdul/.m2/repository/com/github/almasb/fxgl/21.1/fxgl-21.1.jar!/fxglassets/ui/css/fxgl_dark.css
20:10:28.212 [FXGL Background Thread 1 ] DEBUG GameApplicationServi - Initializing application scenes
20:10:28.256 [FXGL Background Thread 1 ] DEBUG GameWorld            - Game world initialized
20:10:28.322 [FXGL Background Thread 1 ] DEBUG PhysicsWorld         - Physics world initialized: appHeight=900, physics.ppm=50,0
20:10:28.324 [FXGL Background Thread 1 ] DEBUG PhysicsWorld         - Using strategy: BRUTE_FORCE
20:10:28.326 [FXGL Background Thread 1 ] DEBUG GameScene            - Game scene initialized: 1600x900
20:10:28.340 [FXGL Background Thread 1 ] DEBUG FXGL.DefaultMenu     - createMenuBodyGameMenu()
20:10:28.351 [FXGL Background Thread 1 ] DEBUG FXGL.DefaultMenu     - createOptionsMenu()
20:10:28.361 [FXGL Background Thread 1 ] DEBUG FXGLAssetLoaderServi - Loading from file system: jar:file:/C:/Users/abdul/.m2/repository/com/github/almasb/fxgl/21.1/fxgl-21.1.jar!/fxglassets/textures/particles/smoke.png
20:10:28.460 [FXGL Background Thread 1 ] DEBUG FXGLAssetLoaderServi - Loading from file system: jar:file:/C:/Users/abdul/.m2/repository/com/github/almasb/fxgl/21.1/fxgl-21.1.jar!/fxglassets/textures/particles/trace_horizontal.png
20:10:28.485 [FXGL Background Thread 1 ] DEBUG GameApplicationServi - Application scenes initialized
20:10:28.500 [FXGL Background Thread 1 ] DEBUG SystemBundleService  - Loading FXGL system data
20:10:28.505 [FXGL Background Thread 1 ] DEBUG FileSystemAccess     - Reading from: C:\Users\abdul\IdeaProjects\Produktionslinie\system\fxgl.bundle
20:10:28.513 [FXGL Background Thread 1 ] DEBUG SystemBundleService  - Bundle FXGL: {}
20:10:28.513 [FXGL Background Thread 1 ] DEBUG UpdaterService       - Checking for updates
20:10:28.540 [FXGL Background Thread 4 ] DEBUG FXGLApplication      - Loading fonts
20:10:28.540 [FXGL Background Thread 4 ] DEBUG FXGLAssetLoaderServi - Loading from file system: jar:file:/C:/Users/abdul/.m2/repository/com/github/almasb/fxgl/21.1/fxgl-21.1.jar!/fxglassets/ui/fonts/VarelaRound-Regular.ttf
20:10:28.540 [FXGL Background Thread 1 ] DEBUG FXGLApplication      - Loading default localization
20:10:28.541 [FXGL Background Thread 1 ] DEBUG FXGLAssetLoaderServi - Loading from file system: jar:file:/C:/Users/abdul/.m2/repository/com/github/almasb/fxgl/21.1/fxgl-21.1.jar!/fxglassets/languages/english.lang
20:10:28.575 [FXGL Background Thread 1 ] INFO  FXGLApplication      - FXGL initialization took: 0,442 sec
20:10:28.576 [FXGL Background Thread 4 ] DEBUG FXGLAssetLoaderServi - Loading from file system: jar:file:/C:/Users/abdul/.m2/repository/com/github/almasb/fxgl/21.1/fxgl-21.1.jar!/fxglassets/ui/fonts/Abel-Regular.ttf
20:10:28.584 [JavaFX Application Thread] DEBUG Input                - Registered new binding: action0 - R
20:10:28.585 [JavaFX Application Thread] DEBUG FXGLAssetLoaderServi - Loading from file system: jar:file:/C:/Users/abdul/.m2/repository/com/github/almasb/fxgl/21.1/fxgl-21.1.jar!/fxglassets/textures/fxgl_icon.png
20:10:28.586 [FXGL Background Thread 4 ] DEBUG FXGLAssetLoaderServi - Loading from file system: jar:file:/C:/Users/abdul/.m2/repository/com/github/almasb/fxgl/21.1/fxgl-21.1.jar!/fxglassets/ui/fonts/TerminalLandMono-Regular.otf
20:10:28.598 [FXGL Background Thread 4 ] DEBUG FXGLAssetLoaderServi - Loading from file system: jar:file:/C:/Users/abdul/.m2/repository/com/github/almasb/fxgl/21.1/fxgl-21.1.jar!/fxglassets/ui/fonts/Courier-Prime.ttf
20:10:28.602 [JavaFX Application Thread] DEBUG FXGLAssetLoaderServi - Loading from file system: jar:file:/C:/Users/abdul/.m2/repository/com/github/almasb/fxgl/21.1/fxgl-21.1.jar!/fxglassets/textures/fxgl_default_cursor.png
20:10:28.606 [JavaFX Application Thread] DEBUG Input                - Registered new binding: Screenshot - CTRL+8
20:10:28.607 [JavaFX Application Thread] DEBUG Input                - Registered new binding: Dev Options - 1
20:10:28.608 [JavaFX Application Thread] DEBUG Input                - Registered new binding: Dev Console - 2
20:10:28.609 [JavaFX Application Thread] DEBUG Input                - Registered new binding: System info dump - CTRL+9
20:10:28.610 [JavaFX Application Thread] DEBUG Input                - Registered new binding: Restart - CTRL+R
20:10:28.612 [JavaFX Application Thread] DEBUG Input                - Registered new binding: Toggle Debug Camera - CTRL+7
20:10:28.621 [JavaFX Application Thread] DEBUG LoopRunner           - Starting loop
20:10:28.652 [JavaFX Application Thread] DEBUG LoopRunner           - Initializing JavaFX AnimationTimerLoop
20:10:28.654 [JavaFX Application Thread] DEBUG GameApplicationServi - Starting new game
20:10:28.655 [JavaFX Application Thread] DEBUG Input                - Clearing active input actions
20:10:28.670 [JavaFX Application Thread] DEBUG GameApplicationServi - Removing overlay from FXGLStartupScene and adding to FXGLLoadingScene
20:10:28.673 [JavaFX Application Thread] DEBUG PrimaryStageWindow   - FXGLStartupScene -> FXGLLoadingScene
20:10:28.673 [JavaFX Application Thread] DEBUG GameApplicationServi - Clearing previous game
20:10:28.673 [JavaFX Application Thread] DEBUG GameScene            - Clearing game scene
20:10:28.673 [JavaFX Application Thread] DEBUG GameWorld            - Clearing game world
20:10:28.673 [JavaFX Application Thread] DEBUG PhysicsWorld         - Clearing physics world
20:10:28.674 [FXGL Background Thread 4 ] DEBUG FXGLApplication      - Initializing game
20:10:28.674 [JavaFX Application Thread] DEBUG FXGLApplication      - Registering font factories with UI factory
20:10:28.698 [FXGL Background Thread 4 ] WARN  TMXLevelLoader       - TiledMap generated from 1.11.2. Supported version: 1.9.0. Some features may not be parsed fully.
20:10:28.707 [FXGL Background Thread 4 ] DEBUG TMXLevelLoader       - Parsed TiledMap: file:/C:/Users/abdul/IdeaProjects/Produktionslinie/target/classes/assets/levels/map.tmx
20:10:28.710 [FXGL Background Thread 4 ] DEBUG TMXLevelLoader       - Creating tile layer entities
20:10:28.713 [FXGL Background Thread 4 ] DEBUG TilesetLoader        - Loading view for layer Kachelebene 1
20:10:28.723 [FXGL Background Thread 4 ] DEBUG TilesetLoader        - Created buffer with size 3200.0x3200.0
20:10:28.756 [FXGL Background Thread 4 ] DEBUG TMXLevelLoader       - Creating object layer entities
20:10:28.758 [FXGL Background Thread 4 ] DEBUG GameWorld            - Clearing removable entities
20:10:28.759 [FXGL Background Thread 4 ] DEBUG GameWorld            - Setting level: com.almasb.fxgl.entity.level.Level@435a7ee4
20:10:28.786 [FXGL Background Thread 4 ] DEBUG FXGLAssetLoaderServi - Loading from file system: file:/C:/Users/abdul/IdeaProjects/Produktionslinie/target/classes/assets/textures/Info_Menu_Machine_Asset.png
20:10:28.845 [FXGL Background Thread 4 ] DEBUG FXGLAssetLoaderServi - Loading from file system: file:/C:/Users/abdul/IdeaProjects/Produktionslinie/target/classes/assets/textures/Turning_Off_Animation.png
20:10:28.852 [FXGL Background Thread 4 ] DEBUG FXGLAssetLoaderServi - Loading from file system: file:/C:/Users/abdul/IdeaProjects/Produktionslinie/target/classes/assets/textures/Turning_On_Animation.png
20:10:28.852 [FXGL Background Thread 4 ] DEBUG FXGLAssetLoaderServi - Loading from file system: file:/C:/Users/abdul/IdeaProjects/Produktionslinie/target/classes/assets/textures/Production_While_Taking_Items_Animation.png
20:10:28.853 [FXGL Background Thread 4 ] DEBUG FXGLAssetLoaderServi - Loading from file system: file:/C:/Users/abdul/IdeaProjects/Produktionslinie/target/classes/assets/textures/Production_Without_Taking_Items_Animation.png
20:10:28.901 [FXGL Background Thread 4 ] DEBUG FXGLAssetLoaderServi - Loading from file system: file:/C:/Users/abdul/IdeaProjects/Produktionslinie/target/classes/assets/textures/belt-start.png
20:10:28.903 [FXGL Background Thread 4 ] DEBUG FXGLAssetLoaderServi - Loading from file system: file:/C:/Users/abdul/IdeaProjects/Produktionslinie/target/classes/assets/textures/belt-mid.png
20:10:28.904 [FXGL Background Thread 4 ] DEBUG FXGLAssetLoaderServi - Loading from file system: file:/C:/Users/abdul/IdeaProjects/Produktionslinie/target/classes/assets/textures/belt-end.png
20:10:28.922 [FXGL Background Thread 4 ] DEBUG FXGLAssetLoaderServi - Loading from file system: file:/C:/Users/abdul/IdeaProjects/Produktionslinie/target/classes/assets/textures/item.png
20:10:28.933 [FXGL Background Thread 4 ] INFO  FXGLApplication      - Game initialization took: 0,258 sec
20:10:28.955 [JavaFX Application Thread] DEBUG Input                - Clearing active input actions
20:10:28.967 [JavaFX Application Thread] DEBUG GameApplicationServi - Removing overlay from FXGLLoadingScene and adding to GameScene
20:10:28.971 [JavaFX Application Thread] DEBUG PrimaryStageWindow   - FXGLLoadingScene -> GameScene
20:10:31.094 [JavaFX Application Thread] DEBUG FXGLApplication      - Exiting FXGL
20:10:31.094 [JavaFX Application Thread] DEBUG LoopRunner           - Stopping loop
20:10:31.094 [JavaFX Application Thread] DEBUG SystemBundleService  - Saving FXGL system data
20:10:31.096 [JavaFX Application Thread] DEBUG FileSystemAccess     - Writing to: C:\Users\abdul\IdeaProjects\Produktionslinie\system\fxgl.bundle
20:10:31.101 [JavaFX Application Thread] DEBUG Async                - Shutting down background threads
20:10:31.101 [JavaFX Application Thread] DEBUG PrimaryStageWindow   - Closing main window
20:10:31.110 [JavaFX Application Thread] DEBUG Logger               - Closing Logger
