08:07:27.881 [main                     ] DEBUG Logger               - Configured Logger
08:07:27.910 [main                     ] DEBUG GameApplication      - Logging settings
Title: Produktionslinie
Version: 0.0
Width: 1600
Height: 900
Fullscreen: false
Intro: false
Profiling: false
Single step:false
App Mode: DEVELOPER
Menu Key: ESCAPE
Stage Style: DECORATED
Scene Factory: class com.almasb.fxgl.app.scene.SceneFactory

08:07:28.332 [JavaFX Application Thread] DEBUG FXGLApplication      - Initializing FXGL
08:07:28.334 [JavaFX Application Thread] INFO  Engine               - FXGL-21.1 (27.03.2024 07.52) on WINDOWS (J:21.0.9 FX:21.0.1)
08:07:28.335 [JavaFX Application Thread] DEBUG Engine               - JRE Vendor Name: Microsoft
08:07:28.335 [JavaFX Application Thread] DEBUG Engine               - Running on OS: Windows 11 version 10.0
08:07:28.335 [JavaFX Application Thread] DEBUG Engine               - Architecture: amd64
08:07:28.335 [JavaFX Application Thread] INFO  Engine               - Source code and latest versions at: https://github.com/AlmasB/FXGL
08:07:28.335 [JavaFX Application Thread] INFO  Engine               -       Ask questions and discuss at: https://github.com/AlmasB/FXGL/discussions
08:07:28.335 [JavaFX Application Thread] INFO  Engine               -              Join the FXGL chat at: https://gitter.im/AlmasB/FXGL
08:07:28.427 [JavaFX Application Thread] DEBUG PrimaryStageWindow   - Creating a JavaFX scene
08:07:28.471 [JavaFX Application Thread] DEBUG PrimaryStageWindow   - Target settings size: 1600.0 x 900.0
08:07:28.471 [JavaFX Application Thread] DEBUG PrimaryStageWindow   - Scaled scene size:    1600.0 x 900.0
08:07:28.471 [JavaFX Application Thread] DEBUG PrimaryStageWindow   - Scaled ratio: (1.0, 1.0)
08:07:28.473 [JavaFX Application Thread] DEBUG PrimaryStageWindow   - Set initial scene to FXGLStartupScene
08:07:28.475 [JavaFX Application Thread] DEBUG PrimaryStageWindow   - Opening main window
08:07:28.552 [JavaFX Application Thread] DEBUG PrimaryStageWindow   - Window border size: (16.0, 39.0)
08:07:28.553 [JavaFX Application Thread] DEBUG PrimaryStageWindow   - Scaled size: 1600.0 x 900.0
08:07:28.553 [JavaFX Application Thread] DEBUG PrimaryStageWindow   - Scaled ratio: (1.0, 1.0)
08:07:28.553 [JavaFX Application Thread] DEBUG PrimaryStageWindow   - Scene size: 1600.0 x 900.0
08:07:28.553 [JavaFX Application Thread] DEBUG PrimaryStageWindow   - Stage size: 1616.0 x 939.0
08:07:28.558 [FXGL Background Thread 1 ] DEBUG Engine               - Initializing environment variables
08:07:28.601 [FXGL Background Thread 1 ] DEBUG FXGLAssetLoaderServi - User app class for loading assets: class org.betriebssysteme.view.ProductionLineApp
08:07:28.601 [FXGL Background Thread 1 ] DEBUG GameApplicationServi - Applying CSS: fxgl_dark.css
08:07:28.601 [FXGL Background Thread 1 ] DEBUG FXGLAssetLoaderServi - Loading from file system: jar:file:/C:/Users/abdul/.m2/repository/com/github/almasb/fxgl/21.1/fxgl-21.1.jar!/fxglassets/ui/css/fxgl_dark.css
08:07:28.634 [FXGL Background Thread 1 ] DEBUG GameApplicationServi - Initializing application scenes
08:07:28.675 [FXGL Background Thread 1 ] DEBUG GameWorld            - Game world initialized
08:07:28.740 [FXGL Background Thread 1 ] DEBUG PhysicsWorld         - Physics world initialized: appHeight=900, physics.ppm=50,0
08:07:28.740 [FXGL Background Thread 1 ] DEBUG PhysicsWorld         - Using strategy: BRUTE_FORCE
08:07:28.743 [FXGL Background Thread 1 ] DEBUG GameScene            - Game scene initialized: 1600x900
08:07:28.754 [FXGL Background Thread 1 ] DEBUG FXGL.DefaultMenu     - createMenuBodyGameMenu()
08:07:28.767 [FXGL Background Thread 1 ] DEBUG FXGL.DefaultMenu     - createOptionsMenu()
08:07:28.777 [FXGL Background Thread 1 ] DEBUG FXGLAssetLoaderServi - Loading from file system: jar:file:/C:/Users/abdul/.m2/repository/com/github/almasb/fxgl/21.1/fxgl-21.1.jar!/fxglassets/textures/particles/smoke.png
08:07:28.873 [FXGL Background Thread 1 ] DEBUG FXGLAssetLoaderServi - Loading from file system: jar:file:/C:/Users/abdul/.m2/repository/com/github/almasb/fxgl/21.1/fxgl-21.1.jar!/fxglassets/textures/particles/trace_horizontal.png
08:07:28.896 [FXGL Background Thread 1 ] DEBUG GameApplicationServi - Application scenes initialized
08:07:28.910 [FXGL Background Thread 1 ] DEBUG SystemBundleService  - Loading FXGL system data
08:07:28.914 [FXGL Background Thread 1 ] DEBUG FileSystemAccess     - Reading from: C:\Users\abdul\IdeaProjects\Produktionslinie\system\fxgl.bundle
08:07:28.921 [FXGL Background Thread 1 ] DEBUG SystemBundleService  - Bundle FXGL: {}
08:07:28.921 [FXGL Background Thread 1 ] DEBUG UpdaterService       - Checking for updates
08:07:28.948 [FXGL Background Thread 4 ] DEBUG FXGLApplication      - Loading fonts
08:07:28.949 [FXGL Background Thread 4 ] DEBUG FXGLAssetLoaderServi - Loading from file system: jar:file:/C:/Users/abdul/.m2/repository/com/github/almasb/fxgl/21.1/fxgl-21.1.jar!/fxglassets/ui/fonts/VarelaRound-Regular.ttf
08:07:28.948 [FXGL Background Thread 1 ] DEBUG FXGLApplication      - Loading default localization
08:07:28.949 [FXGL Background Thread 1 ] DEBUG FXGLAssetLoaderServi - Loading from file system: jar:file:/C:/Users/abdul/.m2/repository/com/github/almasb/fxgl/21.1/fxgl-21.1.jar!/fxglassets/languages/english.lang
08:07:28.983 [FXGL Background Thread 4 ] DEBUG FXGLAssetLoaderServi - Loading from file system: jar:file:/C:/Users/abdul/.m2/repository/com/github/almasb/fxgl/21.1/fxgl-21.1.jar!/fxglassets/ui/fonts/Abel-Regular.ttf
08:07:28.988 [FXGL Background Thread 1 ] INFO  FXGLApplication      - FXGL initialization took: 0,429 sec
08:07:28.991 [FXGL Background Thread 4 ] DEBUG FXGLAssetLoaderServi - Loading from file system: jar:file:/C:/Users/abdul/.m2/repository/com/github/almasb/fxgl/21.1/fxgl-21.1.jar!/fxglassets/ui/fonts/TerminalLandMono-Regular.otf
08:07:29.000 [JavaFX Application Thread] DEBUG Input                - Registered new binding: action0 - R
08:07:29.000 [FXGL Background Thread 4 ] DEBUG FXGLAssetLoaderServi - Loading from file system: jar:file:/C:/Users/abdul/.m2/repository/com/github/almasb/fxgl/21.1/fxgl-21.1.jar!/fxglassets/ui/fonts/Courier-Prime.ttf
08:07:29.002 [JavaFX Application Thread] DEBUG FXGLAssetLoaderServi - Loading from file system: jar:file:/C:/Users/abdul/.m2/repository/com/github/almasb/fxgl/21.1/fxgl-21.1.jar!/fxglassets/textures/fxgl_icon.png
08:07:29.018 [JavaFX Application Thread] DEBUG FXGLAssetLoaderServi - Loading from file system: jar:file:/C:/Users/abdul/.m2/repository/com/github/almasb/fxgl/21.1/fxgl-21.1.jar!/fxglassets/textures/fxgl_default_cursor.png
08:07:29.021 [JavaFX Application Thread] DEBUG Input                - Registered new binding: Screenshot - CTRL+8
08:07:29.021 [JavaFX Application Thread] DEBUG Input                - Registered new binding: Dev Options - 1
08:07:29.021 [JavaFX Application Thread] DEBUG Input                - Registered new binding: Dev Console - 2
08:07:29.022 [JavaFX Application Thread] DEBUG Input                - Registered new binding: System info dump - CTRL+9
08:07:29.024 [JavaFX Application Thread] DEBUG Input                - Registered new binding: Restart - CTRL+R
08:07:29.025 [JavaFX Application Thread] DEBUG Input                - Registered new binding: Toggle Debug Camera - CTRL+7
08:07:29.036 [JavaFX Application Thread] DEBUG LoopRunner           - Starting loop
08:07:29.063 [JavaFX Application Thread] DEBUG LoopRunner           - Initializing JavaFX AnimationTimerLoop
08:07:29.067 [JavaFX Application Thread] DEBUG GameApplicationServi - Starting new game
08:07:29.068 [JavaFX Application Thread] DEBUG Input                - Clearing active input actions
08:07:29.078 [JavaFX Application Thread] DEBUG GameApplicationServi - Removing overlay from FXGLStartupScene and adding to FXGLLoadingScene
08:07:29.082 [JavaFX Application Thread] DEBUG PrimaryStageWindow   - FXGLStartupScene -> FXGLLoadingScene
08:07:29.082 [JavaFX Application Thread] DEBUG GameApplicationServi - Clearing previous game
08:07:29.082 [JavaFX Application Thread] DEBUG GameScene            - Clearing game scene
08:07:29.082 [JavaFX Application Thread] DEBUG GameWorld            - Clearing game world
08:07:29.082 [JavaFX Application Thread] DEBUG PhysicsWorld         - Clearing physics world
08:07:29.083 [FXGL Background Thread 4 ] DEBUG FXGLApplication      - Initializing game
08:07:29.083 [JavaFX Application Thread] DEBUG FXGLApplication      - Registering font factories with UI factory
08:07:29.102 [FXGL Background Thread 4 ] WARN  TMXLevelLoader       - TiledMap generated from 1.11.2. Supported version: 1.9.0. Some features may not be parsed fully.
08:07:29.111 [FXGL Background Thread 4 ] DEBUG TMXLevelLoader       - Parsed TiledMap: file:/C:/Users/abdul/IdeaProjects/Produktionslinie/target/classes/assets/levels/map.tmx
08:07:29.114 [FXGL Background Thread 4 ] DEBUG TMXLevelLoader       - Creating tile layer entities
08:07:29.117 [FXGL Background Thread 4 ] DEBUG TilesetLoader        - Loading view for layer Kachelebene 1
08:07:29.125 [FXGL Background Thread 4 ] DEBUG TilesetLoader        - Created buffer with size 3200.0x3200.0
08:07:29.165 [FXGL Background Thread 4 ] DEBUG TMXLevelLoader       - Creating object layer entities
08:07:29.166 [FXGL Background Thread 4 ] DEBUG GameWorld            - Clearing removable entities
08:07:29.167 [FXGL Background Thread 4 ] DEBUG GameWorld            - Setting level: com.almasb.fxgl.entity.level.Level@581d12e6
08:07:29.193 [FXGL Background Thread 4 ] DEBUG FXGLAssetLoaderServi - Loading from file system: file:/C:/Users/abdul/IdeaProjects/Produktionslinie/target/classes/assets/textures/Info_Menu_Machine_Asset.png
08:07:29.249 [FXGL Background Thread 4 ] DEBUG FXGLAssetLoaderServi - Loading from file system: file:/C:/Users/abdul/IdeaProjects/Produktionslinie/target/classes/assets/textures/Turning_Off_Animation.png
08:07:29.255 [FXGL Background Thread 4 ] DEBUG FXGLAssetLoaderServi - Loading from file system: file:/C:/Users/abdul/IdeaProjects/Produktionslinie/target/classes/assets/textures/Turning_On_Animation.png
08:07:29.256 [FXGL Background Thread 4 ] DEBUG FXGLAssetLoaderServi - Loading from file system: file:/C:/Users/abdul/IdeaProjects/Produktionslinie/target/classes/assets/textures/Production_While_Taking_Items_Animation.png
08:07:29.257 [FXGL Background Thread 4 ] DEBUG FXGLAssetLoaderServi - Loading from file system: file:/C:/Users/abdul/IdeaProjects/Produktionslinie/target/classes/assets/textures/Production_Without_Taking_Items_Animation.png
08:07:29.305 [FXGL Background Thread 4 ] DEBUG FXGLAssetLoaderServi - Loading from file system: file:/C:/Users/abdul/IdeaProjects/Produktionslinie/target/classes/assets/textures/belt-start.png
08:07:29.306 [FXGL Background Thread 4 ] DEBUG FXGLAssetLoaderServi - Loading from file system: file:/C:/Users/abdul/IdeaProjects/Produktionslinie/target/classes/assets/textures/belt-mid.png
08:07:29.307 [FXGL Background Thread 4 ] DEBUG FXGLAssetLoaderServi - Loading from file system: file:/C:/Users/abdul/IdeaProjects/Produktionslinie/target/classes/assets/textures/belt-end.png
08:07:29.324 [FXGL Background Thread 4 ] DEBUG FXGLAssetLoaderServi - Loading from file system: file:/C:/Users/abdul/IdeaProjects/Produktionslinie/target/classes/assets/textures/item.png
08:07:29.340 [FXGL Background Thread 4 ] INFO  FXGLApplication      - Game initialization took: 0,257 sec
08:07:29.370 [JavaFX Application Thread] DEBUG Input                - Clearing active input actions
08:07:29.380 [JavaFX Application Thread] DEBUG GameApplicationServi - Removing overlay from FXGLLoadingScene and adding to GameScene
08:07:29.384 [JavaFX Application Thread] DEBUG PrimaryStageWindow   - FXGLLoadingScene -> GameScene
08:07:31.948 [FXGL Background Thread 3 ] DEBUG Engine               - Logging environment variables
08:07:31.948 [FXGL Background Thread 3 ] DEBUG Engine               - achievements: []
08:07:31.948 [FXGL Background Thread 3 ] DEBUG Engine               - actualHeight: 900.0
08:07:31.949 [FXGL Background Thread 3 ] DEBUG Engine               - actualHeightProperty: ReadOnlyDoubleProperty [value: 900.0]
08:07:31.949 [FXGL Background Thread 3 ] DEBUG Engine               - actualWidth: 1600.0
08:07:31.949 [FXGL Background Thread 3 ] DEBUG Engine               - actualWidthProperty: ReadOnlyDoubleProperty [value: 1600.0]
08:07:31.949 [FXGL Background Thread 3 ] DEBUG Engine               - appIcon: fxgl_icon.png
08:07:31.949 [FXGL Background Thread 3 ] DEBUG Engine               - applicationMode: DEVELOPER
08:07:31.949 [FXGL Background Thread 3 ] DEBUG Engine               - cSSList: [fxgl_dark.css]
08:07:31.949 [FXGL Background Thread 3 ] DEBUG Engine               - collisionDetectionStrategy: BRUTE_FORCE
08:07:31.949 [FXGL Background Thread 3 ] DEBUG Engine               - configClass: Optional.empty
08:07:31.949 [FXGL Background Thread 3 ] DEBUG Engine               - credits: []
08:07:31.949 [FXGL Background Thread 3 ] DEBUG Engine               - defaultCursor: CursorInfo(imageName=fxgl_default_cursor.png, hotspotX=7.0, hotspotY=6.0)
08:07:31.949 [FXGL Background Thread 3 ] DEBUG Engine               - devBBoxColorProperty: ObjectProperty [value: 0xff0000ff]
08:07:31.949 [FXGL Background Thread 3 ] DEBUG Engine               - devEnableDebugCameraProperty: BooleanProperty [value: false]
08:07:31.950 [FXGL Background Thread 3 ] DEBUG Engine               - devSensorColorProperty: ObjectProperty [value: 0xffff00ff]
08:07:31.950 [FXGL Background Thread 3 ] DEBUG Engine               - devShowBBoxProperty: BooleanProperty [value: false]
08:07:31.950 [FXGL Background Thread 3 ] DEBUG Engine               - devShowPositionProperty: BooleanProperty [value: false]
08:07:31.950 [FXGL Background Thread 3 ] DEBUG Engine               - enabledMenuItems: []
08:07:31.950 [FXGL Background Thread 3 ] DEBUG Engine               - engineServices: [class com.almasb.fxgl.app.services.FXGLAssetLoaderService, class com.almasb.fxgl.app.FXGLApplication$GameApplicationService, class com.almasb.fxgl.app.services.FXGLDialogService, class com.almasb.fxgl.app.services.IOTaskExecutorService, class com.almasb.fxgl.io.FileSystemService, class com.almasb.fxgl.localization.LocalizationService, class com.almasb.fxgl.app.services.SystemBundleService, class com.almasb.fxgl.profile.SaveLoadService, class com.almasb.fxgl.ui.FXGLUIFactoryServiceProvider, class com.almasb.fxgl.ui.FXGLDialogFactoryServiceProvider, class com.almasb.fxgl.audio.AudioPlayer, class com.almasb.fxgl.notification.impl.NotificationServiceProvider, class com.almasb.fxgl.achievement.AchievementService, class com.almasb.fxgl.cutscene.CutsceneService, class com.almasb.fxgl.minigames.MiniGameService, class com.almasb.fxgl.net.NetService, class com.almasb.fxgl.app.services.UpdaterService, class com.almasb.fxgl.dev.DevService]
08:07:31.950 [FXGL Background Thread 3 ] DEBUG Engine               - fontGame: Abel-Regular.ttf
08:07:31.950 [FXGL Background Thread 3 ] DEBUG Engine               - fontMono: TerminalLandMono-Regular.otf
08:07:31.950 [FXGL Background Thread 3 ] DEBUG Engine               - fontSizeScaleUI: 1.0
08:07:31.950 [FXGL Background Thread 3 ] DEBUG Engine               - fontText: Courier-Prime.ttf
08:07:31.950 [FXGL Background Thread 3 ] DEBUG Engine               - fontUI: VarelaRound-Regular.ttf
08:07:31.950 [FXGL Background Thread 3 ] DEBUG Engine               - fullScreen: BooleanProperty [value: false]
08:07:31.950 [FXGL Background Thread 3 ] DEBUG Engine               - gameDifficulty: MEDIUM
08:07:31.950 [FXGL Background Thread 3 ] DEBUG Engine               - gameDifficultyProperty: ObjectProperty [value: MEDIUM]
08:07:31.950 [FXGL Background Thread 3 ] DEBUG Engine               - globalMusicVolume: 0.5
08:07:31.950 [FXGL Background Thread 3 ] DEBUG Engine               - globalMusicVolumeProperty: DoubleProperty [value: 0.5]
08:07:31.951 [FXGL Background Thread 3 ] DEBUG Engine               - globalSoundVolume: 0.5
08:07:31.951 [FXGL Background Thread 3 ] DEBUG Engine               - globalSoundVolumeProperty: DoubleProperty [value: 0.5]
08:07:31.951 [FXGL Background Thread 3 ] DEBUG Engine               - height: 900
08:07:31.951 [FXGL Background Thread 3 ] DEBUG Engine               - is3D: false
08:07:31.951 [FXGL Background Thread 3 ] DEBUG Engine               - isAndroid: false
08:07:31.951 [FXGL Background Thread 3 ] DEBUG Engine               - isBrowser: false
08:07:31.951 [FXGL Background Thread 3 ] DEBUG Engine               - isClickFeedbackEnabled: false
08:07:31.951 [FXGL Background Thread 3 ] DEBUG Engine               - isCloseConfirmation: false
08:07:31.951 [FXGL Background Thread 3 ] DEBUG Engine               - isDesktop: true
08:07:31.951 [FXGL Background Thread 3 ] DEBUG Engine               - isDeveloperMenuEnabled: true
08:07:31.951 [FXGL Background Thread 3 ] DEBUG Engine               - isEmbedded: false
08:07:31.951 [FXGL Background Thread 3 ] DEBUG Engine               - isEntityPreloadEnabled: true
08:07:31.951 [FXGL Background Thread 3 ] DEBUG Engine               - isExperimentalTiledLargeMap: false
08:07:31.951 [FXGL Background Thread 3 ] DEBUG Engine               - isFileSystemWriteAllowed: true
08:07:31.951 [FXGL Background Thread 3 ] DEBUG Engine               - isFullScreenAllowed: false
08:07:31.951 [FXGL Background Thread 3 ] DEBUG Engine               - isFullScreenFromStart: false
08:07:31.951 [FXGL Background Thread 3 ] DEBUG Engine               - isGameMenuEnabled: true
08:07:31.951 [FXGL Background Thread 3 ] DEBUG Engine               - isIOS: false
08:07:31.951 [FXGL Background Thread 3 ] DEBUG Engine               - isIntroEnabled: false
08:07:31.951 [FXGL Background Thread 3 ] DEBUG Engine               - isLinux: false
08:07:31.952 [FXGL Background Thread 3 ] DEBUG Engine               - isMac: false
08:07:31.952 [FXGL Background Thread 3 ] DEBUG Engine               - isMainMenuEnabled: false
08:07:31.952 [FXGL Background Thread 3 ] DEBUG Engine               - isManualResizeEnabled: false
08:07:31.952 [FXGL Background Thread 3 ] DEBUG Engine               - isMobile: false
08:07:31.952 [FXGL Background Thread 3 ] DEBUG Engine               - isNative: false
08:07:31.952 [FXGL Background Thread 3 ] DEBUG Engine               - isPauseMusicWhenMinimized: true
08:07:31.952 [FXGL Background Thread 3 ] DEBUG Engine               - isPreserveResizeRatio: false
08:07:31.952 [FXGL Background Thread 3 ] DEBUG Engine               - isProfilingEnabled: false
08:07:31.952 [FXGL Background Thread 3 ] DEBUG Engine               - isScaleAffectedOnResize: true
08:07:31.952 [FXGL Background Thread 3 ] DEBUG Engine               - isSingleStep: false
08:07:31.952 [FXGL Background Thread 3 ] DEBUG Engine               - isUserProfileEnabled: false
08:07:31.952 [FXGL Background Thread 3 ] DEBUG Engine               - isWindows: true
08:07:31.952 [FXGL Background Thread 3 ] DEBUG Engine               - language: ObjectProperty [value: ENGLISH]
08:07:31.952 [FXGL Background Thread 3 ] DEBUG Engine               - menuKey: ESCAPE
08:07:31.952 [FXGL Background Thread 3 ] DEBUG Engine               - mouseSensitivity: 0.2
08:07:31.952 [FXGL Background Thread 3 ] DEBUG Engine               - notificationViewClass: class com.almasb.fxgl.notification.view.XboxNotificationView
08:07:31.952 [FXGL Background Thread 3 ] DEBUG Engine               - pixelsPerMeter: 50.0
08:07:31.952 [FXGL Background Thread 3 ] DEBUG Engine               - platform: WINDOWS
08:07:31.952 [FXGL Background Thread 3 ] DEBUG Engine               - prefHeightProperty: ReadOnlyDoubleProperty [value: 900.0]
08:07:31.953 [FXGL Background Thread 3 ] DEBUG Engine               - prefWidthProperty: ReadOnlyDoubleProperty [value: 1600.0]
08:07:31.953 [FXGL Background Thread 3 ] DEBUG Engine               - profileDir: profiles/
08:07:31.953 [FXGL Background Thread 3 ] DEBUG Engine               - profileName: StringProperty [value: DEFAULT]
08:07:31.953 [FXGL Background Thread 3 ] DEBUG Engine               - randomSeed: -1
08:07:31.953 [FXGL Background Thread 3 ] DEBUG Engine               - runtimeInfo: RuntimeInfo(platform=WINDOWS, version=21.1, build=27.03.2024 07.52)
08:07:31.953 [FXGL Background Thread 3 ] DEBUG Engine               - saveFileExt: sav
08:07:31.953 [FXGL Background Thread 3 ] DEBUG Engine               - scaledHeightProp$fxgl: DoubleProperty [bound, value: 900.0]
08:07:31.953 [FXGL Background Thread 3 ] DEBUG Engine               - scaledWidthProp$fxgl: DoubleProperty [bound, value: 1600.0]
08:07:31.953 [FXGL Background Thread 3 ] DEBUG Engine               - sceneFactory: com.almasb.fxgl.app.scene.SceneFactory@2d389733
08:07:31.953 [FXGL Background Thread 3 ] DEBUG Engine               - secondsIn24h: 60
08:07:31.953 [FXGL Background Thread 3 ] DEBUG Engine               - soundMenuBack: menu/back.wav
08:07:31.953 [FXGL Background Thread 3 ] DEBUG Engine               - soundMenuPress: menu/press.wav
08:07:31.953 [FXGL Background Thread 3 ] DEBUG Engine               - soundMenuSelect: menu/select.wav
08:07:31.953 [FXGL Background Thread 3 ] DEBUG Engine               - soundNotification: core/notification.wav
08:07:31.953 [FXGL Background Thread 3 ] DEBUG Engine               - stageStyle: DECORATED
08:07:31.953 [FXGL Background Thread 3 ] DEBUG Engine               - supportedLanguages: [ENGLISH, FRENCH, GERMAN, HUNGARIAN, RUSSIAN]
08:07:31.953 [FXGL Background Thread 3 ] DEBUG Engine               - ticksPerSecond: -1
08:07:31.953 [FXGL Background Thread 3 ] DEBUG Engine               - title: Produktionslinie
08:07:31.953 [FXGL Background Thread 3 ] DEBUG Engine               - urlGithub: https://github.com/AlmasB/FXGL
08:07:31.954 [FXGL Background Thread 3 ] DEBUG Engine               - urlLeaderboard: http://fxgl-top.herokuapp.com/
08:07:31.954 [FXGL Background Thread 3 ] DEBUG Engine               - urlPOM: https://raw.githubusercontent.com/AlmasB/FXGL/release/README.md
08:07:31.954 [FXGL Background Thread 3 ] DEBUG Engine               - userAppClass: class org.betriebssysteme.view.ProductionLineApp
08:07:31.954 [FXGL Background Thread 3 ] DEBUG Engine               - version: 0.0
08:07:31.954 [FXGL Background Thread 3 ] DEBUG Engine               - versionCheckDays: 7
08:07:31.954 [FXGL Background Thread 3 ] DEBUG Engine               - width: 1600
08:07:31.954 [FXGL Background Thread 3 ] DEBUG Engine               - Logging services
08:07:31.954 [FXGL Background Thread 3 ] DEBUG Engine               - class com.almasb.fxgl.app.services.FXGLAssetLoaderService
08:07:31.954 [FXGL Background Thread 3 ] DEBUG Engine               - class com.almasb.fxgl.app.FXGLApplication$GameApplicationService
08:07:31.954 [FXGL Background Thread 3 ] DEBUG Engine               - class com.almasb.fxgl.app.services.FXGLDialogService
08:07:31.954 [FXGL Background Thread 3 ] DEBUG Engine               - class com.almasb.fxgl.app.services.IOTaskExecutorService
08:07:31.954 [FXGL Background Thread 3 ] DEBUG Engine               - class com.almasb.fxgl.io.FileSystemService
08:07:31.954 [FXGL Background Thread 3 ] DEBUG Engine               - class com.almasb.fxgl.localization.LocalizationService
08:07:31.954 [FXGL Background Thread 3 ] DEBUG Engine               - class com.almasb.fxgl.app.services.SystemBundleService
08:07:31.954 [FXGL Background Thread 3 ] DEBUG Engine               - class com.almasb.fxgl.profile.SaveLoadService
08:07:31.954 [FXGL Background Thread 3 ] DEBUG Engine               - class com.almasb.fxgl.ui.FXGLUIFactoryServiceProvider
08:07:31.954 [FXGL Background Thread 3 ] DEBUG Engine               - class com.almasb.fxgl.ui.FXGLDialogFactoryServiceProvider
08:07:31.954 [FXGL Background Thread 3 ] DEBUG Engine               - class com.almasb.fxgl.audio.AudioPlayer
08:07:31.954 [FXGL Background Thread 3 ] DEBUG Engine               - class com.almasb.fxgl.notification.impl.NotificationServiceProvider
08:07:31.954 [FXGL Background Thread 3 ] DEBUG Engine               - class com.almasb.fxgl.achievement.AchievementService
08:07:31.954 [FXGL Background Thread 3 ] DEBUG Engine               - class com.almasb.fxgl.cutscene.CutsceneService
08:07:31.954 [FXGL Background Thread 3 ] DEBUG Engine               - class com.almasb.fxgl.minigames.MiniGameService
08:07:31.954 [FXGL Background Thread 3 ] DEBUG Engine               - class com.almasb.fxgl.net.NetService
08:07:31.954 [FXGL Background Thread 3 ] DEBUG Engine               - class com.almasb.fxgl.app.services.UpdaterService
08:07:31.954 [FXGL Background Thread 3 ] DEBUG Engine               - class com.almasb.fxgl.dev.DevService
08:09:14.633 [JavaFX Application Thread] DEBUG FXGLApplication      - Exiting FXGL
08:09:14.633 [JavaFX Application Thread] DEBUG LoopRunner           - Stopping loop
08:09:14.633 [JavaFX Application Thread] DEBUG SystemBundleService  - Saving FXGL system data
08:09:14.636 [JavaFX Application Thread] DEBUG FileSystemAccess     - Writing to: C:\Users\abdul\IdeaProjects\Produktionslinie\system\fxgl.bundle
08:09:14.640 [JavaFX Application Thread] DEBUG Async                - Shutting down background threads
08:09:14.640 [JavaFX Application Thread] DEBUG PrimaryStageWindow   - Closing main window
08:09:14.655 [JavaFX Application Thread] DEBUG Logger               - Closing Logger
