11:26:57.613 [main                     ] DEBUG Logger               - Configured Logger
11:26:57.638 [main                     ] DEBUG GameApplication      - Logging settings
Title: Produktionslinie
Version: 0.0
Width: 1600
Height: 900
Fullscreen: false
Intro: false
Profiling: false
Single step:false
App Mode: DEVELOPER
Menu Key: ESCAPE
Stage Style: DECORATED
Scene Factory: class com.almasb.fxgl.app.scene.SceneFactory

11:26:58.062 [JavaFX Application Thread] DEBUG FXGLApplication      - Initializing FXGL
11:26:58.065 [JavaFX Application Thread] INFO  Engine               - FXGL-21.1 (27.03.2024 07.52) on WINDOWS (J:21.0.9 FX:21.0.1)
11:26:58.066 [JavaFX Application Thread] DEBUG Engine               - JRE Vendor Name: Microsoft
11:26:58.066 [JavaFX Application Thread] DEBUG Engine               - Running on OS: Windows 11 version 10.0
11:26:58.066 [JavaFX Application Thread] DEBUG Engine               - Architecture: amd64
11:26:58.066 [JavaFX Application Thread] INFO  Engine               - Source code and latest versions at: https://github.com/AlmasB/FXGL
11:26:58.066 [JavaFX Application Thread] INFO  Engine               -       Ask questions and discuss at: https://github.com/AlmasB/FXGL/discussions
11:26:58.066 [JavaFX Application Thread] INFO  Engine               -              Join the FXGL chat at: https://gitter.im/AlmasB/FXGL
11:26:58.160 [JavaFX Application Thread] DEBUG PrimaryStageWindow   - Creating a JavaFX scene
11:26:58.200 [JavaFX Application Thread] DEBUG PrimaryStageWindow   - Target settings size: 1600.0 x 900.0
11:26:58.200 [JavaFX Application Thread] DEBUG PrimaryStageWindow   - Scaled scene size:    1600.0 x 900.0
11:26:58.200 [JavaFX Application Thread] DEBUG PrimaryStageWindow   - Scaled ratio: (1.0, 1.0)
11:26:58.201 [JavaFX Application Thread] DEBUG PrimaryStageWindow   - Set initial scene to FXGLStartupScene
11:26:58.203 [JavaFX Application Thread] DEBUG PrimaryStageWindow   - Opening main window
11:26:58.283 [JavaFX Application Thread] DEBUG PrimaryStageWindow   - Window border size: (16.0, 39.0)
11:26:58.283 [JavaFX Application Thread] DEBUG PrimaryStageWindow   - Scaled size: 1600.0 x 900.0
11:26:58.283 [JavaFX Application Thread] DEBUG PrimaryStageWindow   - Scaled ratio: (1.0, 1.0)
11:26:58.283 [JavaFX Application Thread] DEBUG PrimaryStageWindow   - Scene size: 1600.0 x 900.0
11:26:58.283 [JavaFX Application Thread] DEBUG PrimaryStageWindow   - Stage size: 1616.0 x 939.0
11:26:58.290 [FXGL Background Thread 1 ] DEBUG Engine               - Initializing environment variables
11:26:58.332 [FXGL Background Thread 1 ] DEBUG FXGLAssetLoaderServi - User app class for loading assets: class org.betriebssysteme.view.ProductionLineApp
11:26:58.332 [FXGL Background Thread 1 ] DEBUG GameApplicationServi - Applying CSS: fxgl_dark.css
11:26:58.333 [FXGL Background Thread 1 ] DEBUG FXGLAssetLoaderServi - Loading from file system: jar:file:/C:/Users/abdul/.m2/repository/com/github/almasb/fxgl/21.1/fxgl-21.1.jar!/fxglassets/ui/css/fxgl_dark.css
11:26:58.365 [FXGL Background Thread 1 ] DEBUG GameApplicationServi - Initializing application scenes
11:26:58.405 [FXGL Background Thread 1 ] DEBUG GameWorld            - Game world initialized
11:26:58.473 [FXGL Background Thread 1 ] DEBUG PhysicsWorld         - Physics world initialized: appHeight=900, physics.ppm=50,0
11:26:58.473 [FXGL Background Thread 1 ] DEBUG PhysicsWorld         - Using strategy: BRUTE_FORCE
11:26:58.477 [FXGL Background Thread 1 ] DEBUG GameScene            - Game scene initialized: 1600x900
11:26:58.489 [FXGL Background Thread 1 ] DEBUG FXGL.DefaultMenu     - createMenuBodyGameMenu()
11:26:58.502 [FXGL Background Thread 1 ] DEBUG FXGL.DefaultMenu     - createOptionsMenu()
11:26:58.512 [FXGL Background Thread 1 ] DEBUG FXGLAssetLoaderServi - Loading from file system: jar:file:/C:/Users/abdul/.m2/repository/com/github/almasb/fxgl/21.1/fxgl-21.1.jar!/fxglassets/textures/particles/smoke.png
11:26:58.602 [FXGL Background Thread 1 ] DEBUG FXGLAssetLoaderServi - Loading from file system: jar:file:/C:/Users/abdul/.m2/repository/com/github/almasb/fxgl/21.1/fxgl-21.1.jar!/fxglassets/textures/particles/trace_horizontal.png
11:26:58.626 [FXGL Background Thread 1 ] DEBUG GameApplicationServi - Application scenes initialized
11:26:58.638 [FXGL Background Thread 1 ] DEBUG SystemBundleService  - Loading FXGL system data
11:26:58.641 [FXGL Background Thread 1 ] DEBUG FileSystemAccess     - Reading from: C:\Users\abdul\IdeaProjects\Produktionslinie\system\fxgl.bundle
11:26:58.649 [FXGL Background Thread 1 ] DEBUG SystemBundleService  - Bundle FXGL: {}
11:26:58.649 [FXGL Background Thread 1 ] DEBUG UpdaterService       - Checking for updates
11:26:58.674 [FXGL Background Thread 4 ] DEBUG FXGLApplication      - Loading fonts
11:26:58.674 [FXGL Background Thread 4 ] DEBUG FXGLAssetLoaderServi - Loading from file system: jar:file:/C:/Users/abdul/.m2/repository/com/github/almasb/fxgl/21.1/fxgl-21.1.jar!/fxglassets/ui/fonts/VarelaRound-Regular.ttf
11:26:58.676 [FXGL Background Thread 1 ] DEBUG FXGLApplication      - Loading default localization
11:26:58.677 [FXGL Background Thread 1 ] DEBUG FXGLAssetLoaderServi - Loading from file system: jar:file:/C:/Users/abdul/.m2/repository/com/github/almasb/fxgl/21.1/fxgl-21.1.jar!/fxglassets/languages/english.lang
11:26:58.710 [FXGL Background Thread 1 ] INFO  FXGLApplication      - FXGL initialization took: 0,421 sec
11:26:58.711 [FXGL Background Thread 4 ] DEBUG FXGLAssetLoaderServi - Loading from file system: jar:file:/C:/Users/abdul/.m2/repository/com/github/almasb/fxgl/21.1/fxgl-21.1.jar!/fxglassets/ui/fonts/Abel-Regular.ttf
11:26:58.718 [JavaFX Application Thread] DEBUG Input                - Registered new binding: action0 - R
11:26:58.719 [JavaFX Application Thread] DEBUG FXGLAssetLoaderServi - Loading from file system: jar:file:/C:/Users/abdul/.m2/repository/com/github/almasb/fxgl/21.1/fxgl-21.1.jar!/fxglassets/textures/fxgl_icon.png
11:26:58.722 [FXGL Background Thread 4 ] DEBUG FXGLAssetLoaderServi - Loading from file system: jar:file:/C:/Users/abdul/.m2/repository/com/github/almasb/fxgl/21.1/fxgl-21.1.jar!/fxglassets/ui/fonts/TerminalLandMono-Regular.otf
11:26:58.732 [FXGL Background Thread 4 ] DEBUG FXGLAssetLoaderServi - Loading from file system: jar:file:/C:/Users/abdul/.m2/repository/com/github/almasb/fxgl/21.1/fxgl-21.1.jar!/fxglassets/ui/fonts/Courier-Prime.ttf
11:26:58.737 [JavaFX Application Thread] DEBUG FXGLAssetLoaderServi - Loading from file system: jar:file:/C:/Users/abdul/.m2/repository/com/github/almasb/fxgl/21.1/fxgl-21.1.jar!/fxglassets/textures/fxgl_default_cursor.png
11:26:58.740 [JavaFX Application Thread] DEBUG Input                - Registered new binding: Screenshot - CTRL+8
11:26:58.741 [JavaFX Application Thread] DEBUG Input                - Registered new binding: Dev Options - 1
11:26:58.742 [JavaFX Application Thread] DEBUG Input                - Registered new binding: Dev Console - 2
11:26:58.743 [JavaFX Application Thread] DEBUG Input                - Registered new binding: System info dump - CTRL+9
11:26:58.744 [JavaFX Application Thread] DEBUG Input                - Registered new binding: Restart - CTRL+R
11:26:58.745 [JavaFX Application Thread] DEBUG Input                - Registered new binding: Toggle Debug Camera - CTRL+7
11:26:58.754 [JavaFX Application Thread] DEBUG LoopRunner           - Starting loop
11:26:58.790 [JavaFX Application Thread] DEBUG LoopRunner           - Initializing JavaFX AnimationTimerLoop
11:26:58.792 [JavaFX Application Thread] DEBUG GameApplicationServi - Starting new game
11:26:58.792 [JavaFX Application Thread] DEBUG Input                - Clearing active input actions
11:26:58.809 [JavaFX Application Thread] DEBUG GameApplicationServi - Removing overlay from FXGLStartupScene and adding to FXGLLoadingScene
11:26:58.812 [JavaFX Application Thread] DEBUG PrimaryStageWindow   - FXGLStartupScene -> FXGLLoadingScene
11:26:58.812 [JavaFX Application Thread] DEBUG GameApplicationServi - Clearing previous game
11:26:58.812 [JavaFX Application Thread] DEBUG GameScene            - Clearing game scene
11:26:58.812 [JavaFX Application Thread] DEBUG GameWorld            - Clearing game world
11:26:58.812 [JavaFX Application Thread] DEBUG PhysicsWorld         - Clearing physics world
11:26:58.813 [FXGL Background Thread 4 ] DEBUG FXGLApplication      - Initializing game
11:26:58.814 [JavaFX Application Thread] DEBUG FXGLApplication      - Registering font factories with UI factory
11:26:58.821 [FXGL Background Thread 4 ] DEBUG FXGLAssetLoaderServi - Loading from file system: file:/C:/Users/abdul/IdeaProjects/Produktionslinie/target/classes/assets/textures/Info_Menu_Machine_Asset.png
11:26:58.883 [FXGL Background Thread 4 ] DEBUG FXGLAssetLoaderServi - Loading from file system: file:/C:/Users/abdul/IdeaProjects/Produktionslinie/target/classes/assets/textures/Turning_Off_Animation.png
11:26:58.890 [FXGL Background Thread 4 ] DEBUG FXGLAssetLoaderServi - Loading from file system: file:/C:/Users/abdul/IdeaProjects/Produktionslinie/target/classes/assets/textures/Turning_On_Animation.png
11:26:58.892 [FXGL Background Thread 4 ] DEBUG FXGLAssetLoaderServi - Loading from file system: file:/C:/Users/abdul/IdeaProjects/Produktionslinie/target/classes/assets/textures/Production_While_Taking_Items_Animation.png
11:26:58.895 [FXGL Background Thread 4 ] DEBUG FXGLAssetLoaderServi - Loading from file system: file:/C:/Users/abdul/IdeaProjects/Produktionslinie/target/classes/assets/textures/Production_Without_Taking_Items_Animation.png
11:26:58.930 [FXGL Background Thread 4 ] INFO  FXGLApplication      - Game initialization took: 0,116 sec
11:26:59.065 [JavaFX Application Thread] DEBUG Input                - Clearing active input actions
11:26:59.073 [JavaFX Application Thread] DEBUG GameApplicationServi - Removing overlay from FXGLLoadingScene and adding to GameScene
11:26:59.077 [JavaFX Application Thread] DEBUG PrimaryStageWindow   - FXGLLoadingScene -> GameScene
11:27:00.946 [JavaFX Application Thread] DEBUG FXGLApplication      - Exiting FXGL
11:27:00.947 [JavaFX Application Thread] DEBUG LoopRunner           - Stopping loop
11:27:00.947 [JavaFX Application Thread] DEBUG SystemBundleService  - Saving FXGL system data
11:27:00.949 [JavaFX Application Thread] DEBUG FileSystemAccess     - Writing to: C:\Users\abdul\IdeaProjects\Produktionslinie\system\fxgl.bundle
11:27:00.956 [JavaFX Application Thread] DEBUG Async                - Shutting down background threads
11:27:00.957 [JavaFX Application Thread] DEBUG PrimaryStageWindow   - Closing main window
11:27:00.966 [JavaFX Application Thread] DEBUG Logger               - Closing Logger
