00:57:20.985 [main                     ] DEBUG Logger               - Configured Logger
00:57:21.009 [main                     ] DEBUG GameApplication      - Logging settings
Title: Produktionslinie
Version: 0.0
Width: 1600
Height: 900
Fullscreen: false
Intro: false
Profiling: false
Single step:false
App Mode: DEVELOPER
Menu Key: ESCAPE
Stage Style: DECORATED
Scene Factory: class com.almasb.fxgl.app.scene.SceneFactory

00:57:21.416 [JavaFX Application Thread] DEBUG FXGLApplication      - Initializing FXGL
00:57:21.419 [JavaFX Application Thread] INFO  Engine               - FXGL-21.1 (27.03.2024 07.52) on WINDOWS (J:21.0.9 FX:21.0.1)
00:57:21.419 [JavaFX Application Thread] DEBUG Engine               - JRE Vendor Name: Microsoft
00:57:21.420 [JavaFX Application Thread] DEBUG Engine               - Running on OS: Windows 11 version 10.0
00:57:21.420 [JavaFX Application Thread] DEBUG Engine               - Architecture: amd64
00:57:21.420 [JavaFX Application Thread] INFO  Engine               - Source code and latest versions at: https://github.com/AlmasB/FXGL
00:57:21.420 [JavaFX Application Thread] INFO  Engine               -       Ask questions and discuss at: https://github.com/AlmasB/FXGL/discussions
00:57:21.420 [JavaFX Application Thread] INFO  Engine               -              Join the FXGL chat at: https://gitter.im/AlmasB/FXGL
00:57:21.513 [JavaFX Application Thread] DEBUG PrimaryStageWindow   - Creating a JavaFX scene
00:57:21.555 [JavaFX Application Thread] DEBUG PrimaryStageWindow   - Target settings size: 1600.0 x 900.0
00:57:21.555 [JavaFX Application Thread] DEBUG PrimaryStageWindow   - Scaled scene size:    1600.0 x 900.0
00:57:21.555 [JavaFX Application Thread] DEBUG PrimaryStageWindow   - Scaled ratio: (1.0, 1.0)
00:57:21.556 [JavaFX Application Thread] DEBUG PrimaryStageWindow   - Set initial scene to FXGLStartupScene
00:57:21.558 [JavaFX Application Thread] DEBUG PrimaryStageWindow   - Opening main window
00:57:21.638 [JavaFX Application Thread] DEBUG PrimaryStageWindow   - Window border size: (16.0, 39.0)
00:57:21.638 [JavaFX Application Thread] DEBUG PrimaryStageWindow   - Scaled size: 1600.0 x 900.0
00:57:21.638 [JavaFX Application Thread] DEBUG PrimaryStageWindow   - Scaled ratio: (1.0, 1.0)
00:57:21.638 [JavaFX Application Thread] DEBUG PrimaryStageWindow   - Scene size: 1600.0 x 900.0
00:57:21.640 [JavaFX Application Thread] DEBUG PrimaryStageWindow   - Stage size: 1616.0 x 939.0
00:57:21.645 [FXGL Background Thread 1 ] DEBUG Engine               - Initializing environment variables
00:57:21.693 [FXGL Background Thread 1 ] DEBUG FXGLAssetLoaderServi - User app class for loading assets: class org.betriebssysteme.view.ProductionLineApp
00:57:21.693 [FXGL Background Thread 1 ] DEBUG GameApplicationServi - Applying CSS: fxgl_dark.css
00:57:21.694 [FXGL Background Thread 1 ] DEBUG FXGLAssetLoaderServi - Loading from file system: jar:file:/C:/Users/abdul/.m2/repository/com/github/almasb/fxgl/21.1/fxgl-21.1.jar!/fxglassets/ui/css/fxgl_dark.css
00:57:21.727 [FXGL Background Thread 1 ] DEBUG GameApplicationServi - Initializing application scenes
00:57:21.769 [FXGL Background Thread 1 ] DEBUG GameWorld            - Game world initialized
00:57:21.834 [FXGL Background Thread 1 ] DEBUG PhysicsWorld         - Physics world initialized: appHeight=900, physics.ppm=50,0
00:57:21.835 [FXGL Background Thread 1 ] DEBUG PhysicsWorld         - Using strategy: BRUTE_FORCE
00:57:21.837 [FXGL Background Thread 1 ] DEBUG GameScene            - Game scene initialized: 1600x900
00:57:21.849 [FXGL Background Thread 1 ] DEBUG FXGL.DefaultMenu     - createMenuBodyGameMenu()
00:57:21.863 [FXGL Background Thread 1 ] DEBUG FXGL.DefaultMenu     - createOptionsMenu()
00:57:21.871 [FXGL Background Thread 1 ] DEBUG FXGLAssetLoaderServi - Loading from file system: jar:file:/C:/Users/abdul/.m2/repository/com/github/almasb/fxgl/21.1/fxgl-21.1.jar!/fxglassets/textures/particles/smoke.png
00:57:21.968 [FXGL Background Thread 1 ] DEBUG FXGLAssetLoaderServi - Loading from file system: jar:file:/C:/Users/abdul/.m2/repository/com/github/almasb/fxgl/21.1/fxgl-21.1.jar!/fxglassets/textures/particles/trace_horizontal.png
00:57:21.991 [FXGL Background Thread 1 ] DEBUG GameApplicationServi - Application scenes initialized
00:57:22.006 [FXGL Background Thread 1 ] DEBUG SystemBundleService  - Loading FXGL system data
00:57:22.009 [FXGL Background Thread 1 ] DEBUG FileSystemAccess     - Reading from: C:\Users\abdul\IdeaProjects\Produktionslinie\system\fxgl.bundle
00:57:22.016 [FXGL Background Thread 1 ] DEBUG SystemBundleService  - Bundle FXGL: {}
00:57:22.016 [FXGL Background Thread 1 ] DEBUG UpdaterService       - Checking for updates
00:57:22.044 [FXGL Background Thread 4 ] DEBUG FXGLApplication      - Loading fonts
00:57:22.046 [FXGL Background Thread 4 ] DEBUG FXGLAssetLoaderServi - Loading from file system: jar:file:/C:/Users/abdul/.m2/repository/com/github/almasb/fxgl/21.1/fxgl-21.1.jar!/fxglassets/ui/fonts/VarelaRound-Regular.ttf
00:57:22.046 [FXGL Background Thread 1 ] DEBUG FXGLApplication      - Loading default localization
00:57:22.047 [FXGL Background Thread 1 ] DEBUG FXGLAssetLoaderServi - Loading from file system: jar:file:/C:/Users/abdul/.m2/repository/com/github/almasb/fxgl/21.1/fxgl-21.1.jar!/fxglassets/languages/english.lang
00:57:22.078 [FXGL Background Thread 4 ] DEBUG FXGLAssetLoaderServi - Loading from file system: jar:file:/C:/Users/abdul/.m2/repository/com/github/almasb/fxgl/21.1/fxgl-21.1.jar!/fxglassets/ui/fonts/Abel-Regular.ttf
00:57:22.082 [FXGL Background Thread 1 ] INFO  FXGLApplication      - FXGL initialization took: 0,436 sec
00:57:22.082 [JavaFX Application Thread] DEBUG FXGLAssetLoaderServi - Loading from file system: jar:file:/C:/Users/abdul/.m2/repository/com/github/almasb/fxgl/21.1/fxgl-21.1.jar!/fxglassets/textures/fxgl_icon.png
00:57:22.088 [FXGL Background Thread 4 ] DEBUG FXGLAssetLoaderServi - Loading from file system: jar:file:/C:/Users/abdul/.m2/repository/com/github/almasb/fxgl/21.1/fxgl-21.1.jar!/fxglassets/ui/fonts/TerminalLandMono-Regular.otf
00:57:22.097 [FXGL Background Thread 4 ] DEBUG FXGLAssetLoaderServi - Loading from file system: jar:file:/C:/Users/abdul/.m2/repository/com/github/almasb/fxgl/21.1/fxgl-21.1.jar!/fxglassets/ui/fonts/Courier-Prime.ttf
00:57:22.104 [JavaFX Application Thread] DEBUG FXGLAssetLoaderServi - Loading from file system: jar:file:/C:/Users/abdul/.m2/repository/com/github/almasb/fxgl/21.1/fxgl-21.1.jar!/fxglassets/textures/fxgl_default_cursor.png
00:57:22.124 [JavaFX Application Thread] DEBUG Input                - Registered new binding: Screenshot - CTRL+8
00:57:22.125 [JavaFX Application Thread] DEBUG Input                - Registered new binding: Dev Options - 1
00:57:22.126 [JavaFX Application Thread] DEBUG Input                - Registered new binding: Dev Console - 2
00:57:22.127 [JavaFX Application Thread] DEBUG Input                - Registered new binding: System info dump - CTRL+9
00:57:22.129 [JavaFX Application Thread] DEBUG Input                - Registered new binding: Restart - CTRL+R
00:57:22.132 [JavaFX Application Thread] DEBUG Input                - Registered new binding: Toggle Debug Camera - CTRL+7
00:57:22.143 [JavaFX Application Thread] DEBUG LoopRunner           - Starting loop
00:57:22.173 [JavaFX Application Thread] DEBUG LoopRunner           - Initializing JavaFX AnimationTimerLoop
00:57:22.175 [JavaFX Application Thread] DEBUG GameApplicationServi - Starting new game
00:57:22.176 [JavaFX Application Thread] DEBUG Input                - Clearing active input actions
00:57:22.191 [JavaFX Application Thread] DEBUG GameApplicationServi - Removing overlay from FXGLStartupScene and adding to FXGLLoadingScene
00:57:22.194 [JavaFX Application Thread] DEBUG PrimaryStageWindow   - FXGLStartupScene -> FXGLLoadingScene
00:57:22.195 [JavaFX Application Thread] DEBUG GameApplicationServi - Clearing previous game
00:57:22.195 [JavaFX Application Thread] DEBUG GameScene            - Clearing game scene
00:57:22.195 [JavaFX Application Thread] DEBUG GameWorld            - Clearing game world
00:57:22.195 [JavaFX Application Thread] DEBUG PhysicsWorld         - Clearing physics world
00:57:22.198 [FXGL Background Thread 4 ] DEBUG FXGLApplication      - Initializing game
00:57:22.198 [JavaFX Application Thread] DEBUG FXGLApplication      - Registering font factories with UI factory
00:57:22.213 [FXGL Background Thread 4 ] DEBUG FXGLAssetLoaderServi - Loading from file system: file:/C:/Users/abdul/IdeaProjects/Produktionslinie/target/classes/assets/textures/Turning_Off_Animation.png
00:57:22.220 [FXGL Background Thread 4 ] DEBUG FXGLAssetLoaderServi - Loading from file system: file:/C:/Users/abdul/IdeaProjects/Produktionslinie/target/classes/assets/textures/Turning_On_Animation.png
00:57:22.221 [FXGL Background Thread 4 ] DEBUG FXGLAssetLoaderServi - Loading from file system: file:/C:/Users/abdul/IdeaProjects/Produktionslinie/target/classes/assets/textures/Production_While_Taking_Items_Animation.png
00:57:22.223 [FXGL Background Thread 4 ] WARN  FXGLAssetLoaderServi - Asset "/assets/textures/Production_While_Without_Items_Animation.png" was not found!
00:57:22.224 [FXGL Background Thread 4 ] WARN  FXGLAssetLoaderServi - Failed to load IMAGE
00:57:22.516 [FXGL Background Thread 4 ] INFO  FXGLApplication      - Game initialization took: 0,319 sec
00:57:22.529 [JavaFX Application Thread] DEBUG Input                - Clearing active input actions
00:57:22.535 [JavaFX Application Thread] DEBUG GameApplicationServi - Removing overlay from FXGLLoadingScene and adding to GameScene
00:57:22.539 [JavaFX Application Thread] DEBUG PrimaryStageWindow   - FXGLLoadingScene -> GameScene
00:57:25.044 [FXGL Background Thread 3 ] DEBUG Engine               - Logging environment variables
00:57:25.044 [FXGL Background Thread 3 ] DEBUG Engine               - achievements: []
00:57:25.044 [FXGL Background Thread 3 ] DEBUG Engine               - actualHeight: 900.0
00:57:25.044 [FXGL Background Thread 3 ] DEBUG Engine               - actualHeightProperty: ReadOnlyDoubleProperty [value: 900.0]
00:57:25.044 [FXGL Background Thread 3 ] DEBUG Engine               - actualWidth: 1600.0
00:57:25.044 [FXGL Background Thread 3 ] DEBUG Engine               - actualWidthProperty: ReadOnlyDoubleProperty [value: 1600.0]
00:57:25.045 [FXGL Background Thread 3 ] DEBUG Engine               - appIcon: fxgl_icon.png
00:57:25.045 [FXGL Background Thread 3 ] DEBUG Engine               - applicationMode: DEVELOPER
00:57:25.045 [FXGL Background Thread 3 ] DEBUG Engine               - cSSList: [fxgl_dark.css]
00:57:25.045 [FXGL Background Thread 3 ] DEBUG Engine               - collisionDetectionStrategy: BRUTE_FORCE
00:57:25.045 [FXGL Background Thread 3 ] DEBUG Engine               - configClass: Optional.empty
00:57:25.045 [FXGL Background Thread 3 ] DEBUG Engine               - credits: []
00:57:25.045 [FXGL Background Thread 3 ] DEBUG Engine               - defaultCursor: CursorInfo(imageName=fxgl_default_cursor.png, hotspotX=7.0, hotspotY=6.0)
00:57:25.045 [FXGL Background Thread 3 ] DEBUG Engine               - devBBoxColorProperty: ObjectProperty [value: 0xff0000ff]
00:57:25.045 [FXGL Background Thread 3 ] DEBUG Engine               - devEnableDebugCameraProperty: BooleanProperty [value: false]
00:57:25.045 [FXGL Background Thread 3 ] DEBUG Engine               - devSensorColorProperty: ObjectProperty [value: 0xffff00ff]
00:57:25.045 [FXGL Background Thread 3 ] DEBUG Engine               - devShowBBoxProperty: BooleanProperty [value: false]
00:57:25.045 [FXGL Background Thread 3 ] DEBUG Engine               - devShowPositionProperty: BooleanProperty [value: false]
00:57:25.045 [FXGL Background Thread 3 ] DEBUG Engine               - enabledMenuItems: []
00:57:25.045 [FXGL Background Thread 3 ] DEBUG Engine               - engineServices: [class com.almasb.fxgl.app.services.FXGLAssetLoaderService, class com.almasb.fxgl.app.FXGLApplication$GameApplicationService, class com.almasb.fxgl.app.services.FXGLDialogService, class com.almasb.fxgl.app.services.IOTaskExecutorService, class com.almasb.fxgl.io.FileSystemService, class com.almasb.fxgl.localization.LocalizationService, class com.almasb.fxgl.app.services.SystemBundleService, class com.almasb.fxgl.profile.SaveLoadService, class com.almasb.fxgl.ui.FXGLUIFactoryServiceProvider, class com.almasb.fxgl.ui.FXGLDialogFactoryServiceProvider, class com.almasb.fxgl.audio.AudioPlayer, class com.almasb.fxgl.notification.impl.NotificationServiceProvider, class com.almasb.fxgl.achievement.AchievementService, class com.almasb.fxgl.cutscene.CutsceneService, class com.almasb.fxgl.minigames.MiniGameService, class com.almasb.fxgl.net.NetService, class com.almasb.fxgl.app.services.UpdaterService, class com.almasb.fxgl.dev.DevService]
00:57:25.046 [FXGL Background Thread 3 ] DEBUG Engine               - fontGame: Abel-Regular.ttf
00:57:25.046 [FXGL Background Thread 3 ] DEBUG Engine               - fontMono: TerminalLandMono-Regular.otf
00:57:25.046 [FXGL Background Thread 3 ] DEBUG Engine               - fontSizeScaleUI: 1.0
00:57:25.046 [FXGL Background Thread 3 ] DEBUG Engine               - fontText: Courier-Prime.ttf
00:57:25.046 [FXGL Background Thread 3 ] DEBUG Engine               - fontUI: VarelaRound-Regular.ttf
00:57:25.046 [FXGL Background Thread 3 ] DEBUG Engine               - fullScreen: BooleanProperty [value: false]
00:57:25.046 [FXGL Background Thread 3 ] DEBUG Engine               - gameDifficulty: MEDIUM
00:57:25.046 [FXGL Background Thread 3 ] DEBUG Engine               - gameDifficultyProperty: ObjectProperty [value: MEDIUM]
00:57:25.046 [FXGL Background Thread 3 ] DEBUG Engine               - globalMusicVolume: 0.5
00:57:25.046 [FXGL Background Thread 3 ] DEBUG Engine               - globalMusicVolumeProperty: DoubleProperty [value: 0.5]
00:57:25.046 [FXGL Background Thread 3 ] DEBUG Engine               - globalSoundVolume: 0.5
00:57:25.046 [FXGL Background Thread 3 ] DEBUG Engine               - globalSoundVolumeProperty: DoubleProperty [value: 0.5]
00:57:25.046 [FXGL Background Thread 3 ] DEBUG Engine               - height: 900
00:57:25.046 [FXGL Background Thread 3 ] DEBUG Engine               - is3D: false
00:57:25.046 [FXGL Background Thread 3 ] DEBUG Engine               - isAndroid: false
00:57:25.046 [FXGL Background Thread 3 ] DEBUG Engine               - isBrowser: false
00:57:25.046 [FXGL Background Thread 3 ] DEBUG Engine               - isClickFeedbackEnabled: false
00:57:25.046 [FXGL Background Thread 3 ] DEBUG Engine               - isCloseConfirmation: false
00:57:25.047 [FXGL Background Thread 3 ] DEBUG Engine               - isDesktop: true
00:57:25.047 [FXGL Background Thread 3 ] DEBUG Engine               - isDeveloperMenuEnabled: true
00:57:25.047 [FXGL Background Thread 3 ] DEBUG Engine               - isEmbedded: false
00:57:25.047 [FXGL Background Thread 3 ] DEBUG Engine               - isEntityPreloadEnabled: true
00:57:25.047 [FXGL Background Thread 3 ] DEBUG Engine               - isExperimentalTiledLargeMap: false
00:57:25.047 [FXGL Background Thread 3 ] DEBUG Engine               - isFileSystemWriteAllowed: true
00:57:25.047 [FXGL Background Thread 3 ] DEBUG Engine               - isFullScreenAllowed: false
00:57:25.047 [FXGL Background Thread 3 ] DEBUG Engine               - isFullScreenFromStart: false
00:57:25.047 [FXGL Background Thread 3 ] DEBUG Engine               - isGameMenuEnabled: true
00:57:25.047 [FXGL Background Thread 3 ] DEBUG Engine               - isIOS: false
00:57:25.047 [FXGL Background Thread 3 ] DEBUG Engine               - isIntroEnabled: false
00:57:25.047 [FXGL Background Thread 3 ] DEBUG Engine               - isLinux: false
00:57:25.047 [FXGL Background Thread 3 ] DEBUG Engine               - isMac: false
00:57:25.047 [FXGL Background Thread 3 ] DEBUG Engine               - isMainMenuEnabled: false
00:57:25.047 [FXGL Background Thread 3 ] DEBUG Engine               - isManualResizeEnabled: false
00:57:25.047 [FXGL Background Thread 3 ] DEBUG Engine               - isMobile: false
00:57:25.047 [FXGL Background Thread 3 ] DEBUG Engine               - isNative: false
00:57:25.047 [FXGL Background Thread 3 ] DEBUG Engine               - isPauseMusicWhenMinimized: true
00:57:25.047 [FXGL Background Thread 3 ] DEBUG Engine               - isPreserveResizeRatio: false
00:57:25.047 [FXGL Background Thread 3 ] DEBUG Engine               - isProfilingEnabled: false
00:57:25.048 [FXGL Background Thread 3 ] DEBUG Engine               - isScaleAffectedOnResize: true
00:57:25.048 [FXGL Background Thread 3 ] DEBUG Engine               - isSingleStep: false
00:57:25.048 [FXGL Background Thread 3 ] DEBUG Engine               - isUserProfileEnabled: false
00:57:25.048 [FXGL Background Thread 3 ] DEBUG Engine               - isWindows: true
00:57:25.048 [FXGL Background Thread 3 ] DEBUG Engine               - language: ObjectProperty [value: ENGLISH]
00:57:25.048 [FXGL Background Thread 3 ] DEBUG Engine               - menuKey: ESCAPE
00:57:25.048 [FXGL Background Thread 3 ] DEBUG Engine               - mouseSensitivity: 0.2
00:57:25.048 [FXGL Background Thread 3 ] DEBUG Engine               - notificationViewClass: class com.almasb.fxgl.notification.view.XboxNotificationView
00:57:25.048 [FXGL Background Thread 3 ] DEBUG Engine               - pixelsPerMeter: 50.0
00:57:25.048 [FXGL Background Thread 3 ] DEBUG Engine               - platform: WINDOWS
00:57:25.048 [FXGL Background Thread 3 ] DEBUG Engine               - prefHeightProperty: ReadOnlyDoubleProperty [value: 900.0]
00:57:25.048 [FXGL Background Thread 3 ] DEBUG Engine               - prefWidthProperty: ReadOnlyDoubleProperty [value: 1600.0]
00:57:25.048 [FXGL Background Thread 3 ] DEBUG Engine               - profileDir: profiles/
00:57:25.049 [FXGL Background Thread 3 ] DEBUG Engine               - profileName: StringProperty [value: DEFAULT]
00:57:25.049 [FXGL Background Thread 3 ] DEBUG Engine               - randomSeed: -1
00:57:25.049 [FXGL Background Thread 3 ] DEBUG Engine               - runtimeInfo: RuntimeInfo(platform=WINDOWS, version=21.1, build=27.03.2024 07.52)
00:57:25.049 [FXGL Background Thread 3 ] DEBUG Engine               - saveFileExt: sav
00:57:25.049 [FXGL Background Thread 3 ] DEBUG Engine               - scaledHeightProp$fxgl: DoubleProperty [bound, value: 900.0]
00:57:25.049 [FXGL Background Thread 3 ] DEBUG Engine               - scaledWidthProp$fxgl: DoubleProperty [bound, value: 1600.0]
00:57:25.049 [FXGL Background Thread 3 ] DEBUG Engine               - sceneFactory: com.almasb.fxgl.app.scene.SceneFactory@526e2120
00:57:25.049 [FXGL Background Thread 3 ] DEBUG Engine               - secondsIn24h: 60
00:57:25.049 [FXGL Background Thread 3 ] DEBUG Engine               - soundMenuBack: menu/back.wav
00:57:25.049 [FXGL Background Thread 3 ] DEBUG Engine               - soundMenuPress: menu/press.wav
00:57:25.049 [FXGL Background Thread 3 ] DEBUG Engine               - soundMenuSelect: menu/select.wav
00:57:25.049 [FXGL Background Thread 3 ] DEBUG Engine               - soundNotification: core/notification.wav
00:57:25.049 [FXGL Background Thread 3 ] DEBUG Engine               - stageStyle: DECORATED
00:57:25.049 [FXGL Background Thread 3 ] DEBUG Engine               - supportedLanguages: [ENGLISH, FRENCH, GERMAN, HUNGARIAN, RUSSIAN]
00:57:25.049 [FXGL Background Thread 3 ] DEBUG Engine               - ticksPerSecond: -1
00:57:25.050 [FXGL Background Thread 3 ] DEBUG Engine               - title: Produktionslinie
00:57:25.050 [FXGL Background Thread 3 ] DEBUG Engine               - urlGithub: https://github.com/AlmasB/FXGL
00:57:25.050 [FXGL Background Thread 3 ] DEBUG Engine               - urlLeaderboard: http://fxgl-top.herokuapp.com/
00:57:25.050 [FXGL Background Thread 3 ] DEBUG Engine               - urlPOM: https://raw.githubusercontent.com/AlmasB/FXGL/release/README.md
00:57:25.050 [FXGL Background Thread 3 ] DEBUG Engine               - userAppClass: class org.betriebssysteme.view.ProductionLineApp
00:57:25.050 [FXGL Background Thread 3 ] DEBUG Engine               - version: 0.0
00:57:25.050 [FXGL Background Thread 3 ] DEBUG Engine               - versionCheckDays: 7
00:57:25.050 [FXGL Background Thread 3 ] DEBUG Engine               - width: 1600
00:57:25.050 [FXGL Background Thread 3 ] DEBUG Engine               - Logging services
00:57:25.050 [FXGL Background Thread 3 ] DEBUG Engine               - class com.almasb.fxgl.app.services.FXGLAssetLoaderService
00:57:25.050 [FXGL Background Thread 3 ] DEBUG Engine               - class com.almasb.fxgl.app.FXGLApplication$GameApplicationService
00:57:25.050 [FXGL Background Thread 3 ] DEBUG Engine               - class com.almasb.fxgl.app.services.FXGLDialogService
00:57:25.050 [FXGL Background Thread 3 ] DEBUG Engine               - class com.almasb.fxgl.app.services.IOTaskExecutorService
00:57:25.050 [FXGL Background Thread 3 ] DEBUG Engine               - class com.almasb.fxgl.io.FileSystemService
00:57:25.050 [FXGL Background Thread 3 ] DEBUG Engine               - class com.almasb.fxgl.localization.LocalizationService
00:57:25.050 [FXGL Background Thread 3 ] DEBUG Engine               - class com.almasb.fxgl.app.services.SystemBundleService
00:57:25.050 [FXGL Background Thread 3 ] DEBUG Engine               - class com.almasb.fxgl.profile.SaveLoadService
00:57:25.050 [FXGL Background Thread 3 ] DEBUG Engine               - class com.almasb.fxgl.ui.FXGLUIFactoryServiceProvider
00:57:25.050 [FXGL Background Thread 3 ] DEBUG Engine               - class com.almasb.fxgl.ui.FXGLDialogFactoryServiceProvider
00:57:25.050 [FXGL Background Thread 3 ] DEBUG Engine               - class com.almasb.fxgl.audio.AudioPlayer
00:57:25.050 [FXGL Background Thread 3 ] DEBUG Engine               - class com.almasb.fxgl.notification.impl.NotificationServiceProvider
00:57:25.050 [FXGL Background Thread 3 ] DEBUG Engine               - class com.almasb.fxgl.achievement.AchievementService
00:57:25.050 [FXGL Background Thread 3 ] DEBUG Engine               - class com.almasb.fxgl.cutscene.CutsceneService
00:57:25.050 [FXGL Background Thread 3 ] DEBUG Engine               - class com.almasb.fxgl.minigames.MiniGameService
00:57:25.050 [FXGL Background Thread 3 ] DEBUG Engine               - class com.almasb.fxgl.net.NetService
00:57:25.050 [FXGL Background Thread 3 ] DEBUG Engine               - class com.almasb.fxgl.app.services.UpdaterService
00:57:25.050 [FXGL Background Thread 3 ] DEBUG Engine               - class com.almasb.fxgl.dev.DevService
00:57:28.256 [JavaFX Application Thread] DEBUG FXGLApplication      - Exiting FXGL
00:57:28.257 [JavaFX Application Thread] DEBUG LoopRunner           - Stopping loop
00:57:28.257 [JavaFX Application Thread] DEBUG SystemBundleService  - Saving FXGL system data
00:57:28.259 [JavaFX Application Thread] DEBUG FileSystemAccess     - Writing to: C:\Users\abdul\IdeaProjects\Produktionslinie\system\fxgl.bundle
00:57:28.263 [JavaFX Application Thread] DEBUG Async                - Shutting down background threads
00:57:28.263 [JavaFX Application Thread] DEBUG PrimaryStageWindow   - Closing main window
00:57:28.278 [JavaFX Application Thread] DEBUG Logger               - Closing Logger
