01:02:27.443 [main                     ] DEBUG Logger               - Configured Logger
01:02:27.467 [main                     ] DEBUG GameApplication      - Logging settings
Title: Produktionslinie
Version: 0.0
Width: 1600
Height: 900
Fullscreen: false
Intro: false
Profiling: false
Single step:false
App Mode: DEVELOPER
Menu Key: ESCAPE
Stage Style: DECORATED
Scene Factory: class com.almasb.fxgl.app.scene.SceneFactory

01:02:27.895 [JavaFX Application Thread] DEBUG FXGLApplication      - Initializing FXGL
01:02:27.898 [JavaFX Application Thread] INFO  Engine               - FXGL-21.1 (27.03.2024 07.52) on WINDOWS (J:21.0.9 FX:21.0.1)
01:02:27.898 [JavaFX Application Thread] DEBUG Engine               - JRE Vendor Name: Microsoft
01:02:27.898 [JavaFX Application Thread] DEBUG Engine               - Running on OS: Windows 11 version 10.0
01:02:27.898 [JavaFX Application Thread] DEBUG Engine               - Architecture: amd64
01:02:27.898 [JavaFX Application Thread] INFO  Engine               - Source code and latest versions at: https://github.com/AlmasB/FXGL
01:02:27.898 [JavaFX Application Thread] INFO  Engine               -       Ask questions and discuss at: https://github.com/AlmasB/FXGL/discussions
01:02:27.898 [JavaFX Application Thread] INFO  Engine               -              Join the FXGL chat at: https://gitter.im/AlmasB/FXGL
01:02:27.993 [JavaFX Application Thread] DEBUG PrimaryStageWindow   - Creating a JavaFX scene
01:02:28.035 [JavaFX Application Thread] DEBUG PrimaryStageWindow   - Target settings size: 1600.0 x 900.0
01:02:28.035 [JavaFX Application Thread] DEBUG PrimaryStageWindow   - Scaled scene size:    1600.0 x 900.0
01:02:28.036 [JavaFX Application Thread] DEBUG PrimaryStageWindow   - Scaled ratio: (1.0, 1.0)
01:02:28.036 [JavaFX Application Thread] DEBUG PrimaryStageWindow   - Set initial scene to FXGLStartupScene
01:02:28.038 [JavaFX Application Thread] DEBUG PrimaryStageWindow   - Opening main window
01:02:28.113 [JavaFX Application Thread] DEBUG PrimaryStageWindow   - Window border size: (16.0, 39.0)
01:02:28.113 [JavaFX Application Thread] DEBUG PrimaryStageWindow   - Scaled size: 1600.0 x 900.0
01:02:28.113 [JavaFX Application Thread] DEBUG PrimaryStageWindow   - Scaled ratio: (1.0, 1.0)
01:02:28.113 [JavaFX Application Thread] DEBUG PrimaryStageWindow   - Scene size: 1600.0 x 900.0
01:02:28.113 [JavaFX Application Thread] DEBUG PrimaryStageWindow   - Stage size: 1616.0 x 939.0
01:02:28.119 [FXGL Background Thread 1 ] DEBUG Engine               - Initializing environment variables
01:02:28.163 [FXGL Background Thread 1 ] DEBUG FXGLAssetLoaderServi - User app class for loading assets: class org.betriebssysteme.view.ProductionLineApp
01:02:28.163 [FXGL Background Thread 1 ] DEBUG GameApplicationServi - Applying CSS: fxgl_dark.css
01:02:28.164 [FXGL Background Thread 1 ] DEBUG FXGLAssetLoaderServi - Loading from file system: jar:file:/C:/Users/abdul/.m2/repository/com/github/almasb/fxgl/21.1/fxgl-21.1.jar!/fxglassets/ui/css/fxgl_dark.css
01:02:28.196 [FXGL Background Thread 1 ] DEBUG GameApplicationServi - Initializing application scenes
01:02:28.238 [FXGL Background Thread 1 ] DEBUG GameWorld            - Game world initialized
01:02:28.313 [FXGL Background Thread 1 ] DEBUG PhysicsWorld         - Physics world initialized: appHeight=900, physics.ppm=50,0
01:02:28.313 [FXGL Background Thread 1 ] DEBUG PhysicsWorld         - Using strategy: BRUTE_FORCE
01:02:28.316 [FXGL Background Thread 1 ] DEBUG GameScene            - Game scene initialized: 1600x900
01:02:28.327 [FXGL Background Thread 1 ] DEBUG FXGL.DefaultMenu     - createMenuBodyGameMenu()
01:02:28.340 [FXGL Background Thread 1 ] DEBUG FXGL.DefaultMenu     - createOptionsMenu()
01:02:28.350 [FXGL Background Thread 1 ] DEBUG FXGLAssetLoaderServi - Loading from file system: jar:file:/C:/Users/abdul/.m2/repository/com/github/almasb/fxgl/21.1/fxgl-21.1.jar!/fxglassets/textures/particles/smoke.png
01:02:28.450 [FXGL Background Thread 1 ] DEBUG FXGLAssetLoaderServi - Loading from file system: jar:file:/C:/Users/abdul/.m2/repository/com/github/almasb/fxgl/21.1/fxgl-21.1.jar!/fxglassets/textures/particles/trace_horizontal.png
01:02:28.472 [FXGL Background Thread 1 ] DEBUG GameApplicationServi - Application scenes initialized
01:02:28.487 [FXGL Background Thread 1 ] DEBUG SystemBundleService  - Loading FXGL system data
01:02:28.489 [FXGL Background Thread 1 ] DEBUG FileSystemAccess     - Reading from: C:\Users\abdul\IdeaProjects\Produktionslinie\system\fxgl.bundle
01:02:28.497 [FXGL Background Thread 1 ] DEBUG SystemBundleService  - Bundle FXGL: {}
01:02:28.497 [FXGL Background Thread 1 ] DEBUG UpdaterService       - Checking for updates
01:02:28.526 [FXGL Background Thread 4 ] DEBUG FXGLApplication      - Loading fonts
01:02:28.526 [FXGL Background Thread 4 ] DEBUG FXGLAssetLoaderServi - Loading from file system: jar:file:/C:/Users/abdul/.m2/repository/com/github/almasb/fxgl/21.1/fxgl-21.1.jar!/fxglassets/ui/fonts/VarelaRound-Regular.ttf
01:02:28.526 [FXGL Background Thread 1 ] DEBUG FXGLApplication      - Loading default localization
01:02:28.528 [FXGL Background Thread 1 ] DEBUG FXGLAssetLoaderServi - Loading from file system: jar:file:/C:/Users/abdul/.m2/repository/com/github/almasb/fxgl/21.1/fxgl-21.1.jar!/fxglassets/languages/english.lang
01:02:28.562 [FXGL Background Thread 4 ] DEBUG FXGLAssetLoaderServi - Loading from file system: jar:file:/C:/Users/abdul/.m2/repository/com/github/almasb/fxgl/21.1/fxgl-21.1.jar!/fxglassets/ui/fonts/Abel-Regular.ttf
01:02:28.565 [FXGL Background Thread 1 ] INFO  FXGLApplication      - FXGL initialization took: 0,446 sec
01:02:28.566 [JavaFX Application Thread] DEBUG FXGLAssetLoaderServi - Loading from file system: jar:file:/C:/Users/abdul/.m2/repository/com/github/almasb/fxgl/21.1/fxgl-21.1.jar!/fxglassets/textures/fxgl_icon.png
01:02:28.571 [FXGL Background Thread 4 ] DEBUG FXGLAssetLoaderServi - Loading from file system: jar:file:/C:/Users/abdul/.m2/repository/com/github/almasb/fxgl/21.1/fxgl-21.1.jar!/fxglassets/ui/fonts/TerminalLandMono-Regular.otf
01:02:28.581 [FXGL Background Thread 4 ] DEBUG FXGLAssetLoaderServi - Loading from file system: jar:file:/C:/Users/abdul/.m2/repository/com/github/almasb/fxgl/21.1/fxgl-21.1.jar!/fxglassets/ui/fonts/Courier-Prime.ttf
01:02:28.587 [JavaFX Application Thread] DEBUG FXGLAssetLoaderServi - Loading from file system: jar:file:/C:/Users/abdul/.m2/repository/com/github/almasb/fxgl/21.1/fxgl-21.1.jar!/fxglassets/textures/fxgl_default_cursor.png
01:02:28.604 [JavaFX Application Thread] DEBUG Input                - Registered new binding: Screenshot - CTRL+8
01:02:28.605 [JavaFX Application Thread] DEBUG Input                - Registered new binding: Dev Options - 1
01:02:28.606 [JavaFX Application Thread] DEBUG Input                - Registered new binding: Dev Console - 2
01:02:28.607 [JavaFX Application Thread] DEBUG Input                - Registered new binding: System info dump - CTRL+9
01:02:28.608 [JavaFX Application Thread] DEBUG Input                - Registered new binding: Restart - CTRL+R
01:02:28.611 [JavaFX Application Thread] DEBUG Input                - Registered new binding: Toggle Debug Camera - CTRL+7
01:02:28.622 [JavaFX Application Thread] DEBUG LoopRunner           - Starting loop
01:02:28.654 [JavaFX Application Thread] DEBUG LoopRunner           - Initializing JavaFX AnimationTimerLoop
01:02:28.655 [JavaFX Application Thread] DEBUG GameApplicationServi - Starting new game
01:02:28.656 [JavaFX Application Thread] DEBUG Input                - Clearing active input actions
01:02:28.672 [JavaFX Application Thread] DEBUG GameApplicationServi - Removing overlay from FXGLStartupScene and adding to FXGLLoadingScene
01:02:28.674 [JavaFX Application Thread] DEBUG PrimaryStageWindow   - FXGLStartupScene -> FXGLLoadingScene
01:02:28.675 [JavaFX Application Thread] DEBUG GameApplicationServi - Clearing previous game
01:02:28.675 [JavaFX Application Thread] DEBUG GameScene            - Clearing game scene
01:02:28.675 [JavaFX Application Thread] DEBUG GameWorld            - Clearing game world
01:02:28.675 [JavaFX Application Thread] DEBUG PhysicsWorld         - Clearing physics world
01:02:28.676 [JavaFX Application Thread] DEBUG FXGLApplication      - Registering font factories with UI factory
01:02:28.676 [FXGL Background Thread 4 ] DEBUG FXGLApplication      - Initializing game
01:02:28.689 [FXGL Background Thread 4 ] DEBUG FXGLAssetLoaderServi - Loading from file system: file:/C:/Users/abdul/IdeaProjects/Produktionslinie/target/classes/assets/textures/Turning_Off_Animation.png
01:02:28.695 [FXGL Background Thread 4 ] DEBUG FXGLAssetLoaderServi - Loading from file system: file:/C:/Users/abdul/IdeaProjects/Produktionslinie/target/classes/assets/textures/Turning_On_Animation.png
01:02:28.697 [FXGL Background Thread 4 ] DEBUG FXGLAssetLoaderServi - Loading from file system: file:/C:/Users/abdul/IdeaProjects/Produktionslinie/target/classes/assets/textures/Production_While_Taking_Items_Animation.png
01:02:28.699 [FXGL Background Thread 4 ] WARN  FXGLAssetLoaderServi - Asset "/assets/textures/Production_While_Without_Items_Animation.png" was not found!
01:02:28.700 [FXGL Background Thread 4 ] WARN  FXGLAssetLoaderServi - Failed to load IMAGE
01:02:28.985 [FXGL Background Thread 4 ] INFO  FXGLApplication      - Game initialization took: 0,308 sec
01:02:28.995 [JavaFX Application Thread] DEBUG Input                - Clearing active input actions
01:02:29.004 [JavaFX Application Thread] DEBUG GameApplicationServi - Removing overlay from FXGLLoadingScene and adding to GameScene
01:02:29.008 [JavaFX Application Thread] DEBUG PrimaryStageWindow   - FXGLLoadingScene -> GameScene
01:02:30.612 [JavaFX Application Thread] DEBUG FXGLApplication      - Exiting FXGL
01:02:30.612 [JavaFX Application Thread] DEBUG LoopRunner           - Stopping loop
01:02:30.612 [JavaFX Application Thread] DEBUG SystemBundleService  - Saving FXGL system data
01:02:30.614 [JavaFX Application Thread] DEBUG FileSystemAccess     - Writing to: C:\Users\abdul\IdeaProjects\Produktionslinie\system\fxgl.bundle
01:02:30.618 [JavaFX Application Thread] DEBUG Async                - Shutting down background threads
01:02:30.618 [JavaFX Application Thread] DEBUG PrimaryStageWindow   - Closing main window
01:02:30.629 [JavaFX Application Thread] DEBUG Logger               - Closing Logger
