19:55:41.979 [main                     ] DEBUG Logger               - Configured Logger
19:55:41.988 [main                     ] DEBUG GameApplication      - Logging settings
Title: Produktionslinie
Version: 0.0
Width: 1600
Height: 900
Fullscreen: false
Intro: false
Profiling: false
Single step:false
App Mode: DEVELOPER
Menu Key: ESCAPE
Stage Style: DECORATED
Scene Factory: class com.almasb.fxgl.app.scene.SceneFactory

19:55:42.256 [JavaFX Application Thread] DEBUG FXGLApplication      - Initializing FXGL
19:55:42.261 [JavaFX Application Thread] INFO  Engine               - FXGL-21.1 (27.03.2024 07.52) on WINDOWS (J:24.0.1 FX:24.0.1+1)
19:55:42.262 [JavaFX Application Thread] DEBUG Engine               - JRE Vendor Name: BellSoft
19:55:42.262 [JavaFX Application Thread] DEBUG Engine               - Running on OS: Windows 11 version 10.0
19:55:42.263 [JavaFX Application Thread] DEBUG Engine               - Architecture: amd64
19:55:42.263 [JavaFX Application Thread] INFO  Engine               - Source code and latest versions at: https://github.com/AlmasB/FXGL
19:55:42.263 [JavaFX Application Thread] INFO  Engine               -       Ask questions and discuss at: https://github.com/AlmasB/FXGL/discussions
19:55:42.263 [JavaFX Application Thread] INFO  Engine               -              Join the FXGL chat at: https://gitter.im/AlmasB/FXGL
19:55:42.351 [JavaFX Application Thread] DEBUG PrimaryStageWindow   - Creating a JavaFX scene
19:55:42.351 [JavaFX Application Thread] DEBUG PrimaryStageWindow   - Target size > screen size
19:55:42.388 [JavaFX Application Thread] DEBUG PrimaryStageWindow   - Target settings size: 1600.0 x 900.0
19:55:42.388 [JavaFX Application Thread] DEBUG PrimaryStageWindow   - Scaled scene size:    1415.0 x 810.0
19:55:42.389 [JavaFX Application Thread] DEBUG PrimaryStageWindow   - Scaled ratio: (0.884375, 0.9)
19:55:42.390 [JavaFX Application Thread] DEBUG PrimaryStageWindow   - Set initial scene to FXGLStartupScene
19:55:42.397 [JavaFX Application Thread] DEBUG PrimaryStageWindow   - Opening main window
19:55:42.669 [JavaFX Application Thread] DEBUG PrimaryStageWindow   - Window border size: (15.0, 37.33331298828125)
19:55:42.669 [JavaFX Application Thread] DEBUG PrimaryStageWindow   - Scaled size: 1415.0 x 810.0
19:55:42.670 [JavaFX Application Thread] DEBUG PrimaryStageWindow   - Scaled ratio: (0.884375, 0.9)
19:55:42.670 [JavaFX Application Thread] DEBUG PrimaryStageWindow   - Scene size: 1415.0 x 810.0
19:55:42.671 [JavaFX Application Thread] DEBUG PrimaryStageWindow   - Stage size: 1430.0 x 847.3333129882812
19:55:42.689 [FXGL Background Thread 1 ] DEBUG Engine               - Initializing environment variables
19:55:42.789 [FXGL Background Thread 1 ] DEBUG FXGLAssetLoaderServi - User app class for loading assets: class org.betriebssysteme.view.ProductionLineApp
19:55:42.790 [FXGL Background Thread 1 ] DEBUG GameApplicationServi - Applying CSS: fxgl_dark.css
19:55:42.791 [FXGL Background Thread 1 ] DEBUG FXGLAssetLoaderServi - Loading from file system: jar:file:/C:/Users/user/.m2/repository/com/github/AlmasB/FXGL/21.1/fxgl-21.1.jar!/fxglassets/ui/css/fxgl_dark.css
19:55:42.854 [FXGL Background Thread 1 ] DEBUG GameApplicationServi - Initializing application scenes
19:55:42.917 [FXGL Background Thread 1 ] DEBUG GameWorld            - Game world initialized
19:55:43.011 [FXGL Background Thread 1 ] DEBUG PhysicsWorld         - Physics world initialized: appHeight=900, physics.ppm=50,0
19:55:43.012 [FXGL Background Thread 1 ] DEBUG PhysicsWorld         - Using strategy: BRUTE_FORCE
19:55:43.016 [FXGL Background Thread 1 ] DEBUG GameScene            - Game scene initialized: 1600x900
19:55:43.034 [FXGL Background Thread 1 ] DEBUG FXGL.DefaultMenu     - createMenuBodyGameMenu()
19:55:43.048 [FXGL Background Thread 1 ] DEBUG FXGL.DefaultMenu     - createOptionsMenu()
19:55:43.064 [FXGL Background Thread 1 ] DEBUG FXGLAssetLoaderServi - Loading from file system: jar:file:/C:/Users/user/.m2/repository/com/github/AlmasB/FXGL/21.1/fxgl-21.1.jar!/fxglassets/textures/particles/smoke.png
19:55:43.175 [FXGL Background Thread 1 ] DEBUG FXGLAssetLoaderServi - Loading from file system: jar:file:/C:/Users/user/.m2/repository/com/github/AlmasB/FXGL/21.1/fxgl-21.1.jar!/fxglassets/textures/particles/trace_horizontal.png
19:55:43.201 [FXGL Background Thread 1 ] DEBUG GameApplicationServi - Application scenes initialized
19:55:43.215 [FXGL Background Thread 1 ] DEBUG SystemBundleService  - Loading FXGL system data
19:55:43.228 [FXGL Background Thread 1 ] DEBUG FileSystemAccess     - Reading from: C:\Users\user\IdeaProjects\Produktionslinie\system\fxgl.bundle
19:55:43.238 [FXGL Background Thread 1 ] DEBUG SystemBundleService  - Bundle FXGL: {}
19:55:43.238 [FXGL Background Thread 1 ] DEBUG UpdaterService       - Checking for updates
19:55:43.261 [FXGL Background Thread 4 ] DEBUG FXGLApplication      - Loading fonts
19:55:43.262 [FXGL Background Thread 4 ] DEBUG FXGLAssetLoaderServi - Loading from file system: jar:file:/C:/Users/user/.m2/repository/com/github/AlmasB/FXGL/21.1/fxgl-21.1.jar!/fxglassets/ui/fonts/VarelaRound-Regular.ttf
19:55:43.262 [FXGL Background Thread 1 ] DEBUG FXGLApplication      - Loading default localization
19:55:43.262 [FXGL Background Thread 1 ] DEBUG FXGLAssetLoaderServi - Loading from file system: jar:file:/C:/Users/user/.m2/repository/com/github/AlmasB/FXGL/21.1/fxgl-21.1.jar!/fxglassets/languages/english.lang
19:55:43.301 [FXGL Background Thread 1 ] INFO  FXGLApplication      - FXGL initialization took: 0,612 sec
19:55:43.310 [FXGL Background Thread 4 ] DEBUG FXGLAssetLoaderServi - Loading from file system: jar:file:/C:/Users/user/.m2/repository/com/github/AlmasB/FXGL/21.1/fxgl-21.1.jar!/fxglassets/ui/fonts/Abel-Regular.ttf
19:55:43.314 [JavaFX Application Thread] DEBUG Input                - Registered new binding: action0 - R
19:55:43.319 [JavaFX Application Thread] DEBUG FXGLAssetLoaderServi - Loading from file system: jar:file:/C:/Users/user/.m2/repository/com/github/AlmasB/FXGL/21.1/fxgl-21.1.jar!/fxglassets/textures/fxgl_icon.png
19:55:43.325 [FXGL Background Thread 4 ] DEBUG FXGLAssetLoaderServi - Loading from file system: jar:file:/C:/Users/user/.m2/repository/com/github/AlmasB/FXGL/21.1/fxgl-21.1.jar!/fxglassets/ui/fonts/TerminalLandMono-Regular.otf
19:55:43.339 [JavaFX Application Thread] DEBUG FXGLAssetLoaderServi - Loading from file system: jar:file:/C:/Users/user/.m2/repository/com/github/AlmasB/FXGL/21.1/fxgl-21.1.jar!/fxglassets/textures/fxgl_default_cursor.png
19:55:43.342 [JavaFX Application Thread] DEBUG Input                - Registered new binding: Screenshot - CTRL+8
19:55:43.342 [FXGL Background Thread 4 ] DEBUG FXGLAssetLoaderServi - Loading from file system: jar:file:/C:/Users/user/.m2/repository/com/github/AlmasB/FXGL/21.1/fxgl-21.1.jar!/fxglassets/ui/fonts/Courier-Prime.ttf
19:55:43.343 [JavaFX Application Thread] DEBUG Input                - Registered new binding: Dev Options - 1
19:55:43.343 [JavaFX Application Thread] DEBUG Input                - Registered new binding: Dev Console - 2
19:55:43.346 [JavaFX Application Thread] DEBUG Input                - Registered new binding: System info dump - CTRL+9
19:55:43.347 [JavaFX Application Thread] DEBUG Input                - Registered new binding: Restart - CTRL+R
19:55:43.348 [JavaFX Application Thread] DEBUG Input                - Registered new binding: Toggle Debug Camera - CTRL+7
19:55:43.357 [JavaFX Application Thread] DEBUG LoopRunner           - Starting loop
19:55:43.381 [JavaFX Application Thread] DEBUG LoopRunner           - Initializing JavaFX AnimationTimerLoop
19:55:43.383 [JavaFX Application Thread] DEBUG GameApplicationServi - Starting new game
19:55:43.384 [JavaFX Application Thread] DEBUG Input                - Clearing active input actions
19:55:43.400 [JavaFX Application Thread] DEBUG GameApplicationServi - Removing overlay from FXGLStartupScene and adding to FXGLLoadingScene
19:55:43.404 [JavaFX Application Thread] DEBUG PrimaryStageWindow   - FXGLStartupScene -> FXGLLoadingScene
19:55:43.404 [JavaFX Application Thread] DEBUG GameApplicationServi - Clearing previous game
19:55:43.404 [JavaFX Application Thread] DEBUG GameScene            - Clearing game scene
19:55:43.404 [JavaFX Application Thread] DEBUG GameWorld            - Clearing game world
19:55:43.404 [JavaFX Application Thread] DEBUG PhysicsWorld         - Clearing physics world
19:55:43.407 [FXGL Background Thread 4 ] DEBUG FXGLApplication      - Initializing game
19:55:43.410 [JavaFX Application Thread] DEBUG FXGLApplication      - Registering font factories with UI factory
19:55:43.495 [FXGL Background Thread 4 ] WARN  TMXLevelLoader       - TiledMap generated from 1.11.2. Supported version: 1.9.0. Some features may not be parsed fully.
19:55:43.508 [FXGL Background Thread 4 ] DEBUG TMXLevelLoader       - Parsed TiledMap: file:/C:/Users/user/IdeaProjects/Produktionslinie/target/classes/assets/levels/map.tmx
19:55:43.509 [FXGL Background Thread 4 ] DEBUG TMXLevelLoader       - Creating tile layer entities
19:55:43.514 [FXGL Background Thread 4 ] DEBUG TilesetLoader        - Loading view for layer Kachelebene 1
19:55:43.526 [FXGL Background Thread 4 ] DEBUG TilesetLoader        - Created buffer with size 3200.0x3200.0
19:55:43.580 [FXGL Background Thread 4 ] DEBUG TMXLevelLoader       - Creating object layer entities
19:55:43.581 [FXGL Background Thread 4 ] DEBUG GameWorld            - Clearing removable entities
19:55:43.583 [FXGL Background Thread 4 ] DEBUG GameWorld            - Setting level: com.almasb.fxgl.entity.level.Level@2d55cd48
19:55:43.615 [FXGL Background Thread 4 ] DEBUG FXGLAssetLoaderServi - Loading from file system: file:/C:/Users/user/IdeaProjects/Produktionslinie/target/classes/assets/textures/Info_Menu_Machine_Asset.png
19:55:43.721 [FXGL Background Thread 4 ] DEBUG FXGLAssetLoaderServi - Loading from file system: file:/C:/Users/user/IdeaProjects/Produktionslinie/target/classes/assets/textures/Turning_Off_Animation.png
19:55:43.731 [FXGL Background Thread 4 ] DEBUG FXGLAssetLoaderServi - Loading from file system: file:/C:/Users/user/IdeaProjects/Produktionslinie/target/classes/assets/textures/Turning_On_Animation.png
19:55:43.734 [FXGL Background Thread 4 ] DEBUG FXGLAssetLoaderServi - Loading from file system: file:/C:/Users/user/IdeaProjects/Produktionslinie/target/classes/assets/textures/Production_While_Taking_Items_Animation.png
19:55:43.737 [FXGL Background Thread 4 ] DEBUG FXGLAssetLoaderServi - Loading from file system: file:/C:/Users/user/IdeaProjects/Produktionslinie/target/classes/assets/textures/Production_Without_Taking_Items_Animation.png
19:55:43.787 [FXGL Background Thread 4 ] DEBUG FXGLAssetLoaderServi - Loading from file system: file:/C:/Users/user/IdeaProjects/Produktionslinie/target/classes/assets/textures/belt-start.png
19:55:43.789 [FXGL Background Thread 4 ] DEBUG FXGLAssetLoaderServi - Loading from file system: file:/C:/Users/user/IdeaProjects/Produktionslinie/target/classes/assets/textures/belt-mid.png
19:55:43.791 [FXGL Background Thread 4 ] DEBUG FXGLAssetLoaderServi - Loading from file system: file:/C:/Users/user/IdeaProjects/Produktionslinie/target/classes/assets/textures/belt-end.png
19:55:43.828 [FXGL Background Thread 4 ] INFO  FXGLApplication      - Game initialization took: 0,420 sec
19:55:43.938 [JavaFX Application Thread] DEBUG Input                - Clearing active input actions
19:55:43.954 [JavaFX Application Thread] DEBUG GameApplicationServi - Removing overlay from FXGLLoadingScene and adding to GameScene
19:55:43.962 [JavaFX Application Thread] DEBUG PrimaryStageWindow   - FXGLLoadingScene -> GameScene
19:55:46.259 [FXGL Background Thread 3 ] DEBUG Engine               - Logging environment variables
19:55:46.260 [FXGL Background Thread 3 ] DEBUG Engine               - achievements: []
19:55:46.260 [FXGL Background Thread 3 ] DEBUG Engine               - actualHeight: 810.0
19:55:46.260 [FXGL Background Thread 3 ] DEBUG Engine               - actualHeightProperty: ReadOnlyDoubleProperty [value: 810.0]
19:55:46.260 [FXGL Background Thread 3 ] DEBUG Engine               - actualWidth: 1415.0
19:55:46.260 [FXGL Background Thread 3 ] DEBUG Engine               - actualWidthProperty: ReadOnlyDoubleProperty [value: 1415.0]
19:55:46.260 [FXGL Background Thread 3 ] DEBUG Engine               - appIcon: fxgl_icon.png
19:55:46.260 [FXGL Background Thread 3 ] DEBUG Engine               - applicationMode: DEVELOPER
19:55:46.260 [FXGL Background Thread 3 ] DEBUG Engine               - cSSList: [fxgl_dark.css]
19:55:46.260 [FXGL Background Thread 3 ] DEBUG Engine               - collisionDetectionStrategy: BRUTE_FORCE
19:55:46.260 [FXGL Background Thread 3 ] DEBUG Engine               - configClass: Optional.empty
19:55:46.260 [FXGL Background Thread 3 ] DEBUG Engine               - credits: []
19:55:46.261 [FXGL Background Thread 3 ] DEBUG Engine               - defaultCursor: CursorInfo(imageName=fxgl_default_cursor.png, hotspotX=7.0, hotspotY=6.0)
19:55:46.261 [FXGL Background Thread 3 ] DEBUG Engine               - devBBoxColorProperty: ObjectProperty [value: 0xff0000ff]
19:55:46.261 [FXGL Background Thread 3 ] DEBUG Engine               - devEnableDebugCameraProperty: BooleanProperty [value: false]
19:55:46.261 [FXGL Background Thread 3 ] DEBUG Engine               - devSensorColorProperty: ObjectProperty [value: 0xffff00ff]
19:55:46.261 [FXGL Background Thread 3 ] DEBUG Engine               - devShowBBoxProperty: BooleanProperty [value: false]
19:55:46.261 [FXGL Background Thread 3 ] DEBUG Engine               - devShowPositionProperty: BooleanProperty [value: false]
19:55:46.261 [FXGL Background Thread 3 ] DEBUG Engine               - enabledMenuItems: []
19:55:46.261 [FXGL Background Thread 3 ] DEBUG Engine               - engineServices: [class com.almasb.fxgl.app.services.FXGLAssetLoaderService, class com.almasb.fxgl.app.FXGLApplication$GameApplicationService, class com.almasb.fxgl.app.services.FXGLDialogService, class com.almasb.fxgl.app.services.IOTaskExecutorService, class com.almasb.fxgl.io.FileSystemService, class com.almasb.fxgl.localization.LocalizationService, class com.almasb.fxgl.app.services.SystemBundleService, class com.almasb.fxgl.profile.SaveLoadService, class com.almasb.fxgl.ui.FXGLUIFactoryServiceProvider, class com.almasb.fxgl.ui.FXGLDialogFactoryServiceProvider, class com.almasb.fxgl.audio.AudioPlayer, class com.almasb.fxgl.notification.impl.NotificationServiceProvider, class com.almasb.fxgl.achievement.AchievementService, class com.almasb.fxgl.cutscene.CutsceneService, class com.almasb.fxgl.minigames.MiniGameService, class com.almasb.fxgl.net.NetService, class com.almasb.fxgl.app.services.UpdaterService, class com.almasb.fxgl.dev.DevService]
19:55:46.261 [FXGL Background Thread 3 ] DEBUG Engine               - fontGame: Abel-Regular.ttf
19:55:46.261 [FXGL Background Thread 3 ] DEBUG Engine               - fontMono: TerminalLandMono-Regular.otf
19:55:46.261 [FXGL Background Thread 3 ] DEBUG Engine               - fontSizeScaleUI: 1.0
19:55:46.261 [FXGL Background Thread 3 ] DEBUG Engine               - fontText: Courier-Prime.ttf
19:55:46.262 [FXGL Background Thread 3 ] DEBUG Engine               - fontUI: VarelaRound-Regular.ttf
19:55:46.262 [FXGL Background Thread 3 ] DEBUG Engine               - fullScreen: BooleanProperty [value: false]
19:55:46.262 [FXGL Background Thread 3 ] DEBUG Engine               - gameDifficulty: MEDIUM
19:55:46.262 [FXGL Background Thread 3 ] DEBUG Engine               - gameDifficultyProperty: ObjectProperty [value: MEDIUM]
19:55:46.262 [FXGL Background Thread 3 ] DEBUG Engine               - globalMusicVolume: 0.5
19:55:46.262 [FXGL Background Thread 3 ] DEBUG Engine               - globalMusicVolumeProperty: DoubleProperty [value: 0.5]
19:55:46.262 [FXGL Background Thread 3 ] DEBUG Engine               - globalSoundVolume: 0.5
19:55:46.262 [FXGL Background Thread 3 ] DEBUG Engine               - globalSoundVolumeProperty: DoubleProperty [value: 0.5]
19:55:46.262 [FXGL Background Thread 3 ] DEBUG Engine               - height: 900
19:55:46.262 [FXGL Background Thread 3 ] DEBUG Engine               - is3D: false
19:55:46.262 [FXGL Background Thread 3 ] DEBUG Engine               - isAndroid: false
19:55:46.262 [FXGL Background Thread 3 ] DEBUG Engine               - isBrowser: false
19:55:46.262 [FXGL Background Thread 3 ] DEBUG Engine               - isClickFeedbackEnabled: false
19:55:46.263 [FXGL Background Thread 3 ] DEBUG Engine               - isCloseConfirmation: false
19:55:46.263 [FXGL Background Thread 3 ] DEBUG Engine               - isDesktop: true
19:55:46.263 [FXGL Background Thread 3 ] DEBUG Engine               - isDeveloperMenuEnabled: true
19:55:46.263 [FXGL Background Thread 3 ] DEBUG Engine               - isEmbedded: false
19:55:46.263 [FXGL Background Thread 3 ] DEBUG Engine               - isEntityPreloadEnabled: true
19:55:46.263 [FXGL Background Thread 3 ] DEBUG Engine               - isExperimentalTiledLargeMap: false
19:55:46.263 [FXGL Background Thread 3 ] DEBUG Engine               - isFileSystemWriteAllowed: true
19:55:46.263 [FXGL Background Thread 3 ] DEBUG Engine               - isFullScreenAllowed: false
19:55:46.263 [FXGL Background Thread 3 ] DEBUG Engine               - isFullScreenFromStart: false
19:55:46.263 [FXGL Background Thread 3 ] DEBUG Engine               - isGameMenuEnabled: true
19:55:46.263 [FXGL Background Thread 3 ] DEBUG Engine               - isIOS: false
19:55:46.263 [FXGL Background Thread 3 ] DEBUG Engine               - isIntroEnabled: false
19:55:46.263 [FXGL Background Thread 3 ] DEBUG Engine               - isLinux: false
19:55:46.263 [FXGL Background Thread 3 ] DEBUG Engine               - isMac: false
19:55:46.263 [FXGL Background Thread 3 ] DEBUG Engine               - isMainMenuEnabled: false
19:55:46.263 [FXGL Background Thread 3 ] DEBUG Engine               - isManualResizeEnabled: false
19:55:46.263 [FXGL Background Thread 3 ] DEBUG Engine               - isMobile: false
19:55:46.264 [FXGL Background Thread 3 ] DEBUG Engine               - isNative: false
19:55:46.264 [FXGL Background Thread 3 ] DEBUG Engine               - isPauseMusicWhenMinimized: true
19:55:46.264 [FXGL Background Thread 3 ] DEBUG Engine               - isPreserveResizeRatio: false
19:55:46.264 [FXGL Background Thread 3 ] DEBUG Engine               - isProfilingEnabled: false
19:55:46.264 [FXGL Background Thread 3 ] DEBUG Engine               - isScaleAffectedOnResize: true
19:55:46.264 [FXGL Background Thread 3 ] DEBUG Engine               - isSingleStep: false
19:55:46.264 [FXGL Background Thread 3 ] DEBUG Engine               - isUserProfileEnabled: false
19:55:46.264 [FXGL Background Thread 3 ] DEBUG Engine               - isWindows: true
19:55:46.264 [FXGL Background Thread 3 ] DEBUG Engine               - language: ObjectProperty [value: ENGLISH]
19:55:46.264 [FXGL Background Thread 3 ] DEBUG Engine               - menuKey: ESCAPE
19:55:46.264 [FXGL Background Thread 3 ] DEBUG Engine               - mouseSensitivity: 0.2
19:55:46.265 [FXGL Background Thread 3 ] DEBUG Engine               - notificationViewClass: class com.almasb.fxgl.notification.view.XboxNotificationView
19:55:46.265 [FXGL Background Thread 3 ] DEBUG Engine               - pixelsPerMeter: 50.0
19:55:46.265 [FXGL Background Thread 3 ] DEBUG Engine               - platform: WINDOWS
19:55:46.265 [FXGL Background Thread 3 ] DEBUG Engine               - prefHeightProperty: ReadOnlyDoubleProperty [value: 900.0]
19:55:46.265 [FXGL Background Thread 3 ] DEBUG Engine               - prefWidthProperty: ReadOnlyDoubleProperty [value: 1600.0]
19:55:46.265 [FXGL Background Thread 3 ] DEBUG Engine               - profileDir: profiles/
19:55:46.265 [FXGL Background Thread 3 ] DEBUG Engine               - profileName: StringProperty [value: DEFAULT]
19:55:46.265 [FXGL Background Thread 3 ] DEBUG Engine               - randomSeed: -1
19:55:46.265 [FXGL Background Thread 3 ] DEBUG Engine               - runtimeInfo: RuntimeInfo(platform=WINDOWS, version=21.1, build=27.03.2024 07.52)
19:55:46.265 [FXGL Background Thread 3 ] DEBUG Engine               - saveFileExt: sav
19:55:46.265 [FXGL Background Thread 3 ] DEBUG Engine               - scaledHeightProp$fxgl: DoubleProperty [bound, value: 810.0]
19:55:46.265 [FXGL Background Thread 3 ] DEBUG Engine               - scaledWidthProp$fxgl: DoubleProperty [bound, value: 1415.0]
19:55:46.265 [FXGL Background Thread 3 ] DEBUG Engine               - sceneFactory: com.almasb.fxgl.app.scene.SceneFactory@4f80da3a
19:55:46.265 [FXGL Background Thread 3 ] DEBUG Engine               - secondsIn24h: 60
19:55:46.265 [FXGL Background Thread 3 ] DEBUG Engine               - soundMenuBack: menu/back.wav
19:55:46.266 [FXGL Background Thread 3 ] DEBUG Engine               - soundMenuPress: menu/press.wav
19:55:46.266 [FXGL Background Thread 3 ] DEBUG Engine               - soundMenuSelect: menu/select.wav
19:55:46.266 [FXGL Background Thread 3 ] DEBUG Engine               - soundNotification: core/notification.wav
19:55:46.266 [FXGL Background Thread 3 ] DEBUG Engine               - stageStyle: DECORATED
19:55:46.266 [FXGL Background Thread 3 ] DEBUG Engine               - supportedLanguages: [ENGLISH, FRENCH, GERMAN, HUNGARIAN, RUSSIAN]
19:55:46.266 [FXGL Background Thread 3 ] DEBUG Engine               - ticksPerSecond: -1
19:55:46.266 [FXGL Background Thread 3 ] DEBUG Engine               - title: Produktionslinie
19:55:46.266 [FXGL Background Thread 3 ] DEBUG Engine               - urlGithub: https://github.com/AlmasB/FXGL
19:55:46.266 [FXGL Background Thread 3 ] DEBUG Engine               - urlLeaderboard: http://fxgl-top.herokuapp.com/
19:55:46.266 [FXGL Background Thread 3 ] DEBUG Engine               - urlPOM: https://raw.githubusercontent.com/AlmasB/FXGL/release/README.md
19:55:46.266 [FXGL Background Thread 3 ] DEBUG Engine               - userAppClass: class org.betriebssysteme.view.ProductionLineApp
19:55:46.266 [FXGL Background Thread 3 ] DEBUG Engine               - version: 0.0
19:55:46.266 [FXGL Background Thread 3 ] DEBUG Engine               - versionCheckDays: 7
19:55:46.266 [FXGL Background Thread 3 ] DEBUG Engine               - width: 1600
19:55:46.266 [FXGL Background Thread 3 ] DEBUG Engine               - Logging services
19:55:46.266 [FXGL Background Thread 3 ] DEBUG Engine               - class com.almasb.fxgl.app.services.FXGLAssetLoaderService
19:55:46.266 [FXGL Background Thread 3 ] DEBUG Engine               - class com.almasb.fxgl.app.FXGLApplication$GameApplicationService
19:55:46.266 [FXGL Background Thread 3 ] DEBUG Engine               - class com.almasb.fxgl.app.services.FXGLDialogService
19:55:46.266 [FXGL Background Thread 3 ] DEBUG Engine               - class com.almasb.fxgl.app.services.IOTaskExecutorService
19:55:46.266 [FXGL Background Thread 3 ] DEBUG Engine               - class com.almasb.fxgl.io.FileSystemService
19:55:46.266 [FXGL Background Thread 3 ] DEBUG Engine               - class com.almasb.fxgl.localization.LocalizationService
19:55:46.266 [FXGL Background Thread 3 ] DEBUG Engine               - class com.almasb.fxgl.app.services.SystemBundleService
19:55:46.266 [FXGL Background Thread 3 ] DEBUG Engine               - class com.almasb.fxgl.profile.SaveLoadService
19:55:46.266 [FXGL Background Thread 3 ] DEBUG Engine               - class com.almasb.fxgl.ui.FXGLUIFactoryServiceProvider
19:55:46.266 [FXGL Background Thread 3 ] DEBUG Engine               - class com.almasb.fxgl.ui.FXGLDialogFactoryServiceProvider
19:55:46.266 [FXGL Background Thread 3 ] DEBUG Engine               - class com.almasb.fxgl.audio.AudioPlayer
19:55:46.266 [FXGL Background Thread 3 ] DEBUG Engine               - class com.almasb.fxgl.notification.impl.NotificationServiceProvider
19:55:46.266 [FXGL Background Thread 3 ] DEBUG Engine               - class com.almasb.fxgl.achievement.AchievementService
19:55:46.266 [FXGL Background Thread 3 ] DEBUG Engine               - class com.almasb.fxgl.cutscene.CutsceneService
19:55:46.266 [FXGL Background Thread 3 ] DEBUG Engine               - class com.almasb.fxgl.minigames.MiniGameService
19:55:46.266 [FXGL Background Thread 3 ] DEBUG Engine               - class com.almasb.fxgl.net.NetService
19:55:46.267 [FXGL Background Thread 3 ] DEBUG Engine               - class com.almasb.fxgl.app.services.UpdaterService
19:55:46.267 [FXGL Background Thread 3 ] DEBUG Engine               - class com.almasb.fxgl.dev.DevService
19:55:47.262 [JavaFX Application Thread] DEBUG FXGLApplication      - Exiting FXGL
19:55:47.262 [JavaFX Application Thread] DEBUG LoopRunner           - Stopping loop
19:55:47.262 [JavaFX Application Thread] DEBUG SystemBundleService  - Saving FXGL system data
19:55:47.265 [JavaFX Application Thread] DEBUG FileSystemAccess     - Writing to: C:\Users\user\IdeaProjects\Produktionslinie\system\fxgl.bundle
19:55:47.267 [JavaFX Application Thread] DEBUG Async                - Shutting down background threads
19:55:47.267 [JavaFX Application Thread] DEBUG PrimaryStageWindow   - Closing main window
19:55:47.288 [JavaFX Application Thread] DEBUG Logger               - Closing Logger
