22:54:02.599 [main                     ] DEBUG Logger               - Configured Logger
22:54:02.621 [main                     ] DEBUG GameApplication      - Logging settings
Title: Produktionslinie
Version: 0.0
Width: 1600
Height: 900
Fullscreen: false
Intro: false
Profiling: false
Single step:false
App Mode: DEVELOPER
Menu Key: ESCAPE
Stage Style: DECORATED
Scene Factory: class com.almasb.fxgl.app.scene.SceneFactory

22:54:03.059 [JavaFX Application Thread] DEBUG FXGLApplication      - Initializing FXGL
22:54:03.064 [JavaFX Application Thread] INFO  Engine               - FXGL-21.1 (27.03.2024 07.52) on WINDOWS (J:21.0.9 FX:21.0.1)
22:54:03.064 [JavaFX Application Thread] DEBUG Engine               - JRE Vendor Name: Microsoft
22:54:03.064 [JavaFX Application Thread] DEBUG Engine               - Running on OS: Windows 11 version 10.0
22:54:03.064 [JavaFX Application Thread] DEBUG Engine               - Architecture: amd64
22:54:03.065 [JavaFX Application Thread] INFO  Engine               - Source code and latest versions at: https://github.com/AlmasB/FXGL
22:54:03.065 [JavaFX Application Thread] INFO  Engine               -       Ask questions and discuss at: https://github.com/AlmasB/FXGL/discussions
22:54:03.065 [JavaFX Application Thread] INFO  Engine               -              Join the FXGL chat at: https://gitter.im/AlmasB/FXGL
22:54:03.160 [JavaFX Application Thread] DEBUG PrimaryStageWindow   - Creating a JavaFX scene
22:54:03.202 [JavaFX Application Thread] DEBUG PrimaryStageWindow   - Target settings size: 1600.0 x 900.0
22:54:03.204 [JavaFX Application Thread] DEBUG PrimaryStageWindow   - Scaled scene size:    1600.0 x 900.0
22:54:03.204 [JavaFX Application Thread] DEBUG PrimaryStageWindow   - Scaled ratio: (1.0, 1.0)
22:54:03.204 [JavaFX Application Thread] DEBUG PrimaryStageWindow   - Set initial scene to FXGLStartupScene
22:54:03.206 [JavaFX Application Thread] DEBUG PrimaryStageWindow   - Opening main window
22:54:03.299 [JavaFX Application Thread] DEBUG PrimaryStageWindow   - Window border size: (16.0, 39.0)
22:54:03.299 [JavaFX Application Thread] DEBUG PrimaryStageWindow   - Scaled size: 1600.0 x 900.0
22:54:03.299 [JavaFX Application Thread] DEBUG PrimaryStageWindow   - Scaled ratio: (1.0, 1.0)
22:54:03.299 [JavaFX Application Thread] DEBUG PrimaryStageWindow   - Scene size: 1600.0 x 900.0
22:54:03.299 [JavaFX Application Thread] DEBUG PrimaryStageWindow   - Stage size: 1616.0 x 939.0
22:54:03.305 [FXGL Background Thread 1 ] DEBUG Engine               - Initializing environment variables
22:54:03.345 [FXGL Background Thread 1 ] DEBUG FXGLAssetLoaderServi - User app class for loading assets: class org.betriebssysteme.view.ProductionLineApp
22:54:03.346 [FXGL Background Thread 1 ] DEBUG GameApplicationServi - Applying CSS: fxgl_dark.css
22:54:03.347 [FXGL Background Thread 1 ] DEBUG FXGLAssetLoaderServi - Loading from file system: jar:file:/C:/Users/abdul/.m2/repository/com/github/almasb/fxgl/21.1/fxgl-21.1.jar!/fxglassets/ui/css/fxgl_dark.css
22:54:03.381 [FXGL Background Thread 1 ] DEBUG GameApplicationServi - Initializing application scenes
22:54:03.423 [FXGL Background Thread 1 ] DEBUG GameWorld            - Game world initialized
22:54:03.487 [FXGL Background Thread 1 ] DEBUG PhysicsWorld         - Physics world initialized: appHeight=900, physics.ppm=50,0
22:54:03.487 [FXGL Background Thread 1 ] DEBUG PhysicsWorld         - Using strategy: BRUTE_FORCE
22:54:03.490 [FXGL Background Thread 1 ] DEBUG GameScene            - Game scene initialized: 1600x900
22:54:03.501 [FXGL Background Thread 1 ] DEBUG FXGL.DefaultMenu     - createMenuBodyGameMenu()
22:54:03.515 [FXGL Background Thread 1 ] DEBUG FXGL.DefaultMenu     - createOptionsMenu()
22:54:03.525 [FXGL Background Thread 1 ] DEBUG FXGLAssetLoaderServi - Loading from file system: jar:file:/C:/Users/abdul/.m2/repository/com/github/almasb/fxgl/21.1/fxgl-21.1.jar!/fxglassets/textures/particles/smoke.png
22:54:03.621 [FXGL Background Thread 1 ] DEBUG FXGLAssetLoaderServi - Loading from file system: jar:file:/C:/Users/abdul/.m2/repository/com/github/almasb/fxgl/21.1/fxgl-21.1.jar!/fxglassets/textures/particles/trace_horizontal.png
22:54:03.647 [FXGL Background Thread 1 ] DEBUG GameApplicationServi - Application scenes initialized
22:54:03.659 [FXGL Background Thread 1 ] DEBUG SystemBundleService  - Loading FXGL system data
22:54:03.664 [FXGL Background Thread 1 ] DEBUG FileSystemAccess     - Reading from: C:\Users\abdul\IdeaProjects\Produktionslinie\system\fxgl.bundle
22:54:03.673 [FXGL Background Thread 1 ] DEBUG SystemBundleService  - Bundle FXGL: {}
22:54:03.673 [FXGL Background Thread 1 ] DEBUG UpdaterService       - Checking for updates
22:54:03.707 [FXGL Background Thread 4 ] DEBUG FXGLApplication      - Loading fonts
22:54:03.707 [FXGL Background Thread 4 ] DEBUG FXGLAssetLoaderServi - Loading from file system: jar:file:/C:/Users/abdul/.m2/repository/com/github/almasb/fxgl/21.1/fxgl-21.1.jar!/fxglassets/ui/fonts/VarelaRound-Regular.ttf
22:54:03.709 [FXGL Background Thread 1 ] DEBUG FXGLApplication      - Loading default localization
22:54:03.709 [FXGL Background Thread 1 ] DEBUG FXGLAssetLoaderServi - Loading from file system: jar:file:/C:/Users/abdul/.m2/repository/com/github/almasb/fxgl/21.1/fxgl-21.1.jar!/fxglassets/languages/english.lang
22:54:03.751 [FXGL Background Thread 4 ] DEBUG FXGLAssetLoaderServi - Loading from file system: jar:file:/C:/Users/abdul/.m2/repository/com/github/almasb/fxgl/21.1/fxgl-21.1.jar!/fxglassets/ui/fonts/Abel-Regular.ttf
22:54:03.755 [FXGL Background Thread 1 ] INFO  FXGLApplication      - FXGL initialization took: 0,449 sec
22:54:03.761 [FXGL Background Thread 4 ] DEBUG FXGLAssetLoaderServi - Loading from file system: jar:file:/C:/Users/abdul/.m2/repository/com/github/almasb/fxgl/21.1/fxgl-21.1.jar!/fxglassets/ui/fonts/TerminalLandMono-Regular.otf
22:54:03.769 [JavaFX Application Thread] DEBUG Input                - Registered new binding: action0 - R
22:54:03.770 [JavaFX Application Thread] DEBUG FXGLAssetLoaderServi - Loading from file system: jar:file:/C:/Users/abdul/.m2/repository/com/github/almasb/fxgl/21.1/fxgl-21.1.jar!/fxglassets/textures/fxgl_icon.png
22:54:03.771 [FXGL Background Thread 4 ] DEBUG FXGLAssetLoaderServi - Loading from file system: jar:file:/C:/Users/abdul/.m2/repository/com/github/almasb/fxgl/21.1/fxgl-21.1.jar!/fxglassets/ui/fonts/Courier-Prime.ttf
22:54:03.792 [JavaFX Application Thread] DEBUG FXGLAssetLoaderServi - Loading from file system: jar:file:/C:/Users/abdul/.m2/repository/com/github/almasb/fxgl/21.1/fxgl-21.1.jar!/fxglassets/textures/fxgl_default_cursor.png
22:54:03.795 [JavaFX Application Thread] DEBUG Input                - Registered new binding: Screenshot - CTRL+8
22:54:03.797 [JavaFX Application Thread] DEBUG Input                - Registered new binding: Dev Options - 1
22:54:03.798 [JavaFX Application Thread] DEBUG Input                - Registered new binding: Dev Console - 2
22:54:03.800 [JavaFX Application Thread] DEBUG Input                - Registered new binding: System info dump - CTRL+9
22:54:03.801 [JavaFX Application Thread] DEBUG Input                - Registered new binding: Restart - CTRL+R
22:54:03.802 [JavaFX Application Thread] DEBUG Input                - Registered new binding: Toggle Debug Camera - CTRL+7
22:54:03.814 [JavaFX Application Thread] DEBUG LoopRunner           - Starting loop
22:54:03.841 [JavaFX Application Thread] DEBUG LoopRunner           - Initializing JavaFX AnimationTimerLoop
22:54:03.842 [JavaFX Application Thread] DEBUG GameApplicationServi - Starting new game
22:54:03.842 [JavaFX Application Thread] DEBUG Input                - Clearing active input actions
22:54:03.858 [JavaFX Application Thread] DEBUG GameApplicationServi - Removing overlay from FXGLStartupScene and adding to FXGLLoadingScene
22:54:03.861 [JavaFX Application Thread] DEBUG PrimaryStageWindow   - FXGLStartupScene -> FXGLLoadingScene
22:54:03.861 [JavaFX Application Thread] DEBUG GameApplicationServi - Clearing previous game
22:54:03.861 [JavaFX Application Thread] DEBUG GameScene            - Clearing game scene
22:54:03.861 [JavaFX Application Thread] DEBUG GameWorld            - Clearing game world
22:54:03.862 [JavaFX Application Thread] DEBUG PhysicsWorld         - Clearing physics world
22:54:03.863 [FXGL Background Thread 4 ] DEBUG FXGLApplication      - Initializing game
22:54:03.864 [JavaFX Application Thread] DEBUG FXGLApplication      - Registering font factories with UI factory
22:54:03.890 [FXGL Background Thread 4 ] WARN  TMXLevelLoader       - TiledMap generated from 1.11.2. Supported version: 1.9.0. Some features may not be parsed fully.
22:54:03.900 [FXGL Background Thread 4 ] DEBUG TMXLevelLoader       - Parsed TiledMap: file:/C:/Users/abdul/IdeaProjects/Produktionslinie/target/classes/assets/levels/map.tmx
22:54:03.902 [FXGL Background Thread 4 ] DEBUG TMXLevelLoader       - Creating tile layer entities
22:54:03.906 [FXGL Background Thread 4 ] DEBUG TilesetLoader        - Loading view for layer Kachelebene 1
22:54:03.915 [FXGL Background Thread 4 ] DEBUG TilesetLoader        - Created buffer with size 3200.0x3200.0
22:54:03.949 [FXGL Background Thread 4 ] DEBUG TMXLevelLoader       - Creating object layer entities
22:54:03.950 [FXGL Background Thread 4 ] DEBUG GameWorld            - Clearing removable entities
22:54:03.952 [FXGL Background Thread 4 ] DEBUG GameWorld            - Setting level: com.almasb.fxgl.entity.level.Level@24bebcde
22:54:03.977 [FXGL Background Thread 4 ] DEBUG FXGLAssetLoaderServi - Loading from file system: file:/C:/Users/abdul/IdeaProjects/Produktionslinie/target/classes/assets/textures/Info_Menu_Machine_Asset.png
22:54:04.041 [FXGL Background Thread 4 ] DEBUG FXGLAssetLoaderServi - Loading from file system: file:/C:/Users/abdul/IdeaProjects/Produktionslinie/target/classes/assets/textures/Turning_Off_Animation.png
22:54:04.047 [FXGL Background Thread 4 ] DEBUG FXGLAssetLoaderServi - Loading from file system: file:/C:/Users/abdul/IdeaProjects/Produktionslinie/target/classes/assets/textures/Turning_On_Animation.png
22:54:04.049 [FXGL Background Thread 4 ] DEBUG FXGLAssetLoaderServi - Loading from file system: file:/C:/Users/abdul/IdeaProjects/Produktionslinie/target/classes/assets/textures/Production_While_Taking_Items_Animation.png
22:54:04.050 [FXGL Background Thread 4 ] DEBUG FXGLAssetLoaderServi - Loading from file system: file:/C:/Users/abdul/IdeaProjects/Produktionslinie/target/classes/assets/textures/Production_Without_Taking_Items_Animation.png
22:54:04.090 [FXGL Background Thread 4 ] INFO  FXGLApplication      - Game initialization took: 0,227 sec
22:54:04.149 [JavaFX Application Thread] DEBUG Input                - Clearing active input actions
22:54:04.158 [JavaFX Application Thread] DEBUG GameApplicationServi - Removing overlay from FXGLLoadingScene and adding to GameScene
22:54:04.161 [JavaFX Application Thread] DEBUG PrimaryStageWindow   - FXGLLoadingScene -> GameScene
22:54:06.706 [FXGL Background Thread 3 ] DEBUG Engine               - Logging environment variables
22:54:06.706 [FXGL Background Thread 3 ] DEBUG Engine               - achievements: []
22:54:06.706 [FXGL Background Thread 3 ] DEBUG Engine               - actualHeight: 900.0
22:54:06.706 [FXGL Background Thread 3 ] DEBUG Engine               - actualHeightProperty: ReadOnlyDoubleProperty [value: 900.0]
22:54:06.706 [FXGL Background Thread 3 ] DEBUG Engine               - actualWidth: 1600.0
22:54:06.706 [FXGL Background Thread 3 ] DEBUG Engine               - actualWidthProperty: ReadOnlyDoubleProperty [value: 1600.0]
22:54:06.706 [FXGL Background Thread 3 ] DEBUG Engine               - appIcon: fxgl_icon.png
22:54:06.706 [FXGL Background Thread 3 ] DEBUG Engine               - applicationMode: DEVELOPER
22:54:06.707 [FXGL Background Thread 3 ] DEBUG Engine               - cSSList: [fxgl_dark.css]
22:54:06.707 [FXGL Background Thread 3 ] DEBUG Engine               - collisionDetectionStrategy: BRUTE_FORCE
22:54:06.707 [FXGL Background Thread 3 ] DEBUG Engine               - configClass: Optional.empty
22:54:06.707 [FXGL Background Thread 3 ] DEBUG Engine               - credits: []
22:54:06.707 [FXGL Background Thread 3 ] DEBUG Engine               - defaultCursor: CursorInfo(imageName=fxgl_default_cursor.png, hotspotX=7.0, hotspotY=6.0)
22:54:06.707 [FXGL Background Thread 3 ] DEBUG Engine               - devBBoxColorProperty: ObjectProperty [value: 0xff0000ff]
22:54:06.707 [FXGL Background Thread 3 ] DEBUG Engine               - devEnableDebugCameraProperty: BooleanProperty [value: false]
22:54:06.707 [FXGL Background Thread 3 ] DEBUG Engine               - devSensorColorProperty: ObjectProperty [value: 0xffff00ff]
22:54:06.707 [FXGL Background Thread 3 ] DEBUG Engine               - devShowBBoxProperty: BooleanProperty [value: false]
22:54:06.707 [FXGL Background Thread 3 ] DEBUG Engine               - devShowPositionProperty: BooleanProperty [value: false]
22:54:06.707 [FXGL Background Thread 3 ] DEBUG Engine               - enabledMenuItems: []
22:54:06.707 [FXGL Background Thread 3 ] DEBUG Engine               - engineServices: [class com.almasb.fxgl.app.services.FXGLAssetLoaderService, class com.almasb.fxgl.app.FXGLApplication$GameApplicationService, class com.almasb.fxgl.app.services.FXGLDialogService, class com.almasb.fxgl.app.services.IOTaskExecutorService, class com.almasb.fxgl.io.FileSystemService, class com.almasb.fxgl.localization.LocalizationService, class com.almasb.fxgl.app.services.SystemBundleService, class com.almasb.fxgl.profile.SaveLoadService, class com.almasb.fxgl.ui.FXGLUIFactoryServiceProvider, class com.almasb.fxgl.ui.FXGLDialogFactoryServiceProvider, class com.almasb.fxgl.audio.AudioPlayer, class com.almasb.fxgl.notification.impl.NotificationServiceProvider, class com.almasb.fxgl.achievement.AchievementService, class com.almasb.fxgl.cutscene.CutsceneService, class com.almasb.fxgl.minigames.MiniGameService, class com.almasb.fxgl.net.NetService, class com.almasb.fxgl.app.services.UpdaterService, class com.almasb.fxgl.dev.DevService]
22:54:06.707 [FXGL Background Thread 3 ] DEBUG Engine               - fontGame: Abel-Regular.ttf
22:54:06.707 [FXGL Background Thread 3 ] DEBUG Engine               - fontMono: TerminalLandMono-Regular.otf
22:54:06.707 [FXGL Background Thread 3 ] DEBUG Engine               - fontSizeScaleUI: 1.0
22:54:06.707 [FXGL Background Thread 3 ] DEBUG Engine               - fontText: Courier-Prime.ttf
22:54:06.707 [FXGL Background Thread 3 ] DEBUG Engine               - fontUI: VarelaRound-Regular.ttf
22:54:06.707 [FXGL Background Thread 3 ] DEBUG Engine               - fullScreen: BooleanProperty [value: false]
22:54:06.709 [FXGL Background Thread 3 ] DEBUG Engine               - gameDifficulty: MEDIUM
22:54:06.709 [FXGL Background Thread 3 ] DEBUG Engine               - gameDifficultyProperty: ObjectProperty [value: MEDIUM]
22:54:06.709 [FXGL Background Thread 3 ] DEBUG Engine               - globalMusicVolume: 0.5
22:54:06.709 [FXGL Background Thread 3 ] DEBUG Engine               - globalMusicVolumeProperty: DoubleProperty [value: 0.5]
22:54:06.709 [FXGL Background Thread 3 ] DEBUG Engine               - globalSoundVolume: 0.5
22:54:06.709 [FXGL Background Thread 3 ] DEBUG Engine               - globalSoundVolumeProperty: DoubleProperty [value: 0.5]
22:54:06.709 [FXGL Background Thread 3 ] DEBUG Engine               - height: 900
22:54:06.709 [FXGL Background Thread 3 ] DEBUG Engine               - is3D: false
22:54:06.709 [FXGL Background Thread 3 ] DEBUG Engine               - isAndroid: false
22:54:06.709 [FXGL Background Thread 3 ] DEBUG Engine               - isBrowser: false
22:54:06.709 [FXGL Background Thread 3 ] DEBUG Engine               - isClickFeedbackEnabled: false
22:54:06.709 [FXGL Background Thread 3 ] DEBUG Engine               - isCloseConfirmation: false
22:54:06.709 [FXGL Background Thread 3 ] DEBUG Engine               - isDesktop: true
22:54:06.709 [FXGL Background Thread 3 ] DEBUG Engine               - isDeveloperMenuEnabled: true
22:54:06.709 [FXGL Background Thread 3 ] DEBUG Engine               - isEmbedded: false
22:54:06.709 [FXGL Background Thread 3 ] DEBUG Engine               - isEntityPreloadEnabled: true
22:54:06.709 [FXGL Background Thread 3 ] DEBUG Engine               - isExperimentalTiledLargeMap: false
22:54:06.709 [FXGL Background Thread 3 ] DEBUG Engine               - isFileSystemWriteAllowed: true
22:54:06.709 [FXGL Background Thread 3 ] DEBUG Engine               - isFullScreenAllowed: false
22:54:06.709 [FXGL Background Thread 3 ] DEBUG Engine               - isFullScreenFromStart: false
22:54:06.709 [FXGL Background Thread 3 ] DEBUG Engine               - isGameMenuEnabled: true
22:54:06.710 [FXGL Background Thread 3 ] DEBUG Engine               - isIOS: false
22:54:06.710 [FXGL Background Thread 3 ] DEBUG Engine               - isIntroEnabled: false
22:54:06.710 [FXGL Background Thread 3 ] DEBUG Engine               - isLinux: false
22:54:06.710 [FXGL Background Thread 3 ] DEBUG Engine               - isMac: false
22:54:06.710 [FXGL Background Thread 3 ] DEBUG Engine               - isMainMenuEnabled: false
22:54:06.710 [FXGL Background Thread 3 ] DEBUG Engine               - isManualResizeEnabled: false
22:54:06.710 [FXGL Background Thread 3 ] DEBUG Engine               - isMobile: false
22:54:06.710 [FXGL Background Thread 3 ] DEBUG Engine               - isNative: false
22:54:06.710 [FXGL Background Thread 3 ] DEBUG Engine               - isPauseMusicWhenMinimized: true
22:54:06.710 [FXGL Background Thread 3 ] DEBUG Engine               - isPreserveResizeRatio: false
22:54:06.710 [FXGL Background Thread 3 ] DEBUG Engine               - isProfilingEnabled: false
22:54:06.710 [FXGL Background Thread 3 ] DEBUG Engine               - isScaleAffectedOnResize: true
22:54:06.710 [FXGL Background Thread 3 ] DEBUG Engine               - isSingleStep: false
22:54:06.710 [FXGL Background Thread 3 ] DEBUG Engine               - isUserProfileEnabled: false
22:54:06.710 [FXGL Background Thread 3 ] DEBUG Engine               - isWindows: true
22:54:06.710 [FXGL Background Thread 3 ] DEBUG Engine               - language: ObjectProperty [value: ENGLISH]
22:54:06.710 [FXGL Background Thread 3 ] DEBUG Engine               - menuKey: ESCAPE
22:54:06.710 [FXGL Background Thread 3 ] DEBUG Engine               - mouseSensitivity: 0.2
22:54:06.710 [FXGL Background Thread 3 ] DEBUG Engine               - notificationViewClass: class com.almasb.fxgl.notification.view.XboxNotificationView
22:54:06.710 [FXGL Background Thread 3 ] DEBUG Engine               - pixelsPerMeter: 50.0
22:54:06.710 [FXGL Background Thread 3 ] DEBUG Engine               - platform: WINDOWS
22:54:06.710 [FXGL Background Thread 3 ] DEBUG Engine               - prefHeightProperty: ReadOnlyDoubleProperty [value: 900.0]
22:54:06.710 [FXGL Background Thread 3 ] DEBUG Engine               - prefWidthProperty: ReadOnlyDoubleProperty [value: 1600.0]
22:54:06.710 [FXGL Background Thread 3 ] DEBUG Engine               - profileDir: profiles/
22:54:06.710 [FXGL Background Thread 3 ] DEBUG Engine               - profileName: StringProperty [value: DEFAULT]
22:54:06.711 [FXGL Background Thread 3 ] DEBUG Engine               - randomSeed: -1
22:54:06.711 [FXGL Background Thread 3 ] DEBUG Engine               - runtimeInfo: RuntimeInfo(platform=WINDOWS, version=21.1, build=27.03.2024 07.52)
22:54:06.711 [FXGL Background Thread 3 ] DEBUG Engine               - saveFileExt: sav
22:54:06.711 [FXGL Background Thread 3 ] DEBUG Engine               - scaledHeightProp$fxgl: DoubleProperty [bound, value: 900.0]
22:54:06.711 [FXGL Background Thread 3 ] DEBUG Engine               - scaledWidthProp$fxgl: DoubleProperty [bound, value: 1600.0]
22:54:06.711 [FXGL Background Thread 3 ] DEBUG Engine               - sceneFactory: com.almasb.fxgl.app.scene.SceneFactory@634c75d6
22:54:06.711 [FXGL Background Thread 3 ] DEBUG Engine               - secondsIn24h: 60
22:54:06.711 [FXGL Background Thread 3 ] DEBUG Engine               - soundMenuBack: menu/back.wav
22:54:06.711 [FXGL Background Thread 3 ] DEBUG Engine               - soundMenuPress: menu/press.wav
22:54:06.711 [FXGL Background Thread 3 ] DEBUG Engine               - soundMenuSelect: menu/select.wav
22:54:06.711 [FXGL Background Thread 3 ] DEBUG Engine               - soundNotification: core/notification.wav
22:54:06.711 [FXGL Background Thread 3 ] DEBUG Engine               - stageStyle: DECORATED
22:54:06.711 [FXGL Background Thread 3 ] DEBUG Engine               - supportedLanguages: [ENGLISH, FRENCH, GERMAN, HUNGARIAN, RUSSIAN]
22:54:06.711 [FXGL Background Thread 3 ] DEBUG Engine               - ticksPerSecond: -1
22:54:06.711 [FXGL Background Thread 3 ] DEBUG Engine               - title: Produktionslinie
22:54:06.711 [FXGL Background Thread 3 ] DEBUG Engine               - urlGithub: https://github.com/AlmasB/FXGL
22:54:06.711 [FXGL Background Thread 3 ] DEBUG Engine               - urlLeaderboard: http://fxgl-top.herokuapp.com/
22:54:06.711 [FXGL Background Thread 3 ] DEBUG Engine               - urlPOM: https://raw.githubusercontent.com/AlmasB/FXGL/release/README.md
22:54:06.711 [FXGL Background Thread 3 ] DEBUG Engine               - userAppClass: class org.betriebssysteme.view.ProductionLineApp
22:54:06.711 [FXGL Background Thread 3 ] DEBUG Engine               - version: 0.0
22:54:06.711 [FXGL Background Thread 3 ] DEBUG Engine               - versionCheckDays: 7
22:54:06.711 [FXGL Background Thread 3 ] DEBUG Engine               - width: 1600
22:54:06.711 [FXGL Background Thread 3 ] DEBUG Engine               - Logging services
22:54:06.711 [FXGL Background Thread 3 ] DEBUG Engine               - class com.almasb.fxgl.app.services.FXGLAssetLoaderService
22:54:06.711 [FXGL Background Thread 3 ] DEBUG Engine               - class com.almasb.fxgl.app.FXGLApplication$GameApplicationService
22:54:06.711 [FXGL Background Thread 3 ] DEBUG Engine               - class com.almasb.fxgl.app.services.FXGLDialogService
22:54:06.711 [FXGL Background Thread 3 ] DEBUG Engine               - class com.almasb.fxgl.app.services.IOTaskExecutorService
22:54:06.711 [FXGL Background Thread 3 ] DEBUG Engine               - class com.almasb.fxgl.io.FileSystemService
22:54:06.711 [FXGL Background Thread 3 ] DEBUG Engine               - class com.almasb.fxgl.localization.LocalizationService
22:54:06.711 [FXGL Background Thread 3 ] DEBUG Engine               - class com.almasb.fxgl.app.services.SystemBundleService
22:54:06.711 [FXGL Background Thread 3 ] DEBUG Engine               - class com.almasb.fxgl.profile.SaveLoadService
22:54:06.711 [FXGL Background Thread 3 ] DEBUG Engine               - class com.almasb.fxgl.ui.FXGLUIFactoryServiceProvider
22:54:06.711 [FXGL Background Thread 3 ] DEBUG Engine               - class com.almasb.fxgl.ui.FXGLDialogFactoryServiceProvider
22:54:06.711 [FXGL Background Thread 3 ] DEBUG Engine               - class com.almasb.fxgl.audio.AudioPlayer
22:54:06.712 [FXGL Background Thread 3 ] DEBUG Engine               - class com.almasb.fxgl.notification.impl.NotificationServiceProvider
22:54:06.712 [FXGL Background Thread 3 ] DEBUG Engine               - class com.almasb.fxgl.achievement.AchievementService
22:54:06.712 [FXGL Background Thread 3 ] DEBUG Engine               - class com.almasb.fxgl.cutscene.CutsceneService
22:54:06.712 [FXGL Background Thread 3 ] DEBUG Engine               - class com.almasb.fxgl.minigames.MiniGameService
22:54:06.712 [FXGL Background Thread 3 ] DEBUG Engine               - class com.almasb.fxgl.net.NetService
22:54:06.712 [FXGL Background Thread 3 ] DEBUG Engine               - class com.almasb.fxgl.app.services.UpdaterService
22:54:06.712 [FXGL Background Thread 3 ] DEBUG Engine               - class com.almasb.fxgl.dev.DevService
22:54:10.626 [JavaFX Application Thread] DEBUG FXGLApplication      - Exiting FXGL
22:54:10.626 [JavaFX Application Thread] DEBUG LoopRunner           - Stopping loop
22:54:10.626 [JavaFX Application Thread] DEBUG SystemBundleService  - Saving FXGL system data
22:54:10.629 [JavaFX Application Thread] DEBUG FileSystemAccess     - Writing to: C:\Users\abdul\IdeaProjects\Produktionslinie\system\fxgl.bundle
22:54:10.631 [JavaFX Application Thread] DEBUG Async                - Shutting down background threads
22:54:10.631 [JavaFX Application Thread] DEBUG PrimaryStageWindow   - Closing main window
22:54:10.643 [JavaFX Application Thread] DEBUG Logger               - Closing Logger
