20:16:47.842 [main                     ] DEBUG Logger               - Configured Logger
20:16:47.868 [main                     ] DEBUG GameApplication      - Logging settings
Title: Produktionslinie
Version: 0.0
Width: 1600
Height: 900
Fullscreen: false
Intro: false
Profiling: false
Single step:false
App Mode: DEVELOPER
Menu Key: ESCAPE
Stage Style: DECORATED
Scene Factory: class com.almasb.fxgl.app.scene.SceneFactory

20:16:48.269 [JavaFX Application Thread] DEBUG FXGLApplication      - Initializing FXGL
20:16:48.273 [JavaFX Application Thread] INFO  Engine               - FXGL-21.1 (27.03.2024 07.52) on WINDOWS (J:21.0.9 FX:21.0.1)
20:16:48.273 [JavaFX Application Thread] DEBUG Engine               - JRE Vendor Name: Microsoft
20:16:48.273 [JavaFX Application Thread] DEBUG Engine               - Running on OS: Windows 11 version 10.0
20:16:48.273 [JavaFX Application Thread] DEBUG Engine               - Architecture: amd64
20:16:48.273 [JavaFX Application Thread] INFO  Engine               - Source code and latest versions at: https://github.com/AlmasB/FXGL
20:16:48.273 [JavaFX Application Thread] INFO  Engine               -       Ask questions and discuss at: https://github.com/AlmasB/FXGL/discussions
20:16:48.273 [JavaFX Application Thread] INFO  Engine               -              Join the FXGL chat at: https://gitter.im/AlmasB/FXGL
20:16:48.367 [JavaFX Application Thread] DEBUG PrimaryStageWindow   - Creating a JavaFX scene
20:16:48.407 [JavaFX Application Thread] DEBUG PrimaryStageWindow   - Target settings size: 1600.0 x 900.0
20:16:48.408 [JavaFX Application Thread] DEBUG PrimaryStageWindow   - Scaled scene size:    1600.0 x 900.0
20:16:48.408 [JavaFX Application Thread] DEBUG PrimaryStageWindow   - Scaled ratio: (1.0, 1.0)
20:16:48.408 [JavaFX Application Thread] DEBUG PrimaryStageWindow   - Set initial scene to FXGLStartupScene
20:16:48.411 [JavaFX Application Thread] DEBUG PrimaryStageWindow   - Opening main window
20:16:48.491 [JavaFX Application Thread] DEBUG PrimaryStageWindow   - Window border size: (16.0, 39.0)
20:16:48.491 [JavaFX Application Thread] DEBUG PrimaryStageWindow   - Scaled size: 1600.0 x 900.0
20:16:48.491 [JavaFX Application Thread] DEBUG PrimaryStageWindow   - Scaled ratio: (1.0, 1.0)
20:16:48.492 [JavaFX Application Thread] DEBUG PrimaryStageWindow   - Scene size: 1600.0 x 900.0
20:16:48.492 [JavaFX Application Thread] DEBUG PrimaryStageWindow   - Stage size: 1616.0 x 939.0
20:16:48.500 [FXGL Background Thread 1 ] DEBUG Engine               - Initializing environment variables
20:16:48.543 [FXGL Background Thread 1 ] DEBUG FXGLAssetLoaderServi - User app class for loading assets: class org.betriebssysteme.view.ProductionLineApp
20:16:48.543 [FXGL Background Thread 1 ] DEBUG GameApplicationServi - Applying CSS: fxgl_dark.css
20:16:48.544 [FXGL Background Thread 1 ] DEBUG FXGLAssetLoaderServi - Loading from file system: jar:file:/C:/Users/abdul/.m2/repository/com/github/almasb/fxgl/21.1/fxgl-21.1.jar!/fxglassets/ui/css/fxgl_dark.css
20:16:48.577 [FXGL Background Thread 1 ] DEBUG GameApplicationServi - Initializing application scenes
20:16:48.617 [FXGL Background Thread 1 ] DEBUG GameWorld            - Game world initialized
20:16:48.679 [FXGL Background Thread 1 ] DEBUG PhysicsWorld         - Physics world initialized: appHeight=900, physics.ppm=50,0
20:16:48.679 [FXGL Background Thread 1 ] DEBUG PhysicsWorld         - Using strategy: BRUTE_FORCE
20:16:48.680 [FXGL Background Thread 1 ] DEBUG GameScene            - Game scene initialized: 1600x900
20:16:48.691 [FXGL Background Thread 1 ] DEBUG FXGL.DefaultMenu     - createMenuBodyGameMenu()
20:16:48.705 [FXGL Background Thread 1 ] DEBUG FXGL.DefaultMenu     - createOptionsMenu()
20:16:48.715 [FXGL Background Thread 1 ] DEBUG FXGLAssetLoaderServi - Loading from file system: jar:file:/C:/Users/abdul/.m2/repository/com/github/almasb/fxgl/21.1/fxgl-21.1.jar!/fxglassets/textures/particles/smoke.png
20:16:48.812 [FXGL Background Thread 1 ] DEBUG FXGLAssetLoaderServi - Loading from file system: jar:file:/C:/Users/abdul/.m2/repository/com/github/almasb/fxgl/21.1/fxgl-21.1.jar!/fxglassets/textures/particles/trace_horizontal.png
20:16:48.835 [FXGL Background Thread 1 ] DEBUG GameApplicationServi - Application scenes initialized
20:16:48.851 [FXGL Background Thread 1 ] DEBUG SystemBundleService  - Loading FXGL system data
20:16:48.854 [FXGL Background Thread 1 ] DEBUG FileSystemAccess     - Reading from: C:\Users\abdul\IdeaProjects\Produktionslinie\system\fxgl.bundle
20:16:48.862 [FXGL Background Thread 1 ] DEBUG SystemBundleService  - Bundle FXGL: {}
20:16:48.862 [FXGL Background Thread 1 ] DEBUG UpdaterService       - Checking for updates
20:16:48.890 [FXGL Background Thread 4 ] DEBUG FXGLApplication      - Loading fonts
20:16:48.890 [FXGL Background Thread 4 ] DEBUG FXGLAssetLoaderServi - Loading from file system: jar:file:/C:/Users/abdul/.m2/repository/com/github/almasb/fxgl/21.1/fxgl-21.1.jar!/fxglassets/ui/fonts/VarelaRound-Regular.ttf
20:16:48.891 [FXGL Background Thread 1 ] DEBUG FXGLApplication      - Loading default localization
20:16:48.892 [FXGL Background Thread 1 ] DEBUG FXGLAssetLoaderServi - Loading from file system: jar:file:/C:/Users/abdul/.m2/repository/com/github/almasb/fxgl/21.1/fxgl-21.1.jar!/fxglassets/languages/english.lang
20:16:48.925 [FXGL Background Thread 4 ] DEBUG FXGLAssetLoaderServi - Loading from file system: jar:file:/C:/Users/abdul/.m2/repository/com/github/almasb/fxgl/21.1/fxgl-21.1.jar!/fxglassets/ui/fonts/Abel-Regular.ttf
20:16:48.929 [FXGL Background Thread 1 ] INFO  FXGLApplication      - FXGL initialization took: 0,430 sec
20:16:48.934 [FXGL Background Thread 4 ] DEBUG FXGLAssetLoaderServi - Loading from file system: jar:file:/C:/Users/abdul/.m2/repository/com/github/almasb/fxgl/21.1/fxgl-21.1.jar!/fxglassets/ui/fonts/TerminalLandMono-Regular.otf
20:16:48.943 [FXGL Background Thread 4 ] DEBUG FXGLAssetLoaderServi - Loading from file system: jar:file:/C:/Users/abdul/.m2/repository/com/github/almasb/fxgl/21.1/fxgl-21.1.jar!/fxglassets/ui/fonts/Courier-Prime.ttf
20:16:48.944 [JavaFX Application Thread] DEBUG Input                - Registered new binding: action0 - R
20:16:48.946 [JavaFX Application Thread] DEBUG FXGLAssetLoaderServi - Loading from file system: jar:file:/C:/Users/abdul/.m2/repository/com/github/almasb/fxgl/21.1/fxgl-21.1.jar!/fxglassets/textures/fxgl_icon.png
20:16:48.969 [JavaFX Application Thread] DEBUG FXGLAssetLoaderServi - Loading from file system: jar:file:/C:/Users/abdul/.m2/repository/com/github/almasb/fxgl/21.1/fxgl-21.1.jar!/fxglassets/textures/fxgl_default_cursor.png
20:16:48.974 [JavaFX Application Thread] DEBUG Input                - Registered new binding: Screenshot - CTRL+8
20:16:48.975 [JavaFX Application Thread] DEBUG Input                - Registered new binding: Dev Options - 1
20:16:48.976 [JavaFX Application Thread] DEBUG Input                - Registered new binding: Dev Console - 2
20:16:48.977 [JavaFX Application Thread] DEBUG Input                - Registered new binding: System info dump - CTRL+9
20:16:48.977 [JavaFX Application Thread] DEBUG Input                - Registered new binding: Restart - CTRL+R
20:16:48.981 [JavaFX Application Thread] DEBUG Input                - Registered new binding: Toggle Debug Camera - CTRL+7
20:16:48.989 [JavaFX Application Thread] DEBUG LoopRunner           - Starting loop
20:16:49.005 [JavaFX Application Thread] DEBUG LoopRunner           - Initializing JavaFX AnimationTimerLoop
20:16:49.008 [JavaFX Application Thread] DEBUG GameApplicationServi - Starting new game
20:16:49.008 [JavaFX Application Thread] DEBUG Input                - Clearing active input actions
20:16:49.020 [JavaFX Application Thread] DEBUG GameApplicationServi - Removing overlay from FXGLStartupScene and adding to FXGLLoadingScene
20:16:49.024 [JavaFX Application Thread] DEBUG PrimaryStageWindow   - FXGLStartupScene -> FXGLLoadingScene
20:16:49.024 [JavaFX Application Thread] DEBUG GameApplicationServi - Clearing previous game
20:16:49.024 [JavaFX Application Thread] DEBUG GameScene            - Clearing game scene
20:16:49.025 [JavaFX Application Thread] DEBUG GameWorld            - Clearing game world
20:16:49.025 [JavaFX Application Thread] DEBUG PhysicsWorld         - Clearing physics world
20:16:49.025 [JavaFX Application Thread] DEBUG FXGLApplication      - Registering font factories with UI factory
20:16:49.025 [FXGL Background Thread 4 ] DEBUG FXGLApplication      - Initializing game
20:16:49.050 [FXGL Background Thread 4 ] WARN  TMXLevelLoader       - TiledMap generated from 1.11.2. Supported version: 1.9.0. Some features may not be parsed fully.
20:16:49.060 [FXGL Background Thread 4 ] DEBUG TMXLevelLoader       - Parsed TiledMap: file:/C:/Users/abdul/IdeaProjects/Produktionslinie/target/classes/assets/levels/map.tmx
20:16:49.060 [FXGL Background Thread 4 ] DEBUG TMXLevelLoader       - Creating tile layer entities
20:16:49.064 [FXGL Background Thread 4 ] DEBUG TilesetLoader        - Loading view for layer Kachelebene 1
20:16:49.073 [FXGL Background Thread 4 ] DEBUG TilesetLoader        - Created buffer with size 3200.0x3200.0
20:16:49.109 [FXGL Background Thread 4 ] DEBUG TMXLevelLoader       - Creating object layer entities
20:16:49.111 [FXGL Background Thread 4 ] DEBUG GameWorld            - Clearing removable entities
20:16:49.113 [FXGL Background Thread 4 ] DEBUG GameWorld            - Setting level: com.almasb.fxgl.entity.level.Level@7ee9a54b
20:16:49.139 [FXGL Background Thread 4 ] DEBUG FXGLAssetLoaderServi - Loading from file system: file:/C:/Users/abdul/IdeaProjects/Produktionslinie/target/classes/assets/textures/Info_Menu_Machine_Asset.png
20:16:49.196 [FXGL Background Thread 4 ] DEBUG FXGLAssetLoaderServi - Loading from file system: file:/C:/Users/abdul/IdeaProjects/Produktionslinie/target/classes/assets/textures/Turning_Off_Animation.png
20:16:49.203 [FXGL Background Thread 4 ] DEBUG FXGLAssetLoaderServi - Loading from file system: file:/C:/Users/abdul/IdeaProjects/Produktionslinie/target/classes/assets/textures/Turning_On_Animation.png
20:16:49.204 [FXGL Background Thread 4 ] DEBUG FXGLAssetLoaderServi - Loading from file system: file:/C:/Users/abdul/IdeaProjects/Produktionslinie/target/classes/assets/textures/Production_While_Taking_Items_Animation.png
20:16:49.205 [FXGL Background Thread 4 ] DEBUG FXGLAssetLoaderServi - Loading from file system: file:/C:/Users/abdul/IdeaProjects/Produktionslinie/target/classes/assets/textures/Production_Without_Taking_Items_Animation.png
20:16:49.255 [FXGL Background Thread 4 ] DEBUG FXGLAssetLoaderServi - Loading from file system: file:/C:/Users/abdul/IdeaProjects/Produktionslinie/target/classes/assets/textures/belt-start.png
20:16:49.256 [FXGL Background Thread 4 ] DEBUG FXGLAssetLoaderServi - Loading from file system: file:/C:/Users/abdul/IdeaProjects/Produktionslinie/target/classes/assets/textures/belt-mid.png
20:16:49.258 [FXGL Background Thread 4 ] DEBUG FXGLAssetLoaderServi - Loading from file system: file:/C:/Users/abdul/IdeaProjects/Produktionslinie/target/classes/assets/textures/belt-end.png
20:16:49.274 [FXGL Background Thread 4 ] DEBUG FXGLAssetLoaderServi - Loading from file system: file:/C:/Users/abdul/IdeaProjects/Produktionslinie/target/classes/assets/textures/item.png
20:16:49.284 [FXGL Background Thread 4 ] INFO  FXGLApplication      - Game initialization took: 0,258 sec
20:16:49.301 [JavaFX Application Thread] DEBUG Input                - Clearing active input actions
20:16:49.309 [JavaFX Application Thread] DEBUG GameApplicationServi - Removing overlay from FXGLLoadingScene and adding to GameScene
20:16:49.313 [JavaFX Application Thread] DEBUG PrimaryStageWindow   - FXGLLoadingScene -> GameScene
20:16:51.890 [FXGL Background Thread 3 ] DEBUG Engine               - Logging environment variables
20:16:51.890 [FXGL Background Thread 3 ] DEBUG Engine               - achievements: []
20:16:51.890 [FXGL Background Thread 3 ] DEBUG Engine               - actualHeight: 900.0
20:16:51.890 [FXGL Background Thread 3 ] DEBUG Engine               - actualHeightProperty: ReadOnlyDoubleProperty [value: 900.0]
20:16:51.890 [FXGL Background Thread 3 ] DEBUG Engine               - actualWidth: 1600.0
20:16:51.890 [FXGL Background Thread 3 ] DEBUG Engine               - actualWidthProperty: ReadOnlyDoubleProperty [value: 1600.0]
20:16:51.890 [FXGL Background Thread 3 ] DEBUG Engine               - appIcon: fxgl_icon.png
20:16:51.890 [FXGL Background Thread 3 ] DEBUG Engine               - applicationMode: DEVELOPER
20:16:51.890 [FXGL Background Thread 3 ] DEBUG Engine               - cSSList: [fxgl_dark.css]
20:16:51.890 [FXGL Background Thread 3 ] DEBUG Engine               - collisionDetectionStrategy: BRUTE_FORCE
20:16:51.890 [FXGL Background Thread 3 ] DEBUG Engine               - configClass: Optional.empty
20:16:51.890 [FXGL Background Thread 3 ] DEBUG Engine               - credits: []
20:16:51.890 [FXGL Background Thread 3 ] DEBUG Engine               - defaultCursor: CursorInfo(imageName=fxgl_default_cursor.png, hotspotX=7.0, hotspotY=6.0)
20:16:51.891 [FXGL Background Thread 3 ] DEBUG Engine               - devBBoxColorProperty: ObjectProperty [value: 0xff0000ff]
20:16:51.891 [FXGL Background Thread 3 ] DEBUG Engine               - devEnableDebugCameraProperty: BooleanProperty [value: false]
20:16:51.891 [FXGL Background Thread 3 ] DEBUG Engine               - devSensorColorProperty: ObjectProperty [value: 0xffff00ff]
20:16:51.891 [FXGL Background Thread 3 ] DEBUG Engine               - devShowBBoxProperty: BooleanProperty [value: false]
20:16:51.891 [FXGL Background Thread 3 ] DEBUG Engine               - devShowPositionProperty: BooleanProperty [value: false]
20:16:51.891 [FXGL Background Thread 3 ] DEBUG Engine               - enabledMenuItems: []
20:16:51.891 [FXGL Background Thread 3 ] DEBUG Engine               - engineServices: [class com.almasb.fxgl.app.services.FXGLAssetLoaderService, class com.almasb.fxgl.app.FXGLApplication$GameApplicationService, class com.almasb.fxgl.app.services.FXGLDialogService, class com.almasb.fxgl.app.services.IOTaskExecutorService, class com.almasb.fxgl.io.FileSystemService, class com.almasb.fxgl.localization.LocalizationService, class com.almasb.fxgl.app.services.SystemBundleService, class com.almasb.fxgl.profile.SaveLoadService, class com.almasb.fxgl.ui.FXGLUIFactoryServiceProvider, class com.almasb.fxgl.ui.FXGLDialogFactoryServiceProvider, class com.almasb.fxgl.audio.AudioPlayer, class com.almasb.fxgl.notification.impl.NotificationServiceProvider, class com.almasb.fxgl.achievement.AchievementService, class com.almasb.fxgl.cutscene.CutsceneService, class com.almasb.fxgl.minigames.MiniGameService, class com.almasb.fxgl.net.NetService, class com.almasb.fxgl.app.services.UpdaterService, class com.almasb.fxgl.dev.DevService]
20:16:51.891 [FXGL Background Thread 3 ] DEBUG Engine               - fontGame: Abel-Regular.ttf
20:16:51.891 [FXGL Background Thread 3 ] DEBUG Engine               - fontMono: TerminalLandMono-Regular.otf
20:16:51.891 [FXGL Background Thread 3 ] DEBUG Engine               - fontSizeScaleUI: 1.0
20:16:51.891 [FXGL Background Thread 3 ] DEBUG Engine               - fontText: Courier-Prime.ttf
20:16:51.891 [FXGL Background Thread 3 ] DEBUG Engine               - fontUI: VarelaRound-Regular.ttf
20:16:51.891 [FXGL Background Thread 3 ] DEBUG Engine               - fullScreen: BooleanProperty [value: false]
20:16:51.891 [FXGL Background Thread 3 ] DEBUG Engine               - gameDifficulty: MEDIUM
20:16:51.891 [FXGL Background Thread 3 ] DEBUG Engine               - gameDifficultyProperty: ObjectProperty [value: MEDIUM]
20:16:51.891 [FXGL Background Thread 3 ] DEBUG Engine               - globalMusicVolume: 0.5
20:16:51.891 [FXGL Background Thread 3 ] DEBUG Engine               - globalMusicVolumeProperty: DoubleProperty [value: 0.5]
20:16:51.891 [FXGL Background Thread 3 ] DEBUG Engine               - globalSoundVolume: 0.5
20:16:51.891 [FXGL Background Thread 3 ] DEBUG Engine               - globalSoundVolumeProperty: DoubleProperty [value: 0.5]
20:16:51.891 [FXGL Background Thread 3 ] DEBUG Engine               - height: 900
20:16:51.891 [FXGL Background Thread 3 ] DEBUG Engine               - is3D: false
20:16:51.891 [FXGL Background Thread 3 ] DEBUG Engine               - isAndroid: false
20:16:51.891 [FXGL Background Thread 3 ] DEBUG Engine               - isBrowser: false
20:16:51.891 [FXGL Background Thread 3 ] DEBUG Engine               - isClickFeedbackEnabled: false
20:16:51.891 [FXGL Background Thread 3 ] DEBUG Engine               - isCloseConfirmation: false
20:16:51.891 [FXGL Background Thread 3 ] DEBUG Engine               - isDesktop: true
20:16:51.891 [FXGL Background Thread 3 ] DEBUG Engine               - isDeveloperMenuEnabled: true
20:16:51.891 [FXGL Background Thread 3 ] DEBUG Engine               - isEmbedded: false
20:16:51.891 [FXGL Background Thread 3 ] DEBUG Engine               - isEntityPreloadEnabled: true
20:16:51.891 [FXGL Background Thread 3 ] DEBUG Engine               - isExperimentalTiledLargeMap: false
20:16:51.891 [FXGL Background Thread 3 ] DEBUG Engine               - isFileSystemWriteAllowed: true
20:16:51.891 [FXGL Background Thread 3 ] DEBUG Engine               - isFullScreenAllowed: false
20:16:51.891 [FXGL Background Thread 3 ] DEBUG Engine               - isFullScreenFromStart: false
20:16:51.891 [FXGL Background Thread 3 ] DEBUG Engine               - isGameMenuEnabled: true
20:16:51.893 [FXGL Background Thread 3 ] DEBUG Engine               - isIOS: false
20:16:51.893 [FXGL Background Thread 3 ] DEBUG Engine               - isIntroEnabled: false
20:16:51.893 [FXGL Background Thread 3 ] DEBUG Engine               - isLinux: false
20:16:51.893 [FXGL Background Thread 3 ] DEBUG Engine               - isMac: false
20:16:51.893 [FXGL Background Thread 3 ] DEBUG Engine               - isMainMenuEnabled: false
20:16:51.893 [FXGL Background Thread 3 ] DEBUG Engine               - isManualResizeEnabled: false
20:16:51.893 [FXGL Background Thread 3 ] DEBUG Engine               - isMobile: false
20:16:51.893 [FXGL Background Thread 3 ] DEBUG Engine               - isNative: false
20:16:51.893 [FXGL Background Thread 3 ] DEBUG Engine               - isPauseMusicWhenMinimized: true
20:16:51.893 [FXGL Background Thread 3 ] DEBUG Engine               - isPreserveResizeRatio: false
20:16:51.893 [FXGL Background Thread 3 ] DEBUG Engine               - isProfilingEnabled: false
20:16:51.893 [FXGL Background Thread 3 ] DEBUG Engine               - isScaleAffectedOnResize: true
20:16:51.893 [FXGL Background Thread 3 ] DEBUG Engine               - isSingleStep: false
20:16:51.893 [FXGL Background Thread 3 ] DEBUG Engine               - isUserProfileEnabled: false
20:16:51.893 [FXGL Background Thread 3 ] DEBUG Engine               - isWindows: true
20:16:51.893 [FXGL Background Thread 3 ] DEBUG Engine               - language: ObjectProperty [value: ENGLISH]
20:16:51.893 [FXGL Background Thread 3 ] DEBUG Engine               - menuKey: ESCAPE
20:16:51.893 [FXGL Background Thread 3 ] DEBUG Engine               - mouseSensitivity: 0.2
20:16:51.893 [FXGL Background Thread 3 ] DEBUG Engine               - notificationViewClass: class com.almasb.fxgl.notification.view.XboxNotificationView
20:16:51.893 [FXGL Background Thread 3 ] DEBUG Engine               - pixelsPerMeter: 50.0
20:16:51.893 [FXGL Background Thread 3 ] DEBUG Engine               - platform: WINDOWS
20:16:51.893 [FXGL Background Thread 3 ] DEBUG Engine               - prefHeightProperty: ReadOnlyDoubleProperty [value: 900.0]
20:16:51.893 [FXGL Background Thread 3 ] DEBUG Engine               - prefWidthProperty: ReadOnlyDoubleProperty [value: 1600.0]
20:16:51.893 [FXGL Background Thread 3 ] DEBUG Engine               - profileDir: profiles/
20:16:51.893 [FXGL Background Thread 3 ] DEBUG Engine               - profileName: StringProperty [value: DEFAULT]
20:16:51.893 [FXGL Background Thread 3 ] DEBUG Engine               - randomSeed: -1
20:16:51.894 [FXGL Background Thread 3 ] DEBUG Engine               - runtimeInfo: RuntimeInfo(platform=WINDOWS, version=21.1, build=27.03.2024 07.52)
20:16:51.894 [FXGL Background Thread 3 ] DEBUG Engine               - saveFileExt: sav
20:16:51.894 [FXGL Background Thread 3 ] DEBUG Engine               - scaledHeightProp$fxgl: DoubleProperty [bound, value: 900.0]
20:16:51.894 [FXGL Background Thread 3 ] DEBUG Engine               - scaledWidthProp$fxgl: DoubleProperty [bound, value: 1600.0]
20:16:51.895 [FXGL Background Thread 3 ] DEBUG Engine               - sceneFactory: com.almasb.fxgl.app.scene.SceneFactory@28f257c6
20:16:51.895 [FXGL Background Thread 3 ] DEBUG Engine               - secondsIn24h: 60
20:16:51.895 [FXGL Background Thread 3 ] DEBUG Engine               - soundMenuBack: menu/back.wav
20:16:51.895 [FXGL Background Thread 3 ] DEBUG Engine               - soundMenuPress: menu/press.wav
20:16:51.895 [FXGL Background Thread 3 ] DEBUG Engine               - soundMenuSelect: menu/select.wav
20:16:51.895 [FXGL Background Thread 3 ] DEBUG Engine               - soundNotification: core/notification.wav
20:16:51.895 [FXGL Background Thread 3 ] DEBUG Engine               - stageStyle: DECORATED
20:16:51.895 [FXGL Background Thread 3 ] DEBUG Engine               - supportedLanguages: [ENGLISH, FRENCH, GERMAN, HUNGARIAN, RUSSIAN]
20:16:51.895 [FXGL Background Thread 3 ] DEBUG Engine               - ticksPerSecond: -1
20:16:51.895 [FXGL Background Thread 3 ] DEBUG Engine               - title: Produktionslinie
20:16:51.895 [FXGL Background Thread 3 ] DEBUG Engine               - urlGithub: https://github.com/AlmasB/FXGL
20:16:51.895 [FXGL Background Thread 3 ] DEBUG Engine               - urlLeaderboard: http://fxgl-top.herokuapp.com/
20:16:51.895 [FXGL Background Thread 3 ] DEBUG Engine               - urlPOM: https://raw.githubusercontent.com/AlmasB/FXGL/release/README.md
20:16:51.895 [FXGL Background Thread 3 ] DEBUG Engine               - userAppClass: class org.betriebssysteme.view.ProductionLineApp
20:16:51.895 [FXGL Background Thread 3 ] DEBUG Engine               - version: 0.0
20:16:51.895 [FXGL Background Thread 3 ] DEBUG Engine               - versionCheckDays: 7
20:16:51.895 [FXGL Background Thread 3 ] DEBUG Engine               - width: 1600
20:16:51.895 [FXGL Background Thread 3 ] DEBUG Engine               - Logging services
20:16:51.895 [FXGL Background Thread 3 ] DEBUG Engine               - class com.almasb.fxgl.app.services.FXGLAssetLoaderService
20:16:51.895 [FXGL Background Thread 3 ] DEBUG Engine               - class com.almasb.fxgl.app.FXGLApplication$GameApplicationService
20:16:51.895 [FXGL Background Thread 3 ] DEBUG Engine               - class com.almasb.fxgl.app.services.FXGLDialogService
20:16:51.895 [FXGL Background Thread 3 ] DEBUG Engine               - class com.almasb.fxgl.app.services.IOTaskExecutorService
20:16:51.895 [FXGL Background Thread 3 ] DEBUG Engine               - class com.almasb.fxgl.io.FileSystemService
20:16:51.895 [FXGL Background Thread 3 ] DEBUG Engine               - class com.almasb.fxgl.localization.LocalizationService
20:16:51.895 [FXGL Background Thread 3 ] DEBUG Engine               - class com.almasb.fxgl.app.services.SystemBundleService
20:16:51.895 [FXGL Background Thread 3 ] DEBUG Engine               - class com.almasb.fxgl.profile.SaveLoadService
20:16:51.897 [FXGL Background Thread 3 ] DEBUG Engine               - class com.almasb.fxgl.ui.FXGLUIFactoryServiceProvider
20:16:51.897 [FXGL Background Thread 3 ] DEBUG Engine               - class com.almasb.fxgl.ui.FXGLDialogFactoryServiceProvider
20:16:51.897 [FXGL Background Thread 3 ] DEBUG Engine               - class com.almasb.fxgl.audio.AudioPlayer
20:16:51.897 [FXGL Background Thread 3 ] DEBUG Engine               - class com.almasb.fxgl.notification.impl.NotificationServiceProvider
20:16:51.897 [FXGL Background Thread 3 ] DEBUG Engine               - class com.almasb.fxgl.achievement.AchievementService
20:16:51.897 [FXGL Background Thread 3 ] DEBUG Engine               - class com.almasb.fxgl.cutscene.CutsceneService
20:16:51.897 [FXGL Background Thread 3 ] DEBUG Engine               - class com.almasb.fxgl.minigames.MiniGameService
20:16:51.897 [FXGL Background Thread 3 ] DEBUG Engine               - class com.almasb.fxgl.net.NetService
20:16:51.897 [FXGL Background Thread 3 ] DEBUG Engine               - class com.almasb.fxgl.app.services.UpdaterService
20:16:51.897 [FXGL Background Thread 3 ] DEBUG Engine               - class com.almasb.fxgl.dev.DevService
20:17:00.652 [JavaFX Application Thread] DEBUG FXGLApplication      - Exiting FXGL
20:17:00.653 [JavaFX Application Thread] DEBUG LoopRunner           - Stopping loop
20:17:00.653 [JavaFX Application Thread] DEBUG SystemBundleService  - Saving FXGL system data
20:17:00.656 [JavaFX Application Thread] DEBUG FileSystemAccess     - Writing to: C:\Users\abdul\IdeaProjects\Produktionslinie\system\fxgl.bundle
20:17:00.661 [JavaFX Application Thread] DEBUG Async                - Shutting down background threads
20:17:00.661 [JavaFX Application Thread] DEBUG PrimaryStageWindow   - Closing main window
20:17:00.674 [JavaFX Application Thread] DEBUG Logger               - Closing Logger
