18:10:36.331 [main                     ] DEBUG Logger               - Configured Logger
18:10:36.353 [main                     ] DEBUG GameApplication      - Logging settings
Title: Produktionslinie
Version: 0.0
Width: 1600
Height: 900
Fullscreen: false
Intro: false
Profiling: false
Single step:false
App Mode: DEVELOPER
Menu Key: ESCAPE
Stage Style: DECORATED
Scene Factory: class com.almasb.fxgl.app.scene.SceneFactory

18:10:36.770 [JavaFX Application Thread] DEBUG FXGLApplication      - Initializing FXGL
18:10:36.773 [JavaFX Application Thread] INFO  Engine               - FXGL-21.1 (27.03.2024 07.52) on WINDOWS (J:21.0.9 FX:21.0.1)
18:10:36.773 [JavaFX Application Thread] DEBUG Engine               - JRE Vendor Name: Microsoft
18:10:36.773 [JavaFX Application Thread] DEBUG Engine               - Running on OS: Windows 11 version 10.0
18:10:36.773 [JavaFX Application Thread] DEBUG Engine               - Architecture: amd64
18:10:36.773 [JavaFX Application Thread] INFO  Engine               - Source code and latest versions at: https://github.com/AlmasB/FXGL
18:10:36.773 [JavaFX Application Thread] INFO  Engine               -       Ask questions and discuss at: https://github.com/AlmasB/FXGL/discussions
18:10:36.774 [JavaFX Application Thread] INFO  Engine               -              Join the FXGL chat at: https://gitter.im/AlmasB/FXGL
18:10:36.864 [JavaFX Application Thread] DEBUG PrimaryStageWindow   - Creating a JavaFX scene
18:10:36.907 [JavaFX Application Thread] DEBUG PrimaryStageWindow   - Target settings size: 1600.0 x 900.0
18:10:36.907 [JavaFX Application Thread] DEBUG PrimaryStageWindow   - Scaled scene size:    1600.0 x 900.0
18:10:36.907 [JavaFX Application Thread] DEBUG PrimaryStageWindow   - Scaled ratio: (1.0, 1.0)
18:10:36.908 [JavaFX Application Thread] DEBUG PrimaryStageWindow   - Set initial scene to FXGLStartupScene
18:10:36.910 [JavaFX Application Thread] DEBUG PrimaryStageWindow   - Opening main window
18:10:36.995 [JavaFX Application Thread] DEBUG PrimaryStageWindow   - Window border size: (16.0, 39.0)
18:10:36.995 [JavaFX Application Thread] DEBUG PrimaryStageWindow   - Scaled size: 1600.0 x 900.0
18:10:36.996 [JavaFX Application Thread] DEBUG PrimaryStageWindow   - Scaled ratio: (1.0, 1.0)
18:10:36.996 [JavaFX Application Thread] DEBUG PrimaryStageWindow   - Scene size: 1600.0 x 900.0
18:10:36.996 [JavaFX Application Thread] DEBUG PrimaryStageWindow   - Stage size: 1616.0 x 939.0
18:10:37.002 [FXGL Background Thread 1 ] DEBUG Engine               - Initializing environment variables
18:10:37.048 [FXGL Background Thread 1 ] DEBUG FXGLAssetLoaderServi - User app class for loading assets: class org.betriebssysteme.view.ProductionLineApp
18:10:37.048 [FXGL Background Thread 1 ] DEBUG GameApplicationServi - Applying CSS: fxgl_dark.css
18:10:37.049 [FXGL Background Thread 1 ] DEBUG FXGLAssetLoaderServi - Loading from file system: jar:file:/C:/Users/abdul/.m2/repository/com/github/almasb/fxgl/21.1/fxgl-21.1.jar!/fxglassets/ui/css/fxgl_dark.css
18:10:37.081 [FXGL Background Thread 1 ] DEBUG GameApplicationServi - Initializing application scenes
18:10:37.124 [FXGL Background Thread 1 ] DEBUG GameWorld            - Game world initialized
18:10:37.196 [FXGL Background Thread 1 ] DEBUG PhysicsWorld         - Physics world initialized: appHeight=900, physics.ppm=50,0
18:10:37.196 [FXGL Background Thread 1 ] DEBUG PhysicsWorld         - Using strategy: BRUTE_FORCE
18:10:37.199 [FXGL Background Thread 1 ] DEBUG GameScene            - Game scene initialized: 1600x900
18:10:37.212 [FXGL Background Thread 1 ] DEBUG FXGL.DefaultMenu     - createMenuBodyGameMenu()
18:10:37.226 [FXGL Background Thread 1 ] DEBUG FXGL.DefaultMenu     - createOptionsMenu()
18:10:37.234 [FXGL Background Thread 1 ] DEBUG FXGLAssetLoaderServi - Loading from file system: jar:file:/C:/Users/abdul/.m2/repository/com/github/almasb/fxgl/21.1/fxgl-21.1.jar!/fxglassets/textures/particles/smoke.png
18:10:37.322 [FXGL Background Thread 1 ] DEBUG FXGLAssetLoaderServi - Loading from file system: jar:file:/C:/Users/abdul/.m2/repository/com/github/almasb/fxgl/21.1/fxgl-21.1.jar!/fxglassets/textures/particles/trace_horizontal.png
18:10:37.343 [FXGL Background Thread 1 ] DEBUG GameApplicationServi - Application scenes initialized
18:10:37.356 [FXGL Background Thread 1 ] DEBUG SystemBundleService  - Loading FXGL system data
18:10:37.360 [FXGL Background Thread 1 ] DEBUG FileSystemAccess     - Reading from: C:\Users\abdul\IdeaProjects\Produktionslinie\system\fxgl.bundle
18:10:37.371 [FXGL Background Thread 1 ] DEBUG SystemBundleService  - Bundle FXGL: {}
18:10:37.371 [FXGL Background Thread 1 ] DEBUG UpdaterService       - Checking for updates
18:10:37.400 [FXGL Background Thread 4 ] DEBUG FXGLApplication      - Loading fonts
18:10:37.400 [FXGL Background Thread 4 ] DEBUG FXGLAssetLoaderServi - Loading from file system: jar:file:/C:/Users/abdul/.m2/repository/com/github/almasb/fxgl/21.1/fxgl-21.1.jar!/fxglassets/ui/fonts/VarelaRound-Regular.ttf
18:10:37.400 [FXGL Background Thread 1 ] DEBUG FXGLApplication      - Loading default localization
18:10:37.401 [FXGL Background Thread 1 ] DEBUG FXGLAssetLoaderServi - Loading from file system: jar:file:/C:/Users/abdul/.m2/repository/com/github/almasb/fxgl/21.1/fxgl-21.1.jar!/fxglassets/languages/english.lang
18:10:37.440 [FXGL Background Thread 1 ] INFO  FXGLApplication      - FXGL initialization took: 0,438 sec
18:10:37.444 [FXGL Background Thread 4 ] DEBUG FXGLAssetLoaderServi - Loading from file system: jar:file:/C:/Users/abdul/.m2/repository/com/github/almasb/fxgl/21.1/fxgl-21.1.jar!/fxglassets/ui/fonts/Abel-Regular.ttf
18:10:37.453 [JavaFX Application Thread] DEBUG Input                - Registered new binding: action0 - R
18:10:37.453 [FXGL Background Thread 4 ] DEBUG FXGLAssetLoaderServi - Loading from file system: jar:file:/C:/Users/abdul/.m2/repository/com/github/almasb/fxgl/21.1/fxgl-21.1.jar!/fxglassets/ui/fonts/TerminalLandMono-Regular.otf
18:10:37.455 [JavaFX Application Thread] DEBUG FXGLAssetLoaderServi - Loading from file system: jar:file:/C:/Users/abdul/.m2/repository/com/github/almasb/fxgl/21.1/fxgl-21.1.jar!/fxglassets/textures/fxgl_icon.png
18:10:37.464 [FXGL Background Thread 4 ] DEBUG FXGLAssetLoaderServi - Loading from file system: jar:file:/C:/Users/abdul/.m2/repository/com/github/almasb/fxgl/21.1/fxgl-21.1.jar!/fxglassets/ui/fonts/Courier-Prime.ttf
18:10:37.471 [JavaFX Application Thread] DEBUG FXGLAssetLoaderServi - Loading from file system: jar:file:/C:/Users/abdul/.m2/repository/com/github/almasb/fxgl/21.1/fxgl-21.1.jar!/fxglassets/textures/fxgl_default_cursor.png
18:10:37.476 [JavaFX Application Thread] DEBUG Input                - Registered new binding: Screenshot - CTRL+8
18:10:37.477 [JavaFX Application Thread] DEBUG Input                - Registered new binding: Dev Options - 1
18:10:37.478 [JavaFX Application Thread] DEBUG Input                - Registered new binding: Dev Console - 2
18:10:37.479 [JavaFX Application Thread] DEBUG Input                - Registered new binding: System info dump - CTRL+9
18:10:37.480 [JavaFX Application Thread] DEBUG Input                - Registered new binding: Restart - CTRL+R
18:10:37.482 [JavaFX Application Thread] DEBUG Input                - Registered new binding: Toggle Debug Camera - CTRL+7
18:10:37.494 [JavaFX Application Thread] DEBUG LoopRunner           - Starting loop
18:10:37.524 [JavaFX Application Thread] DEBUG LoopRunner           - Initializing JavaFX AnimationTimerLoop
18:10:37.526 [JavaFX Application Thread] DEBUG GameApplicationServi - Starting new game
18:10:37.527 [JavaFX Application Thread] DEBUG Input                - Clearing active input actions
18:10:37.537 [JavaFX Application Thread] DEBUG GameApplicationServi - Removing overlay from FXGLStartupScene and adding to FXGLLoadingScene
18:10:37.541 [JavaFX Application Thread] DEBUG PrimaryStageWindow   - FXGLStartupScene -> FXGLLoadingScene
18:10:37.541 [JavaFX Application Thread] DEBUG GameApplicationServi - Clearing previous game
18:10:37.541 [JavaFX Application Thread] DEBUG GameScene            - Clearing game scene
18:10:37.541 [JavaFX Application Thread] DEBUG GameWorld            - Clearing game world
18:10:37.541 [JavaFX Application Thread] DEBUG PhysicsWorld         - Clearing physics world
18:10:37.542 [FXGL Background Thread 4 ] DEBUG FXGLApplication      - Initializing game
18:10:37.543 [JavaFX Application Thread] DEBUG FXGLApplication      - Registering font factories with UI factory
18:10:37.562 [FXGL Background Thread 4 ] WARN  TMXLevelLoader       - TiledMap generated from 1.11.2. Supported version: 1.9.0. Some features may not be parsed fully.
18:10:37.568 [FXGL Background Thread 4 ] DEBUG TMXLevelLoader       - Parsed TiledMap: file:/C:/Users/abdul/IdeaProjects/Produktionslinie/target/classes/assets/levels/map.tmx
18:10:37.569 [FXGL Background Thread 4 ] DEBUG TMXLevelLoader       - Creating tile layer entities
18:10:37.571 [FXGL Background Thread 4 ] DEBUG TilesetLoader        - Loading view for layer Kachelebene 1
18:10:37.573 [FXGL Background Thread 4 ] DEBUG TilesetLoader        - Created buffer with size 1600.0x1600.0
18:10:37.575 [FXGL Background Thread 4 ] WARN  TilesetLoader        - FactoryTiles/Factory Ground Tiles Cool.png cannot be loaded using mapURL=file:/C:/Users/abdul/IdeaProjects/Produktionslinie/target/classes/assets/levels/map.tmx
java.lang.IllegalArgumentException: Illegal character in path at index 100: file:/C:/Users/abdul/IdeaProjects/Produktionslinie/target/classes/assets/levels/FactoryTiles/Factory Ground Tiles Cool.png
	at java.base/java.net.URI.create(URI.java:932)
	at com.almasb.fxgl.entity.level.tiled.TilesetLoader.loadImage(TilesetLoader.kt:429)
	at com.almasb.fxgl.entity.level.tiled.TilesetLoader.loadView(TilesetLoader.kt:134)
	at com.almasb.fxgl.entity.level.tiled.TMXLevelLoader$createTileLayerEntities$1.invoke(TMXLevelLoader.kt:99)
	at com.almasb.fxgl.entity.level.tiled.TMXLevelLoader$createTileLayerEntities$1.invoke(TMXLevelLoader.kt:88)
	at com.almasb.fxgl.entity.level.tiled.TMXLevelLoader.createTileLayerEntities$lambda$3(TMXLevelLoader.kt:88)
	at java.base/java.util.stream.ReferencePipeline$3$1.accept(ReferencePipeline.java:197)
	at java.base/java.util.ArrayList$ArrayListSpliterator.forEachRemaining(ArrayList.java:1708)
	at java.base/java.util.stream.AbstractPipeline.copyInto(AbstractPipeline.java:509)
	at java.base/java.util.stream.AbstractPipeline.wrapAndCopyInto(AbstractPipeline.java:499)
	at java.base/java.util.stream.ReduceOps$ReduceOp.evaluateSequential(ReduceOps.java:921)
	at java.base/java.util.stream.AbstractPipeline.evaluate(AbstractPipeline.java:234)
	at java.base/java.util.stream.ReferencePipeline.collect(ReferencePipeline.java:682)
	at com.almasb.fxgl.entity.level.tiled.TMXLevelLoader.createTileLayerEntities(TMXLevelLoader.kt:116)
	at com.almasb.fxgl.entity.level.tiled.TMXLevelLoader.load(TMXLevelLoader.kt:58)
	at com.almasb.fxgl.app.services.FXGLAssetLoaderService.loadLevel(FXGLAssetLoaderService.kt:449)
	at com.almasb.fxgl.dsl.FXGL$Companion.setLevelFromMap(FXGL.kt:643)
	at com.almasb.fxgl.dsl.FXGL.setLevelFromMap(FXGL.kt)
	at org.betriebssysteme.view.ProductionLineApp.initGame(ProductionLineApp.java:55)
	at com.almasb.fxgl.app.FXGLApplication$InitAppTask.initGame(FXGLApplication.kt:343)
	at com.almasb.fxgl.app.FXGLApplication$InitAppTask.call(FXGLApplication.kt:321)
	at com.almasb.fxgl.app.FXGLApplication$InitAppTask.call(FXGLApplication.kt:313)
	at javafx.concurrent.Task$TaskCallable.call(Task.java:1399)
	at java.base/java.util.concurrent.FutureTask.run(FutureTask.java:317)
	at java.base/java.util.concurrent.Executors$RunnableAdapter.call(Executors.java:572)
	at java.base/java.util.concurrent.FutureTask.run(FutureTask.java:317)
	at java.base/java.util.concurrent.ThreadPoolExecutor.runWorker(ThreadPoolExecutor.java:1144)
	at java.base/java.util.concurrent.ThreadPoolExecutor$Worker.run(ThreadPoolExecutor.java:642)
	at java.base/java.lang.Thread.run(Thread.java:1583)
Caused by: java.net.URISyntaxException: Illegal character in path at index 100: file:/C:/Users/abdul/IdeaProjects/Produktionslinie/target/classes/assets/levels/FactoryTiles/Factory Ground Tiles Cool.png
	at java.base/java.net.URI$Parser.fail(URI.java:2995)
	at java.base/java.net.URI$Parser.checkChars(URI.java:3166)
	at java.base/java.net.URI$Parser.parseHierarchical(URI.java:3248)
	at java.base/java.net.URI$Parser.parse(URI.java:3196)
	at java.base/java.net.URI.<init>(URI.java:645)
	at java.base/java.net.URI.create(URI.java:930)
	... 28 more

18:10:37.906 [FXGL Background Thread 4 ] DEBUG TMXLevelLoader       - Creating object layer entities
18:10:37.908 [FXGL Background Thread 4 ] DEBUG GameWorld            - Clearing removable entities
18:10:37.909 [FXGL Background Thread 4 ] DEBUG GameWorld            - Setting level: com.almasb.fxgl.entity.level.Level@1eb3b39e
18:10:37.933 [FXGL Background Thread 4 ] DEBUG FXGLAssetLoaderServi - Loading from file system: file:/C:/Users/abdul/IdeaProjects/Produktionslinie/target/classes/assets/textures/Info_Menu_Machine_Asset.png
18:10:37.981 [FXGL Background Thread 4 ] DEBUG FXGLAssetLoaderServi - Loading from file system: file:/C:/Users/abdul/IdeaProjects/Produktionslinie/target/classes/assets/textures/Turning_Off_Animation.png
18:10:37.987 [FXGL Background Thread 4 ] DEBUG FXGLAssetLoaderServi - Loading from file system: file:/C:/Users/abdul/IdeaProjects/Produktionslinie/target/classes/assets/textures/Turning_On_Animation.png
18:10:37.988 [FXGL Background Thread 4 ] DEBUG FXGLAssetLoaderServi - Loading from file system: file:/C:/Users/abdul/IdeaProjects/Produktionslinie/target/classes/assets/textures/Production_While_Taking_Items_Animation.png
18:10:37.990 [FXGL Background Thread 4 ] DEBUG FXGLAssetLoaderServi - Loading from file system: file:/C:/Users/abdul/IdeaProjects/Produktionslinie/target/classes/assets/textures/Production_Without_Taking_Items_Animation.png
18:10:38.019 [FXGL Background Thread 4 ] INFO  FXGLApplication      - Game initialization took: 0,477 sec
18:10:38.021 [JavaFX Application Thread] DEBUG Input                - Clearing active input actions
18:10:38.028 [JavaFX Application Thread] DEBUG GameApplicationServi - Removing overlay from FXGLLoadingScene and adding to GameScene
18:10:38.030 [JavaFX Application Thread] DEBUG PrimaryStageWindow   - FXGLLoadingScene -> GameScene
18:10:40.399 [FXGL Background Thread 3 ] DEBUG Engine               - Logging environment variables
18:10:40.399 [FXGL Background Thread 3 ] DEBUG Engine               - achievements: []
18:10:40.401 [FXGL Background Thread 3 ] DEBUG Engine               - actualHeight: 900.0
18:10:40.401 [FXGL Background Thread 3 ] DEBUG Engine               - actualHeightProperty: ReadOnlyDoubleProperty [value: 900.0]
18:10:40.401 [FXGL Background Thread 3 ] DEBUG Engine               - actualWidth: 1600.0
18:10:40.401 [FXGL Background Thread 3 ] DEBUG Engine               - actualWidthProperty: ReadOnlyDoubleProperty [value: 1600.0]
18:10:40.401 [FXGL Background Thread 3 ] DEBUG Engine               - appIcon: fxgl_icon.png
18:10:40.401 [FXGL Background Thread 3 ] DEBUG Engine               - applicationMode: DEVELOPER
18:10:40.401 [FXGL Background Thread 3 ] DEBUG Engine               - cSSList: [fxgl_dark.css]
18:10:40.401 [FXGL Background Thread 3 ] DEBUG Engine               - collisionDetectionStrategy: BRUTE_FORCE
18:10:40.401 [FXGL Background Thread 3 ] DEBUG Engine               - configClass: Optional.empty
18:10:40.401 [FXGL Background Thread 3 ] DEBUG Engine               - credits: []
18:10:40.402 [FXGL Background Thread 3 ] DEBUG Engine               - defaultCursor: CursorInfo(imageName=fxgl_default_cursor.png, hotspotX=7.0, hotspotY=6.0)
18:10:40.402 [FXGL Background Thread 3 ] DEBUG Engine               - devBBoxColorProperty: ObjectProperty [value: 0xff0000ff]
18:10:40.402 [FXGL Background Thread 3 ] DEBUG Engine               - devEnableDebugCameraProperty: BooleanProperty [value: false]
18:10:40.402 [FXGL Background Thread 3 ] DEBUG Engine               - devSensorColorProperty: ObjectProperty [value: 0xffff00ff]
18:10:40.402 [FXGL Background Thread 3 ] DEBUG Engine               - devShowBBoxProperty: BooleanProperty [value: false]
18:10:40.402 [FXGL Background Thread 3 ] DEBUG Engine               - devShowPositionProperty: BooleanProperty [value: false]
18:10:40.402 [FXGL Background Thread 3 ] DEBUG Engine               - enabledMenuItems: []
18:10:40.402 [FXGL Background Thread 3 ] DEBUG Engine               - engineServices: [class com.almasb.fxgl.app.services.FXGLAssetLoaderService, class com.almasb.fxgl.app.FXGLApplication$GameApplicationService, class com.almasb.fxgl.app.services.FXGLDialogService, class com.almasb.fxgl.app.services.IOTaskExecutorService, class com.almasb.fxgl.io.FileSystemService, class com.almasb.fxgl.localization.LocalizationService, class com.almasb.fxgl.app.services.SystemBundleService, class com.almasb.fxgl.profile.SaveLoadService, class com.almasb.fxgl.ui.FXGLUIFactoryServiceProvider, class com.almasb.fxgl.ui.FXGLDialogFactoryServiceProvider, class com.almasb.fxgl.audio.AudioPlayer, class com.almasb.fxgl.notification.impl.NotificationServiceProvider, class com.almasb.fxgl.achievement.AchievementService, class com.almasb.fxgl.cutscene.CutsceneService, class com.almasb.fxgl.minigames.MiniGameService, class com.almasb.fxgl.net.NetService, class com.almasb.fxgl.app.services.UpdaterService, class com.almasb.fxgl.dev.DevService]
18:10:40.402 [FXGL Background Thread 3 ] DEBUG Engine               - fontGame: Abel-Regular.ttf
18:10:40.402 [FXGL Background Thread 3 ] DEBUG Engine               - fontMono: TerminalLandMono-Regular.otf
18:10:40.403 [FXGL Background Thread 3 ] DEBUG Engine               - fontSizeScaleUI: 1.0
18:10:40.403 [FXGL Background Thread 3 ] DEBUG Engine               - fontText: Courier-Prime.ttf
18:10:40.403 [FXGL Background Thread 3 ] DEBUG Engine               - fontUI: VarelaRound-Regular.ttf
18:10:40.403 [FXGL Background Thread 3 ] DEBUG Engine               - fullScreen: BooleanProperty [value: false]
18:10:40.403 [FXGL Background Thread 3 ] DEBUG Engine               - gameDifficulty: MEDIUM
18:10:40.403 [FXGL Background Thread 3 ] DEBUG Engine               - gameDifficultyProperty: ObjectProperty [value: MEDIUM]
18:10:40.403 [FXGL Background Thread 3 ] DEBUG Engine               - globalMusicVolume: 0.5
18:10:40.403 [FXGL Background Thread 3 ] DEBUG Engine               - globalMusicVolumeProperty: DoubleProperty [value: 0.5]
18:10:40.403 [FXGL Background Thread 3 ] DEBUG Engine               - globalSoundVolume: 0.5
18:10:40.403 [FXGL Background Thread 3 ] DEBUG Engine               - globalSoundVolumeProperty: DoubleProperty [value: 0.5]
18:10:40.403 [FXGL Background Thread 3 ] DEBUG Engine               - height: 900
18:10:40.403 [FXGL Background Thread 3 ] DEBUG Engine               - is3D: false
18:10:40.403 [FXGL Background Thread 3 ] DEBUG Engine               - isAndroid: false
18:10:40.403 [FXGL Background Thread 3 ] DEBUG Engine               - isBrowser: false
18:10:40.403 [FXGL Background Thread 3 ] DEBUG Engine               - isClickFeedbackEnabled: false
18:10:40.403 [FXGL Background Thread 3 ] DEBUG Engine               - isCloseConfirmation: false
18:10:40.403 [FXGL Background Thread 3 ] DEBUG Engine               - isDesktop: true
18:10:40.403 [FXGL Background Thread 3 ] DEBUG Engine               - isDeveloperMenuEnabled: true
18:10:40.403 [FXGL Background Thread 3 ] DEBUG Engine               - isEmbedded: false
18:10:40.403 [FXGL Background Thread 3 ] DEBUG Engine               - isEntityPreloadEnabled: true
18:10:40.403 [FXGL Background Thread 3 ] DEBUG Engine               - isExperimentalTiledLargeMap: false
18:10:40.403 [FXGL Background Thread 3 ] DEBUG Engine               - isFileSystemWriteAllowed: true
18:10:40.403 [FXGL Background Thread 3 ] DEBUG Engine               - isFullScreenAllowed: false
18:10:40.403 [FXGL Background Thread 3 ] DEBUG Engine               - isFullScreenFromStart: false
18:10:40.403 [FXGL Background Thread 3 ] DEBUG Engine               - isGameMenuEnabled: true
18:10:40.403 [FXGL Background Thread 3 ] DEBUG Engine               - isIOS: false
18:10:40.403 [FXGL Background Thread 3 ] DEBUG Engine               - isIntroEnabled: false
18:10:40.403 [FXGL Background Thread 3 ] DEBUG Engine               - isLinux: false
18:10:40.403 [FXGL Background Thread 3 ] DEBUG Engine               - isMac: false
18:10:40.403 [FXGL Background Thread 3 ] DEBUG Engine               - isMainMenuEnabled: false
18:10:40.403 [FXGL Background Thread 3 ] DEBUG Engine               - isManualResizeEnabled: false
18:10:40.403 [FXGL Background Thread 3 ] DEBUG Engine               - isMobile: false
18:10:40.403 [FXGL Background Thread 3 ] DEBUG Engine               - isNative: false
18:10:40.403 [FXGL Background Thread 3 ] DEBUG Engine               - isPauseMusicWhenMinimized: true
18:10:40.403 [FXGL Background Thread 3 ] DEBUG Engine               - isPreserveResizeRatio: false
18:10:40.403 [FXGL Background Thread 3 ] DEBUG Engine               - isProfilingEnabled: false
18:10:40.403 [FXGL Background Thread 3 ] DEBUG Engine               - isScaleAffectedOnResize: true
18:10:40.403 [FXGL Background Thread 3 ] DEBUG Engine               - isSingleStep: false
18:10:40.403 [FXGL Background Thread 3 ] DEBUG Engine               - isUserProfileEnabled: false
18:10:40.403 [FXGL Background Thread 3 ] DEBUG Engine               - isWindows: true
18:10:40.403 [FXGL Background Thread 3 ] DEBUG Engine               - language: ObjectProperty [value: ENGLISH]
18:10:40.403 [FXGL Background Thread 3 ] DEBUG Engine               - menuKey: ESCAPE
18:10:40.403 [FXGL Background Thread 3 ] DEBUG Engine               - mouseSensitivity: 0.2
18:10:40.403 [FXGL Background Thread 3 ] DEBUG Engine               - notificationViewClass: class com.almasb.fxgl.notification.view.XboxNotificationView
18:10:40.403 [FXGL Background Thread 3 ] DEBUG Engine               - pixelsPerMeter: 50.0
18:10:40.403 [FXGL Background Thread 3 ] DEBUG Engine               - platform: WINDOWS
18:10:40.403 [FXGL Background Thread 3 ] DEBUG Engine               - prefHeightProperty: ReadOnlyDoubleProperty [value: 900.0]
18:10:40.403 [FXGL Background Thread 3 ] DEBUG Engine               - prefWidthProperty: ReadOnlyDoubleProperty [value: 1600.0]
18:10:40.403 [FXGL Background Thread 3 ] DEBUG Engine               - profileDir: profiles/
18:10:40.403 [FXGL Background Thread 3 ] DEBUG Engine               - profileName: StringProperty [value: DEFAULT]
18:10:40.403 [FXGL Background Thread 3 ] DEBUG Engine               - randomSeed: -1
18:10:40.403 [FXGL Background Thread 3 ] DEBUG Engine               - runtimeInfo: RuntimeInfo(platform=WINDOWS, version=21.1, build=27.03.2024 07.52)
18:10:40.403 [FXGL Background Thread 3 ] DEBUG Engine               - saveFileExt: sav
18:10:40.403 [FXGL Background Thread 3 ] DEBUG Engine               - scaledHeightProp$fxgl: DoubleProperty [bound, value: 900.0]
18:10:40.403 [FXGL Background Thread 3 ] DEBUG Engine               - scaledWidthProp$fxgl: DoubleProperty [bound, value: 1600.0]
18:10:40.403 [FXGL Background Thread 3 ] DEBUG Engine               - sceneFactory: com.almasb.fxgl.app.scene.SceneFactory@76fbedae
18:10:40.403 [FXGL Background Thread 3 ] DEBUG Engine               - secondsIn24h: 60
18:10:40.403 [FXGL Background Thread 3 ] DEBUG Engine               - soundMenuBack: menu/back.wav
18:10:40.403 [FXGL Background Thread 3 ] DEBUG Engine               - soundMenuPress: menu/press.wav
18:10:40.403 [FXGL Background Thread 3 ] DEBUG Engine               - soundMenuSelect: menu/select.wav
18:10:40.403 [FXGL Background Thread 3 ] DEBUG Engine               - soundNotification: core/notification.wav
18:10:40.403 [FXGL Background Thread 3 ] DEBUG Engine               - stageStyle: DECORATED
18:10:40.403 [FXGL Background Thread 3 ] DEBUG Engine               - supportedLanguages: [ENGLISH, FRENCH, GERMAN, HUNGARIAN, RUSSIAN]
18:10:40.403 [FXGL Background Thread 3 ] DEBUG Engine               - ticksPerSecond: -1
18:10:40.403 [FXGL Background Thread 3 ] DEBUG Engine               - title: Produktionslinie
18:10:40.403 [FXGL Background Thread 3 ] DEBUG Engine               - urlGithub: https://github.com/AlmasB/FXGL
18:10:40.403 [FXGL Background Thread 3 ] DEBUG Engine               - urlLeaderboard: http://fxgl-top.herokuapp.com/
18:10:40.403 [FXGL Background Thread 3 ] DEBUG Engine               - urlPOM: https://raw.githubusercontent.com/AlmasB/FXGL/release/README.md
18:10:40.403 [FXGL Background Thread 3 ] DEBUG Engine               - userAppClass: class org.betriebssysteme.view.ProductionLineApp
18:10:40.403 [FXGL Background Thread 3 ] DEBUG Engine               - version: 0.0
18:10:40.403 [FXGL Background Thread 3 ] DEBUG Engine               - versionCheckDays: 7
18:10:40.403 [FXGL Background Thread 3 ] DEBUG Engine               - width: 1600
18:10:40.403 [FXGL Background Thread 3 ] DEBUG Engine               - Logging services
18:10:40.403 [FXGL Background Thread 3 ] DEBUG Engine               - class com.almasb.fxgl.app.services.FXGLAssetLoaderService
18:10:40.403 [FXGL Background Thread 3 ] DEBUG Engine               - class com.almasb.fxgl.app.FXGLApplication$GameApplicationService
18:10:40.403 [FXGL Background Thread 3 ] DEBUG Engine               - class com.almasb.fxgl.app.services.FXGLDialogService
18:10:40.403 [FXGL Background Thread 3 ] DEBUG Engine               - class com.almasb.fxgl.app.services.IOTaskExecutorService
18:10:40.403 [FXGL Background Thread 3 ] DEBUG Engine               - class com.almasb.fxgl.io.FileSystemService
18:10:40.403 [FXGL Background Thread 3 ] DEBUG Engine               - class com.almasb.fxgl.localization.LocalizationService
18:10:40.403 [FXGL Background Thread 3 ] DEBUG Engine               - class com.almasb.fxgl.app.services.SystemBundleService
18:10:40.403 [FXGL Background Thread 3 ] DEBUG Engine               - class com.almasb.fxgl.profile.SaveLoadService
18:10:40.403 [FXGL Background Thread 3 ] DEBUG Engine               - class com.almasb.fxgl.ui.FXGLUIFactoryServiceProvider
18:10:40.403 [FXGL Background Thread 3 ] DEBUG Engine               - class com.almasb.fxgl.ui.FXGLDialogFactoryServiceProvider
18:10:40.403 [FXGL Background Thread 3 ] DEBUG Engine               - class com.almasb.fxgl.audio.AudioPlayer
18:10:40.403 [FXGL Background Thread 3 ] DEBUG Engine               - class com.almasb.fxgl.notification.impl.NotificationServiceProvider
18:10:40.403 [FXGL Background Thread 3 ] DEBUG Engine               - class com.almasb.fxgl.achievement.AchievementService
18:10:40.411 [FXGL Background Thread 3 ] DEBUG Engine               - class com.almasb.fxgl.cutscene.CutsceneService
18:10:40.411 [FXGL Background Thread 3 ] DEBUG Engine               - class com.almasb.fxgl.minigames.MiniGameService
18:10:40.411 [FXGL Background Thread 3 ] DEBUG Engine               - class com.almasb.fxgl.net.NetService
18:10:40.411 [FXGL Background Thread 3 ] DEBUG Engine               - class com.almasb.fxgl.app.services.UpdaterService
18:10:40.411 [FXGL Background Thread 3 ] DEBUG Engine               - class com.almasb.fxgl.dev.DevService
18:17:35.547 [JavaFX Application Thread] DEBUG FXGLApplication      - Exiting FXGL
18:17:35.548 [JavaFX Application Thread] DEBUG LoopRunner           - Stopping loop
18:17:35.548 [JavaFX Application Thread] DEBUG SystemBundleService  - Saving FXGL system data
18:17:35.550 [JavaFX Application Thread] DEBUG FileSystemAccess     - Writing to: C:\Users\abdul\IdeaProjects\Produktionslinie\system\fxgl.bundle
18:17:35.552 [JavaFX Application Thread] DEBUG Async                - Shutting down background threads
18:17:35.553 [JavaFX Application Thread] DEBUG PrimaryStageWindow   - Closing main window
18:17:35.563 [JavaFX Application Thread] DEBUG Logger               - Closing Logger
