22:00:33.361 [main                     ] DEBUG Logger               - Configured Logger
22:00:33.375 [main                     ] DEBUG GameApplication      - Logging settings
Title: Produktionslinie
Version: 0.0
Width: 800
Height: 600
Fullscreen: false
Intro: false
Profiling: false
Single step:false
App Mode: DEVELOPER
Menu Key: ESCAPE
Stage Style: DECORATED
Scene Factory: class com.almasb.fxgl.app.scene.SceneFactory

22:00:33.667 [JavaFX Application Thread] DEBUG FXGLApplication      - Initializing FXGL
22:00:33.672 [JavaFX Application Thread] INFO  Engine               - FXGL-21.1 (27.03.2024 07.52) on WINDOWS (J:24.0.1 FX:24.0.1+1)
22:00:33.672 [JavaFX Application Thread] DEBUG Engine               - JRE Vendor Name: BellSoft
22:00:33.672 [JavaFX Application Thread] DEBUG Engine               - Running on OS: Windows 11 version 10.0
22:00:33.672 [JavaFX Application Thread] DEBUG Engine               - Architecture: amd64
22:00:33.673 [JavaFX Application Thread] INFO  Engine               - Source code and latest versions at: https://github.com/AlmasB/FXGL
22:00:33.673 [JavaFX Application Thread] INFO  Engine               -       Ask questions and discuss at: https://github.com/AlmasB/FXGL/discussions
22:00:33.673 [JavaFX Application Thread] INFO  Engine               -              Join the FXGL chat at: https://gitter.im/AlmasB/FXGL
22:00:33.759 [JavaFX Application Thread] DEBUG PrimaryStageWindow   - Creating a JavaFX scene
22:00:33.796 [JavaFX Application Thread] DEBUG PrimaryStageWindow   - Target settings size: 800.0 x 600.0
22:00:33.796 [JavaFX Application Thread] DEBUG PrimaryStageWindow   - Scaled scene size:    800.0 x 600.0
22:00:33.796 [JavaFX Application Thread] DEBUG PrimaryStageWindow   - Scaled ratio: (1.0, 1.0)
22:00:33.798 [JavaFX Application Thread] DEBUG PrimaryStageWindow   - Set initial scene to FXGLStartupScene
22:00:33.804 [JavaFX Application Thread] DEBUG PrimaryStageWindow   - Opening main window
22:00:34.084 [JavaFX Application Thread] DEBUG PrimaryStageWindow   - Window border size: (14.66668701171875, 37.33331298828125)
22:00:34.085 [JavaFX Application Thread] DEBUG PrimaryStageWindow   - Scaled size: 800.0 x 600.0
22:00:34.085 [JavaFX Application Thread] DEBUG PrimaryStageWindow   - Scaled ratio: (1.0, 1.0)
22:00:34.085 [JavaFX Application Thread] DEBUG PrimaryStageWindow   - Scene size: 800.0 x 600.0
22:00:34.085 [JavaFX Application Thread] DEBUG PrimaryStageWindow   - Stage size: 814.6666870117188 x 637.3333129882812
22:00:34.097 [FXGL Background Thread 1 ] DEBUG Engine               - Initializing environment variables
22:00:34.189 [FXGL Background Thread 1 ] DEBUG FXGLAssetLoaderServi - User app class for loading assets: class org.betriebssysteme.view.ProductionLineApp
22:00:34.189 [FXGL Background Thread 1 ] DEBUG GameApplicationServi - Applying CSS: fxgl_dark.css
22:00:34.191 [FXGL Background Thread 1 ] DEBUG FXGLAssetLoaderServi - Loading from file system: jar:file:/C:/Users/user/.m2/repository/com/github/AlmasB/FXGL/21.1/fxgl-21.1.jar!/fxglassets/ui/css/fxgl_dark.css
22:00:34.250 [FXGL Background Thread 1 ] DEBUG GameApplicationServi - Initializing application scenes
22:00:34.321 [FXGL Background Thread 1 ] DEBUG GameWorld            - Game world initialized
22:00:34.399 [FXGL Background Thread 1 ] DEBUG PhysicsWorld         - Physics world initialized: appHeight=600, physics.ppm=50,0
22:00:34.400 [FXGL Background Thread 1 ] DEBUG PhysicsWorld         - Using strategy: BRUTE_FORCE
22:00:34.404 [FXGL Background Thread 1 ] DEBUG GameScene            - Game scene initialized: 800x600
22:00:34.419 [FXGL Background Thread 1 ] DEBUG FXGL.DefaultMenu     - createMenuBodyGameMenu()
22:00:34.432 [FXGL Background Thread 1 ] DEBUG FXGL.DefaultMenu     - createOptionsMenu()
22:00:34.448 [FXGL Background Thread 1 ] DEBUG FXGLAssetLoaderServi - Loading from file system: jar:file:/C:/Users/user/.m2/repository/com/github/AlmasB/FXGL/21.1/fxgl-21.1.jar!/fxglassets/textures/particles/smoke.png
22:00:34.560 [FXGL Background Thread 1 ] DEBUG FXGLAssetLoaderServi - Loading from file system: jar:file:/C:/Users/user/.m2/repository/com/github/AlmasB/FXGL/21.1/fxgl-21.1.jar!/fxglassets/textures/particles/trace_horizontal.png
22:00:34.584 [FXGL Background Thread 1 ] DEBUG GameApplicationServi - Application scenes initialized
22:00:34.598 [FXGL Background Thread 1 ] DEBUG SystemBundleService  - Loading FXGL system data
22:00:34.611 [FXGL Background Thread 1 ] DEBUG FileSystemAccess     - Reading from: C:\Users\user\IdeaProjects\Produktionslinie\system\fxgl.bundle
22:00:34.619 [FXGL Background Thread 1 ] DEBUG SystemBundleService  - Bundle FXGL: {}
22:00:34.620 [FXGL Background Thread 1 ] DEBUG UpdaterService       - Checking for updates
22:00:34.646 [FXGL Background Thread 4 ] DEBUG FXGLApplication      - Loading fonts
22:00:34.647 [FXGL Background Thread 4 ] DEBUG FXGLAssetLoaderServi - Loading from file system: jar:file:/C:/Users/user/.m2/repository/com/github/AlmasB/FXGL/21.1/fxgl-21.1.jar!/fxglassets/ui/fonts/VarelaRound-Regular.ttf
22:00:34.647 [FXGL Background Thread 1 ] DEBUG FXGLApplication      - Loading default localization
22:00:34.647 [FXGL Background Thread 1 ] DEBUG FXGLAssetLoaderServi - Loading from file system: jar:file:/C:/Users/user/.m2/repository/com/github/AlmasB/FXGL/21.1/fxgl-21.1.jar!/fxglassets/languages/english.lang
22:00:34.681 [FXGL Background Thread 1 ] INFO  FXGLApplication      - FXGL initialization took: 0,583 sec
22:00:34.683 [JavaFX Application Thread] DEBUG FXGLAssetLoaderServi - Loading from file system: jar:file:/C:/Users/user/.m2/repository/com/github/AlmasB/FXGL/21.1/fxgl-21.1.jar!/fxglassets/textures/fxgl_icon.png
22:00:34.695 [FXGL Background Thread 4 ] DEBUG FXGLAssetLoaderServi - Loading from file system: jar:file:/C:/Users/user/.m2/repository/com/github/AlmasB/FXGL/21.1/fxgl-21.1.jar!/fxglassets/ui/fonts/Abel-Regular.ttf
22:00:34.701 [JavaFX Application Thread] DEBUG FXGLAssetLoaderServi - Loading from file system: jar:file:/C:/Users/user/.m2/repository/com/github/AlmasB/FXGL/21.1/fxgl-21.1.jar!/fxglassets/textures/fxgl_default_cursor.png
22:00:34.710 [FXGL Background Thread 4 ] DEBUG FXGLAssetLoaderServi - Loading from file system: jar:file:/C:/Users/user/.m2/repository/com/github/AlmasB/FXGL/21.1/fxgl-21.1.jar!/fxglassets/ui/fonts/TerminalLandMono-Regular.otf
22:00:34.727 [JavaFX Application Thread] DEBUG Input                - Registered new binding: Screenshot - CTRL+8
22:00:34.727 [FXGL Background Thread 4 ] DEBUG FXGLAssetLoaderServi - Loading from file system: jar:file:/C:/Users/user/.m2/repository/com/github/AlmasB/FXGL/21.1/fxgl-21.1.jar!/fxglassets/ui/fonts/Courier-Prime.ttf
22:00:34.729 [JavaFX Application Thread] DEBUG Input                - Registered new binding: Dev Options - 1
22:00:34.729 [JavaFX Application Thread] DEBUG Input                - Registered new binding: Dev Console - 2
22:00:34.730 [JavaFX Application Thread] DEBUG Input                - Registered new binding: System info dump - CTRL+9
22:00:34.731 [JavaFX Application Thread] DEBUG Input                - Registered new binding: Restart - CTRL+R
22:00:34.733 [JavaFX Application Thread] DEBUG Input                - Registered new binding: Toggle Debug Camera - CTRL+7
22:00:34.741 [JavaFX Application Thread] DEBUG LoopRunner           - Starting loop
22:00:34.762 [JavaFX Application Thread] DEBUG LoopRunner           - Initializing JavaFX AnimationTimerLoop
22:00:34.765 [JavaFX Application Thread] DEBUG GameApplicationServi - Starting new game
22:00:34.765 [JavaFX Application Thread] DEBUG Input                - Clearing active input actions
22:00:34.781 [JavaFX Application Thread] DEBUG GameApplicationServi - Removing overlay from FXGLStartupScene and adding to FXGLLoadingScene
22:00:34.787 [JavaFX Application Thread] DEBUG PrimaryStageWindow   - FXGLStartupScene -> FXGLLoadingScene
22:00:34.787 [JavaFX Application Thread] DEBUG GameApplicationServi - Clearing previous game
22:00:34.787 [JavaFX Application Thread] DEBUG GameScene            - Clearing game scene
22:00:34.787 [JavaFX Application Thread] DEBUG GameWorld            - Clearing game world
22:00:34.787 [JavaFX Application Thread] DEBUG PhysicsWorld         - Clearing physics world
22:00:34.789 [FXGL Background Thread 4 ] DEBUG FXGLApplication      - Initializing game
22:00:34.789 [JavaFX Application Thread] DEBUG FXGLApplication      - Registering font factories with UI factory
22:00:34.834 [FXGL Background Thread 4 ] DEBUG FXGLAssetLoaderServi - Loading from file system: file:/C:/Users/user/IdeaProjects/Produktionslinie/target/classes/assets/textures/Turning_Off_Animation.png
22:00:34.845 [FXGL Background Thread 4 ] DEBUG FXGLAssetLoaderServi - Loading from file system: file:/C:/Users/user/IdeaProjects/Produktionslinie/target/classes/assets/textures/Turning_On_Animation.png
22:00:34.847 [FXGL Background Thread 4 ] DEBUG FXGLAssetLoaderServi - Loading from file system: file:/C:/Users/user/IdeaProjects/Produktionslinie/target/classes/assets/textures/Production_While_Taking_Items_Animation.png
22:00:34.851 [FXGL Background Thread 4 ] WARN  FXGLAssetLoaderServi - Asset "/assets/textures/Production_While_Without_Items_Animation.png" was not found!
22:00:34.851 [FXGL Background Thread 4 ] WARN  FXGLAssetLoaderServi - Failed to load IMAGE
22:00:35.245 [FXGL Background Thread 4 ] INFO  FXGLApplication      - Game initialization took: 0,455 sec
22:00:35.247 [JavaFX Application Thread] DEBUG Input                - Clearing active input actions
22:00:35.257 [JavaFX Application Thread] DEBUG GameApplicationServi - Removing overlay from FXGLLoadingScene and adding to GameScene
22:00:35.262 [JavaFX Application Thread] DEBUG PrimaryStageWindow   - FXGLLoadingScene -> GameScene
22:00:37.644 [FXGL Background Thread 3 ] DEBUG Engine               - Logging environment variables
22:00:37.645 [FXGL Background Thread 3 ] DEBUG Engine               - achievements: []
22:00:37.645 [FXGL Background Thread 3 ] DEBUG Engine               - actualHeight: 600.0
22:00:37.645 [FXGL Background Thread 3 ] DEBUG Engine               - actualHeightProperty: ReadOnlyDoubleProperty [value: 600.0]
22:00:37.645 [FXGL Background Thread 3 ] DEBUG Engine               - actualWidth: 800.0
22:00:37.645 [FXGL Background Thread 3 ] DEBUG Engine               - actualWidthProperty: ReadOnlyDoubleProperty [value: 800.0]
22:00:37.645 [FXGL Background Thread 3 ] DEBUG Engine               - appIcon: fxgl_icon.png
22:00:37.645 [FXGL Background Thread 3 ] DEBUG Engine               - applicationMode: DEVELOPER
22:00:37.645 [FXGL Background Thread 3 ] DEBUG Engine               - cSSList: [fxgl_dark.css]
22:00:37.645 [FXGL Background Thread 3 ] DEBUG Engine               - collisionDetectionStrategy: BRUTE_FORCE
22:00:37.647 [FXGL Background Thread 3 ] DEBUG Engine               - configClass: Optional.empty
22:00:37.647 [FXGL Background Thread 3 ] DEBUG Engine               - credits: []
22:00:37.647 [FXGL Background Thread 3 ] DEBUG Engine               - defaultCursor: CursorInfo(imageName=fxgl_default_cursor.png, hotspotX=7.0, hotspotY=6.0)
22:00:37.647 [FXGL Background Thread 3 ] DEBUG Engine               - devBBoxColorProperty: ObjectProperty [value: 0xff0000ff]
22:00:37.647 [FXGL Background Thread 3 ] DEBUG Engine               - devEnableDebugCameraProperty: BooleanProperty [value: false]
22:00:37.647 [FXGL Background Thread 3 ] DEBUG Engine               - devSensorColorProperty: ObjectProperty [value: 0xffff00ff]
22:00:37.647 [FXGL Background Thread 3 ] DEBUG Engine               - devShowBBoxProperty: BooleanProperty [value: false]
22:00:37.648 [FXGL Background Thread 3 ] DEBUG Engine               - devShowPositionProperty: BooleanProperty [value: false]
22:00:37.648 [FXGL Background Thread 3 ] DEBUG Engine               - enabledMenuItems: []
22:00:37.648 [FXGL Background Thread 3 ] DEBUG Engine               - engineServices: [class com.almasb.fxgl.app.services.FXGLAssetLoaderService, class com.almasb.fxgl.app.FXGLApplication$GameApplicationService, class com.almasb.fxgl.app.services.FXGLDialogService, class com.almasb.fxgl.app.services.IOTaskExecutorService, class com.almasb.fxgl.io.FileSystemService, class com.almasb.fxgl.localization.LocalizationService, class com.almasb.fxgl.app.services.SystemBundleService, class com.almasb.fxgl.profile.SaveLoadService, class com.almasb.fxgl.ui.FXGLUIFactoryServiceProvider, class com.almasb.fxgl.ui.FXGLDialogFactoryServiceProvider, class com.almasb.fxgl.audio.AudioPlayer, class com.almasb.fxgl.notification.impl.NotificationServiceProvider, class com.almasb.fxgl.achievement.AchievementService, class com.almasb.fxgl.cutscene.CutsceneService, class com.almasb.fxgl.minigames.MiniGameService, class com.almasb.fxgl.net.NetService, class com.almasb.fxgl.app.services.UpdaterService, class com.almasb.fxgl.dev.DevService]
22:00:37.648 [FXGL Background Thread 3 ] DEBUG Engine               - fontGame: Abel-Regular.ttf
22:00:37.648 [FXGL Background Thread 3 ] DEBUG Engine               - fontMono: TerminalLandMono-Regular.otf
22:00:37.648 [FXGL Background Thread 3 ] DEBUG Engine               - fontSizeScaleUI: 1.0
22:00:37.648 [FXGL Background Thread 3 ] DEBUG Engine               - fontText: Courier-Prime.ttf
22:00:37.648 [FXGL Background Thread 3 ] DEBUG Engine               - fontUI: VarelaRound-Regular.ttf
22:00:37.648 [FXGL Background Thread 3 ] DEBUG Engine               - fullScreen: BooleanProperty [value: false]
22:00:37.648 [FXGL Background Thread 3 ] DEBUG Engine               - gameDifficulty: MEDIUM
22:00:37.648 [FXGL Background Thread 3 ] DEBUG Engine               - gameDifficultyProperty: ObjectProperty [value: MEDIUM]
22:00:37.648 [FXGL Background Thread 3 ] DEBUG Engine               - globalMusicVolume: 0.5
22:00:37.648 [FXGL Background Thread 3 ] DEBUG Engine               - globalMusicVolumeProperty: DoubleProperty [value: 0.5]
22:00:37.648 [FXGL Background Thread 3 ] DEBUG Engine               - globalSoundVolume: 0.5
22:00:37.649 [FXGL Background Thread 3 ] DEBUG Engine               - globalSoundVolumeProperty: DoubleProperty [value: 0.5]
22:00:37.649 [FXGL Background Thread 3 ] DEBUG Engine               - height: 600
22:00:37.649 [FXGL Background Thread 3 ] DEBUG Engine               - is3D: false
22:00:37.649 [FXGL Background Thread 3 ] DEBUG Engine               - isAndroid: false
22:00:37.649 [FXGL Background Thread 3 ] DEBUG Engine               - isBrowser: false
22:00:37.649 [FXGL Background Thread 3 ] DEBUG Engine               - isClickFeedbackEnabled: false
22:00:37.649 [FXGL Background Thread 3 ] DEBUG Engine               - isCloseConfirmation: false
22:00:37.649 [FXGL Background Thread 3 ] DEBUG Engine               - isDesktop: true
22:00:37.649 [FXGL Background Thread 3 ] DEBUG Engine               - isDeveloperMenuEnabled: true
22:00:37.649 [FXGL Background Thread 3 ] DEBUG Engine               - isEmbedded: false
22:00:37.649 [FXGL Background Thread 3 ] DEBUG Engine               - isEntityPreloadEnabled: true
22:00:37.649 [FXGL Background Thread 3 ] DEBUG Engine               - isExperimentalTiledLargeMap: false
22:00:37.649 [FXGL Background Thread 3 ] DEBUG Engine               - isFileSystemWriteAllowed: true
22:00:37.649 [FXGL Background Thread 3 ] DEBUG Engine               - isFullScreenAllowed: false
22:00:37.649 [FXGL Background Thread 3 ] DEBUG Engine               - isFullScreenFromStart: false
22:00:37.649 [FXGL Background Thread 3 ] DEBUG Engine               - isGameMenuEnabled: true
22:00:37.649 [FXGL Background Thread 3 ] DEBUG Engine               - isIOS: false
22:00:37.649 [FXGL Background Thread 3 ] DEBUG Engine               - isIntroEnabled: false
22:00:37.649 [FXGL Background Thread 3 ] DEBUG Engine               - isLinux: false
22:00:37.649 [FXGL Background Thread 3 ] DEBUG Engine               - isMac: false
22:00:37.650 [FXGL Background Thread 3 ] DEBUG Engine               - isMainMenuEnabled: false
22:00:37.650 [FXGL Background Thread 3 ] DEBUG Engine               - isManualResizeEnabled: false
22:00:37.651 [FXGL Background Thread 3 ] DEBUG Engine               - isMobile: false
22:00:37.651 [FXGL Background Thread 3 ] DEBUG Engine               - isNative: false
22:00:37.651 [FXGL Background Thread 3 ] DEBUG Engine               - isPauseMusicWhenMinimized: true
22:00:37.651 [FXGL Background Thread 3 ] DEBUG Engine               - isPreserveResizeRatio: false
22:00:37.651 [FXGL Background Thread 3 ] DEBUG Engine               - isProfilingEnabled: false
22:00:37.651 [FXGL Background Thread 3 ] DEBUG Engine               - isScaleAffectedOnResize: true
22:00:37.651 [FXGL Background Thread 3 ] DEBUG Engine               - isSingleStep: false
22:00:37.651 [FXGL Background Thread 3 ] DEBUG Engine               - isUserProfileEnabled: false
22:00:37.651 [FXGL Background Thread 3 ] DEBUG Engine               - isWindows: true
22:00:37.651 [FXGL Background Thread 3 ] DEBUG Engine               - language: ObjectProperty [value: ENGLISH]
22:00:37.651 [FXGL Background Thread 3 ] DEBUG Engine               - menuKey: ESCAPE
22:00:37.651 [FXGL Background Thread 3 ] DEBUG Engine               - mouseSensitivity: 0.2
22:00:37.651 [FXGL Background Thread 3 ] DEBUG Engine               - notificationViewClass: class com.almasb.fxgl.notification.view.XboxNotificationView
22:00:37.652 [FXGL Background Thread 3 ] DEBUG Engine               - pixelsPerMeter: 50.0
22:00:37.652 [FXGL Background Thread 3 ] DEBUG Engine               - platform: WINDOWS
22:00:37.652 [FXGL Background Thread 3 ] DEBUG Engine               - prefHeightProperty: ReadOnlyDoubleProperty [value: 600.0]
22:00:37.652 [FXGL Background Thread 3 ] DEBUG Engine               - prefWidthProperty: ReadOnlyDoubleProperty [value: 800.0]
22:00:37.652 [FXGL Background Thread 3 ] DEBUG Engine               - profileDir: profiles/
22:00:37.652 [FXGL Background Thread 3 ] DEBUG Engine               - profileName: StringProperty [value: DEFAULT]
22:00:37.652 [FXGL Background Thread 3 ] DEBUG Engine               - randomSeed: -1
22:00:37.652 [FXGL Background Thread 3 ] DEBUG Engine               - runtimeInfo: RuntimeInfo(platform=WINDOWS, version=21.1, build=27.03.2024 07.52)
22:00:37.652 [FXGL Background Thread 3 ] DEBUG Engine               - saveFileExt: sav
22:00:37.652 [FXGL Background Thread 3 ] DEBUG Engine               - scaledHeightProp$fxgl: DoubleProperty [bound, value: 600.0]
22:00:37.652 [FXGL Background Thread 3 ] DEBUG Engine               - scaledWidthProp$fxgl: DoubleProperty [bound, value: 800.0]
22:00:37.652 [FXGL Background Thread 3 ] DEBUG Engine               - sceneFactory: com.almasb.fxgl.app.scene.SceneFactory@20f80c33
22:00:37.652 [FXGL Background Thread 3 ] DEBUG Engine               - secondsIn24h: 60
22:00:37.652 [FXGL Background Thread 3 ] DEBUG Engine               - soundMenuBack: menu/back.wav
22:00:37.652 [FXGL Background Thread 3 ] DEBUG Engine               - soundMenuPress: menu/press.wav
22:00:37.653 [FXGL Background Thread 3 ] DEBUG Engine               - soundMenuSelect: menu/select.wav
22:00:37.653 [FXGL Background Thread 3 ] DEBUG Engine               - soundNotification: core/notification.wav
22:00:37.653 [FXGL Background Thread 3 ] DEBUG Engine               - stageStyle: DECORATED
22:00:37.653 [FXGL Background Thread 3 ] DEBUG Engine               - supportedLanguages: [ENGLISH, FRENCH, GERMAN, HUNGARIAN, RUSSIAN]
22:00:37.653 [FXGL Background Thread 3 ] DEBUG Engine               - ticksPerSecond: -1
22:00:37.653 [FXGL Background Thread 3 ] DEBUG Engine               - title: Produktionslinie
22:00:37.653 [FXGL Background Thread 3 ] DEBUG Engine               - urlGithub: https://github.com/AlmasB/FXGL
22:00:37.653 [FXGL Background Thread 3 ] DEBUG Engine               - urlLeaderboard: http://fxgl-top.herokuapp.com/
22:00:37.653 [FXGL Background Thread 3 ] DEBUG Engine               - urlPOM: https://raw.githubusercontent.com/AlmasB/FXGL/release/README.md
22:00:37.653 [FXGL Background Thread 3 ] DEBUG Engine               - userAppClass: class org.betriebssysteme.view.ProductionLineApp
22:00:37.653 [FXGL Background Thread 3 ] DEBUG Engine               - version: 0.0
22:00:37.653 [FXGL Background Thread 3 ] DEBUG Engine               - versionCheckDays: 7
22:00:37.653 [FXGL Background Thread 3 ] DEBUG Engine               - width: 800
22:00:37.653 [FXGL Background Thread 3 ] DEBUG Engine               - Logging services
22:00:37.653 [FXGL Background Thread 3 ] DEBUG Engine               - class com.almasb.fxgl.app.services.FXGLAssetLoaderService
22:00:37.653 [FXGL Background Thread 3 ] DEBUG Engine               - class com.almasb.fxgl.app.FXGLApplication$GameApplicationService
22:00:37.653 [FXGL Background Thread 3 ] DEBUG Engine               - class com.almasb.fxgl.app.services.FXGLDialogService
22:00:37.653 [FXGL Background Thread 3 ] DEBUG Engine               - class com.almasb.fxgl.app.services.IOTaskExecutorService
22:00:37.653 [FXGL Background Thread 3 ] DEBUG Engine               - class com.almasb.fxgl.io.FileSystemService
22:00:37.653 [FXGL Background Thread 3 ] DEBUG Engine               - class com.almasb.fxgl.localization.LocalizationService
22:00:37.653 [FXGL Background Thread 3 ] DEBUG Engine               - class com.almasb.fxgl.app.services.SystemBundleService
22:00:37.653 [FXGL Background Thread 3 ] DEBUG Engine               - class com.almasb.fxgl.profile.SaveLoadService
22:00:37.653 [FXGL Background Thread 3 ] DEBUG Engine               - class com.almasb.fxgl.ui.FXGLUIFactoryServiceProvider
22:00:37.653 [FXGL Background Thread 3 ] DEBUG Engine               - class com.almasb.fxgl.ui.FXGLDialogFactoryServiceProvider
22:00:37.653 [FXGL Background Thread 3 ] DEBUG Engine               - class com.almasb.fxgl.audio.AudioPlayer
22:00:37.653 [FXGL Background Thread 3 ] DEBUG Engine               - class com.almasb.fxgl.notification.impl.NotificationServiceProvider
22:00:37.653 [FXGL Background Thread 3 ] DEBUG Engine               - class com.almasb.fxgl.achievement.AchievementService
22:00:37.653 [FXGL Background Thread 3 ] DEBUG Engine               - class com.almasb.fxgl.cutscene.CutsceneService
22:00:37.653 [FXGL Background Thread 3 ] DEBUG Engine               - class com.almasb.fxgl.minigames.MiniGameService
22:00:37.653 [FXGL Background Thread 3 ] DEBUG Engine               - class com.almasb.fxgl.net.NetService
22:00:37.653 [FXGL Background Thread 3 ] DEBUG Engine               - class com.almasb.fxgl.app.services.UpdaterService
22:00:37.653 [FXGL Background Thread 3 ] DEBUG Engine               - class com.almasb.fxgl.dev.DevService
22:00:49.700 [JavaFX Application Thread] DEBUG FXGLApplication      - Exiting FXGL
22:00:49.700 [JavaFX Application Thread] DEBUG LoopRunner           - Stopping loop
22:00:49.701 [JavaFX Application Thread] DEBUG SystemBundleService  - Saving FXGL system data
22:00:49.703 [JavaFX Application Thread] DEBUG FileSystemAccess     - Writing to: C:\Users\user\IdeaProjects\Produktionslinie\system\fxgl.bundle
22:00:49.706 [JavaFX Application Thread] DEBUG Async                - Shutting down background threads
22:00:49.706 [JavaFX Application Thread] DEBUG PrimaryStageWindow   - Closing main window
22:00:49.727 [JavaFX Application Thread] DEBUG Logger               - Closing Logger
