19:47:31.306 [main                     ] DEBUG Logger               - Configured Logger
19:47:31.317 [main                     ] DEBUG GameApplication      - Logging settings
Title: Produktionslinie
Version: 0.0
Width: 1600
Height: 900
Fullscreen: false
Intro: false
Profiling: false
Single step:false
App Mode: DEVELOPER
Menu Key: ESCAPE
Stage Style: DECORATED
Scene Factory: class com.almasb.fxgl.app.scene.SceneFactory

19:47:31.588 [JavaFX Application Thread] DEBUG FXGLApplication      - Initializing FXGL
19:47:31.592 [JavaFX Application Thread] INFO  Engine               - FXGL-21.1 (27.03.2024 07.52) on WINDOWS (J:24.0.1 FX:24.0.1+1)
19:47:31.593 [JavaFX Application Thread] DEBUG Engine               - JRE Vendor Name: BellSoft
19:47:31.593 [JavaFX Application Thread] DEBUG Engine               - Running on OS: Windows 11 version 10.0
19:47:31.593 [JavaFX Application Thread] DEBUG Engine               - Architecture: amd64
19:47:31.593 [JavaFX Application Thread] INFO  Engine               - Source code and latest versions at: https://github.com/AlmasB/FXGL
19:47:31.593 [JavaFX Application Thread] INFO  Engine               -       Ask questions and discuss at: https://github.com/AlmasB/FXGL/discussions
19:47:31.593 [JavaFX Application Thread] INFO  Engine               -              Join the FXGL chat at: https://gitter.im/AlmasB/FXGL
19:47:31.687 [JavaFX Application Thread] DEBUG PrimaryStageWindow   - Creating a JavaFX scene
19:47:31.687 [JavaFX Application Thread] DEBUG PrimaryStageWindow   - Target size > screen size
19:47:31.729 [JavaFX Application Thread] DEBUG PrimaryStageWindow   - Target settings size: 1600.0 x 900.0
19:47:31.729 [JavaFX Application Thread] DEBUG PrimaryStageWindow   - Scaled scene size:    1415.0 x 810.0
19:47:31.729 [JavaFX Application Thread] DEBUG PrimaryStageWindow   - Scaled ratio: (0.884375, 0.9)
19:47:31.730 [JavaFX Application Thread] DEBUG PrimaryStageWindow   - Set initial scene to FXGLStartupScene
19:47:31.737 [JavaFX Application Thread] DEBUG PrimaryStageWindow   - Opening main window
19:47:32.011 [JavaFX Application Thread] DEBUG PrimaryStageWindow   - Window border size: (15.0, 37.33331298828125)
19:47:32.012 [JavaFX Application Thread] DEBUG PrimaryStageWindow   - Scaled size: 1415.0 x 810.0
19:47:32.012 [JavaFX Application Thread] DEBUG PrimaryStageWindow   - Scaled ratio: (0.884375, 0.9)
19:47:32.012 [JavaFX Application Thread] DEBUG PrimaryStageWindow   - Scene size: 1415.0 x 810.0
19:47:32.012 [JavaFX Application Thread] DEBUG PrimaryStageWindow   - Stage size: 1430.0 x 847.3333129882812
19:47:32.029 [FXGL Background Thread 1 ] DEBUG Engine               - Initializing environment variables
19:47:32.136 [FXGL Background Thread 1 ] DEBUG FXGLAssetLoaderServi - User app class for loading assets: class org.betriebssysteme.view.ProductionLineApp
19:47:32.136 [FXGL Background Thread 1 ] DEBUG GameApplicationServi - Applying CSS: fxgl_dark.css
19:47:32.138 [FXGL Background Thread 1 ] DEBUG FXGLAssetLoaderServi - Loading from file system: jar:file:/C:/Users/user/.m2/repository/com/github/AlmasB/FXGL/21.1/fxgl-21.1.jar!/fxglassets/ui/css/fxgl_dark.css
19:47:32.200 [FXGL Background Thread 1 ] DEBUG GameApplicationServi - Initializing application scenes
19:47:32.267 [FXGL Background Thread 1 ] DEBUG GameWorld            - Game world initialized
19:47:32.344 [FXGL Background Thread 1 ] DEBUG PhysicsWorld         - Physics world initialized: appHeight=900, physics.ppm=50,0
19:47:32.345 [FXGL Background Thread 1 ] DEBUG PhysicsWorld         - Using strategy: BRUTE_FORCE
19:47:32.350 [FXGL Background Thread 1 ] DEBUG GameScene            - Game scene initialized: 1600x900
19:47:32.364 [FXGL Background Thread 1 ] DEBUG FXGL.DefaultMenu     - createMenuBodyGameMenu()
19:47:32.379 [FXGL Background Thread 1 ] DEBUG FXGL.DefaultMenu     - createOptionsMenu()
19:47:32.393 [FXGL Background Thread 1 ] DEBUG FXGLAssetLoaderServi - Loading from file system: jar:file:/C:/Users/user/.m2/repository/com/github/AlmasB/FXGL/21.1/fxgl-21.1.jar!/fxglassets/textures/particles/smoke.png
19:47:32.505 [FXGL Background Thread 1 ] DEBUG FXGLAssetLoaderServi - Loading from file system: jar:file:/C:/Users/user/.m2/repository/com/github/AlmasB/FXGL/21.1/fxgl-21.1.jar!/fxglassets/textures/particles/trace_horizontal.png
19:47:32.533 [FXGL Background Thread 1 ] DEBUG GameApplicationServi - Application scenes initialized
19:47:32.546 [FXGL Background Thread 1 ] DEBUG SystemBundleService  - Loading FXGL system data
19:47:32.559 [FXGL Background Thread 1 ] DEBUG FileSystemAccess     - Reading from: C:\Users\user\IdeaProjects\Produktionslinie\system\fxgl.bundle
19:47:32.567 [FXGL Background Thread 1 ] DEBUG SystemBundleService  - Bundle FXGL: {}
19:47:32.567 [FXGL Background Thread 1 ] DEBUG UpdaterService       - Checking for updates
19:47:32.589 [FXGL Background Thread 4 ] DEBUG FXGLApplication      - Loading fonts
19:47:32.590 [FXGL Background Thread 4 ] DEBUG FXGLAssetLoaderServi - Loading from file system: jar:file:/C:/Users/user/.m2/repository/com/github/AlmasB/FXGL/21.1/fxgl-21.1.jar!/fxglassets/ui/fonts/VarelaRound-Regular.ttf
19:47:32.590 [FXGL Background Thread 1 ] DEBUG FXGLApplication      - Loading default localization
19:47:32.592 [FXGL Background Thread 1 ] DEBUG FXGLAssetLoaderServi - Loading from file system: jar:file:/C:/Users/user/.m2/repository/com/github/AlmasB/FXGL/21.1/fxgl-21.1.jar!/fxglassets/languages/english.lang
19:47:32.628 [FXGL Background Thread 1 ] INFO  FXGLApplication      - FXGL initialization took: 0,599 sec
19:47:32.639 [JavaFX Application Thread] DEBUG Input                - Registered new binding: action0 - R
19:47:32.640 [FXGL Background Thread 4 ] DEBUG FXGLAssetLoaderServi - Loading from file system: jar:file:/C:/Users/user/.m2/repository/com/github/AlmasB/FXGL/21.1/fxgl-21.1.jar!/fxglassets/ui/fonts/Abel-Regular.ttf
19:47:32.642 [JavaFX Application Thread] DEBUG FXGLAssetLoaderServi - Loading from file system: jar:file:/C:/Users/user/.m2/repository/com/github/AlmasB/FXGL/21.1/fxgl-21.1.jar!/fxglassets/textures/fxgl_icon.png
19:47:32.655 [FXGL Background Thread 4 ] DEBUG FXGLAssetLoaderServi - Loading from file system: jar:file:/C:/Users/user/.m2/repository/com/github/AlmasB/FXGL/21.1/fxgl-21.1.jar!/fxglassets/ui/fonts/TerminalLandMono-Regular.otf
19:47:32.659 [JavaFX Application Thread] DEBUG FXGLAssetLoaderServi - Loading from file system: jar:file:/C:/Users/user/.m2/repository/com/github/AlmasB/FXGL/21.1/fxgl-21.1.jar!/fxglassets/textures/fxgl_default_cursor.png
19:47:32.664 [JavaFX Application Thread] DEBUG Input                - Registered new binding: Screenshot - CTRL+8
19:47:32.665 [JavaFX Application Thread] DEBUG Input                - Registered new binding: Dev Options - 1
19:47:32.666 [JavaFX Application Thread] DEBUG Input                - Registered new binding: Dev Console - 2
19:47:32.668 [JavaFX Application Thread] DEBUG Input                - Registered new binding: System info dump - CTRL+9
19:47:32.669 [JavaFX Application Thread] DEBUG Input                - Registered new binding: Restart - CTRL+R
19:47:32.670 [JavaFX Application Thread] DEBUG Input                - Registered new binding: Toggle Debug Camera - CTRL+7
19:47:32.673 [FXGL Background Thread 4 ] DEBUG FXGLAssetLoaderServi - Loading from file system: jar:file:/C:/Users/user/.m2/repository/com/github/AlmasB/FXGL/21.1/fxgl-21.1.jar!/fxglassets/ui/fonts/Courier-Prime.ttf
19:47:32.677 [JavaFX Application Thread] DEBUG LoopRunner           - Starting loop
19:47:32.702 [JavaFX Application Thread] DEBUG LoopRunner           - Initializing JavaFX AnimationTimerLoop
19:47:32.703 [JavaFX Application Thread] DEBUG GameApplicationServi - Starting new game
19:47:32.704 [JavaFX Application Thread] DEBUG Input                - Clearing active input actions
19:47:32.721 [JavaFX Application Thread] DEBUG GameApplicationServi - Removing overlay from FXGLStartupScene and adding to FXGLLoadingScene
19:47:32.728 [JavaFX Application Thread] DEBUG PrimaryStageWindow   - FXGLStartupScene -> FXGLLoadingScene
19:47:32.728 [JavaFX Application Thread] DEBUG GameApplicationServi - Clearing previous game
19:47:32.728 [JavaFX Application Thread] DEBUG GameScene            - Clearing game scene
19:47:32.728 [JavaFX Application Thread] DEBUG GameWorld            - Clearing game world
19:47:32.728 [JavaFX Application Thread] DEBUG PhysicsWorld         - Clearing physics world
19:47:32.733 [FXGL Background Thread 4 ] DEBUG FXGLApplication      - Initializing game
19:47:32.744 [JavaFX Application Thread] DEBUG FXGLApplication      - Registering font factories with UI factory
19:47:32.818 [FXGL Background Thread 4 ] WARN  TMXLevelLoader       - TiledMap generated from 1.11.2. Supported version: 1.9.0. Some features may not be parsed fully.
19:47:32.831 [FXGL Background Thread 4 ] DEBUG TMXLevelLoader       - Parsed TiledMap: file:/C:/Users/user/IdeaProjects/Produktionslinie/target/classes/assets/levels/map.tmx
19:47:32.832 [FXGL Background Thread 4 ] DEBUG TMXLevelLoader       - Creating tile layer entities
19:47:32.837 [FXGL Background Thread 4 ] DEBUG TilesetLoader        - Loading view for layer Kachelebene 1
19:47:32.848 [FXGL Background Thread 4 ] DEBUG TilesetLoader        - Created buffer with size 3200.0x3200.0
19:47:32.903 [FXGL Background Thread 4 ] DEBUG TMXLevelLoader       - Creating object layer entities
19:47:32.905 [FXGL Background Thread 4 ] DEBUG GameWorld            - Clearing removable entities
19:47:32.906 [FXGL Background Thread 4 ] DEBUG GameWorld            - Setting level: com.almasb.fxgl.entity.level.Level@12f6a2ee
19:47:32.936 [FXGL Background Thread 4 ] DEBUG FXGLAssetLoaderServi - Loading from file system: file:/C:/Users/user/IdeaProjects/Produktionslinie/target/classes/assets/textures/Info_Menu_Machine_Asset.png
19:47:33.043 [FXGL Background Thread 4 ] DEBUG FXGLAssetLoaderServi - Loading from file system: file:/C:/Users/user/IdeaProjects/Produktionslinie/target/classes/assets/textures/Turning_Off_Animation.png
19:47:33.053 [FXGL Background Thread 4 ] DEBUG FXGLAssetLoaderServi - Loading from file system: file:/C:/Users/user/IdeaProjects/Produktionslinie/target/classes/assets/textures/Turning_On_Animation.png
19:47:33.056 [FXGL Background Thread 4 ] DEBUG FXGLAssetLoaderServi - Loading from file system: file:/C:/Users/user/IdeaProjects/Produktionslinie/target/classes/assets/textures/Production_While_Taking_Items_Animation.png
19:47:33.060 [FXGL Background Thread 4 ] DEBUG FXGLAssetLoaderServi - Loading from file system: file:/C:/Users/user/IdeaProjects/Produktionslinie/target/classes/assets/textures/Production_Without_Taking_Items_Animation.png
19:47:33.105 [FXGL Background Thread 4 ] DEBUG FXGLAssetLoaderServi - Loading from file system: file:/C:/Users/user/IdeaProjects/Produktionslinie/target/classes/assets/textures/belt-start.png
19:47:33.107 [FXGL Background Thread 4 ] DEBUG FXGLAssetLoaderServi - Loading from file system: file:/C:/Users/user/IdeaProjects/Produktionslinie/target/classes/assets/textures/belt-mid.png
19:47:33.110 [FXGL Background Thread 4 ] DEBUG FXGLAssetLoaderServi - Loading from file system: file:/C:/Users/user/IdeaProjects/Produktionslinie/target/classes/assets/textures/belt-end.png
19:47:33.146 [FXGL Background Thread 4 ] INFO  FXGLApplication      - Game initialization took: 0,413 sec
19:47:33.287 [JavaFX Application Thread] DEBUG Input                - Clearing active input actions
19:47:33.306 [JavaFX Application Thread] DEBUG GameApplicationServi - Removing overlay from FXGLLoadingScene and adding to GameScene
19:47:33.315 [JavaFX Application Thread] DEBUG PrimaryStageWindow   - FXGLLoadingScene -> GameScene
19:47:33.617 [JavaFX Application Thread] DEBUG FXGLApplication      - Exiting FXGL
19:47:33.617 [JavaFX Application Thread] DEBUG LoopRunner           - Stopping loop
19:47:33.618 [JavaFX Application Thread] DEBUG SystemBundleService  - Saving FXGL system data
19:47:33.620 [JavaFX Application Thread] DEBUG FileSystemAccess     - Writing to: C:\Users\user\IdeaProjects\Produktionslinie\system\fxgl.bundle
19:47:33.623 [JavaFX Application Thread] DEBUG Async                - Shutting down background threads
19:47:33.623 [JavaFX Application Thread] DEBUG PrimaryStageWindow   - Closing main window
19:47:33.642 [JavaFX Application Thread] DEBUG Logger               - Closing Logger
