16:19:53.295 [main                     ] DEBUG Logger               - Configured Logger
16:19:53.323 [main                     ] DEBUG GameApplication      - Logging settings
Title: Produktionslinie
Version: 0.0
Width: 1600
Height: 900
Fullscreen: false
Intro: false
Profiling: false
Single step:false
App Mode: DEVELOPER
Menu Key: ESCAPE
Stage Style: DECORATED
Scene Factory: class com.almasb.fxgl.app.scene.SceneFactory

16:19:53.751 [JavaFX Application Thread] DEBUG FXGLApplication      - Initializing FXGL
16:19:53.754 [JavaFX Application Thread] INFO  Engine               - FXGL-21.1 (27.03.2024 07.52) on WINDOWS (J:21.0.9 FX:21.0.1)
16:19:53.754 [JavaFX Application Thread] DEBUG Engine               - JRE Vendor Name: Microsoft
16:19:53.754 [JavaFX Application Thread] DEBUG Engine               - Running on OS: Windows 11 version 10.0
16:19:53.754 [JavaFX Application Thread] DEBUG Engine               - Architecture: amd64
16:19:53.754 [JavaFX Application Thread] INFO  Engine               - Source code and latest versions at: https://github.com/AlmasB/FXGL
16:19:53.754 [JavaFX Application Thread] INFO  Engine               -       Ask questions and discuss at: https://github.com/AlmasB/FXGL/discussions
16:19:53.754 [JavaFX Application Thread] INFO  Engine               -              Join the FXGL chat at: https://gitter.im/AlmasB/FXGL
16:19:53.851 [JavaFX Application Thread] DEBUG PrimaryStageWindow   - Creating a JavaFX scene
16:19:53.895 [JavaFX Application Thread] DEBUG PrimaryStageWindow   - Target settings size: 1600.0 x 900.0
16:19:53.895 [JavaFX Application Thread] DEBUG PrimaryStageWindow   - Scaled scene size:    1600.0 x 900.0
16:19:53.895 [JavaFX Application Thread] DEBUG PrimaryStageWindow   - Scaled ratio: (1.0, 1.0)
16:19:53.896 [JavaFX Application Thread] DEBUG PrimaryStageWindow   - Set initial scene to FXGLStartupScene
16:19:53.898 [JavaFX Application Thread] DEBUG PrimaryStageWindow   - Opening main window
16:19:53.977 [JavaFX Application Thread] DEBUG PrimaryStageWindow   - Window border size: (16.0, 39.0)
16:19:53.978 [JavaFX Application Thread] DEBUG PrimaryStageWindow   - Scaled size: 1600.0 x 900.0
16:19:53.978 [JavaFX Application Thread] DEBUG PrimaryStageWindow   - Scaled ratio: (1.0, 1.0)
16:19:53.978 [JavaFX Application Thread] DEBUG PrimaryStageWindow   - Scene size: 1600.0 x 900.0
16:19:53.978 [JavaFX Application Thread] DEBUG PrimaryStageWindow   - Stage size: 1616.0 x 939.0
16:19:53.984 [FXGL Background Thread 1 ] DEBUG Engine               - Initializing environment variables
16:19:54.029 [FXGL Background Thread 1 ] DEBUG FXGLAssetLoaderServi - User app class for loading assets: class org.betriebssysteme.view.ProductionLineApp
16:19:54.030 [FXGL Background Thread 1 ] DEBUG GameApplicationServi - Applying CSS: fxgl_dark.css
16:19:54.030 [FXGL Background Thread 1 ] DEBUG FXGLAssetLoaderServi - Loading from file system: jar:file:/C:/Users/abdul/.m2/repository/com/github/almasb/fxgl/21.1/fxgl-21.1.jar!/fxglassets/ui/css/fxgl_dark.css
16:19:54.063 [FXGL Background Thread 1 ] DEBUG GameApplicationServi - Initializing application scenes
16:19:54.107 [FXGL Background Thread 1 ] DEBUG GameWorld            - Game world initialized
16:19:54.217 [FXGL Background Thread 1 ] DEBUG PhysicsWorld         - Physics world initialized: appHeight=900, physics.ppm=50,0
16:19:54.217 [FXGL Background Thread 1 ] DEBUG PhysicsWorld         - Using strategy: BRUTE_FORCE
16:19:54.221 [FXGL Background Thread 1 ] DEBUG GameScene            - Game scene initialized: 1600x900
16:19:54.234 [FXGL Background Thread 1 ] DEBUG FXGL.DefaultMenu     - createMenuBodyGameMenu()
16:19:54.247 [FXGL Background Thread 1 ] DEBUG FXGL.DefaultMenu     - createOptionsMenu()
16:19:54.256 [FXGL Background Thread 1 ] DEBUG FXGLAssetLoaderServi - Loading from file system: jar:file:/C:/Users/abdul/.m2/repository/com/github/almasb/fxgl/21.1/fxgl-21.1.jar!/fxglassets/textures/particles/smoke.png
16:19:54.351 [FXGL Background Thread 1 ] DEBUG FXGLAssetLoaderServi - Loading from file system: jar:file:/C:/Users/abdul/.m2/repository/com/github/almasb/fxgl/21.1/fxgl-21.1.jar!/fxglassets/textures/particles/trace_horizontal.png
16:19:54.372 [FXGL Background Thread 1 ] DEBUG GameApplicationServi - Application scenes initialized
16:19:54.386 [FXGL Background Thread 1 ] DEBUG SystemBundleService  - Loading FXGL system data
16:19:54.389 [FXGL Background Thread 1 ] DEBUG FileSystemAccess     - Reading from: C:\Users\abdul\IdeaProjects\Produktionslinie\system\fxgl.bundle
16:19:54.395 [FXGL Background Thread 1 ] DEBUG SystemBundleService  - Bundle FXGL: {}
16:19:54.395 [FXGL Background Thread 1 ] DEBUG UpdaterService       - Checking for updates
16:19:54.424 [FXGL Background Thread 4 ] DEBUG FXGLApplication      - Loading fonts
16:19:54.425 [FXGL Background Thread 4 ] DEBUG FXGLAssetLoaderServi - Loading from file system: jar:file:/C:/Users/abdul/.m2/repository/com/github/almasb/fxgl/21.1/fxgl-21.1.jar!/fxglassets/ui/fonts/VarelaRound-Regular.ttf
16:19:54.425 [FXGL Background Thread 1 ] DEBUG FXGLApplication      - Loading default localization
16:19:54.425 [FXGL Background Thread 1 ] DEBUG FXGLAssetLoaderServi - Loading from file system: jar:file:/C:/Users/abdul/.m2/repository/com/github/almasb/fxgl/21.1/fxgl-21.1.jar!/fxglassets/languages/english.lang
16:19:54.459 [FXGL Background Thread 4 ] DEBUG FXGLAssetLoaderServi - Loading from file system: jar:file:/C:/Users/abdul/.m2/repository/com/github/almasb/fxgl/21.1/fxgl-21.1.jar!/fxglassets/ui/fonts/Abel-Regular.ttf
16:19:54.465 [FXGL Background Thread 1 ] INFO  FXGLApplication      - FXGL initialization took: 0,481 sec
16:19:54.470 [FXGL Background Thread 4 ] DEBUG FXGLAssetLoaderServi - Loading from file system: jar:file:/C:/Users/abdul/.m2/repository/com/github/almasb/fxgl/21.1/fxgl-21.1.jar!/fxglassets/ui/fonts/TerminalLandMono-Regular.otf
16:19:54.479 [JavaFX Application Thread] DEBUG Input                - Registered new binding: action0 - R
16:19:54.480 [FXGL Background Thread 4 ] DEBUG FXGLAssetLoaderServi - Loading from file system: jar:file:/C:/Users/abdul/.m2/repository/com/github/almasb/fxgl/21.1/fxgl-21.1.jar!/fxglassets/ui/fonts/Courier-Prime.ttf
16:19:54.481 [JavaFX Application Thread] DEBUG FXGLAssetLoaderServi - Loading from file system: jar:file:/C:/Users/abdul/.m2/repository/com/github/almasb/fxgl/21.1/fxgl-21.1.jar!/fxglassets/textures/fxgl_icon.png
16:19:54.500 [JavaFX Application Thread] DEBUG FXGLAssetLoaderServi - Loading from file system: jar:file:/C:/Users/abdul/.m2/repository/com/github/almasb/fxgl/21.1/fxgl-21.1.jar!/fxglassets/textures/fxgl_default_cursor.png
16:19:54.506 [JavaFX Application Thread] DEBUG Input                - Registered new binding: Screenshot - CTRL+8
16:19:54.506 [JavaFX Application Thread] DEBUG Input                - Registered new binding: Dev Options - 1
16:19:54.508 [JavaFX Application Thread] DEBUG Input                - Registered new binding: Dev Console - 2
16:19:54.509 [JavaFX Application Thread] DEBUG Input                - Registered new binding: System info dump - CTRL+9
16:19:54.510 [JavaFX Application Thread] DEBUG Input                - Registered new binding: Restart - CTRL+R
16:19:54.512 [JavaFX Application Thread] DEBUG Input                - Registered new binding: Toggle Debug Camera - CTRL+7
16:19:54.524 [JavaFX Application Thread] DEBUG LoopRunner           - Starting loop
16:19:54.549 [JavaFX Application Thread] DEBUG LoopRunner           - Initializing JavaFX AnimationTimerLoop
16:19:54.551 [JavaFX Application Thread] DEBUG GameApplicationServi - Starting new game
16:19:54.553 [JavaFX Application Thread] DEBUG Input                - Clearing active input actions
16:19:54.565 [JavaFX Application Thread] DEBUG GameApplicationServi - Removing overlay from FXGLStartupScene and adding to FXGLLoadingScene
16:19:54.568 [JavaFX Application Thread] DEBUG PrimaryStageWindow   - FXGLStartupScene -> FXGLLoadingScene
16:19:54.568 [JavaFX Application Thread] DEBUG GameApplicationServi - Clearing previous game
16:19:54.568 [JavaFX Application Thread] DEBUG GameScene            - Clearing game scene
16:19:54.568 [JavaFX Application Thread] DEBUG GameWorld            - Clearing game world
16:19:54.569 [JavaFX Application Thread] DEBUG PhysicsWorld         - Clearing physics world
16:19:54.570 [FXGL Background Thread 4 ] DEBUG FXGLApplication      - Initializing game
16:19:54.571 [JavaFX Application Thread] DEBUG FXGLApplication      - Registering font factories with UI factory
16:19:54.577 [FXGL Background Thread 4 ] DEBUG FXGLAssetLoaderServi - Loading from file system: file:/C:/Users/abdul/IdeaProjects/Produktionslinie/target/classes/assets/textures/Info_Menu_Machine_Asset.png
16:19:54.625 [FXGL Background Thread 4 ] DEBUG FXGLAssetLoaderServi - Loading from file system: file:/C:/Users/abdul/IdeaProjects/Produktionslinie/target/classes/assets/textures/Turning_Off_Animation.png
16:19:54.631 [FXGL Background Thread 4 ] DEBUG FXGLAssetLoaderServi - Loading from file system: file:/C:/Users/abdul/IdeaProjects/Produktionslinie/target/classes/assets/textures/Turning_On_Animation.png
16:19:54.632 [FXGL Background Thread 4 ] DEBUG FXGLAssetLoaderServi - Loading from file system: file:/C:/Users/abdul/IdeaProjects/Produktionslinie/target/classes/assets/textures/Production_While_Taking_Items_Animation.png
16:19:54.634 [FXGL Background Thread 4 ] DEBUG FXGLAssetLoaderServi - Loading from file system: file:/C:/Users/abdul/IdeaProjects/Produktionslinie/target/classes/assets/textures/Production_Without_Taking_Items_Animation.png
16:19:54.666 [FXGL Background Thread 4 ] INFO  FXGLApplication      - Game initialization took: 0,096 sec
16:19:54.814 [JavaFX Application Thread] DEBUG Input                - Clearing active input actions
16:19:54.832 [JavaFX Application Thread] DEBUG GameApplicationServi - Removing overlay from FXGLLoadingScene and adding to GameScene
16:19:54.837 [JavaFX Application Thread] DEBUG PrimaryStageWindow   - FXGLLoadingScene -> GameScene
16:19:56.989 [JavaFX Application Thread] DEBUG FXGLApplication      - Exiting FXGL
16:19:56.990 [JavaFX Application Thread] DEBUG LoopRunner           - Stopping loop
16:19:56.990 [JavaFX Application Thread] DEBUG SystemBundleService  - Saving FXGL system data
16:19:56.991 [JavaFX Application Thread] DEBUG FileSystemAccess     - Writing to: C:\Users\abdul\IdeaProjects\Produktionslinie\system\fxgl.bundle
16:19:56.997 [JavaFX Application Thread] DEBUG Async                - Shutting down background threads
16:19:56.997 [JavaFX Application Thread] DEBUG PrimaryStageWindow   - Closing main window
16:19:57.009 [JavaFX Application Thread] DEBUG Logger               - Closing Logger
