21:04:33.775 [main                     ] DEBUG Logger               - Configured Logger
21:04:33.788 [main                     ] DEBUG GameApplication      - Logging settings
Title: Produktionslinie
Version: 0.0
Width: 1600
Height: 900
Fullscreen: false
Intro: false
Profiling: false
Single step:false
App Mode: DEVELOPER
Menu Key: ESCAPE
Stage Style: DECORATED
Scene Factory: class com.almasb.fxgl.app.scene.SceneFactory

21:04:34.061 [JavaFX Application Thread] DEBUG FXGLApplication      - Initializing FXGL
21:04:34.066 [JavaFX Application Thread] INFO  Engine               - FXGL-21.1 (27.03.2024 07.52) on WINDOWS (J:24.0.1 FX:24.0.1+1)
21:04:34.066 [JavaFX Application Thread] DEBUG Engine               - JRE Vendor Name: BellSoft
21:04:34.066 [JavaFX Application Thread] DEBUG Engine               - Running on OS: Windows 11 version 10.0
21:04:34.066 [JavaFX Application Thread] DEBUG Engine               - Architecture: amd64
21:04:34.066 [JavaFX Application Thread] INFO  Engine               - Source code and latest versions at: https://github.com/AlmasB/FXGL
21:04:34.066 [JavaFX Application Thread] INFO  Engine               -       Ask questions and discuss at: https://github.com/AlmasB/FXGL/discussions
21:04:34.066 [JavaFX Application Thread] INFO  Engine               -              Join the FXGL chat at: https://gitter.im/AlmasB/FXGL
21:04:34.144 [JavaFX Application Thread] DEBUG PrimaryStageWindow   - Creating a JavaFX scene
21:04:34.144 [JavaFX Application Thread] DEBUG PrimaryStageWindow   - Target size > screen size
21:04:34.182 [JavaFX Application Thread] DEBUG PrimaryStageWindow   - Target settings size: 1600.0 x 900.0
21:04:34.182 [JavaFX Application Thread] DEBUG PrimaryStageWindow   - Scaled scene size:    1415.0 x 810.0
21:04:34.182 [JavaFX Application Thread] DEBUG PrimaryStageWindow   - Scaled ratio: (0.884375, 0.9)
21:04:34.184 [JavaFX Application Thread] DEBUG PrimaryStageWindow   - Set initial scene to FXGLStartupScene
21:04:34.189 [JavaFX Application Thread] DEBUG PrimaryStageWindow   - Opening main window
21:04:34.455 [JavaFX Application Thread] DEBUG PrimaryStageWindow   - Window border size: (15.0, 37.33331298828125)
21:04:34.455 [JavaFX Application Thread] DEBUG PrimaryStageWindow   - Scaled size: 1415.0 x 810.0
21:04:34.455 [JavaFX Application Thread] DEBUG PrimaryStageWindow   - Scaled ratio: (0.884375, 0.9)
21:04:34.455 [JavaFX Application Thread] DEBUG PrimaryStageWindow   - Scene size: 1415.0 x 810.0
21:04:34.456 [JavaFX Application Thread] DEBUG PrimaryStageWindow   - Stage size: 1430.0 x 847.3333129882812
21:04:34.468 [FXGL Background Thread 1 ] DEBUG Engine               - Initializing environment variables
21:04:34.569 [FXGL Background Thread 1 ] DEBUG FXGLAssetLoaderServi - User app class for loading assets: class org.betriebssysteme.view.ProductionLineApp
21:04:34.570 [FXGL Background Thread 1 ] DEBUG GameApplicationServi - Applying CSS: fxgl_dark.css
21:04:34.572 [FXGL Background Thread 1 ] DEBUG FXGLAssetLoaderServi - Loading from file system: jar:file:/C:/Users/user/.m2/repository/com/github/AlmasB/FXGL/21.1/fxgl-21.1.jar!/fxglassets/ui/css/fxgl_dark.css
21:04:34.626 [FXGL Background Thread 1 ] DEBUG GameApplicationServi - Initializing application scenes
21:04:34.691 [FXGL Background Thread 1 ] DEBUG GameWorld            - Game world initialized
21:04:34.765 [FXGL Background Thread 1 ] DEBUG PhysicsWorld         - Physics world initialized: appHeight=900, physics.ppm=50,0
21:04:34.765 [FXGL Background Thread 1 ] DEBUG PhysicsWorld         - Using strategy: BRUTE_FORCE
21:04:34.769 [FXGL Background Thread 1 ] DEBUG GameScene            - Game scene initialized: 1600x900
21:04:34.786 [FXGL Background Thread 1 ] DEBUG FXGL.DefaultMenu     - createMenuBodyGameMenu()
21:04:34.800 [FXGL Background Thread 1 ] DEBUG FXGL.DefaultMenu     - createOptionsMenu()
21:04:34.814 [FXGL Background Thread 1 ] DEBUG FXGLAssetLoaderServi - Loading from file system: jar:file:/C:/Users/user/.m2/repository/com/github/AlmasB/FXGL/21.1/fxgl-21.1.jar!/fxglassets/textures/particles/smoke.png
21:04:34.929 [FXGL Background Thread 1 ] DEBUG FXGLAssetLoaderServi - Loading from file system: jar:file:/C:/Users/user/.m2/repository/com/github/AlmasB/FXGL/21.1/fxgl-21.1.jar!/fxglassets/textures/particles/trace_horizontal.png
21:04:34.954 [FXGL Background Thread 1 ] DEBUG GameApplicationServi - Application scenes initialized
21:04:34.969 [FXGL Background Thread 1 ] DEBUG SystemBundleService  - Loading FXGL system data
21:04:34.979 [FXGL Background Thread 1 ] DEBUG FileSystemAccess     - Reading from: C:\Users\user\IdeaProjects\Produktionslinie\system\fxgl.bundle
21:04:34.988 [FXGL Background Thread 1 ] DEBUG SystemBundleService  - Bundle FXGL: {}
21:04:34.988 [FXGL Background Thread 1 ] DEBUG UpdaterService       - Checking for updates
21:04:35.014 [FXGL Background Thread 4 ] DEBUG FXGLApplication      - Loading fonts
21:04:35.015 [FXGL Background Thread 4 ] DEBUG FXGLAssetLoaderServi - Loading from file system: jar:file:/C:/Users/user/.m2/repository/com/github/AlmasB/FXGL/21.1/fxgl-21.1.jar!/fxglassets/ui/fonts/VarelaRound-Regular.ttf
21:04:35.016 [FXGL Background Thread 1 ] DEBUG FXGLApplication      - Loading default localization
21:04:35.017 [FXGL Background Thread 1 ] DEBUG FXGLAssetLoaderServi - Loading from file system: jar:file:/C:/Users/user/.m2/repository/com/github/AlmasB/FXGL/21.1/fxgl-21.1.jar!/fxglassets/languages/english.lang
21:04:35.055 [FXGL Background Thread 1 ] INFO  FXGLApplication      - FXGL initialization took: 0,587 sec
21:04:35.064 [FXGL Background Thread 4 ] DEBUG FXGLAssetLoaderServi - Loading from file system: jar:file:/C:/Users/user/.m2/repository/com/github/AlmasB/FXGL/21.1/fxgl-21.1.jar!/fxglassets/ui/fonts/Abel-Regular.ttf
21:04:35.067 [JavaFX Application Thread] DEBUG Input                - Registered new binding: action0 - R
21:04:35.072 [JavaFX Application Thread] DEBUG FXGLAssetLoaderServi - Loading from file system: jar:file:/C:/Users/user/.m2/repository/com/github/AlmasB/FXGL/21.1/fxgl-21.1.jar!/fxglassets/textures/fxgl_icon.png
21:04:35.080 [FXGL Background Thread 4 ] DEBUG FXGLAssetLoaderServi - Loading from file system: jar:file:/C:/Users/user/.m2/repository/com/github/AlmasB/FXGL/21.1/fxgl-21.1.jar!/fxglassets/ui/fonts/TerminalLandMono-Regular.otf
21:04:35.090 [JavaFX Application Thread] DEBUG FXGLAssetLoaderServi - Loading from file system: jar:file:/C:/Users/user/.m2/repository/com/github/AlmasB/FXGL/21.1/fxgl-21.1.jar!/fxglassets/textures/fxgl_default_cursor.png
21:04:35.094 [JavaFX Application Thread] DEBUG Input                - Registered new binding: Screenshot - CTRL+8
21:04:35.094 [FXGL Background Thread 4 ] DEBUG FXGLAssetLoaderServi - Loading from file system: jar:file:/C:/Users/user/.m2/repository/com/github/AlmasB/FXGL/21.1/fxgl-21.1.jar!/fxglassets/ui/fonts/Courier-Prime.ttf
21:04:35.095 [JavaFX Application Thread] DEBUG Input                - Registered new binding: Dev Options - 1
21:04:35.095 [JavaFX Application Thread] DEBUG Input                - Registered new binding: Dev Console - 2
21:04:35.096 [JavaFX Application Thread] DEBUG Input                - Registered new binding: System info dump - CTRL+9
21:04:35.099 [JavaFX Application Thread] DEBUG Input                - Registered new binding: Restart - CTRL+R
21:04:35.100 [JavaFX Application Thread] DEBUG Input                - Registered new binding: Toggle Debug Camera - CTRL+7
21:04:35.107 [JavaFX Application Thread] DEBUG LoopRunner           - Starting loop
21:04:35.132 [JavaFX Application Thread] DEBUG LoopRunner           - Initializing JavaFX AnimationTimerLoop
21:04:35.137 [JavaFX Application Thread] DEBUG GameApplicationServi - Starting new game
21:04:35.138 [JavaFX Application Thread] DEBUG Input                - Clearing active input actions
21:04:35.150 [JavaFX Application Thread] DEBUG GameApplicationServi - Removing overlay from FXGLStartupScene and adding to FXGLLoadingScene
21:04:35.153 [JavaFX Application Thread] DEBUG PrimaryStageWindow   - FXGLStartupScene -> FXGLLoadingScene
21:04:35.154 [JavaFX Application Thread] DEBUG GameApplicationServi - Clearing previous game
21:04:35.154 [JavaFX Application Thread] DEBUG GameScene            - Clearing game scene
21:04:35.154 [JavaFX Application Thread] DEBUG GameWorld            - Clearing game world
21:04:35.154 [JavaFX Application Thread] DEBUG PhysicsWorld         - Clearing physics world
21:04:35.157 [JavaFX Application Thread] DEBUG FXGLApplication      - Registering font factories with UI factory
21:04:35.157 [FXGL Background Thread 4 ] DEBUG FXGLApplication      - Initializing game
21:04:35.235 [FXGL Background Thread 4 ] WARN  TMXLevelLoader       - TiledMap generated from 1.11.2. Supported version: 1.9.0. Some features may not be parsed fully.
21:04:35.247 [FXGL Background Thread 4 ] DEBUG TMXLevelLoader       - Parsed TiledMap: file:/C:/Users/user/IdeaProjects/Produktionslinie/target/classes/assets/levels/map.tmx
21:04:35.249 [FXGL Background Thread 4 ] DEBUG TMXLevelLoader       - Creating tile layer entities
21:04:35.255 [FXGL Background Thread 4 ] DEBUG TilesetLoader        - Loading view for layer Kachelebene 1
21:04:35.266 [FXGL Background Thread 4 ] DEBUG TilesetLoader        - Created buffer with size 3200.0x3200.0
21:04:35.322 [FXGL Background Thread 4 ] DEBUG TMXLevelLoader       - Creating object layer entities
21:04:35.324 [FXGL Background Thread 4 ] DEBUG GameWorld            - Clearing removable entities
21:04:35.326 [FXGL Background Thread 4 ] DEBUG GameWorld            - Setting level: com.almasb.fxgl.entity.level.Level@7c44b2f5
21:04:35.376 [FXGL Background Thread 4 ] DEBUG FXGLAssetLoaderServi - Loading from file system: file:/C:/Users/user/IdeaProjects/Produktionslinie/target/classes/assets/textures/Info_Menu_Machine_Asset.png
21:04:35.475 [FXGL Background Thread 4 ] DEBUG FXGLAssetLoaderServi - Loading from file system: file:/C:/Users/user/IdeaProjects/Produktionslinie/target/classes/assets/textures/Turning_Off_Animation.png
21:04:35.480 [FXGL Background Thread 4 ] DEBUG FXGLAssetLoaderServi - Loading from file system: file:/C:/Users/user/IdeaProjects/Produktionslinie/target/classes/assets/textures/Turning_On_Animation.png
21:04:35.482 [FXGL Background Thread 4 ] DEBUG FXGLAssetLoaderServi - Loading from file system: file:/C:/Users/user/IdeaProjects/Produktionslinie/target/classes/assets/textures/Production_While_Taking_Items_Animation.png
21:04:35.485 [FXGL Background Thread 4 ] DEBUG FXGLAssetLoaderServi - Loading from file system: file:/C:/Users/user/IdeaProjects/Produktionslinie/target/classes/assets/textures/Production_Without_Taking_Items_Animation.png
21:04:35.552 [FXGL Background Thread 4 ] DEBUG FXGLAssetLoaderServi - Loading from file system: file:/C:/Users/user/IdeaProjects/Produktionslinie/target/classes/assets/textures/belt-start.png
21:04:35.554 [FXGL Background Thread 4 ] DEBUG FXGLAssetLoaderServi - Loading from file system: file:/C:/Users/user/IdeaProjects/Produktionslinie/target/classes/assets/textures/belt-mid.png
21:04:35.557 [FXGL Background Thread 4 ] DEBUG FXGLAssetLoaderServi - Loading from file system: file:/C:/Users/user/IdeaProjects/Produktionslinie/target/classes/assets/textures/belt-end.png
21:04:35.633 [FXGL Background Thread 4 ] DEBUG FXGLAssetLoaderServi - Loading from file system: file:/C:/Users/user/IdeaProjects/Produktionslinie/target/classes/assets/textures/item.png
21:04:35.671 [FXGL Background Thread 4 ] INFO  FXGLApplication      - Game initialization took: 0,513 sec
21:04:35.708 [JavaFX Application Thread] DEBUG Input                - Clearing active input actions
21:04:35.722 [JavaFX Application Thread] DEBUG GameApplicationServi - Removing overlay from FXGLLoadingScene and adding to GameScene
21:04:35.733 [JavaFX Application Thread] DEBUG PrimaryStageWindow   - FXGLLoadingScene -> GameScene
21:04:38.014 [FXGL Background Thread 3 ] DEBUG Engine               - Logging environment variables
21:04:38.015 [FXGL Background Thread 3 ] DEBUG Engine               - achievements: []
21:04:38.015 [FXGL Background Thread 3 ] DEBUG Engine               - actualHeight: 810.0
21:04:38.015 [FXGL Background Thread 3 ] DEBUG Engine               - actualHeightProperty: ReadOnlyDoubleProperty [value: 810.0]
21:04:38.015 [FXGL Background Thread 3 ] DEBUG Engine               - actualWidth: 1415.0
21:04:38.015 [FXGL Background Thread 3 ] DEBUG Engine               - actualWidthProperty: ReadOnlyDoubleProperty [value: 1415.0]
21:04:38.015 [FXGL Background Thread 3 ] DEBUG Engine               - appIcon: fxgl_icon.png
21:04:38.015 [FXGL Background Thread 3 ] DEBUG Engine               - applicationMode: DEVELOPER
21:04:38.015 [FXGL Background Thread 3 ] DEBUG Engine               - cSSList: [fxgl_dark.css]
21:04:38.015 [FXGL Background Thread 3 ] DEBUG Engine               - collisionDetectionStrategy: BRUTE_FORCE
21:04:38.015 [FXGL Background Thread 3 ] DEBUG Engine               - configClass: Optional.empty
21:04:38.015 [FXGL Background Thread 3 ] DEBUG Engine               - credits: []
21:04:38.015 [FXGL Background Thread 3 ] DEBUG Engine               - defaultCursor: CursorInfo(imageName=fxgl_default_cursor.png, hotspotX=7.0, hotspotY=6.0)
21:04:38.015 [FXGL Background Thread 3 ] DEBUG Engine               - devBBoxColorProperty: ObjectProperty [value: 0xff0000ff]
21:04:38.015 [FXGL Background Thread 3 ] DEBUG Engine               - devEnableDebugCameraProperty: BooleanProperty [value: false]
21:04:38.015 [FXGL Background Thread 3 ] DEBUG Engine               - devSensorColorProperty: ObjectProperty [value: 0xffff00ff]
21:04:38.015 [FXGL Background Thread 3 ] DEBUG Engine               - devShowBBoxProperty: BooleanProperty [value: false]
21:04:38.015 [FXGL Background Thread 3 ] DEBUG Engine               - devShowPositionProperty: BooleanProperty [value: false]
21:04:38.015 [FXGL Background Thread 3 ] DEBUG Engine               - enabledMenuItems: []
21:04:38.016 [FXGL Background Thread 3 ] DEBUG Engine               - engineServices: [class com.almasb.fxgl.app.services.FXGLAssetLoaderService, class com.almasb.fxgl.app.FXGLApplication$GameApplicationService, class com.almasb.fxgl.app.services.FXGLDialogService, class com.almasb.fxgl.app.services.IOTaskExecutorService, class com.almasb.fxgl.io.FileSystemService, class com.almasb.fxgl.localization.LocalizationService, class com.almasb.fxgl.app.services.SystemBundleService, class com.almasb.fxgl.profile.SaveLoadService, class com.almasb.fxgl.ui.FXGLUIFactoryServiceProvider, class com.almasb.fxgl.ui.FXGLDialogFactoryServiceProvider, class com.almasb.fxgl.audio.AudioPlayer, class com.almasb.fxgl.notification.impl.NotificationServiceProvider, class com.almasb.fxgl.achievement.AchievementService, class com.almasb.fxgl.cutscene.CutsceneService, class com.almasb.fxgl.minigames.MiniGameService, class com.almasb.fxgl.net.NetService, class com.almasb.fxgl.app.services.UpdaterService, class com.almasb.fxgl.dev.DevService]
21:04:38.016 [FXGL Background Thread 3 ] DEBUG Engine               - fontGame: Abel-Regular.ttf
21:04:38.016 [FXGL Background Thread 3 ] DEBUG Engine               - fontMono: TerminalLandMono-Regular.otf
21:04:38.016 [FXGL Background Thread 3 ] DEBUG Engine               - fontSizeScaleUI: 1.0
21:04:38.016 [FXGL Background Thread 3 ] DEBUG Engine               - fontText: Courier-Prime.ttf
21:04:38.016 [FXGL Background Thread 3 ] DEBUG Engine               - fontUI: VarelaRound-Regular.ttf
21:04:38.016 [FXGL Background Thread 3 ] DEBUG Engine               - fullScreen: BooleanProperty [value: false]
21:04:38.016 [FXGL Background Thread 3 ] DEBUG Engine               - gameDifficulty: MEDIUM
21:04:38.016 [FXGL Background Thread 3 ] DEBUG Engine               - gameDifficultyProperty: ObjectProperty [value: MEDIUM]
21:04:38.016 [FXGL Background Thread 3 ] DEBUG Engine               - globalMusicVolume: 0.5
21:04:38.016 [FXGL Background Thread 3 ] DEBUG Engine               - globalMusicVolumeProperty: DoubleProperty [value: 0.5]
21:04:38.016 [FXGL Background Thread 3 ] DEBUG Engine               - globalSoundVolume: 0.5
21:04:38.016 [FXGL Background Thread 3 ] DEBUG Engine               - globalSoundVolumeProperty: DoubleProperty [value: 0.5]
21:04:38.016 [FXGL Background Thread 3 ] DEBUG Engine               - height: 900
21:04:38.016 [FXGL Background Thread 3 ] DEBUG Engine               - is3D: false
21:04:38.016 [FXGL Background Thread 3 ] DEBUG Engine               - isAndroid: false
21:04:38.016 [FXGL Background Thread 3 ] DEBUG Engine               - isBrowser: false
21:04:38.016 [FXGL Background Thread 3 ] DEBUG Engine               - isClickFeedbackEnabled: false
21:04:38.016 [FXGL Background Thread 3 ] DEBUG Engine               - isCloseConfirmation: false
21:04:38.016 [FXGL Background Thread 3 ] DEBUG Engine               - isDesktop: true
21:04:38.016 [FXGL Background Thread 3 ] DEBUG Engine               - isDeveloperMenuEnabled: true
21:04:38.016 [FXGL Background Thread 3 ] DEBUG Engine               - isEmbedded: false
21:04:38.018 [FXGL Background Thread 3 ] DEBUG Engine               - isEntityPreloadEnabled: true
21:04:38.018 [FXGL Background Thread 3 ] DEBUG Engine               - isExperimentalTiledLargeMap: false
21:04:38.018 [FXGL Background Thread 3 ] DEBUG Engine               - isFileSystemWriteAllowed: true
21:04:38.018 [FXGL Background Thread 3 ] DEBUG Engine               - isFullScreenAllowed: false
21:04:38.018 [FXGL Background Thread 3 ] DEBUG Engine               - isFullScreenFromStart: false
21:04:38.018 [FXGL Background Thread 3 ] DEBUG Engine               - isGameMenuEnabled: true
21:04:38.018 [FXGL Background Thread 3 ] DEBUG Engine               - isIOS: false
21:04:38.018 [FXGL Background Thread 3 ] DEBUG Engine               - isIntroEnabled: false
21:04:38.018 [FXGL Background Thread 3 ] DEBUG Engine               - isLinux: false
21:04:38.018 [FXGL Background Thread 3 ] DEBUG Engine               - isMac: false
21:04:38.018 [FXGL Background Thread 3 ] DEBUG Engine               - isMainMenuEnabled: false
21:04:38.018 [FXGL Background Thread 3 ] DEBUG Engine               - isManualResizeEnabled: false
21:04:38.018 [FXGL Background Thread 3 ] DEBUG Engine               - isMobile: false
21:04:38.018 [FXGL Background Thread 3 ] DEBUG Engine               - isNative: false
21:04:38.018 [FXGL Background Thread 3 ] DEBUG Engine               - isPauseMusicWhenMinimized: true
21:04:38.018 [FXGL Background Thread 3 ] DEBUG Engine               - isPreserveResizeRatio: false
21:04:38.018 [FXGL Background Thread 3 ] DEBUG Engine               - isProfilingEnabled: false
21:04:38.018 [FXGL Background Thread 3 ] DEBUG Engine               - isScaleAffectedOnResize: true
21:04:38.018 [FXGL Background Thread 3 ] DEBUG Engine               - isSingleStep: false
21:04:38.018 [FXGL Background Thread 3 ] DEBUG Engine               - isUserProfileEnabled: false
21:04:38.018 [FXGL Background Thread 3 ] DEBUG Engine               - isWindows: true
21:04:38.018 [FXGL Background Thread 3 ] DEBUG Engine               - language: ObjectProperty [value: ENGLISH]
21:04:38.018 [FXGL Background Thread 3 ] DEBUG Engine               - menuKey: ESCAPE
21:04:38.018 [FXGL Background Thread 3 ] DEBUG Engine               - mouseSensitivity: 0.2
21:04:38.018 [FXGL Background Thread 3 ] DEBUG Engine               - notificationViewClass: class com.almasb.fxgl.notification.view.XboxNotificationView
21:04:38.018 [FXGL Background Thread 3 ] DEBUG Engine               - pixelsPerMeter: 50.0
21:04:38.019 [FXGL Background Thread 3 ] DEBUG Engine               - platform: WINDOWS
21:04:38.019 [FXGL Background Thread 3 ] DEBUG Engine               - prefHeightProperty: ReadOnlyDoubleProperty [value: 900.0]
21:04:38.019 [FXGL Background Thread 3 ] DEBUG Engine               - prefWidthProperty: ReadOnlyDoubleProperty [value: 1600.0]
21:04:38.019 [FXGL Background Thread 3 ] DEBUG Engine               - profileDir: profiles/
21:04:38.019 [FXGL Background Thread 3 ] DEBUG Engine               - profileName: StringProperty [value: DEFAULT]
21:04:38.019 [FXGL Background Thread 3 ] DEBUG Engine               - randomSeed: -1
21:04:38.019 [FXGL Background Thread 3 ] DEBUG Engine               - runtimeInfo: RuntimeInfo(platform=WINDOWS, version=21.1, build=27.03.2024 07.52)
21:04:38.019 [FXGL Background Thread 3 ] DEBUG Engine               - saveFileExt: sav
21:04:38.019 [FXGL Background Thread 3 ] DEBUG Engine               - scaledHeightProp$fxgl: DoubleProperty [bound, value: 810.0]
21:04:38.019 [FXGL Background Thread 3 ] DEBUG Engine               - scaledWidthProp$fxgl: DoubleProperty [bound, value: 1415.0]
21:04:38.019 [FXGL Background Thread 3 ] DEBUG Engine               - sceneFactory: com.almasb.fxgl.app.scene.SceneFactory@39f25ed6
21:04:38.019 [FXGL Background Thread 3 ] DEBUG Engine               - secondsIn24h: 60
21:04:38.019 [FXGL Background Thread 3 ] DEBUG Engine               - soundMenuBack: menu/back.wav
21:04:38.019 [FXGL Background Thread 3 ] DEBUG Engine               - soundMenuPress: menu/press.wav
21:04:38.019 [FXGL Background Thread 3 ] DEBUG Engine               - soundMenuSelect: menu/select.wav
21:04:38.019 [FXGL Background Thread 3 ] DEBUG Engine               - soundNotification: core/notification.wav
21:04:38.019 [FXGL Background Thread 3 ] DEBUG Engine               - stageStyle: DECORATED
21:04:38.020 [FXGL Background Thread 3 ] DEBUG Engine               - supportedLanguages: [ENGLISH, FRENCH, GERMAN, HUNGARIAN, RUSSIAN]
21:04:38.020 [FXGL Background Thread 3 ] DEBUG Engine               - ticksPerSecond: -1
21:04:38.020 [FXGL Background Thread 3 ] DEBUG Engine               - title: Produktionslinie
21:04:38.020 [FXGL Background Thread 3 ] DEBUG Engine               - urlGithub: https://github.com/AlmasB/FXGL
21:04:38.020 [FXGL Background Thread 3 ] DEBUG Engine               - urlLeaderboard: http://fxgl-top.herokuapp.com/
21:04:38.020 [FXGL Background Thread 3 ] DEBUG Engine               - urlPOM: https://raw.githubusercontent.com/AlmasB/FXGL/release/README.md
21:04:38.020 [FXGL Background Thread 3 ] DEBUG Engine               - userAppClass: class org.betriebssysteme.view.ProductionLineApp
21:04:38.020 [FXGL Background Thread 3 ] DEBUG Engine               - version: 0.0
21:04:38.020 [FXGL Background Thread 3 ] DEBUG Engine               - versionCheckDays: 7
21:04:38.020 [FXGL Background Thread 3 ] DEBUG Engine               - width: 1600
21:04:38.020 [FXGL Background Thread 3 ] DEBUG Engine               - Logging services
21:04:38.020 [FXGL Background Thread 3 ] DEBUG Engine               - class com.almasb.fxgl.app.services.FXGLAssetLoaderService
21:04:38.020 [FXGL Background Thread 3 ] DEBUG Engine               - class com.almasb.fxgl.app.FXGLApplication$GameApplicationService
21:04:38.020 [FXGL Background Thread 3 ] DEBUG Engine               - class com.almasb.fxgl.app.services.FXGLDialogService
21:04:38.020 [FXGL Background Thread 3 ] DEBUG Engine               - class com.almasb.fxgl.app.services.IOTaskExecutorService
21:04:38.020 [FXGL Background Thread 3 ] DEBUG Engine               - class com.almasb.fxgl.io.FileSystemService
21:04:38.020 [FXGL Background Thread 3 ] DEBUG Engine               - class com.almasb.fxgl.localization.LocalizationService
21:04:38.020 [FXGL Background Thread 3 ] DEBUG Engine               - class com.almasb.fxgl.app.services.SystemBundleService
21:04:38.020 [FXGL Background Thread 3 ] DEBUG Engine               - class com.almasb.fxgl.profile.SaveLoadService
21:04:38.020 [FXGL Background Thread 3 ] DEBUG Engine               - class com.almasb.fxgl.ui.FXGLUIFactoryServiceProvider
21:04:38.020 [FXGL Background Thread 3 ] DEBUG Engine               - class com.almasb.fxgl.ui.FXGLDialogFactoryServiceProvider
21:04:38.020 [FXGL Background Thread 3 ] DEBUG Engine               - class com.almasb.fxgl.audio.AudioPlayer
21:04:38.020 [FXGL Background Thread 3 ] DEBUG Engine               - class com.almasb.fxgl.notification.impl.NotificationServiceProvider
21:04:38.020 [FXGL Background Thread 3 ] DEBUG Engine               - class com.almasb.fxgl.achievement.AchievementService
21:04:38.020 [FXGL Background Thread 3 ] DEBUG Engine               - class com.almasb.fxgl.cutscene.CutsceneService
21:04:38.020 [FXGL Background Thread 3 ] DEBUG Engine               - class com.almasb.fxgl.minigames.MiniGameService
21:04:38.020 [FXGL Background Thread 3 ] DEBUG Engine               - class com.almasb.fxgl.net.NetService
21:04:38.020 [FXGL Background Thread 3 ] DEBUG Engine               - class com.almasb.fxgl.app.services.UpdaterService
21:04:38.021 [FXGL Background Thread 3 ] DEBUG Engine               - class com.almasb.fxgl.dev.DevService
21:05:53.591 [JavaFX Application Thread] DEBUG FXGLApplication      - Exiting FXGL
21:05:53.592 [JavaFX Application Thread] DEBUG LoopRunner           - Stopping loop
21:05:53.593 [JavaFX Application Thread] DEBUG SystemBundleService  - Saving FXGL system data
21:05:53.596 [JavaFX Application Thread] DEBUG FileSystemAccess     - Writing to: C:\Users\user\IdeaProjects\Produktionslinie\system\fxgl.bundle
21:05:53.598 [JavaFX Application Thread] DEBUG Async                - Shutting down background threads
21:05:53.599 [JavaFX Application Thread] DEBUG PrimaryStageWindow   - Closing main window
21:05:53.620 [JavaFX Application Thread] DEBUG Logger               - Closing Logger
