21:45:02.912 [main                     ] DEBUG Logger               - Configured Logger
21:45:02.933 [main                     ] DEBUG GameApplication      - Logging settings
Title: Produktionslinie
Version: 0.0
Width: 1600
Height: 900
Fullscreen: false
Intro: false
Profiling: false
Single step:false
App Mode: DEVELOPER
Menu Key: ESCAPE
Stage Style: DECORATED
Scene Factory: class com.almasb.fxgl.app.scene.SceneFactory

21:45:03.222 [JavaFX Application Thread] DEBUG FXGLApplication      - Initializing FXGL
21:45:03.227 [JavaFX Application Thread] INFO  Engine               - FXGL-21.1 (27.03.2024 07.52) on WINDOWS (J:24.0.1 FX:24.0.1+1)
21:45:03.227 [JavaFX Application Thread] DEBUG Engine               - JRE Vendor Name: BellSoft
21:45:03.227 [JavaFX Application Thread] DEBUG Engine               - Running on OS: Windows 11 version 10.0
21:45:03.229 [JavaFX Application Thread] DEBUG Engine               - Architecture: amd64
21:45:03.229 [JavaFX Application Thread] INFO  Engine               - Source code and latest versions at: https://github.com/AlmasB/FXGL
21:45:03.229 [JavaFX Application Thread] INFO  Engine               -       Ask questions and discuss at: https://github.com/AlmasB/FXGL/discussions
21:45:03.229 [JavaFX Application Thread] INFO  Engine               -              Join the FXGL chat at: https://gitter.im/AlmasB/FXGL
21:45:03.314 [JavaFX Application Thread] DEBUG PrimaryStageWindow   - Creating a JavaFX scene
21:45:03.314 [JavaFX Application Thread] DEBUG PrimaryStageWindow   - Target size > screen size
21:45:03.353 [JavaFX Application Thread] DEBUG PrimaryStageWindow   - Target settings size: 1600.0 x 900.0
21:45:03.354 [JavaFX Application Thread] DEBUG PrimaryStageWindow   - Scaled scene size:    1415.0 x 810.0
21:45:03.354 [JavaFX Application Thread] DEBUG PrimaryStageWindow   - Scaled ratio: (0.884375, 0.9)
21:45:03.355 [JavaFX Application Thread] DEBUG PrimaryStageWindow   - Set initial scene to FXGLStartupScene
21:45:03.361 [JavaFX Application Thread] DEBUG PrimaryStageWindow   - Opening main window
21:45:03.642 [JavaFX Application Thread] DEBUG PrimaryStageWindow   - Window border size: (15.0, 37.33331298828125)
21:45:03.643 [JavaFX Application Thread] DEBUG PrimaryStageWindow   - Scaled size: 1415.0 x 810.0
21:45:03.643 [JavaFX Application Thread] DEBUG PrimaryStageWindow   - Scaled ratio: (0.884375, 0.9)
21:45:03.643 [JavaFX Application Thread] DEBUG PrimaryStageWindow   - Scene size: 1415.0 x 810.0
21:45:03.643 [JavaFX Application Thread] DEBUG PrimaryStageWindow   - Stage size: 1430.0 x 847.3333129882812
21:45:03.661 [FXGL Background Thread 1 ] DEBUG Engine               - Initializing environment variables
21:45:03.774 [FXGL Background Thread 1 ] DEBUG FXGLAssetLoaderServi - User app class for loading assets: class org.betriebssysteme.view.ProductionLineApp
21:45:03.774 [FXGL Background Thread 1 ] DEBUG GameApplicationServi - Applying CSS: fxgl_dark.css
21:45:03.776 [FXGL Background Thread 1 ] DEBUG FXGLAssetLoaderServi - Loading from file system: jar:file:/C:/Users/user/.m2/repository/com/github/AlmasB/FXGL/21.1/fxgl-21.1.jar!/fxglassets/ui/css/fxgl_dark.css
21:45:03.832 [FXGL Background Thread 1 ] DEBUG GameApplicationServi - Initializing application scenes
21:45:03.909 [FXGL Background Thread 1 ] DEBUG GameWorld            - Game world initialized
21:45:04.012 [FXGL Background Thread 1 ] DEBUG PhysicsWorld         - Physics world initialized: appHeight=900, physics.ppm=50,0
21:45:04.012 [FXGL Background Thread 1 ] DEBUG PhysicsWorld         - Using strategy: BRUTE_FORCE
21:45:04.018 [FXGL Background Thread 1 ] DEBUG GameScene            - Game scene initialized: 1600x900
21:45:04.031 [FXGL Background Thread 1 ] DEBUG FXGL.DefaultMenu     - createMenuBodyGameMenu()
21:45:04.044 [FXGL Background Thread 1 ] DEBUG FXGL.DefaultMenu     - createOptionsMenu()
21:45:04.060 [FXGL Background Thread 1 ] DEBUG FXGLAssetLoaderServi - Loading from file system: jar:file:/C:/Users/user/.m2/repository/com/github/AlmasB/FXGL/21.1/fxgl-21.1.jar!/fxglassets/textures/particles/smoke.png
21:45:04.173 [FXGL Background Thread 1 ] DEBUG FXGLAssetLoaderServi - Loading from file system: jar:file:/C:/Users/user/.m2/repository/com/github/AlmasB/FXGL/21.1/fxgl-21.1.jar!/fxglassets/textures/particles/trace_horizontal.png
21:45:04.202 [FXGL Background Thread 1 ] DEBUG GameApplicationServi - Application scenes initialized
21:45:04.217 [FXGL Background Thread 1 ] DEBUG SystemBundleService  - Loading FXGL system data
21:45:04.229 [FXGL Background Thread 1 ] DEBUG FileSystemAccess     - Reading from: C:\Users\user\IdeaProjects\Produktionslinie\system\fxgl.bundle
21:45:04.236 [FXGL Background Thread 1 ] DEBUG SystemBundleService  - Bundle FXGL: {}
21:45:04.236 [FXGL Background Thread 1 ] DEBUG UpdaterService       - Checking for updates
21:45:04.260 [FXGL Background Thread 4 ] DEBUG FXGLApplication      - Loading fonts
21:45:04.260 [FXGL Background Thread 4 ] DEBUG FXGLAssetLoaderServi - Loading from file system: jar:file:/C:/Users/user/.m2/repository/com/github/AlmasB/FXGL/21.1/fxgl-21.1.jar!/fxglassets/ui/fonts/VarelaRound-Regular.ttf
21:45:04.261 [FXGL Background Thread 1 ] DEBUG FXGLApplication      - Loading default localization
21:45:04.262 [FXGL Background Thread 1 ] DEBUG FXGLAssetLoaderServi - Loading from file system: jar:file:/C:/Users/user/.m2/repository/com/github/AlmasB/FXGL/21.1/fxgl-21.1.jar!/fxglassets/languages/english.lang
21:45:04.293 [FXGL Background Thread 1 ] INFO  FXGLApplication      - FXGL initialization took: 0,633 sec
21:45:04.309 [JavaFX Application Thread] DEBUG Input                - Registered new binding: action0 - R
21:45:04.310 [JavaFX Application Thread] DEBUG FXGLAssetLoaderServi - Loading from file system: jar:file:/C:/Users/user/.m2/repository/com/github/AlmasB/FXGL/21.1/fxgl-21.1.jar!/fxglassets/textures/fxgl_icon.png
21:45:04.310 [FXGL Background Thread 4 ] DEBUG FXGLAssetLoaderServi - Loading from file system: jar:file:/C:/Users/user/.m2/repository/com/github/AlmasB/FXGL/21.1/fxgl-21.1.jar!/fxglassets/ui/fonts/Abel-Regular.ttf
21:45:04.324 [FXGL Background Thread 4 ] DEBUG FXGLAssetLoaderServi - Loading from file system: jar:file:/C:/Users/user/.m2/repository/com/github/AlmasB/FXGL/21.1/fxgl-21.1.jar!/fxglassets/ui/fonts/TerminalLandMono-Regular.otf
21:45:04.327 [JavaFX Application Thread] DEBUG FXGLAssetLoaderServi - Loading from file system: jar:file:/C:/Users/user/.m2/repository/com/github/AlmasB/FXGL/21.1/fxgl-21.1.jar!/fxglassets/textures/fxgl_default_cursor.png
21:45:04.333 [JavaFX Application Thread] DEBUG Input                - Registered new binding: Screenshot - CTRL+8
21:45:04.334 [JavaFX Application Thread] DEBUG Input                - Registered new binding: Dev Options - 1
21:45:04.334 [JavaFX Application Thread] DEBUG Input                - Registered new binding: Dev Console - 2
21:45:04.334 [JavaFX Application Thread] DEBUG Input                - Registered new binding: System info dump - CTRL+9
21:45:04.336 [JavaFX Application Thread] DEBUG Input                - Registered new binding: Restart - CTRL+R
21:45:04.338 [JavaFX Application Thread] DEBUG Input                - Registered new binding: Toggle Debug Camera - CTRL+7
21:45:04.343 [FXGL Background Thread 4 ] DEBUG FXGLAssetLoaderServi - Loading from file system: jar:file:/C:/Users/user/.m2/repository/com/github/AlmasB/FXGL/21.1/fxgl-21.1.jar!/fxglassets/ui/fonts/Courier-Prime.ttf
21:45:04.344 [JavaFX Application Thread] DEBUG LoopRunner           - Starting loop
21:45:04.361 [JavaFX Application Thread] DEBUG LoopRunner           - Initializing JavaFX AnimationTimerLoop
21:45:04.365 [JavaFX Application Thread] DEBUG GameApplicationServi - Starting new game
21:45:04.366 [JavaFX Application Thread] DEBUG Input                - Clearing active input actions
21:45:04.383 [JavaFX Application Thread] DEBUG GameApplicationServi - Removing overlay from FXGLStartupScene and adding to FXGLLoadingScene
21:45:04.390 [JavaFX Application Thread] DEBUG PrimaryStageWindow   - FXGLStartupScene -> FXGLLoadingScene
21:45:04.390 [JavaFX Application Thread] DEBUG GameApplicationServi - Clearing previous game
21:45:04.390 [JavaFX Application Thread] DEBUG GameScene            - Clearing game scene
21:45:04.391 [JavaFX Application Thread] DEBUG GameWorld            - Clearing game world
21:45:04.391 [JavaFX Application Thread] DEBUG PhysicsWorld         - Clearing physics world
21:45:04.395 [FXGL Background Thread 4 ] DEBUG FXGLApplication      - Initializing game
21:45:04.422 [FXGL Background Thread 4 ] DEBUG FXGLAssetLoaderServi - Loading from file system: file:/C:/Users/user/IdeaProjects/Produktionslinie/target/classes/assets/textures/Info_Menu_Machine_Asset.png
21:45:04.466 [FXGL Background Thread 4 ] DEBUG FXGLAssetLoaderServi - Loading from file system: file:/C:/Users/user/IdeaProjects/Produktionslinie/target/classes/assets/textures/Turning_Off_Animation.png
21:45:04.473 [FXGL Background Thread 4 ] DEBUG FXGLAssetLoaderServi - Loading from file system: file:/C:/Users/user/IdeaProjects/Produktionslinie/target/classes/assets/textures/Turning_On_Animation.png
21:45:04.474 [FXGL Background Thread 4 ] DEBUG FXGLAssetLoaderServi - Loading from file system: file:/C:/Users/user/IdeaProjects/Produktionslinie/target/classes/assets/textures/Production_While_Taking_Items_Animation.png
21:45:04.478 [FXGL Background Thread 4 ] DEBUG FXGLAssetLoaderServi - Loading from file system: file:/C:/Users/user/IdeaProjects/Produktionslinie/target/classes/assets/textures/Production_Without_Taking_Items_Animation.png
21:45:04.498 [FXGL Background Thread 4 ] INFO  FXGLApplication      - Game initialization took: 0,103 sec
21:45:04.675 [JavaFX Application Thread] DEBUG FXGLApplication      - Registering font factories with UI factory
21:45:04.687 [JavaFX Application Thread] DEBUG Input                - Clearing active input actions
21:45:04.710 [JavaFX Application Thread] DEBUG GameApplicationServi - Removing overlay from FXGLLoadingScene and adding to GameScene
21:45:04.717 [JavaFX Application Thread] DEBUG PrimaryStageWindow   - FXGLLoadingScene -> GameScene
21:45:07.258 [FXGL Background Thread 3 ] DEBUG Engine               - Logging environment variables
21:45:07.259 [FXGL Background Thread 3 ] DEBUG Engine               - achievements: []
21:45:07.259 [FXGL Background Thread 3 ] DEBUG Engine               - actualHeight: 810.0
21:45:07.259 [FXGL Background Thread 3 ] DEBUG Engine               - actualHeightProperty: ReadOnlyDoubleProperty [value: 810.0]
21:45:07.259 [FXGL Background Thread 3 ] DEBUG Engine               - actualWidth: 1415.0
21:45:07.259 [FXGL Background Thread 3 ] DEBUG Engine               - actualWidthProperty: ReadOnlyDoubleProperty [value: 1415.0]
21:45:07.259 [FXGL Background Thread 3 ] DEBUG Engine               - appIcon: fxgl_icon.png
21:45:07.259 [FXGL Background Thread 3 ] DEBUG Engine               - applicationMode: DEVELOPER
21:45:07.260 [FXGL Background Thread 3 ] DEBUG Engine               - cSSList: [fxgl_dark.css]
21:45:07.260 [FXGL Background Thread 3 ] DEBUG Engine               - collisionDetectionStrategy: BRUTE_FORCE
21:45:07.260 [FXGL Background Thread 3 ] DEBUG Engine               - configClass: Optional.empty
21:45:07.260 [FXGL Background Thread 3 ] DEBUG Engine               - credits: []
21:45:07.260 [FXGL Background Thread 3 ] DEBUG Engine               - defaultCursor: CursorInfo(imageName=fxgl_default_cursor.png, hotspotX=7.0, hotspotY=6.0)
21:45:07.260 [FXGL Background Thread 3 ] DEBUG Engine               - devBBoxColorProperty: ObjectProperty [value: 0xff0000ff]
21:45:07.260 [FXGL Background Thread 3 ] DEBUG Engine               - devEnableDebugCameraProperty: BooleanProperty [value: false]
21:45:07.260 [FXGL Background Thread 3 ] DEBUG Engine               - devSensorColorProperty: ObjectProperty [value: 0xffff00ff]
21:45:07.261 [FXGL Background Thread 3 ] DEBUG Engine               - devShowBBoxProperty: BooleanProperty [value: false]
21:45:07.261 [FXGL Background Thread 3 ] DEBUG Engine               - devShowPositionProperty: BooleanProperty [value: false]
21:45:07.261 [FXGL Background Thread 3 ] DEBUG Engine               - enabledMenuItems: []
21:45:07.261 [FXGL Background Thread 3 ] DEBUG Engine               - engineServices: [class com.almasb.fxgl.app.services.FXGLAssetLoaderService, class com.almasb.fxgl.app.FXGLApplication$GameApplicationService, class com.almasb.fxgl.app.services.FXGLDialogService, class com.almasb.fxgl.app.services.IOTaskExecutorService, class com.almasb.fxgl.io.FileSystemService, class com.almasb.fxgl.localization.LocalizationService, class com.almasb.fxgl.app.services.SystemBundleService, class com.almasb.fxgl.profile.SaveLoadService, class com.almasb.fxgl.ui.FXGLUIFactoryServiceProvider, class com.almasb.fxgl.ui.FXGLDialogFactoryServiceProvider, class com.almasb.fxgl.audio.AudioPlayer, class com.almasb.fxgl.notification.impl.NotificationServiceProvider, class com.almasb.fxgl.achievement.AchievementService, class com.almasb.fxgl.cutscene.CutsceneService, class com.almasb.fxgl.minigames.MiniGameService, class com.almasb.fxgl.net.NetService, class com.almasb.fxgl.app.services.UpdaterService, class com.almasb.fxgl.dev.DevService]
21:45:07.261 [FXGL Background Thread 3 ] DEBUG Engine               - fontGame: Abel-Regular.ttf
21:45:07.261 [FXGL Background Thread 3 ] DEBUG Engine               - fontMono: TerminalLandMono-Regular.otf
21:45:07.261 [FXGL Background Thread 3 ] DEBUG Engine               - fontSizeScaleUI: 1.0
21:45:07.261 [FXGL Background Thread 3 ] DEBUG Engine               - fontText: Courier-Prime.ttf
21:45:07.261 [FXGL Background Thread 3 ] DEBUG Engine               - fontUI: VarelaRound-Regular.ttf
21:45:07.261 [FXGL Background Thread 3 ] DEBUG Engine               - fullScreen: BooleanProperty [value: false]
21:45:07.261 [FXGL Background Thread 3 ] DEBUG Engine               - gameDifficulty: MEDIUM
21:45:07.261 [FXGL Background Thread 3 ] DEBUG Engine               - gameDifficultyProperty: ObjectProperty [value: MEDIUM]
21:45:07.261 [FXGL Background Thread 3 ] DEBUG Engine               - globalMusicVolume: 0.5
21:45:07.261 [FXGL Background Thread 3 ] DEBUG Engine               - globalMusicVolumeProperty: DoubleProperty [value: 0.5]
21:45:07.261 [FXGL Background Thread 3 ] DEBUG Engine               - globalSoundVolume: 0.5
21:45:07.261 [FXGL Background Thread 3 ] DEBUG Engine               - globalSoundVolumeProperty: DoubleProperty [value: 0.5]
21:45:07.261 [FXGL Background Thread 3 ] DEBUG Engine               - height: 900
21:45:07.261 [FXGL Background Thread 3 ] DEBUG Engine               - is3D: false
21:45:07.261 [FXGL Background Thread 3 ] DEBUG Engine               - isAndroid: false
21:45:07.261 [FXGL Background Thread 3 ] DEBUG Engine               - isBrowser: false
21:45:07.261 [FXGL Background Thread 3 ] DEBUG Engine               - isClickFeedbackEnabled: false
21:45:07.262 [FXGL Background Thread 3 ] DEBUG Engine               - isCloseConfirmation: false
21:45:07.262 [FXGL Background Thread 3 ] DEBUG Engine               - isDesktop: true
21:45:07.262 [FXGL Background Thread 3 ] DEBUG Engine               - isDeveloperMenuEnabled: true
21:45:07.262 [FXGL Background Thread 3 ] DEBUG Engine               - isEmbedded: false
21:45:07.262 [FXGL Background Thread 3 ] DEBUG Engine               - isEntityPreloadEnabled: true
21:45:07.262 [FXGL Background Thread 3 ] DEBUG Engine               - isExperimentalTiledLargeMap: false
21:45:07.262 [FXGL Background Thread 3 ] DEBUG Engine               - isFileSystemWriteAllowed: true
21:45:07.262 [FXGL Background Thread 3 ] DEBUG Engine               - isFullScreenAllowed: false
21:45:07.262 [FXGL Background Thread 3 ] DEBUG Engine               - isFullScreenFromStart: false
21:45:07.262 [FXGL Background Thread 3 ] DEBUG Engine               - isGameMenuEnabled: true
21:45:07.262 [FXGL Background Thread 3 ] DEBUG Engine               - isIOS: false
21:45:07.262 [FXGL Background Thread 3 ] DEBUG Engine               - isIntroEnabled: false
21:45:07.262 [FXGL Background Thread 3 ] DEBUG Engine               - isLinux: false
21:45:07.262 [FXGL Background Thread 3 ] DEBUG Engine               - isMac: false
21:45:07.262 [FXGL Background Thread 3 ] DEBUG Engine               - isMainMenuEnabled: false
21:45:07.262 [FXGL Background Thread 3 ] DEBUG Engine               - isManualResizeEnabled: false
21:45:07.262 [FXGL Background Thread 3 ] DEBUG Engine               - isMobile: false
21:45:07.262 [FXGL Background Thread 3 ] DEBUG Engine               - isNative: false
21:45:07.262 [FXGL Background Thread 3 ] DEBUG Engine               - isPauseMusicWhenMinimized: true
21:45:07.262 [FXGL Background Thread 3 ] DEBUG Engine               - isPreserveResizeRatio: false
21:45:07.262 [FXGL Background Thread 3 ] DEBUG Engine               - isProfilingEnabled: false
21:45:07.262 [FXGL Background Thread 3 ] DEBUG Engine               - isScaleAffectedOnResize: true
21:45:07.262 [FXGL Background Thread 3 ] DEBUG Engine               - isSingleStep: false
21:45:07.263 [FXGL Background Thread 3 ] DEBUG Engine               - isUserProfileEnabled: false
21:45:07.263 [FXGL Background Thread 3 ] DEBUG Engine               - isWindows: true
21:45:07.263 [FXGL Background Thread 3 ] DEBUG Engine               - language: ObjectProperty [value: ENGLISH]
21:45:07.263 [FXGL Background Thread 3 ] DEBUG Engine               - menuKey: ESCAPE
21:45:07.263 [FXGL Background Thread 3 ] DEBUG Engine               - mouseSensitivity: 0.2
21:45:07.263 [FXGL Background Thread 3 ] DEBUG Engine               - notificationViewClass: class com.almasb.fxgl.notification.view.XboxNotificationView
21:45:07.263 [FXGL Background Thread 3 ] DEBUG Engine               - pixelsPerMeter: 50.0
21:45:07.263 [FXGL Background Thread 3 ] DEBUG Engine               - platform: WINDOWS
21:45:07.263 [FXGL Background Thread 3 ] DEBUG Engine               - prefHeightProperty: ReadOnlyDoubleProperty [value: 900.0]
21:45:07.263 [FXGL Background Thread 3 ] DEBUG Engine               - prefWidthProperty: ReadOnlyDoubleProperty [value: 1600.0]
21:45:07.263 [FXGL Background Thread 3 ] DEBUG Engine               - profileDir: profiles/
21:45:07.263 [FXGL Background Thread 3 ] DEBUG Engine               - profileName: StringProperty [value: DEFAULT]
21:45:07.263 [FXGL Background Thread 3 ] DEBUG Engine               - randomSeed: -1
21:45:07.263 [FXGL Background Thread 3 ] DEBUG Engine               - runtimeInfo: RuntimeInfo(platform=WINDOWS, version=21.1, build=27.03.2024 07.52)
21:45:07.263 [FXGL Background Thread 3 ] DEBUG Engine               - saveFileExt: sav
21:45:07.263 [FXGL Background Thread 3 ] DEBUG Engine               - scaledHeightProp$fxgl: DoubleProperty [bound, value: 810.0]
21:45:07.263 [FXGL Background Thread 3 ] DEBUG Engine               - scaledWidthProp$fxgl: DoubleProperty [bound, value: 1415.0]
21:45:07.263 [FXGL Background Thread 3 ] DEBUG Engine               - sceneFactory: com.almasb.fxgl.app.scene.SceneFactory@78d42ac5
21:45:07.263 [FXGL Background Thread 3 ] DEBUG Engine               - secondsIn24h: 60
21:45:07.263 [FXGL Background Thread 3 ] DEBUG Engine               - soundMenuBack: menu/back.wav
21:45:07.265 [FXGL Background Thread 3 ] DEBUG Engine               - soundMenuPress: menu/press.wav
21:45:07.265 [FXGL Background Thread 3 ] DEBUG Engine               - soundMenuSelect: menu/select.wav
21:45:07.265 [FXGL Background Thread 3 ] DEBUG Engine               - soundNotification: core/notification.wav
21:45:07.265 [FXGL Background Thread 3 ] DEBUG Engine               - stageStyle: DECORATED
21:45:07.265 [FXGL Background Thread 3 ] DEBUG Engine               - supportedLanguages: [ENGLISH, FRENCH, GERMAN, HUNGARIAN, RUSSIAN]
21:45:07.265 [FXGL Background Thread 3 ] DEBUG Engine               - ticksPerSecond: -1
21:45:07.265 [FXGL Background Thread 3 ] DEBUG Engine               - title: Produktionslinie
21:45:07.265 [FXGL Background Thread 3 ] DEBUG Engine               - urlGithub: https://github.com/AlmasB/FXGL
21:45:07.265 [FXGL Background Thread 3 ] DEBUG Engine               - urlLeaderboard: http://fxgl-top.herokuapp.com/
21:45:07.265 [FXGL Background Thread 3 ] DEBUG Engine               - urlPOM: https://raw.githubusercontent.com/AlmasB/FXGL/release/README.md
21:45:07.265 [FXGL Background Thread 3 ] DEBUG Engine               - userAppClass: class org.betriebssysteme.view.ProductionLineApp
21:45:07.265 [FXGL Background Thread 3 ] DEBUG Engine               - version: 0.0
21:45:07.265 [FXGL Background Thread 3 ] DEBUG Engine               - versionCheckDays: 7
21:45:07.265 [FXGL Background Thread 3 ] DEBUG Engine               - width: 1600
21:45:07.265 [FXGL Background Thread 3 ] DEBUG Engine               - Logging services
21:45:07.265 [FXGL Background Thread 3 ] DEBUG Engine               - class com.almasb.fxgl.app.services.FXGLAssetLoaderService
21:45:07.265 [FXGL Background Thread 3 ] DEBUG Engine               - class com.almasb.fxgl.app.FXGLApplication$GameApplicationService
21:45:07.266 [FXGL Background Thread 3 ] DEBUG Engine               - class com.almasb.fxgl.app.services.FXGLDialogService
21:45:07.266 [FXGL Background Thread 3 ] DEBUG Engine               - class com.almasb.fxgl.app.services.IOTaskExecutorService
21:45:07.266 [FXGL Background Thread 3 ] DEBUG Engine               - class com.almasb.fxgl.io.FileSystemService
21:45:07.266 [FXGL Background Thread 3 ] DEBUG Engine               - class com.almasb.fxgl.localization.LocalizationService
21:45:07.266 [FXGL Background Thread 3 ] DEBUG Engine               - class com.almasb.fxgl.app.services.SystemBundleService
21:45:07.266 [FXGL Background Thread 3 ] DEBUG Engine               - class com.almasb.fxgl.profile.SaveLoadService
21:45:07.266 [FXGL Background Thread 3 ] DEBUG Engine               - class com.almasb.fxgl.ui.FXGLUIFactoryServiceProvider
21:45:07.266 [FXGL Background Thread 3 ] DEBUG Engine               - class com.almasb.fxgl.ui.FXGLDialogFactoryServiceProvider
21:45:07.266 [FXGL Background Thread 3 ] DEBUG Engine               - class com.almasb.fxgl.audio.AudioPlayer
21:45:07.266 [FXGL Background Thread 3 ] DEBUG Engine               - class com.almasb.fxgl.notification.impl.NotificationServiceProvider
21:45:07.266 [FXGL Background Thread 3 ] DEBUG Engine               - class com.almasb.fxgl.achievement.AchievementService
21:45:07.266 [FXGL Background Thread 3 ] DEBUG Engine               - class com.almasb.fxgl.cutscene.CutsceneService
21:45:07.266 [FXGL Background Thread 3 ] DEBUG Engine               - class com.almasb.fxgl.minigames.MiniGameService
21:45:07.266 [FXGL Background Thread 3 ] DEBUG Engine               - class com.almasb.fxgl.net.NetService
21:45:07.266 [FXGL Background Thread 3 ] DEBUG Engine               - class com.almasb.fxgl.app.services.UpdaterService
21:45:07.266 [FXGL Background Thread 3 ] DEBUG Engine               - class com.almasb.fxgl.dev.DevService
21:45:08.640 [JavaFX Application Thread] DEBUG FXGLApplication      - Exiting FXGL
21:45:08.640 [JavaFX Application Thread] DEBUG LoopRunner           - Stopping loop
21:45:08.641 [JavaFX Application Thread] DEBUG SystemBundleService  - Saving FXGL system data
21:45:08.644 [JavaFX Application Thread] DEBUG FileSystemAccess     - Writing to: C:\Users\user\IdeaProjects\Produktionslinie\system\fxgl.bundle
21:45:08.647 [JavaFX Application Thread] DEBUG Async                - Shutting down background threads
21:45:08.647 [JavaFX Application Thread] DEBUG PrimaryStageWindow   - Closing main window
21:45:08.670 [JavaFX Application Thread] DEBUG Logger               - Closing Logger
