07:53:44.083 [main                     ] DEBUG Logger               - Configured Logger
07:53:44.104 [main                     ] DEBUG GameApplication      - Logging settings
Title: Produktionslinie
Version: 0.0
Width: 1600
Height: 900
Fullscreen: false
Intro: false
Profiling: false
Single step:false
App Mode: DEVELOPER
Menu Key: ESCAPE
Stage Style: DECORATED
Scene Factory: class com.almasb.fxgl.app.scene.SceneFactory

07:53:44.510 [JavaFX Application Thread] DEBUG FXGLApplication      - Initializing FXGL
07:53:44.513 [JavaFX Application Thread] INFO  Engine               - FXGL-21.1 (27.03.2024 07.52) on WINDOWS (J:21.0.9 FX:21.0.1)
07:53:44.513 [JavaFX Application Thread] DEBUG Engine               - JRE Vendor Name: Microsoft
07:53:44.513 [JavaFX Application Thread] DEBUG Engine               - Running on OS: Windows 11 version 10.0
07:53:44.513 [JavaFX Application Thread] DEBUG Engine               - Architecture: amd64
07:53:44.513 [JavaFX Application Thread] INFO  Engine               - Source code and latest versions at: https://github.com/AlmasB/FXGL
07:53:44.513 [JavaFX Application Thread] INFO  Engine               -       Ask questions and discuss at: https://github.com/AlmasB/FXGL/discussions
07:53:44.514 [JavaFX Application Thread] INFO  Engine               -              Join the FXGL chat at: https://gitter.im/AlmasB/FXGL
07:53:44.606 [JavaFX Application Thread] DEBUG PrimaryStageWindow   - Creating a JavaFX scene
07:53:44.648 [JavaFX Application Thread] DEBUG PrimaryStageWindow   - Target settings size: 1600.0 x 900.0
07:53:44.648 [JavaFX Application Thread] DEBUG PrimaryStageWindow   - Scaled scene size:    1600.0 x 900.0
07:53:44.648 [JavaFX Application Thread] DEBUG PrimaryStageWindow   - Scaled ratio: (1.0, 1.0)
07:53:44.649 [JavaFX Application Thread] DEBUG PrimaryStageWindow   - Set initial scene to FXGLStartupScene
07:53:44.652 [JavaFX Application Thread] DEBUG PrimaryStageWindow   - Opening main window
07:53:44.727 [JavaFX Application Thread] DEBUG PrimaryStageWindow   - Window border size: (16.0, 39.0)
07:53:44.727 [JavaFX Application Thread] DEBUG PrimaryStageWindow   - Scaled size: 1600.0 x 900.0
07:53:44.728 [JavaFX Application Thread] DEBUG PrimaryStageWindow   - Scaled ratio: (1.0, 1.0)
07:53:44.728 [JavaFX Application Thread] DEBUG PrimaryStageWindow   - Scene size: 1600.0 x 900.0
07:53:44.728 [JavaFX Application Thread] DEBUG PrimaryStageWindow   - Stage size: 1616.0 x 939.0
07:53:44.734 [FXGL Background Thread 1 ] DEBUG Engine               - Initializing environment variables
07:53:44.776 [FXGL Background Thread 1 ] DEBUG FXGLAssetLoaderServi - User app class for loading assets: class org.betriebssysteme.view.ProductionLineApp
07:53:44.776 [FXGL Background Thread 1 ] DEBUG GameApplicationServi - Applying CSS: fxgl_dark.css
07:53:44.777 [FXGL Background Thread 1 ] DEBUG FXGLAssetLoaderServi - Loading from file system: jar:file:/C:/Users/abdul/.m2/repository/com/github/almasb/fxgl/21.1/fxgl-21.1.jar!/fxglassets/ui/css/fxgl_dark.css
07:53:44.808 [FXGL Background Thread 1 ] DEBUG GameApplicationServi - Initializing application scenes
07:53:44.850 [FXGL Background Thread 1 ] DEBUG GameWorld            - Game world initialized
07:53:44.924 [FXGL Background Thread 1 ] DEBUG PhysicsWorld         - Physics world initialized: appHeight=900, physics.ppm=50,0
07:53:44.924 [FXGL Background Thread 1 ] DEBUG PhysicsWorld         - Using strategy: BRUTE_FORCE
07:53:44.927 [FXGL Background Thread 1 ] DEBUG GameScene            - Game scene initialized: 1600x900
07:53:44.940 [FXGL Background Thread 1 ] DEBUG FXGL.DefaultMenu     - createMenuBodyGameMenu()
07:53:44.952 [FXGL Background Thread 1 ] DEBUG FXGL.DefaultMenu     - createOptionsMenu()
07:53:44.961 [FXGL Background Thread 1 ] DEBUG FXGLAssetLoaderServi - Loading from file system: jar:file:/C:/Users/abdul/.m2/repository/com/github/almasb/fxgl/21.1/fxgl-21.1.jar!/fxglassets/textures/particles/smoke.png
07:53:45.060 [FXGL Background Thread 1 ] DEBUG FXGLAssetLoaderServi - Loading from file system: jar:file:/C:/Users/abdul/.m2/repository/com/github/almasb/fxgl/21.1/fxgl-21.1.jar!/fxglassets/textures/particles/trace_horizontal.png
07:53:45.083 [FXGL Background Thread 1 ] DEBUG GameApplicationServi - Application scenes initialized
07:53:45.096 [FXGL Background Thread 1 ] DEBUG SystemBundleService  - Loading FXGL system data
07:53:45.099 [FXGL Background Thread 1 ] DEBUG FileSystemAccess     - Reading from: C:\Users\abdul\IdeaProjects\Produktionslinie\system\fxgl.bundle
07:53:45.108 [FXGL Background Thread 1 ] DEBUG SystemBundleService  - Bundle FXGL: {}
07:53:45.108 [FXGL Background Thread 1 ] DEBUG UpdaterService       - Checking for updates
07:53:45.135 [FXGL Background Thread 4 ] DEBUG FXGLApplication      - Loading fonts
07:53:45.135 [FXGL Background Thread 4 ] DEBUG FXGLAssetLoaderServi - Loading from file system: jar:file:/C:/Users/abdul/.m2/repository/com/github/almasb/fxgl/21.1/fxgl-21.1.jar!/fxglassets/ui/fonts/VarelaRound-Regular.ttf
07:53:45.137 [FXGL Background Thread 1 ] DEBUG FXGLApplication      - Loading default localization
07:53:45.138 [FXGL Background Thread 1 ] DEBUG FXGLAssetLoaderServi - Loading from file system: jar:file:/C:/Users/abdul/.m2/repository/com/github/almasb/fxgl/21.1/fxgl-21.1.jar!/fxglassets/languages/english.lang
07:53:45.172 [FXGL Background Thread 4 ] DEBUG FXGLAssetLoaderServi - Loading from file system: jar:file:/C:/Users/abdul/.m2/repository/com/github/almasb/fxgl/21.1/fxgl-21.1.jar!/fxglassets/ui/fonts/Abel-Regular.ttf
07:53:45.175 [FXGL Background Thread 1 ] INFO  FXGLApplication      - FXGL initialization took: 0,442 sec
07:53:45.181 [FXGL Background Thread 4 ] DEBUG FXGLAssetLoaderServi - Loading from file system: jar:file:/C:/Users/abdul/.m2/repository/com/github/almasb/fxgl/21.1/fxgl-21.1.jar!/fxglassets/ui/fonts/TerminalLandMono-Regular.otf
07:53:45.190 [JavaFX Application Thread] DEBUG Input                - Registered new binding: action0 - R
07:53:45.191 [FXGL Background Thread 4 ] DEBUG FXGLAssetLoaderServi - Loading from file system: jar:file:/C:/Users/abdul/.m2/repository/com/github/almasb/fxgl/21.1/fxgl-21.1.jar!/fxglassets/ui/fonts/Courier-Prime.ttf
07:53:45.192 [JavaFX Application Thread] DEBUG FXGLAssetLoaderServi - Loading from file system: jar:file:/C:/Users/abdul/.m2/repository/com/github/almasb/fxgl/21.1/fxgl-21.1.jar!/fxglassets/textures/fxgl_icon.png
07:53:45.214 [JavaFX Application Thread] DEBUG FXGLAssetLoaderServi - Loading from file system: jar:file:/C:/Users/abdul/.m2/repository/com/github/almasb/fxgl/21.1/fxgl-21.1.jar!/fxglassets/textures/fxgl_default_cursor.png
07:53:45.219 [JavaFX Application Thread] DEBUG Input                - Registered new binding: Screenshot - CTRL+8
07:53:45.220 [JavaFX Application Thread] DEBUG Input                - Registered new binding: Dev Options - 1
07:53:45.221 [JavaFX Application Thread] DEBUG Input                - Registered new binding: Dev Console - 2
07:53:45.222 [JavaFX Application Thread] DEBUG Input                - Registered new binding: System info dump - CTRL+9
07:53:45.223 [JavaFX Application Thread] DEBUG Input                - Registered new binding: Restart - CTRL+R
07:53:45.225 [JavaFX Application Thread] DEBUG Input                - Registered new binding: Toggle Debug Camera - CTRL+7
07:53:45.236 [JavaFX Application Thread] DEBUG LoopRunner           - Starting loop
07:53:45.256 [JavaFX Application Thread] DEBUG LoopRunner           - Initializing JavaFX AnimationTimerLoop
07:53:45.257 [JavaFX Application Thread] DEBUG GameApplicationServi - Starting new game
07:53:45.258 [JavaFX Application Thread] DEBUG Input                - Clearing active input actions
07:53:45.268 [JavaFX Application Thread] DEBUG GameApplicationServi - Removing overlay from FXGLStartupScene and adding to FXGLLoadingScene
07:53:45.271 [JavaFX Application Thread] DEBUG PrimaryStageWindow   - FXGLStartupScene -> FXGLLoadingScene
07:53:45.271 [JavaFX Application Thread] DEBUG GameApplicationServi - Clearing previous game
07:53:45.271 [JavaFX Application Thread] DEBUG GameScene            - Clearing game scene
07:53:45.271 [JavaFX Application Thread] DEBUG GameWorld            - Clearing game world
07:53:45.272 [JavaFX Application Thread] DEBUG PhysicsWorld         - Clearing physics world
07:53:45.273 [FXGL Background Thread 4 ] DEBUG FXGLApplication      - Initializing game
07:53:45.274 [JavaFX Application Thread] DEBUG FXGLApplication      - Registering font factories with UI factory
07:53:45.295 [FXGL Background Thread 4 ] WARN  TMXLevelLoader       - TiledMap generated from 1.11.2. Supported version: 1.9.0. Some features may not be parsed fully.
07:53:45.304 [FXGL Background Thread 4 ] DEBUG TMXLevelLoader       - Parsed TiledMap: file:/C:/Users/abdul/IdeaProjects/Produktionslinie/target/classes/assets/levels/map.tmx
07:53:45.306 [FXGL Background Thread 4 ] DEBUG TMXLevelLoader       - Creating tile layer entities
07:53:45.309 [FXGL Background Thread 4 ] DEBUG TilesetLoader        - Loading view for layer Kachelebene 1
07:53:45.318 [FXGL Background Thread 4 ] DEBUG TilesetLoader        - Created buffer with size 3200.0x3200.0
07:53:45.355 [FXGL Background Thread 4 ] DEBUG TMXLevelLoader       - Creating object layer entities
07:53:45.356 [FXGL Background Thread 4 ] DEBUG GameWorld            - Clearing removable entities
07:53:45.358 [FXGL Background Thread 4 ] DEBUG GameWorld            - Setting level: com.almasb.fxgl.entity.level.Level@499b6f3a
07:53:45.382 [FXGL Background Thread 4 ] DEBUG FXGLAssetLoaderServi - Loading from file system: file:/C:/Users/abdul/IdeaProjects/Produktionslinie/target/classes/assets/textures/Info_Menu_Machine_Asset.png
07:53:45.441 [FXGL Background Thread 4 ] DEBUG FXGLAssetLoaderServi - Loading from file system: file:/C:/Users/abdul/IdeaProjects/Produktionslinie/target/classes/assets/textures/Turning_Off_Animation.png
07:53:45.446 [FXGL Background Thread 4 ] DEBUG FXGLAssetLoaderServi - Loading from file system: file:/C:/Users/abdul/IdeaProjects/Produktionslinie/target/classes/assets/textures/Turning_On_Animation.png
07:53:45.449 [FXGL Background Thread 4 ] DEBUG FXGLAssetLoaderServi - Loading from file system: file:/C:/Users/abdul/IdeaProjects/Produktionslinie/target/classes/assets/textures/Production_While_Taking_Items_Animation.png
07:53:45.450 [FXGL Background Thread 4 ] DEBUG FXGLAssetLoaderServi - Loading from file system: file:/C:/Users/abdul/IdeaProjects/Produktionslinie/target/classes/assets/textures/Production_Without_Taking_Items_Animation.png
07:53:45.497 [FXGL Background Thread 4 ] DEBUG FXGLAssetLoaderServi - Loading from file system: file:/C:/Users/abdul/IdeaProjects/Produktionslinie/target/classes/assets/textures/belt-start.png
07:53:45.498 [FXGL Background Thread 4 ] DEBUG FXGLAssetLoaderServi - Loading from file system: file:/C:/Users/abdul/IdeaProjects/Produktionslinie/target/classes/assets/textures/belt-mid.png
07:53:45.499 [FXGL Background Thread 4 ] DEBUG FXGLAssetLoaderServi - Loading from file system: file:/C:/Users/abdul/IdeaProjects/Produktionslinie/target/classes/assets/textures/belt-end.png
07:53:45.515 [FXGL Background Thread 4 ] DEBUG FXGLAssetLoaderServi - Loading from file system: file:/C:/Users/abdul/IdeaProjects/Produktionslinie/target/classes/assets/textures/item.png
07:53:45.528 [FXGL Background Thread 4 ] INFO  FXGLApplication      - Game initialization took: 0,255 sec
07:53:45.546 [JavaFX Application Thread] DEBUG Input                - Clearing active input actions
07:53:45.558 [JavaFX Application Thread] DEBUG GameApplicationServi - Removing overlay from FXGLLoadingScene and adding to GameScene
07:53:45.562 [JavaFX Application Thread] DEBUG PrimaryStageWindow   - FXGLLoadingScene -> GameScene
07:53:48.013 [JavaFX Application Thread] DEBUG FXGLApplication      - Exiting FXGL
07:53:48.014 [JavaFX Application Thread] DEBUG LoopRunner           - Stopping loop
07:53:48.014 [JavaFX Application Thread] DEBUG SystemBundleService  - Saving FXGL system data
07:53:48.016 [JavaFX Application Thread] DEBUG FileSystemAccess     - Writing to: C:\Users\abdul\IdeaProjects\Produktionslinie\system\fxgl.bundle
07:53:48.022 [JavaFX Application Thread] DEBUG Async                - Shutting down background threads
07:53:48.022 [JavaFX Application Thread] DEBUG PrimaryStageWindow   - Closing main window
07:53:48.033 [JavaFX Application Thread] DEBUG Logger               - Closing Logger
