20:41:21.875 [main                     ] DEBUG Logger               - Configured Logger
20:41:21.886 [main                     ] DEBUG GameApplication      - Logging settings
Title: Produktionslinie
Version: 0.0
Width: 1600
Height: 900
Fullscreen: false
Intro: false
Profiling: false
Single step:false
App Mode: DEVELOPER
Menu Key: ESCAPE
Stage Style: DECORATED
Scene Factory: class com.almasb.fxgl.app.scene.SceneFactory

20:41:22.209 [JavaFX Application Thread] DEBUG FXGLApplication      - Initializing FXGL
20:41:22.214 [JavaFX Application Thread] INFO  Engine               - FXGL-21.1 (27.03.2024 07.52) on WINDOWS (J:24.0.1 FX:24.0.1+1)
20:41:22.214 [JavaFX Application Thread] DEBUG Engine               - JRE Vendor Name: BellSoft
20:41:22.215 [JavaFX Application Thread] DEBUG Engine               - Running on OS: Windows 11 version 10.0
20:41:22.215 [JavaFX Application Thread] DEBUG Engine               - Architecture: amd64
20:41:22.215 [JavaFX Application Thread] INFO  Engine               - Source code and latest versions at: https://github.com/AlmasB/FXGL
20:41:22.215 [JavaFX Application Thread] INFO  Engine               -       Ask questions and discuss at: https://github.com/AlmasB/FXGL/discussions
20:41:22.215 [JavaFX Application Thread] INFO  Engine               -              Join the FXGL chat at: https://gitter.im/AlmasB/FXGL
20:41:22.305 [JavaFX Application Thread] DEBUG PrimaryStageWindow   - Creating a JavaFX scene
20:41:22.305 [JavaFX Application Thread] DEBUG PrimaryStageWindow   - Target size > screen size
20:41:22.342 [JavaFX Application Thread] DEBUG PrimaryStageWindow   - Target settings size: 1600.0 x 900.0
20:41:22.342 [JavaFX Application Thread] DEBUG PrimaryStageWindow   - Scaled scene size:    1415.0 x 810.0
20:41:22.342 [JavaFX Application Thread] DEBUG PrimaryStageWindow   - Scaled ratio: (0.884375, 0.9)
20:41:22.344 [JavaFX Application Thread] DEBUG PrimaryStageWindow   - Set initial scene to FXGLStartupScene
20:41:22.351 [JavaFX Application Thread] DEBUG PrimaryStageWindow   - Opening main window
20:41:22.656 [JavaFX Application Thread] DEBUG PrimaryStageWindow   - Window border size: (15.0, 37.33331298828125)
20:41:22.656 [JavaFX Application Thread] DEBUG PrimaryStageWindow   - Scaled size: 1415.0 x 810.0
20:41:22.656 [JavaFX Application Thread] DEBUG PrimaryStageWindow   - Scaled ratio: (0.884375, 0.9)
20:41:22.656 [JavaFX Application Thread] DEBUG PrimaryStageWindow   - Scene size: 1415.0 x 810.0
20:41:22.658 [JavaFX Application Thread] DEBUG PrimaryStageWindow   - Stage size: 1430.0 x 847.3333129882812
20:41:22.671 [FXGL Background Thread 1 ] DEBUG Engine               - Initializing environment variables
20:41:22.801 [FXGL Background Thread 1 ] DEBUG FXGLAssetLoaderServi - User app class for loading assets: class org.betriebssysteme.view.ProductionLineApp
20:41:22.801 [FXGL Background Thread 1 ] DEBUG GameApplicationServi - Applying CSS: fxgl_dark.css
20:41:22.804 [FXGL Background Thread 1 ] DEBUG FXGLAssetLoaderServi - Loading from file system: jar:file:/C:/Users/user/.m2/repository/com/github/AlmasB/FXGL/21.1/fxgl-21.1.jar!/fxglassets/ui/css/fxgl_dark.css
20:41:22.865 [FXGL Background Thread 1 ] DEBUG GameApplicationServi - Initializing application scenes
20:41:22.927 [FXGL Background Thread 1 ] DEBUG GameWorld            - Game world initialized
20:41:23.035 [FXGL Background Thread 1 ] DEBUG PhysicsWorld         - Physics world initialized: appHeight=900, physics.ppm=50,0
20:41:23.035 [FXGL Background Thread 1 ] DEBUG PhysicsWorld         - Using strategy: BRUTE_FORCE
20:41:23.040 [FXGL Background Thread 1 ] DEBUG GameScene            - Game scene initialized: 1600x900
20:41:23.056 [FXGL Background Thread 1 ] DEBUG FXGL.DefaultMenu     - createMenuBodyGameMenu()
20:41:23.069 [FXGL Background Thread 1 ] DEBUG FXGL.DefaultMenu     - createOptionsMenu()
20:41:23.085 [FXGL Background Thread 1 ] DEBUG FXGLAssetLoaderServi - Loading from file system: jar:file:/C:/Users/user/.m2/repository/com/github/AlmasB/FXGL/21.1/fxgl-21.1.jar!/fxglassets/textures/particles/smoke.png
20:41:23.212 [FXGL Background Thread 1 ] DEBUG FXGLAssetLoaderServi - Loading from file system: jar:file:/C:/Users/user/.m2/repository/com/github/AlmasB/FXGL/21.1/fxgl-21.1.jar!/fxglassets/textures/particles/trace_horizontal.png
20:41:23.237 [FXGL Background Thread 1 ] DEBUG GameApplicationServi - Application scenes initialized
20:41:23.249 [FXGL Background Thread 1 ] DEBUG SystemBundleService  - Loading FXGL system data
20:41:23.260 [FXGL Background Thread 1 ] DEBUG FileSystemAccess     - Reading from: C:\Users\user\IdeaProjects\Produktionslinie\system\fxgl.bundle
20:41:23.268 [FXGL Background Thread 1 ] DEBUG SystemBundleService  - Bundle FXGL: {}
20:41:23.268 [FXGL Background Thread 1 ] DEBUG UpdaterService       - Checking for updates
20:41:23.291 [FXGL Background Thread 4 ] DEBUG FXGLApplication      - Loading fonts
20:41:23.292 [FXGL Background Thread 4 ] DEBUG FXGLAssetLoaderServi - Loading from file system: jar:file:/C:/Users/user/.m2/repository/com/github/AlmasB/FXGL/21.1/fxgl-21.1.jar!/fxglassets/ui/fonts/VarelaRound-Regular.ttf
20:41:23.293 [FXGL Background Thread 1 ] DEBUG FXGLApplication      - Loading default localization
20:41:23.293 [FXGL Background Thread 1 ] DEBUG FXGLAssetLoaderServi - Loading from file system: jar:file:/C:/Users/user/.m2/repository/com/github/AlmasB/FXGL/21.1/fxgl-21.1.jar!/fxglassets/languages/english.lang
20:41:23.329 [FXGL Background Thread 1 ] INFO  FXGLApplication      - FXGL initialization took: 0,658 sec
20:41:23.340 [FXGL Background Thread 4 ] DEBUG FXGLAssetLoaderServi - Loading from file system: jar:file:/C:/Users/user/.m2/repository/com/github/AlmasB/FXGL/21.1/fxgl-21.1.jar!/fxglassets/ui/fonts/Abel-Regular.ttf
20:41:23.341 [JavaFX Application Thread] DEBUG Input                - Registered new binding: action0 - R
20:41:23.345 [JavaFX Application Thread] DEBUG FXGLAssetLoaderServi - Loading from file system: jar:file:/C:/Users/user/.m2/repository/com/github/AlmasB/FXGL/21.1/fxgl-21.1.jar!/fxglassets/textures/fxgl_icon.png
20:41:23.356 [FXGL Background Thread 4 ] DEBUG FXGLAssetLoaderServi - Loading from file system: jar:file:/C:/Users/user/.m2/repository/com/github/AlmasB/FXGL/21.1/fxgl-21.1.jar!/fxglassets/ui/fonts/TerminalLandMono-Regular.otf
20:41:23.361 [JavaFX Application Thread] DEBUG FXGLAssetLoaderServi - Loading from file system: jar:file:/C:/Users/user/.m2/repository/com/github/AlmasB/FXGL/21.1/fxgl-21.1.jar!/fxglassets/textures/fxgl_default_cursor.png
20:41:23.367 [JavaFX Application Thread] DEBUG Input                - Registered new binding: Screenshot - CTRL+8
20:41:23.368 [JavaFX Application Thread] DEBUG Input                - Registered new binding: Dev Options - 1
20:41:23.369 [JavaFX Application Thread] DEBUG Input                - Registered new binding: Dev Console - 2
20:41:23.370 [JavaFX Application Thread] DEBUG Input                - Registered new binding: System info dump - CTRL+9
20:41:23.370 [JavaFX Application Thread] DEBUG Input                - Registered new binding: Restart - CTRL+R
20:41:23.371 [JavaFX Application Thread] DEBUG Input                - Registered new binding: Toggle Debug Camera - CTRL+7
20:41:23.373 [FXGL Background Thread 4 ] DEBUG FXGLAssetLoaderServi - Loading from file system: jar:file:/C:/Users/user/.m2/repository/com/github/AlmasB/FXGL/21.1/fxgl-21.1.jar!/fxglassets/ui/fonts/Courier-Prime.ttf
20:41:23.380 [JavaFX Application Thread] DEBUG LoopRunner           - Starting loop
20:41:23.401 [JavaFX Application Thread] DEBUG LoopRunner           - Initializing JavaFX AnimationTimerLoop
20:41:23.405 [JavaFX Application Thread] DEBUG GameApplicationServi - Starting new game
20:41:23.406 [JavaFX Application Thread] DEBUG Input                - Clearing active input actions
20:41:23.423 [JavaFX Application Thread] DEBUG GameApplicationServi - Removing overlay from FXGLStartupScene and adding to FXGLLoadingScene
20:41:23.435 [JavaFX Application Thread] DEBUG PrimaryStageWindow   - FXGLStartupScene -> FXGLLoadingScene
20:41:23.436 [JavaFX Application Thread] DEBUG GameApplicationServi - Clearing previous game
20:41:23.436 [JavaFX Application Thread] DEBUG GameScene            - Clearing game scene
20:41:23.437 [JavaFX Application Thread] DEBUG GameWorld            - Clearing game world
20:41:23.450 [JavaFX Application Thread] DEBUG PhysicsWorld         - Clearing physics world
20:41:23.458 [FXGL Background Thread 4 ] DEBUG FXGLApplication      - Initializing game
20:41:23.462 [JavaFX Application Thread] DEBUG FXGLApplication      - Registering font factories with UI factory
20:41:23.538 [FXGL Background Thread 4 ] WARN  TMXLevelLoader       - TiledMap generated from 1.11.2. Supported version: 1.9.0. Some features may not be parsed fully.
20:41:23.553 [FXGL Background Thread 4 ] DEBUG TMXLevelLoader       - Parsed TiledMap: file:/C:/Users/user/IdeaProjects/Produktionslinie/target/classes/assets/levels/map.tmx
20:41:23.555 [FXGL Background Thread 4 ] DEBUG TMXLevelLoader       - Creating tile layer entities
20:41:23.560 [FXGL Background Thread 4 ] DEBUG TilesetLoader        - Loading view for layer Kachelebene 1
20:41:23.571 [FXGL Background Thread 4 ] DEBUG TilesetLoader        - Created buffer with size 3200.0x3200.0
20:41:23.629 [FXGL Background Thread 4 ] DEBUG TMXLevelLoader       - Creating object layer entities
20:41:23.630 [FXGL Background Thread 4 ] DEBUG GameWorld            - Clearing removable entities
20:41:23.632 [FXGL Background Thread 4 ] DEBUG GameWorld            - Setting level: com.almasb.fxgl.entity.level.Level@12d6a957
20:41:23.699 [FXGL Background Thread 4 ] DEBUG FXGLAssetLoaderServi - Loading from file system: file:/C:/Users/user/IdeaProjects/Produktionslinie/target/classes/assets/textures/Info_Menu_Machine_Asset.png
20:41:23.813 [FXGL Background Thread 4 ] DEBUG FXGLAssetLoaderServi - Loading from file system: file:/C:/Users/user/IdeaProjects/Produktionslinie/target/classes/assets/textures/Turning_Off_Animation.png
20:41:23.824 [FXGL Background Thread 4 ] DEBUG FXGLAssetLoaderServi - Loading from file system: file:/C:/Users/user/IdeaProjects/Produktionslinie/target/classes/assets/textures/Turning_On_Animation.png
20:41:23.827 [FXGL Background Thread 4 ] DEBUG FXGLAssetLoaderServi - Loading from file system: file:/C:/Users/user/IdeaProjects/Produktionslinie/target/classes/assets/textures/Production_While_Taking_Items_Animation.png
20:41:23.831 [FXGL Background Thread 4 ] DEBUG FXGLAssetLoaderServi - Loading from file system: file:/C:/Users/user/IdeaProjects/Produktionslinie/target/classes/assets/textures/Production_Without_Taking_Items_Animation.png
20:41:23.862 [FXGL Background Thread 4 ] DEBUG FXGLAssetLoaderServi - Loading from file system: file:/C:/Users/user/IdeaProjects/Produktionslinie/target/classes/assets/textures/belt-start.png
20:41:23.866 [FXGL Background Thread 4 ] DEBUG FXGLAssetLoaderServi - Loading from file system: file:/C:/Users/user/IdeaProjects/Produktionslinie/target/classes/assets/textures/belt-mid.png
20:41:23.869 [FXGL Background Thread 4 ] DEBUG FXGLAssetLoaderServi - Loading from file system: file:/C:/Users/user/IdeaProjects/Produktionslinie/target/classes/assets/textures/belt-end.png
20:41:23.913 [FXGL Background Thread 4 ] INFO  FXGLApplication      - Game initialization took: 0,455 sec
20:41:24.057 [JavaFX Application Thread] DEBUG Input                - Clearing active input actions
20:41:24.075 [JavaFX Application Thread] DEBUG GameApplicationServi - Removing overlay from FXGLLoadingScene and adding to GameScene
20:41:24.085 [JavaFX Application Thread] DEBUG PrimaryStageWindow   - FXGLLoadingScene -> GameScene
20:41:26.292 [FXGL Background Thread 3 ] DEBUG Engine               - Logging environment variables
20:41:26.292 [FXGL Background Thread 3 ] DEBUG Engine               - achievements: []
20:41:26.292 [FXGL Background Thread 3 ] DEBUG Engine               - actualHeight: 810.0
20:41:26.292 [FXGL Background Thread 3 ] DEBUG Engine               - actualHeightProperty: ReadOnlyDoubleProperty [value: 810.0]
20:41:26.292 [FXGL Background Thread 3 ] DEBUG Engine               - actualWidth: 1415.0
20:41:26.292 [FXGL Background Thread 3 ] DEBUG Engine               - actualWidthProperty: ReadOnlyDoubleProperty [value: 1415.0]
20:41:26.292 [FXGL Background Thread 3 ] DEBUG Engine               - appIcon: fxgl_icon.png
20:41:26.292 [FXGL Background Thread 3 ] DEBUG Engine               - applicationMode: DEVELOPER
20:41:26.293 [FXGL Background Thread 3 ] DEBUG Engine               - cSSList: [fxgl_dark.css]
20:41:26.293 [FXGL Background Thread 3 ] DEBUG Engine               - collisionDetectionStrategy: BRUTE_FORCE
20:41:26.293 [FXGL Background Thread 3 ] DEBUG Engine               - configClass: Optional.empty
20:41:26.293 [FXGL Background Thread 3 ] DEBUG Engine               - credits: []
20:41:26.293 [FXGL Background Thread 3 ] DEBUG Engine               - defaultCursor: CursorInfo(imageName=fxgl_default_cursor.png, hotspotX=7.0, hotspotY=6.0)
20:41:26.293 [FXGL Background Thread 3 ] DEBUG Engine               - devBBoxColorProperty: ObjectProperty [value: 0xff0000ff]
20:41:26.293 [FXGL Background Thread 3 ] DEBUG Engine               - devEnableDebugCameraProperty: BooleanProperty [value: false]
20:41:26.293 [FXGL Background Thread 3 ] DEBUG Engine               - devSensorColorProperty: ObjectProperty [value: 0xffff00ff]
20:41:26.293 [FXGL Background Thread 3 ] DEBUG Engine               - devShowBBoxProperty: BooleanProperty [value: false]
20:41:26.293 [FXGL Background Thread 3 ] DEBUG Engine               - devShowPositionProperty: BooleanProperty [value: false]
20:41:26.293 [FXGL Background Thread 3 ] DEBUG Engine               - enabledMenuItems: []
20:41:26.293 [FXGL Background Thread 3 ] DEBUG Engine               - engineServices: [class com.almasb.fxgl.app.services.FXGLAssetLoaderService, class com.almasb.fxgl.app.FXGLApplication$GameApplicationService, class com.almasb.fxgl.app.services.FXGLDialogService, class com.almasb.fxgl.app.services.IOTaskExecutorService, class com.almasb.fxgl.io.FileSystemService, class com.almasb.fxgl.localization.LocalizationService, class com.almasb.fxgl.app.services.SystemBundleService, class com.almasb.fxgl.profile.SaveLoadService, class com.almasb.fxgl.ui.FXGLUIFactoryServiceProvider, class com.almasb.fxgl.ui.FXGLDialogFactoryServiceProvider, class com.almasb.fxgl.audio.AudioPlayer, class com.almasb.fxgl.notification.impl.NotificationServiceProvider, class com.almasb.fxgl.achievement.AchievementService, class com.almasb.fxgl.cutscene.CutsceneService, class com.almasb.fxgl.minigames.MiniGameService, class com.almasb.fxgl.net.NetService, class com.almasb.fxgl.app.services.UpdaterService, class com.almasb.fxgl.dev.DevService]
20:41:26.293 [FXGL Background Thread 3 ] DEBUG Engine               - fontGame: Abel-Regular.ttf
20:41:26.293 [FXGL Background Thread 3 ] DEBUG Engine               - fontMono: TerminalLandMono-Regular.otf
20:41:26.293 [FXGL Background Thread 3 ] DEBUG Engine               - fontSizeScaleUI: 1.0
20:41:26.294 [FXGL Background Thread 3 ] DEBUG Engine               - fontText: Courier-Prime.ttf
20:41:26.294 [FXGL Background Thread 3 ] DEBUG Engine               - fontUI: VarelaRound-Regular.ttf
20:41:26.294 [FXGL Background Thread 3 ] DEBUG Engine               - fullScreen: BooleanProperty [value: false]
20:41:26.294 [FXGL Background Thread 3 ] DEBUG Engine               - gameDifficulty: MEDIUM
20:41:26.294 [FXGL Background Thread 3 ] DEBUG Engine               - gameDifficultyProperty: ObjectProperty [value: MEDIUM]
20:41:26.294 [FXGL Background Thread 3 ] DEBUG Engine               - globalMusicVolume: 0.5
20:41:26.294 [FXGL Background Thread 3 ] DEBUG Engine               - globalMusicVolumeProperty: DoubleProperty [value: 0.5]
20:41:26.294 [FXGL Background Thread 3 ] DEBUG Engine               - globalSoundVolume: 0.5
20:41:26.294 [FXGL Background Thread 3 ] DEBUG Engine               - globalSoundVolumeProperty: DoubleProperty [value: 0.5]
20:41:26.294 [FXGL Background Thread 3 ] DEBUG Engine               - height: 900
20:41:26.294 [FXGL Background Thread 3 ] DEBUG Engine               - is3D: false
20:41:26.294 [FXGL Background Thread 3 ] DEBUG Engine               - isAndroid: false
20:41:26.294 [FXGL Background Thread 3 ] DEBUG Engine               - isBrowser: false
20:41:26.294 [FXGL Background Thread 3 ] DEBUG Engine               - isClickFeedbackEnabled: false
20:41:26.294 [FXGL Background Thread 3 ] DEBUG Engine               - isCloseConfirmation: false
20:41:26.294 [FXGL Background Thread 3 ] DEBUG Engine               - isDesktop: true
20:41:26.294 [FXGL Background Thread 3 ] DEBUG Engine               - isDeveloperMenuEnabled: true
20:41:26.294 [FXGL Background Thread 3 ] DEBUG Engine               - isEmbedded: false
20:41:26.294 [FXGL Background Thread 3 ] DEBUG Engine               - isEntityPreloadEnabled: true
20:41:26.294 [FXGL Background Thread 3 ] DEBUG Engine               - isExperimentalTiledLargeMap: false
20:41:26.294 [FXGL Background Thread 3 ] DEBUG Engine               - isFileSystemWriteAllowed: true
20:41:26.294 [FXGL Background Thread 3 ] DEBUG Engine               - isFullScreenAllowed: false
20:41:26.294 [FXGL Background Thread 3 ] DEBUG Engine               - isFullScreenFromStart: false
20:41:26.294 [FXGL Background Thread 3 ] DEBUG Engine               - isGameMenuEnabled: true
20:41:26.294 [FXGL Background Thread 3 ] DEBUG Engine               - isIOS: false
20:41:26.294 [FXGL Background Thread 3 ] DEBUG Engine               - isIntroEnabled: false
20:41:26.294 [FXGL Background Thread 3 ] DEBUG Engine               - isLinux: false
20:41:26.294 [FXGL Background Thread 3 ] DEBUG Engine               - isMac: false
20:41:26.294 [FXGL Background Thread 3 ] DEBUG Engine               - isMainMenuEnabled: false
20:41:26.294 [FXGL Background Thread 3 ] DEBUG Engine               - isManualResizeEnabled: false
20:41:26.294 [FXGL Background Thread 3 ] DEBUG Engine               - isMobile: false
20:41:26.294 [FXGL Background Thread 3 ] DEBUG Engine               - isNative: false
20:41:26.294 [FXGL Background Thread 3 ] DEBUG Engine               - isPauseMusicWhenMinimized: true
20:41:26.294 [FXGL Background Thread 3 ] DEBUG Engine               - isPreserveResizeRatio: false
20:41:26.294 [FXGL Background Thread 3 ] DEBUG Engine               - isProfilingEnabled: false
20:41:26.294 [FXGL Background Thread 3 ] DEBUG Engine               - isScaleAffectedOnResize: true
20:41:26.295 [FXGL Background Thread 3 ] DEBUG Engine               - isSingleStep: false
20:41:26.295 [FXGL Background Thread 3 ] DEBUG Engine               - isUserProfileEnabled: false
20:41:26.295 [FXGL Background Thread 3 ] DEBUG Engine               - isWindows: true
20:41:26.295 [FXGL Background Thread 3 ] DEBUG Engine               - language: ObjectProperty [value: ENGLISH]
20:41:26.295 [FXGL Background Thread 3 ] DEBUG Engine               - menuKey: ESCAPE
20:41:26.295 [FXGL Background Thread 3 ] DEBUG Engine               - mouseSensitivity: 0.2
20:41:26.295 [FXGL Background Thread 3 ] DEBUG Engine               - notificationViewClass: class com.almasb.fxgl.notification.view.XboxNotificationView
20:41:26.295 [FXGL Background Thread 3 ] DEBUG Engine               - pixelsPerMeter: 50.0
20:41:26.295 [FXGL Background Thread 3 ] DEBUG Engine               - platform: WINDOWS
20:41:26.295 [FXGL Background Thread 3 ] DEBUG Engine               - prefHeightProperty: ReadOnlyDoubleProperty [value: 900.0]
20:41:26.295 [FXGL Background Thread 3 ] DEBUG Engine               - prefWidthProperty: ReadOnlyDoubleProperty [value: 1600.0]
20:41:26.295 [FXGL Background Thread 3 ] DEBUG Engine               - profileDir: profiles/
20:41:26.295 [FXGL Background Thread 3 ] DEBUG Engine               - profileName: StringProperty [value: DEFAULT]
20:41:26.295 [FXGL Background Thread 3 ] DEBUG Engine               - randomSeed: -1
20:41:26.295 [FXGL Background Thread 3 ] DEBUG Engine               - runtimeInfo: RuntimeInfo(platform=WINDOWS, version=21.1, build=27.03.2024 07.52)
20:41:26.295 [FXGL Background Thread 3 ] DEBUG Engine               - saveFileExt: sav
20:41:26.295 [FXGL Background Thread 3 ] DEBUG Engine               - scaledHeightProp$fxgl: DoubleProperty [bound, value: 810.0]
20:41:26.295 [FXGL Background Thread 3 ] DEBUG Engine               - scaledWidthProp$fxgl: DoubleProperty [bound, value: 1415.0]
20:41:26.295 [FXGL Background Thread 3 ] DEBUG Engine               - sceneFactory: com.almasb.fxgl.app.scene.SceneFactory@5e2d51b9
20:41:26.295 [FXGL Background Thread 3 ] DEBUG Engine               - secondsIn24h: 60
20:41:26.296 [FXGL Background Thread 3 ] DEBUG Engine               - soundMenuBack: menu/back.wav
20:41:26.296 [FXGL Background Thread 3 ] DEBUG Engine               - soundMenuPress: menu/press.wav
20:41:26.296 [FXGL Background Thread 3 ] DEBUG Engine               - soundMenuSelect: menu/select.wav
20:41:26.296 [FXGL Background Thread 3 ] DEBUG Engine               - soundNotification: core/notification.wav
20:41:26.296 [FXGL Background Thread 3 ] DEBUG Engine               - stageStyle: DECORATED
20:41:26.296 [FXGL Background Thread 3 ] DEBUG Engine               - supportedLanguages: [ENGLISH, FRENCH, GERMAN, HUNGARIAN, RUSSIAN]
20:41:26.296 [FXGL Background Thread 3 ] DEBUG Engine               - ticksPerSecond: -1
20:41:26.296 [FXGL Background Thread 3 ] DEBUG Engine               - title: Produktionslinie
20:41:26.296 [FXGL Background Thread 3 ] DEBUG Engine               - urlGithub: https://github.com/AlmasB/FXGL
20:41:26.296 [FXGL Background Thread 3 ] DEBUG Engine               - urlLeaderboard: http://fxgl-top.herokuapp.com/
20:41:26.296 [FXGL Background Thread 3 ] DEBUG Engine               - urlPOM: https://raw.githubusercontent.com/AlmasB/FXGL/release/README.md
20:41:26.296 [FXGL Background Thread 3 ] DEBUG Engine               - userAppClass: class org.betriebssysteme.view.ProductionLineApp
20:41:26.296 [FXGL Background Thread 3 ] DEBUG Engine               - version: 0.0
20:41:26.296 [FXGL Background Thread 3 ] DEBUG Engine               - versionCheckDays: 7
20:41:26.296 [FXGL Background Thread 3 ] DEBUG Engine               - width: 1600
20:41:26.296 [FXGL Background Thread 3 ] DEBUG Engine               - Logging services
20:41:26.296 [FXGL Background Thread 3 ] DEBUG Engine               - class com.almasb.fxgl.app.services.FXGLAssetLoaderService
20:41:26.296 [FXGL Background Thread 3 ] DEBUG Engine               - class com.almasb.fxgl.app.FXGLApplication$GameApplicationService
20:41:26.296 [FXGL Background Thread 3 ] DEBUG Engine               - class com.almasb.fxgl.app.services.FXGLDialogService
20:41:26.296 [FXGL Background Thread 3 ] DEBUG Engine               - class com.almasb.fxgl.app.services.IOTaskExecutorService
20:41:26.296 [FXGL Background Thread 3 ] DEBUG Engine               - class com.almasb.fxgl.io.FileSystemService
20:41:26.297 [FXGL Background Thread 3 ] DEBUG Engine               - class com.almasb.fxgl.localization.LocalizationService
20:41:26.297 [FXGL Background Thread 3 ] DEBUG Engine               - class com.almasb.fxgl.app.services.SystemBundleService
20:41:26.297 [FXGL Background Thread 3 ] DEBUG Engine               - class com.almasb.fxgl.profile.SaveLoadService
20:41:26.297 [FXGL Background Thread 3 ] DEBUG Engine               - class com.almasb.fxgl.ui.FXGLUIFactoryServiceProvider
20:41:26.297 [FXGL Background Thread 3 ] DEBUG Engine               - class com.almasb.fxgl.ui.FXGLDialogFactoryServiceProvider
20:41:26.297 [FXGL Background Thread 3 ] DEBUG Engine               - class com.almasb.fxgl.audio.AudioPlayer
20:41:26.297 [FXGL Background Thread 3 ] DEBUG Engine               - class com.almasb.fxgl.notification.impl.NotificationServiceProvider
20:41:26.297 [FXGL Background Thread 3 ] DEBUG Engine               - class com.almasb.fxgl.achievement.AchievementService
20:41:26.297 [FXGL Background Thread 3 ] DEBUG Engine               - class com.almasb.fxgl.cutscene.CutsceneService
20:41:26.297 [FXGL Background Thread 3 ] DEBUG Engine               - class com.almasb.fxgl.minigames.MiniGameService
20:41:26.297 [FXGL Background Thread 3 ] DEBUG Engine               - class com.almasb.fxgl.net.NetService
20:41:26.297 [FXGL Background Thread 3 ] DEBUG Engine               - class com.almasb.fxgl.app.services.UpdaterService
20:41:26.297 [FXGL Background Thread 3 ] DEBUG Engine               - class com.almasb.fxgl.dev.DevService
20:41:54.162 [JavaFX Application Thread] DEBUG FXGLApplication      - Exiting FXGL
20:41:54.164 [JavaFX Application Thread] DEBUG LoopRunner           - Stopping loop
20:41:54.164 [JavaFX Application Thread] DEBUG SystemBundleService  - Saving FXGL system data
20:41:54.166 [JavaFX Application Thread] DEBUG FileSystemAccess     - Writing to: C:\Users\user\IdeaProjects\Produktionslinie\system\fxgl.bundle
20:41:54.169 [JavaFX Application Thread] DEBUG Async                - Shutting down background threads
20:41:54.169 [JavaFX Application Thread] DEBUG PrimaryStageWindow   - Closing main window
20:41:54.192 [JavaFX Application Thread] DEBUG Logger               - Closing Logger
