21:40:28.946 [main                     ] DEBUG Logger               - Configured Logger
21:40:28.957 [main                     ] DEBUG GameApplication      - Logging settings
Title: Produktionslinie
Version: 0.0
Width: 1600
Height: 900
Fullscreen: false
Intro: false
Profiling: false
Single step:false
App Mode: DEVELOPER
Menu Key: ESCAPE
Stage Style: DECORATED
Scene Factory: class com.almasb.fxgl.app.scene.SceneFactory

21:40:29.236 [JavaFX Application Thread] DEBUG FXGLApplication      - Initializing FXGL
21:40:29.240 [JavaFX Application Thread] INFO  Engine               - FXGL-21.1 (27.03.2024 07.52) on WINDOWS (J:24.0.1 FX:24.0.1+1)
21:40:29.240 [JavaFX Application Thread] DEBUG Engine               - JRE Vendor Name: BellSoft
21:40:29.241 [JavaFX Application Thread] DEBUG Engine               - Running on OS: Windows 11 version 10.0
21:40:29.241 [JavaFX Application Thread] DEBUG Engine               - Architecture: amd64
21:40:29.241 [JavaFX Application Thread] INFO  Engine               - Source code and latest versions at: https://github.com/AlmasB/FXGL
21:40:29.241 [JavaFX Application Thread] INFO  Engine               -       Ask questions and discuss at: https://github.com/AlmasB/FXGL/discussions
21:40:29.241 [JavaFX Application Thread] INFO  Engine               -              Join the FXGL chat at: https://gitter.im/AlmasB/FXGL
21:40:29.328 [JavaFX Application Thread] DEBUG PrimaryStageWindow   - Creating a JavaFX scene
21:40:29.329 [JavaFX Application Thread] DEBUG PrimaryStageWindow   - Target size > screen size
21:40:29.368 [JavaFX Application Thread] DEBUG PrimaryStageWindow   - Target settings size: 1600.0 x 900.0
21:40:29.368 [JavaFX Application Thread] DEBUG PrimaryStageWindow   - Scaled scene size:    1415.0 x 810.0
21:40:29.368 [JavaFX Application Thread] DEBUG PrimaryStageWindow   - Scaled ratio: (0.884375, 0.9)
21:40:29.369 [JavaFX Application Thread] DEBUG PrimaryStageWindow   - Set initial scene to FXGLStartupScene
21:40:29.375 [JavaFX Application Thread] DEBUG PrimaryStageWindow   - Opening main window
21:40:29.660 [JavaFX Application Thread] DEBUG PrimaryStageWindow   - Window border size: (15.0, 37.33331298828125)
21:40:29.660 [JavaFX Application Thread] DEBUG PrimaryStageWindow   - Scaled size: 1415.0 x 810.0
21:40:29.660 [JavaFX Application Thread] DEBUG PrimaryStageWindow   - Scaled ratio: (0.884375, 0.9)
21:40:29.660 [JavaFX Application Thread] DEBUG PrimaryStageWindow   - Scene size: 1415.0 x 810.0
21:40:29.661 [JavaFX Application Thread] DEBUG PrimaryStageWindow   - Stage size: 1430.0 x 847.3333129882812
21:40:29.678 [FXGL Background Thread 1 ] DEBUG Engine               - Initializing environment variables
21:40:29.792 [FXGL Background Thread 1 ] DEBUG FXGLAssetLoaderServi - User app class for loading assets: class org.betriebssysteme.view.ProductionLineApp
21:40:29.792 [FXGL Background Thread 1 ] DEBUG GameApplicationServi - Applying CSS: fxgl_dark.css
21:40:29.794 [FXGL Background Thread 1 ] DEBUG FXGLAssetLoaderServi - Loading from file system: jar:file:/C:/Users/user/.m2/repository/com/github/AlmasB/FXGL/21.1/fxgl-21.1.jar!/fxglassets/ui/css/fxgl_dark.css
21:40:29.853 [FXGL Background Thread 1 ] DEBUG GameApplicationServi - Initializing application scenes
21:40:29.925 [FXGL Background Thread 1 ] DEBUG GameWorld            - Game world initialized
21:40:30.003 [FXGL Background Thread 1 ] DEBUG PhysicsWorld         - Physics world initialized: appHeight=900, physics.ppm=50,0
21:40:30.003 [FXGL Background Thread 1 ] DEBUG PhysicsWorld         - Using strategy: BRUTE_FORCE
21:40:30.009 [FXGL Background Thread 1 ] DEBUG GameScene            - Game scene initialized: 1600x900
21:40:30.025 [FXGL Background Thread 1 ] DEBUG FXGL.DefaultMenu     - createMenuBodyGameMenu()
21:40:30.040 [FXGL Background Thread 1 ] DEBUG FXGL.DefaultMenu     - createOptionsMenu()
21:40:30.057 [FXGL Background Thread 1 ] DEBUG FXGLAssetLoaderServi - Loading from file system: jar:file:/C:/Users/user/.m2/repository/com/github/AlmasB/FXGL/21.1/fxgl-21.1.jar!/fxglassets/textures/particles/smoke.png
21:40:30.172 [FXGL Background Thread 1 ] DEBUG FXGLAssetLoaderServi - Loading from file system: jar:file:/C:/Users/user/.m2/repository/com/github/AlmasB/FXGL/21.1/fxgl-21.1.jar!/fxglassets/textures/particles/trace_horizontal.png
21:40:30.209 [FXGL Background Thread 1 ] DEBUG GameApplicationServi - Application scenes initialized
21:40:30.223 [FXGL Background Thread 1 ] DEBUG SystemBundleService  - Loading FXGL system data
21:40:30.235 [FXGL Background Thread 1 ] DEBUG FileSystemAccess     - Reading from: C:\Users\user\IdeaProjects\Produktionslinie\system\fxgl.bundle
21:40:30.242 [FXGL Background Thread 1 ] DEBUG SystemBundleService  - Bundle FXGL: {}
21:40:30.242 [FXGL Background Thread 1 ] DEBUG UpdaterService       - Checking for updates
21:40:30.267 [FXGL Background Thread 4 ] DEBUG FXGLApplication      - Loading fonts
21:40:30.268 [FXGL Background Thread 4 ] DEBUG FXGLAssetLoaderServi - Loading from file system: jar:file:/C:/Users/user/.m2/repository/com/github/AlmasB/FXGL/21.1/fxgl-21.1.jar!/fxglassets/ui/fonts/VarelaRound-Regular.ttf
21:40:30.268 [FXGL Background Thread 1 ] DEBUG FXGLApplication      - Loading default localization
21:40:30.269 [FXGL Background Thread 1 ] DEBUG FXGLAssetLoaderServi - Loading from file system: jar:file:/C:/Users/user/.m2/repository/com/github/AlmasB/FXGL/21.1/fxgl-21.1.jar!/fxglassets/languages/english.lang
21:40:30.308 [FXGL Background Thread 1 ] INFO  FXGLApplication      - FXGL initialization took: 0,630 sec
21:40:30.317 [FXGL Background Thread 4 ] DEBUG FXGLAssetLoaderServi - Loading from file system: jar:file:/C:/Users/user/.m2/repository/com/github/AlmasB/FXGL/21.1/fxgl-21.1.jar!/fxglassets/ui/fonts/Abel-Regular.ttf
21:40:30.323 [JavaFX Application Thread] DEBUG Input                - Registered new binding: action0 - R
21:40:30.324 [JavaFX Application Thread] DEBUG FXGLAssetLoaderServi - Loading from file system: jar:file:/C:/Users/user/.m2/repository/com/github/AlmasB/FXGL/21.1/fxgl-21.1.jar!/fxglassets/textures/fxgl_icon.png
21:40:30.334 [FXGL Background Thread 4 ] DEBUG FXGLAssetLoaderServi - Loading from file system: jar:file:/C:/Users/user/.m2/repository/com/github/AlmasB/FXGL/21.1/fxgl-21.1.jar!/fxglassets/ui/fonts/TerminalLandMono-Regular.otf
21:40:30.343 [JavaFX Application Thread] DEBUG FXGLAssetLoaderServi - Loading from file system: jar:file:/C:/Users/user/.m2/repository/com/github/AlmasB/FXGL/21.1/fxgl-21.1.jar!/fxglassets/textures/fxgl_default_cursor.png
21:40:30.346 [JavaFX Application Thread] DEBUG Input                - Registered new binding: Screenshot - CTRL+8
21:40:30.347 [JavaFX Application Thread] DEBUG Input                - Registered new binding: Dev Options - 1
21:40:30.348 [JavaFX Application Thread] DEBUG Input                - Registered new binding: Dev Console - 2
21:40:30.349 [JavaFX Application Thread] DEBUG Input                - Registered new binding: System info dump - CTRL+9
21:40:30.349 [FXGL Background Thread 4 ] DEBUG FXGLAssetLoaderServi - Loading from file system: jar:file:/C:/Users/user/.m2/repository/com/github/AlmasB/FXGL/21.1/fxgl-21.1.jar!/fxglassets/ui/fonts/Courier-Prime.ttf
21:40:30.349 [JavaFX Application Thread] DEBUG Input                - Registered new binding: Restart - CTRL+R
21:40:30.351 [JavaFX Application Thread] DEBUG Input                - Registered new binding: Toggle Debug Camera - CTRL+7
21:40:30.360 [JavaFX Application Thread] DEBUG LoopRunner           - Starting loop
21:40:30.388 [JavaFX Application Thread] DEBUG LoopRunner           - Initializing JavaFX AnimationTimerLoop
21:40:30.390 [JavaFX Application Thread] DEBUG GameApplicationServi - Starting new game
21:40:30.391 [JavaFX Application Thread] DEBUG Input                - Clearing active input actions
21:40:30.410 [JavaFX Application Thread] DEBUG GameApplicationServi - Removing overlay from FXGLStartupScene and adding to FXGLLoadingScene
21:40:30.418 [JavaFX Application Thread] DEBUG PrimaryStageWindow   - FXGLStartupScene -> FXGLLoadingScene
21:40:30.418 [JavaFX Application Thread] DEBUG GameApplicationServi - Clearing previous game
21:40:30.418 [JavaFX Application Thread] DEBUG GameScene            - Clearing game scene
21:40:30.418 [JavaFX Application Thread] DEBUG GameWorld            - Clearing game world
21:40:30.419 [JavaFX Application Thread] DEBUG PhysicsWorld         - Clearing physics world
21:40:30.421 [JavaFX Application Thread] DEBUG FXGLApplication      - Registering font factories with UI factory
21:40:30.421 [FXGL Background Thread 4 ] DEBUG FXGLApplication      - Initializing game
21:40:30.448 [FXGL Background Thread 4 ] DEBUG FXGLAssetLoaderServi - Loading from file system: file:/C:/Users/user/IdeaProjects/Produktionslinie/target/classes/assets/textures/Info_Menu_Machine_Asset.png
21:40:30.493 [FXGL Background Thread 4 ] DEBUG FXGLAssetLoaderServi - Loading from file system: file:/C:/Users/user/IdeaProjects/Produktionslinie/target/classes/assets/textures/Turning_Off_Animation.png
21:40:30.499 [FXGL Background Thread 4 ] DEBUG FXGLAssetLoaderServi - Loading from file system: file:/C:/Users/user/IdeaProjects/Produktionslinie/target/classes/assets/textures/Turning_On_Animation.png
21:40:30.501 [FXGL Background Thread 4 ] DEBUG FXGLAssetLoaderServi - Loading from file system: file:/C:/Users/user/IdeaProjects/Produktionslinie/target/classes/assets/textures/Production_While_Taking_Items_Animation.png
21:40:30.505 [FXGL Background Thread 4 ] DEBUG FXGLAssetLoaderServi - Loading from file system: file:/C:/Users/user/IdeaProjects/Produktionslinie/target/classes/assets/textures/Production_Without_Taking_Items_Animation.png
21:40:30.534 [FXGL Background Thread 4 ] INFO  FXGLApplication      - Game initialization took: 0,112 sec
21:40:30.727 [JavaFX Application Thread] DEBUG Input                - Clearing active input actions
21:40:30.756 [JavaFX Application Thread] DEBUG GameApplicationServi - Removing overlay from FXGLLoadingScene and adding to GameScene
21:40:30.763 [JavaFX Application Thread] DEBUG PrimaryStageWindow   - FXGLLoadingScene -> GameScene
21:40:33.266 [FXGL Background Thread 3 ] DEBUG Engine               - Logging environment variables
21:40:33.267 [FXGL Background Thread 3 ] DEBUG Engine               - achievements: []
21:40:33.267 [FXGL Background Thread 3 ] DEBUG Engine               - actualHeight: 810.0
21:40:33.267 [FXGL Background Thread 3 ] DEBUG Engine               - actualHeightProperty: ReadOnlyDoubleProperty [value: 810.0]
21:40:33.267 [FXGL Background Thread 3 ] DEBUG Engine               - actualWidth: 1415.0
21:40:33.267 [FXGL Background Thread 3 ] DEBUG Engine               - actualWidthProperty: ReadOnlyDoubleProperty [value: 1415.0]
21:40:33.267 [FXGL Background Thread 3 ] DEBUG Engine               - appIcon: fxgl_icon.png
21:40:33.267 [FXGL Background Thread 3 ] DEBUG Engine               - applicationMode: DEVELOPER
21:40:33.269 [FXGL Background Thread 3 ] DEBUG Engine               - cSSList: [fxgl_dark.css]
21:40:33.269 [FXGL Background Thread 3 ] DEBUG Engine               - collisionDetectionStrategy: BRUTE_FORCE
21:40:33.269 [FXGL Background Thread 3 ] DEBUG Engine               - configClass: Optional.empty
21:40:33.269 [FXGL Background Thread 3 ] DEBUG Engine               - credits: []
21:40:33.269 [FXGL Background Thread 3 ] DEBUG Engine               - defaultCursor: CursorInfo(imageName=fxgl_default_cursor.png, hotspotX=7.0, hotspotY=6.0)
21:40:33.269 [FXGL Background Thread 3 ] DEBUG Engine               - devBBoxColorProperty: ObjectProperty [value: 0xff0000ff]
21:40:33.269 [FXGL Background Thread 3 ] DEBUG Engine               - devEnableDebugCameraProperty: BooleanProperty [value: false]
21:40:33.270 [FXGL Background Thread 3 ] DEBUG Engine               - devSensorColorProperty: ObjectProperty [value: 0xffff00ff]
21:40:33.270 [FXGL Background Thread 3 ] DEBUG Engine               - devShowBBoxProperty: BooleanProperty [value: false]
21:40:33.270 [FXGL Background Thread 3 ] DEBUG Engine               - devShowPositionProperty: BooleanProperty [value: false]
21:40:33.270 [FXGL Background Thread 3 ] DEBUG Engine               - enabledMenuItems: []
21:40:33.270 [FXGL Background Thread 3 ] DEBUG Engine               - engineServices: [class com.almasb.fxgl.app.services.FXGLAssetLoaderService, class com.almasb.fxgl.app.FXGLApplication$GameApplicationService, class com.almasb.fxgl.app.services.FXGLDialogService, class com.almasb.fxgl.app.services.IOTaskExecutorService, class com.almasb.fxgl.io.FileSystemService, class com.almasb.fxgl.localization.LocalizationService, class com.almasb.fxgl.app.services.SystemBundleService, class com.almasb.fxgl.profile.SaveLoadService, class com.almasb.fxgl.ui.FXGLUIFactoryServiceProvider, class com.almasb.fxgl.ui.FXGLDialogFactoryServiceProvider, class com.almasb.fxgl.audio.AudioPlayer, class com.almasb.fxgl.notification.impl.NotificationServiceProvider, class com.almasb.fxgl.achievement.AchievementService, class com.almasb.fxgl.cutscene.CutsceneService, class com.almasb.fxgl.minigames.MiniGameService, class com.almasb.fxgl.net.NetService, class com.almasb.fxgl.app.services.UpdaterService, class com.almasb.fxgl.dev.DevService]
21:40:33.270 [FXGL Background Thread 3 ] DEBUG Engine               - fontGame: Abel-Regular.ttf
21:40:33.270 [FXGL Background Thread 3 ] DEBUG Engine               - fontMono: TerminalLandMono-Regular.otf
21:40:33.270 [FXGL Background Thread 3 ] DEBUG Engine               - fontSizeScaleUI: 1.0
21:40:33.270 [FXGL Background Thread 3 ] DEBUG Engine               - fontText: Courier-Prime.ttf
21:40:33.270 [FXGL Background Thread 3 ] DEBUG Engine               - fontUI: VarelaRound-Regular.ttf
21:40:33.270 [FXGL Background Thread 3 ] DEBUG Engine               - fullScreen: BooleanProperty [value: false]
21:40:33.270 [FXGL Background Thread 3 ] DEBUG Engine               - gameDifficulty: MEDIUM
21:40:33.270 [FXGL Background Thread 3 ] DEBUG Engine               - gameDifficultyProperty: ObjectProperty [value: MEDIUM]
21:40:33.270 [FXGL Background Thread 3 ] DEBUG Engine               - globalMusicVolume: 0.5
21:40:33.270 [FXGL Background Thread 3 ] DEBUG Engine               - globalMusicVolumeProperty: DoubleProperty [value: 0.5]
21:40:33.271 [FXGL Background Thread 3 ] DEBUG Engine               - globalSoundVolume: 0.5
21:40:33.271 [FXGL Background Thread 3 ] DEBUG Engine               - globalSoundVolumeProperty: DoubleProperty [value: 0.5]
21:40:33.271 [FXGL Background Thread 3 ] DEBUG Engine               - height: 900
21:40:33.271 [FXGL Background Thread 3 ] DEBUG Engine               - is3D: false
21:40:33.271 [FXGL Background Thread 3 ] DEBUG Engine               - isAndroid: false
21:40:33.271 [FXGL Background Thread 3 ] DEBUG Engine               - isBrowser: false
21:40:33.271 [FXGL Background Thread 3 ] DEBUG Engine               - isClickFeedbackEnabled: false
21:40:33.271 [FXGL Background Thread 3 ] DEBUG Engine               - isCloseConfirmation: false
21:40:33.271 [FXGL Background Thread 3 ] DEBUG Engine               - isDesktop: true
21:40:33.271 [FXGL Background Thread 3 ] DEBUG Engine               - isDeveloperMenuEnabled: true
21:40:33.271 [FXGL Background Thread 3 ] DEBUG Engine               - isEmbedded: false
21:40:33.271 [FXGL Background Thread 3 ] DEBUG Engine               - isEntityPreloadEnabled: true
21:40:33.271 [FXGL Background Thread 3 ] DEBUG Engine               - isExperimentalTiledLargeMap: false
21:40:33.272 [FXGL Background Thread 3 ] DEBUG Engine               - isFileSystemWriteAllowed: true
21:40:33.272 [FXGL Background Thread 3 ] DEBUG Engine               - isFullScreenAllowed: false
21:40:33.272 [FXGL Background Thread 3 ] DEBUG Engine               - isFullScreenFromStart: false
21:40:33.272 [FXGL Background Thread 3 ] DEBUG Engine               - isGameMenuEnabled: true
21:40:33.272 [FXGL Background Thread 3 ] DEBUG Engine               - isIOS: false
21:40:33.272 [FXGL Background Thread 3 ] DEBUG Engine               - isIntroEnabled: false
21:40:33.272 [FXGL Background Thread 3 ] DEBUG Engine               - isLinux: false
21:40:33.272 [FXGL Background Thread 3 ] DEBUG Engine               - isMac: false
21:40:33.272 [FXGL Background Thread 3 ] DEBUG Engine               - isMainMenuEnabled: false
21:40:33.272 [FXGL Background Thread 3 ] DEBUG Engine               - isManualResizeEnabled: false
21:40:33.272 [FXGL Background Thread 3 ] DEBUG Engine               - isMobile: false
21:40:33.272 [FXGL Background Thread 3 ] DEBUG Engine               - isNative: false
21:40:33.272 [FXGL Background Thread 3 ] DEBUG Engine               - isPauseMusicWhenMinimized: true
21:40:33.272 [FXGL Background Thread 3 ] DEBUG Engine               - isPreserveResizeRatio: false
21:40:33.272 [FXGL Background Thread 3 ] DEBUG Engine               - isProfilingEnabled: false
21:40:33.272 [FXGL Background Thread 3 ] DEBUG Engine               - isScaleAffectedOnResize: true
21:40:33.272 [FXGL Background Thread 3 ] DEBUG Engine               - isSingleStep: false
21:40:33.273 [FXGL Background Thread 3 ] DEBUG Engine               - isUserProfileEnabled: false
21:40:33.273 [FXGL Background Thread 3 ] DEBUG Engine               - isWindows: true
21:40:33.273 [FXGL Background Thread 3 ] DEBUG Engine               - language: ObjectProperty [value: ENGLISH]
21:40:33.273 [FXGL Background Thread 3 ] DEBUG Engine               - menuKey: ESCAPE
21:40:33.273 [FXGL Background Thread 3 ] DEBUG Engine               - mouseSensitivity: 0.2
21:40:33.273 [FXGL Background Thread 3 ] DEBUG Engine               - notificationViewClass: class com.almasb.fxgl.notification.view.XboxNotificationView
21:40:33.273 [FXGL Background Thread 3 ] DEBUG Engine               - pixelsPerMeter: 50.0
21:40:33.273 [FXGL Background Thread 3 ] DEBUG Engine               - platform: WINDOWS
21:40:33.273 [FXGL Background Thread 3 ] DEBUG Engine               - prefHeightProperty: ReadOnlyDoubleProperty [value: 900.0]
21:40:33.273 [FXGL Background Thread 3 ] DEBUG Engine               - prefWidthProperty: ReadOnlyDoubleProperty [value: 1600.0]
21:40:33.273 [FXGL Background Thread 3 ] DEBUG Engine               - profileDir: profiles/
21:40:33.273 [FXGL Background Thread 3 ] DEBUG Engine               - profileName: StringProperty [value: DEFAULT]
21:40:33.273 [FXGL Background Thread 3 ] DEBUG Engine               - randomSeed: -1
21:40:33.274 [FXGL Background Thread 3 ] DEBUG Engine               - runtimeInfo: RuntimeInfo(platform=WINDOWS, version=21.1, build=27.03.2024 07.52)
21:40:33.274 [FXGL Background Thread 3 ] DEBUG Engine               - saveFileExt: sav
21:40:33.274 [FXGL Background Thread 3 ] DEBUG Engine               - scaledHeightProp$fxgl: DoubleProperty [bound, value: 810.0]
21:40:33.274 [FXGL Background Thread 3 ] DEBUG Engine               - scaledWidthProp$fxgl: DoubleProperty [bound, value: 1415.0]
21:40:33.274 [FXGL Background Thread 3 ] DEBUG Engine               - sceneFactory: com.almasb.fxgl.app.scene.SceneFactory@3dc0a152
21:40:33.274 [FXGL Background Thread 3 ] DEBUG Engine               - secondsIn24h: 60
21:40:33.274 [FXGL Background Thread 3 ] DEBUG Engine               - soundMenuBack: menu/back.wav
21:40:33.274 [FXGL Background Thread 3 ] DEBUG Engine               - soundMenuPress: menu/press.wav
21:40:33.274 [FXGL Background Thread 3 ] DEBUG Engine               - soundMenuSelect: menu/select.wav
21:40:33.274 [FXGL Background Thread 3 ] DEBUG Engine               - soundNotification: core/notification.wav
21:40:33.274 [FXGL Background Thread 3 ] DEBUG Engine               - stageStyle: DECORATED
21:40:33.274 [FXGL Background Thread 3 ] DEBUG Engine               - supportedLanguages: [ENGLISH, FRENCH, GERMAN, HUNGARIAN, RUSSIAN]
21:40:33.274 [FXGL Background Thread 3 ] DEBUG Engine               - ticksPerSecond: -1
21:40:33.274 [FXGL Background Thread 3 ] DEBUG Engine               - title: Produktionslinie
21:40:33.274 [FXGL Background Thread 3 ] DEBUG Engine               - urlGithub: https://github.com/AlmasB/FXGL
21:40:33.274 [FXGL Background Thread 3 ] DEBUG Engine               - urlLeaderboard: http://fxgl-top.herokuapp.com/
21:40:33.274 [FXGL Background Thread 3 ] DEBUG Engine               - urlPOM: https://raw.githubusercontent.com/AlmasB/FXGL/release/README.md
21:40:33.274 [FXGL Background Thread 3 ] DEBUG Engine               - userAppClass: class org.betriebssysteme.view.ProductionLineApp
21:40:33.275 [FXGL Background Thread 3 ] DEBUG Engine               - version: 0.0
21:40:33.275 [FXGL Background Thread 3 ] DEBUG Engine               - versionCheckDays: 7
21:40:33.275 [FXGL Background Thread 3 ] DEBUG Engine               - width: 1600
21:40:33.275 [FXGL Background Thread 3 ] DEBUG Engine               - Logging services
21:40:33.275 [FXGL Background Thread 3 ] DEBUG Engine               - class com.almasb.fxgl.app.services.FXGLAssetLoaderService
21:40:33.275 [FXGL Background Thread 3 ] DEBUG Engine               - class com.almasb.fxgl.app.FXGLApplication$GameApplicationService
21:40:33.275 [FXGL Background Thread 3 ] DEBUG Engine               - class com.almasb.fxgl.app.services.FXGLDialogService
21:40:33.275 [FXGL Background Thread 3 ] DEBUG Engine               - class com.almasb.fxgl.app.services.IOTaskExecutorService
21:40:33.275 [FXGL Background Thread 3 ] DEBUG Engine               - class com.almasb.fxgl.io.FileSystemService
21:40:33.275 [FXGL Background Thread 3 ] DEBUG Engine               - class com.almasb.fxgl.localization.LocalizationService
21:40:33.275 [FXGL Background Thread 3 ] DEBUG Engine               - class com.almasb.fxgl.app.services.SystemBundleService
21:40:33.275 [FXGL Background Thread 3 ] DEBUG Engine               - class com.almasb.fxgl.profile.SaveLoadService
21:40:33.275 [FXGL Background Thread 3 ] DEBUG Engine               - class com.almasb.fxgl.ui.FXGLUIFactoryServiceProvider
21:40:33.275 [FXGL Background Thread 3 ] DEBUG Engine               - class com.almasb.fxgl.ui.FXGLDialogFactoryServiceProvider
21:40:33.275 [FXGL Background Thread 3 ] DEBUG Engine               - class com.almasb.fxgl.audio.AudioPlayer
21:40:33.275 [FXGL Background Thread 3 ] DEBUG Engine               - class com.almasb.fxgl.notification.impl.NotificationServiceProvider
21:40:33.275 [FXGL Background Thread 3 ] DEBUG Engine               - class com.almasb.fxgl.achievement.AchievementService
21:40:33.276 [FXGL Background Thread 3 ] DEBUG Engine               - class com.almasb.fxgl.cutscene.CutsceneService
21:40:33.276 [FXGL Background Thread 3 ] DEBUG Engine               - class com.almasb.fxgl.minigames.MiniGameService
21:40:33.276 [FXGL Background Thread 3 ] DEBUG Engine               - class com.almasb.fxgl.net.NetService
21:40:33.276 [FXGL Background Thread 3 ] DEBUG Engine               - class com.almasb.fxgl.app.services.UpdaterService
21:40:33.276 [FXGL Background Thread 3 ] DEBUG Engine               - class com.almasb.fxgl.dev.DevService
21:44:22.842 [JavaFX Application Thread] DEBUG LoopRunner           - Pausing loop
21:44:23.443 [JavaFX Application Thread] DEBUG LoopRunner           - Resuming loop
21:44:24.972 [JavaFX Application Thread] DEBUG FXGLApplication      - Exiting FXGL
21:44:24.972 [JavaFX Application Thread] DEBUG LoopRunner           - Stopping loop
21:44:24.972 [JavaFX Application Thread] DEBUG SystemBundleService  - Saving FXGL system data
21:44:24.974 [JavaFX Application Thread] DEBUG FileSystemAccess     - Writing to: C:\Users\user\IdeaProjects\Produktionslinie\system\fxgl.bundle
21:44:24.977 [JavaFX Application Thread] DEBUG Async                - Shutting down background threads
21:44:24.977 [JavaFX Application Thread] DEBUG PrimaryStageWindow   - Closing main window
21:44:25.002 [JavaFX Application Thread] DEBUG Logger               - Closing Logger
