12:13:23.560 [main                     ] DEBUG Logger               - Configured Logger
12:13:23.571 [main                     ] DEBUG GameApplication      - Logging settings
Title: Produktionslinie
Version: 0.0
Width: 1600
Height: 900
Fullscreen: false
Intro: false
Profiling: false
Single step:false
App Mode: DEVELOPER
Menu Key: ESCAPE
Stage Style: DECORATED
Scene Factory: class com.almasb.fxgl.app.scene.SceneFactory

12:13:23.889 [JavaFX Application Thread] DEBUG FXGLApplication      - Initializing FXGL
12:13:23.895 [JavaFX Application Thread] INFO  Engine               - FXGL-21.1 (27.03.2024 07.52) on WINDOWS (J:24.0.1 FX:24.0.1+1)
12:13:23.895 [JavaFX Application Thread] DEBUG Engine               - JRE Vendor Name: BellSoft
12:13:23.895 [JavaFX Application Thread] DEBUG Engine               - Running on OS: Windows 11 version 10.0
12:13:23.896 [JavaFX Application Thread] DEBUG Engine               - Architecture: amd64
12:13:23.896 [JavaFX Application Thread] INFO  Engine               - Source code and latest versions at: https://github.com/AlmasB/FXGL
12:13:23.896 [JavaFX Application Thread] INFO  Engine               -       Ask questions and discuss at: https://github.com/AlmasB/FXGL/discussions
12:13:23.896 [JavaFX Application Thread] INFO  Engine               -              Join the FXGL chat at: https://gitter.im/AlmasB/FXGL
12:13:24.000 [JavaFX Application Thread] DEBUG PrimaryStageWindow   - Creating a JavaFX scene
12:13:24.000 [JavaFX Application Thread] DEBUG PrimaryStageWindow   - Target size > screen size
12:13:24.043 [JavaFX Application Thread] DEBUG PrimaryStageWindow   - Target settings size: 1600.0 x 900.0
12:13:24.044 [JavaFX Application Thread] DEBUG PrimaryStageWindow   - Scaled scene size:    1415.0 x 810.0
12:13:24.044 [JavaFX Application Thread] DEBUG PrimaryStageWindow   - Scaled ratio: (0.884375, 0.9)
12:13:24.046 [JavaFX Application Thread] DEBUG PrimaryStageWindow   - Set initial scene to FXGLStartupScene
12:13:24.052 [JavaFX Application Thread] DEBUG PrimaryStageWindow   - Opening main window
12:13:24.359 [JavaFX Application Thread] DEBUG PrimaryStageWindow   - Window border size: (15.0, 37.33331298828125)
12:13:24.360 [JavaFX Application Thread] DEBUG PrimaryStageWindow   - Scaled size: 1415.0 x 810.0
12:13:24.360 [JavaFX Application Thread] DEBUG PrimaryStageWindow   - Scaled ratio: (0.884375, 0.9)
12:13:24.360 [JavaFX Application Thread] DEBUG PrimaryStageWindow   - Scene size: 1415.0 x 810.0
12:13:24.360 [JavaFX Application Thread] DEBUG PrimaryStageWindow   - Stage size: 1430.0 x 847.3333129882812
12:13:24.383 [FXGL Background Thread 1 ] DEBUG Engine               - Initializing environment variables
12:13:24.499 [FXGL Background Thread 1 ] DEBUG FXGLAssetLoaderServi - User app class for loading assets: class org.betriebssysteme.view.ProductionLineApp
12:13:24.500 [FXGL Background Thread 1 ] DEBUG GameApplicationServi - Applying CSS: fxgl_dark.css
12:13:24.503 [FXGL Background Thread 1 ] DEBUG FXGLAssetLoaderServi - Loading from file system: jar:file:/C:/Users/user/.m2/repository/com/github/AlmasB/FXGL/21.1/fxgl-21.1.jar!/fxglassets/ui/css/fxgl_dark.css
12:13:24.587 [FXGL Background Thread 1 ] DEBUG GameApplicationServi - Initializing application scenes
12:13:24.669 [FXGL Background Thread 1 ] DEBUG GameWorld            - Game world initialized
12:13:24.773 [FXGL Background Thread 1 ] DEBUG PhysicsWorld         - Physics world initialized: appHeight=900, physics.ppm=50,0
12:13:24.773 [FXGL Background Thread 1 ] DEBUG PhysicsWorld         - Using strategy: BRUTE_FORCE
12:13:24.779 [FXGL Background Thread 1 ] DEBUG GameScene            - Game scene initialized: 1600x900
12:13:24.804 [FXGL Background Thread 1 ] DEBUG FXGL.DefaultMenu     - createMenuBodyGameMenu()
12:13:24.823 [FXGL Background Thread 1 ] DEBUG FXGL.DefaultMenu     - createOptionsMenu()
12:13:24.845 [FXGL Background Thread 1 ] DEBUG FXGLAssetLoaderServi - Loading from file system: jar:file:/C:/Users/user/.m2/repository/com/github/AlmasB/FXGL/21.1/fxgl-21.1.jar!/fxglassets/textures/particles/smoke.png
12:13:24.998 [FXGL Background Thread 1 ] DEBUG FXGLAssetLoaderServi - Loading from file system: jar:file:/C:/Users/user/.m2/repository/com/github/AlmasB/FXGL/21.1/fxgl-21.1.jar!/fxglassets/textures/particles/trace_horizontal.png
12:13:25.024 [FXGL Background Thread 1 ] DEBUG GameApplicationServi - Application scenes initialized
12:13:25.041 [FXGL Background Thread 1 ] DEBUG SystemBundleService  - Loading FXGL system data
12:13:25.058 [FXGL Background Thread 1 ] DEBUG FileSystemAccess     - Reading from: C:\Users\user\IdeaProjects\Produktionslinie\system\fxgl.bundle
12:13:25.070 [FXGL Background Thread 1 ] DEBUG SystemBundleService  - Bundle FXGL: {}
12:13:25.071 [FXGL Background Thread 1 ] DEBUG UpdaterService       - Checking for updates
12:13:25.103 [FXGL Background Thread 4 ] DEBUG FXGLApplication      - Loading fonts
12:13:25.104 [FXGL Background Thread 4 ] DEBUG FXGLAssetLoaderServi - Loading from file system: jar:file:/C:/Users/user/.m2/repository/com/github/AlmasB/FXGL/21.1/fxgl-21.1.jar!/fxglassets/ui/fonts/VarelaRound-Regular.ttf
12:13:25.105 [FXGL Background Thread 1 ] DEBUG FXGLApplication      - Loading default localization
12:13:25.105 [FXGL Background Thread 1 ] DEBUG FXGLAssetLoaderServi - Loading from file system: jar:file:/C:/Users/user/.m2/repository/com/github/AlmasB/FXGL/21.1/fxgl-21.1.jar!/fxglassets/languages/english.lang
12:13:25.146 [FXGL Background Thread 1 ] INFO  FXGLApplication      - FXGL initialization took: 0,762 sec
12:13:25.159 [JavaFX Application Thread] DEBUG Input                - Registered new binding: action0 - R
12:13:25.160 [FXGL Background Thread 4 ] DEBUG FXGLAssetLoaderServi - Loading from file system: jar:file:/C:/Users/user/.m2/repository/com/github/AlmasB/FXGL/21.1/fxgl-21.1.jar!/fxglassets/ui/fonts/Abel-Regular.ttf
12:13:25.165 [JavaFX Application Thread] DEBUG FXGLAssetLoaderServi - Loading from file system: jar:file:/C:/Users/user/.m2/repository/com/github/AlmasB/FXGL/21.1/fxgl-21.1.jar!/fxglassets/textures/fxgl_icon.png
12:13:25.179 [FXGL Background Thread 4 ] DEBUG FXGLAssetLoaderServi - Loading from file system: jar:file:/C:/Users/user/.m2/repository/com/github/AlmasB/FXGL/21.1/fxgl-21.1.jar!/fxglassets/ui/fonts/TerminalLandMono-Regular.otf
12:13:25.186 [JavaFX Application Thread] DEBUG FXGLAssetLoaderServi - Loading from file system: jar:file:/C:/Users/user/.m2/repository/com/github/AlmasB/FXGL/21.1/fxgl-21.1.jar!/fxglassets/textures/fxgl_default_cursor.png
12:13:25.190 [JavaFX Application Thread] DEBUG Input                - Registered new binding: Screenshot - CTRL+8
12:13:25.191 [JavaFX Application Thread] DEBUG Input                - Registered new binding: Dev Options - 1
12:13:25.193 [JavaFX Application Thread] DEBUG Input                - Registered new binding: Dev Console - 2
12:13:25.194 [JavaFX Application Thread] DEBUG Input                - Registered new binding: System info dump - CTRL+9
12:13:25.195 [JavaFX Application Thread] DEBUG Input                - Registered new binding: Restart - CTRL+R
12:13:25.197 [JavaFX Application Thread] DEBUG Input                - Registered new binding: Toggle Debug Camera - CTRL+7
12:13:25.200 [FXGL Background Thread 4 ] DEBUG FXGLAssetLoaderServi - Loading from file system: jar:file:/C:/Users/user/.m2/repository/com/github/AlmasB/FXGL/21.1/fxgl-21.1.jar!/fxglassets/ui/fonts/Courier-Prime.ttf
12:13:25.206 [JavaFX Application Thread] DEBUG LoopRunner           - Starting loop
12:13:25.230 [JavaFX Application Thread] DEBUG LoopRunner           - Initializing JavaFX AnimationTimerLoop
12:13:25.232 [JavaFX Application Thread] DEBUG GameApplicationServi - Starting new game
12:13:25.233 [JavaFX Application Thread] DEBUG Input                - Clearing active input actions
12:13:25.250 [JavaFX Application Thread] DEBUG GameApplicationServi - Removing overlay from FXGLStartupScene and adding to FXGLLoadingScene
12:13:25.253 [JavaFX Application Thread] DEBUG PrimaryStageWindow   - FXGLStartupScene -> FXGLLoadingScene
12:13:25.253 [JavaFX Application Thread] DEBUG GameApplicationServi - Clearing previous game
12:13:25.253 [JavaFX Application Thread] DEBUG GameScene            - Clearing game scene
12:13:25.253 [JavaFX Application Thread] DEBUG GameWorld            - Clearing game world
12:13:25.253 [JavaFX Application Thread] DEBUG PhysicsWorld         - Clearing physics world
12:13:25.256 [FXGL Background Thread 4 ] DEBUG FXGLApplication      - Initializing game
12:13:25.258 [JavaFX Application Thread] DEBUG FXGLApplication      - Registering font factories with UI factory
12:13:25.396 [FXGL Background Thread 4 ] WARN  TMXLevelLoader       - TiledMap generated from 1.11.2. Supported version: 1.9.0. Some features may not be parsed fully.
12:13:25.410 [FXGL Background Thread 4 ] DEBUG TMXLevelLoader       - Parsed TiledMap: file:/C:/Users/user/IdeaProjects/Produktionslinie/target/classes/assets/levels/map.tmx
12:13:25.414 [FXGL Background Thread 4 ] DEBUG TMXLevelLoader       - Creating tile layer entities
12:13:25.418 [FXGL Background Thread 4 ] DEBUG TilesetLoader        - Loading view for layer Kachelebene 1
12:13:25.441 [FXGL Background Thread 4 ] DEBUG TilesetLoader        - Created buffer with size 3200.0x3200.0
12:13:25.508 [FXGL Background Thread 4 ] DEBUG TMXLevelLoader       - Creating object layer entities
12:13:25.510 [FXGL Background Thread 4 ] DEBUG GameWorld            - Clearing removable entities
12:13:25.511 [FXGL Background Thread 4 ] DEBUG GameWorld            - Setting level: com.almasb.fxgl.entity.level.Level@52f27b1a
12:13:25.545 [FXGL Background Thread 4 ] DEBUG FXGLAssetLoaderServi - Loading from file system: file:/C:/Users/user/IdeaProjects/Produktionslinie/target/classes/assets/textures/Info_Menu_Machine_Asset.png
12:13:25.717 [FXGL Background Thread 4 ] DEBUG FXGLAssetLoaderServi - Loading from file system: file:/C:/Users/user/IdeaProjects/Produktionslinie/target/classes/assets/textures/Turning_Off_Animation.png
12:13:25.725 [FXGL Background Thread 4 ] DEBUG FXGLAssetLoaderServi - Loading from file system: file:/C:/Users/user/IdeaProjects/Produktionslinie/target/classes/assets/textures/Turning_On_Animation.png
12:13:25.728 [FXGL Background Thread 4 ] DEBUG FXGLAssetLoaderServi - Loading from file system: file:/C:/Users/user/IdeaProjects/Produktionslinie/target/classes/assets/textures/Production_While_Taking_Items_Animation.png
12:13:25.732 [FXGL Background Thread 4 ] DEBUG FXGLAssetLoaderServi - Loading from file system: file:/C:/Users/user/IdeaProjects/Produktionslinie/target/classes/assets/textures/Production_Without_Taking_Items_Animation.png
12:13:25.768 [FXGL Background Thread 4 ] INFO  FXGLApplication      - Game initialization took: 0,512 sec
12:13:25.811 [JavaFX Application Thread] DEBUG Input                - Clearing active input actions
12:13:25.847 [JavaFX Application Thread] DEBUG GameApplicationServi - Removing overlay from FXGLLoadingScene and adding to GameScene
12:13:25.858 [JavaFX Application Thread] DEBUG PrimaryStageWindow   - FXGLLoadingScene -> GameScene
12:13:28.101 [FXGL Background Thread 3 ] DEBUG Engine               - Logging environment variables
12:13:28.102 [FXGL Background Thread 3 ] DEBUG Engine               - achievements: []
12:13:28.102 [FXGL Background Thread 3 ] DEBUG Engine               - actualHeight: 810.0
12:13:28.102 [FXGL Background Thread 3 ] DEBUG Engine               - actualHeightProperty: ReadOnlyDoubleProperty [value: 810.0]
12:13:28.102 [FXGL Background Thread 3 ] DEBUG Engine               - actualWidth: 1415.0
12:13:28.103 [FXGL Background Thread 3 ] DEBUG Engine               - actualWidthProperty: ReadOnlyDoubleProperty [value: 1415.0]
12:13:28.103 [FXGL Background Thread 3 ] DEBUG Engine               - appIcon: fxgl_icon.png
12:13:28.103 [FXGL Background Thread 3 ] DEBUG Engine               - applicationMode: DEVELOPER
12:13:28.103 [FXGL Background Thread 3 ] DEBUG Engine               - cSSList: [fxgl_dark.css]
12:13:28.103 [FXGL Background Thread 3 ] DEBUG Engine               - collisionDetectionStrategy: BRUTE_FORCE
12:13:28.103 [FXGL Background Thread 3 ] DEBUG Engine               - configClass: Optional.empty
12:13:28.103 [FXGL Background Thread 3 ] DEBUG Engine               - credits: []
12:13:28.103 [FXGL Background Thread 3 ] DEBUG Engine               - defaultCursor: CursorInfo(imageName=fxgl_default_cursor.png, hotspotX=7.0, hotspotY=6.0)
12:13:28.104 [FXGL Background Thread 3 ] DEBUG Engine               - devBBoxColorProperty: ObjectProperty [value: 0xff0000ff]
12:13:28.104 [FXGL Background Thread 3 ] DEBUG Engine               - devEnableDebugCameraProperty: BooleanProperty [value: false]
12:13:28.104 [FXGL Background Thread 3 ] DEBUG Engine               - devSensorColorProperty: ObjectProperty [value: 0xffff00ff]
12:13:28.104 [FXGL Background Thread 3 ] DEBUG Engine               - devShowBBoxProperty: BooleanProperty [value: false]
12:13:28.104 [FXGL Background Thread 3 ] DEBUG Engine               - devShowPositionProperty: BooleanProperty [value: false]
12:13:28.104 [FXGL Background Thread 3 ] DEBUG Engine               - enabledMenuItems: []
12:13:28.104 [FXGL Background Thread 3 ] DEBUG Engine               - engineServices: [class com.almasb.fxgl.app.services.FXGLAssetLoaderService, class com.almasb.fxgl.app.FXGLApplication$GameApplicationService, class com.almasb.fxgl.app.services.FXGLDialogService, class com.almasb.fxgl.app.services.IOTaskExecutorService, class com.almasb.fxgl.io.FileSystemService, class com.almasb.fxgl.localization.LocalizationService, class com.almasb.fxgl.app.services.SystemBundleService, class com.almasb.fxgl.profile.SaveLoadService, class com.almasb.fxgl.ui.FXGLUIFactoryServiceProvider, class com.almasb.fxgl.ui.FXGLDialogFactoryServiceProvider, class com.almasb.fxgl.audio.AudioPlayer, class com.almasb.fxgl.notification.impl.NotificationServiceProvider, class com.almasb.fxgl.achievement.AchievementService, class com.almasb.fxgl.cutscene.CutsceneService, class com.almasb.fxgl.minigames.MiniGameService, class com.almasb.fxgl.net.NetService, class com.almasb.fxgl.app.services.UpdaterService, class com.almasb.fxgl.dev.DevService]
12:13:28.104 [FXGL Background Thread 3 ] DEBUG Engine               - fontGame: Abel-Regular.ttf
12:13:28.104 [FXGL Background Thread 3 ] DEBUG Engine               - fontMono: TerminalLandMono-Regular.otf
12:13:28.104 [FXGL Background Thread 3 ] DEBUG Engine               - fontSizeScaleUI: 1.0
12:13:28.104 [FXGL Background Thread 3 ] DEBUG Engine               - fontText: Courier-Prime.ttf
12:13:28.104 [FXGL Background Thread 3 ] DEBUG Engine               - fontUI: VarelaRound-Regular.ttf
12:13:28.105 [FXGL Background Thread 3 ] DEBUG Engine               - fullScreen: BooleanProperty [value: false]
12:13:28.105 [FXGL Background Thread 3 ] DEBUG Engine               - gameDifficulty: MEDIUM
12:13:28.105 [FXGL Background Thread 3 ] DEBUG Engine               - gameDifficultyProperty: ObjectProperty [value: MEDIUM]
12:13:28.105 [FXGL Background Thread 3 ] DEBUG Engine               - globalMusicVolume: 0.5
12:13:28.105 [FXGL Background Thread 3 ] DEBUG Engine               - globalMusicVolumeProperty: DoubleProperty [value: 0.5]
12:13:28.105 [FXGL Background Thread 3 ] DEBUG Engine               - globalSoundVolume: 0.5
12:13:28.105 [FXGL Background Thread 3 ] DEBUG Engine               - globalSoundVolumeProperty: DoubleProperty [value: 0.5]
12:13:28.105 [FXGL Background Thread 3 ] DEBUG Engine               - height: 900
12:13:28.105 [FXGL Background Thread 3 ] DEBUG Engine               - is3D: false
12:13:28.105 [FXGL Background Thread 3 ] DEBUG Engine               - isAndroid: false
12:13:28.105 [FXGL Background Thread 3 ] DEBUG Engine               - isBrowser: false
12:13:28.105 [FXGL Background Thread 3 ] DEBUG Engine               - isClickFeedbackEnabled: false
12:13:28.105 [FXGL Background Thread 3 ] DEBUG Engine               - isCloseConfirmation: false
12:13:28.105 [FXGL Background Thread 3 ] DEBUG Engine               - isDesktop: true
12:13:28.106 [FXGL Background Thread 3 ] DEBUG Engine               - isDeveloperMenuEnabled: true
12:13:28.106 [FXGL Background Thread 3 ] DEBUG Engine               - isEmbedded: false
12:13:28.106 [FXGL Background Thread 3 ] DEBUG Engine               - isEntityPreloadEnabled: true
12:13:28.106 [FXGL Background Thread 3 ] DEBUG Engine               - isExperimentalTiledLargeMap: false
12:13:28.106 [FXGL Background Thread 3 ] DEBUG Engine               - isFileSystemWriteAllowed: true
12:13:28.106 [FXGL Background Thread 3 ] DEBUG Engine               - isFullScreenAllowed: false
12:13:28.106 [FXGL Background Thread 3 ] DEBUG Engine               - isFullScreenFromStart: false
12:13:28.106 [FXGL Background Thread 3 ] DEBUG Engine               - isGameMenuEnabled: true
12:13:28.106 [FXGL Background Thread 3 ] DEBUG Engine               - isIOS: false
12:13:28.106 [FXGL Background Thread 3 ] DEBUG Engine               - isIntroEnabled: false
12:13:28.106 [FXGL Background Thread 3 ] DEBUG Engine               - isLinux: false
12:13:28.106 [FXGL Background Thread 3 ] DEBUG Engine               - isMac: false
12:13:28.106 [FXGL Background Thread 3 ] DEBUG Engine               - isMainMenuEnabled: false
12:13:28.107 [FXGL Background Thread 3 ] DEBUG Engine               - isManualResizeEnabled: false
12:13:28.107 [FXGL Background Thread 3 ] DEBUG Engine               - isMobile: false
12:13:28.107 [FXGL Background Thread 3 ] DEBUG Engine               - isNative: false
12:13:28.107 [FXGL Background Thread 3 ] DEBUG Engine               - isPauseMusicWhenMinimized: true
12:13:28.107 [FXGL Background Thread 3 ] DEBUG Engine               - isPreserveResizeRatio: false
12:13:28.107 [FXGL Background Thread 3 ] DEBUG Engine               - isProfilingEnabled: false
12:13:28.107 [FXGL Background Thread 3 ] DEBUG Engine               - isScaleAffectedOnResize: true
12:13:28.107 [FXGL Background Thread 3 ] DEBUG Engine               - isSingleStep: false
12:13:28.107 [FXGL Background Thread 3 ] DEBUG Engine               - isUserProfileEnabled: false
12:13:28.107 [FXGL Background Thread 3 ] DEBUG Engine               - isWindows: true
12:13:28.107 [FXGL Background Thread 3 ] DEBUG Engine               - language: ObjectProperty [value: ENGLISH]
12:13:28.107 [FXGL Background Thread 3 ] DEBUG Engine               - menuKey: ESCAPE
12:13:28.107 [FXGL Background Thread 3 ] DEBUG Engine               - mouseSensitivity: 0.2
12:13:28.108 [FXGL Background Thread 3 ] DEBUG Engine               - notificationViewClass: class com.almasb.fxgl.notification.view.XboxNotificationView
12:13:28.108 [FXGL Background Thread 3 ] DEBUG Engine               - pixelsPerMeter: 50.0
12:13:28.108 [FXGL Background Thread 3 ] DEBUG Engine               - platform: WINDOWS
12:13:28.108 [FXGL Background Thread 3 ] DEBUG Engine               - prefHeightProperty: ReadOnlyDoubleProperty [value: 900.0]
12:13:28.108 [FXGL Background Thread 3 ] DEBUG Engine               - prefWidthProperty: ReadOnlyDoubleProperty [value: 1600.0]
12:13:28.108 [FXGL Background Thread 3 ] DEBUG Engine               - profileDir: profiles/
12:13:28.108 [FXGL Background Thread 3 ] DEBUG Engine               - profileName: StringProperty [value: DEFAULT]
12:13:28.108 [FXGL Background Thread 3 ] DEBUG Engine               - randomSeed: -1
12:13:28.108 [FXGL Background Thread 3 ] DEBUG Engine               - runtimeInfo: RuntimeInfo(platform=WINDOWS, version=21.1, build=27.03.2024 07.52)
12:13:28.108 [FXGL Background Thread 3 ] DEBUG Engine               - saveFileExt: sav
12:13:28.109 [FXGL Background Thread 3 ] DEBUG Engine               - scaledHeightProp$fxgl: DoubleProperty [bound, value: 810.0]
12:13:28.109 [FXGL Background Thread 3 ] DEBUG Engine               - scaledWidthProp$fxgl: DoubleProperty [bound, value: 1415.0]
12:13:28.109 [FXGL Background Thread 3 ] DEBUG Engine               - sceneFactory: com.almasb.fxgl.app.scene.SceneFactory@687a51bf
12:13:28.109 [FXGL Background Thread 3 ] DEBUG Engine               - secondsIn24h: 60
12:13:28.109 [FXGL Background Thread 3 ] DEBUG Engine               - soundMenuBack: menu/back.wav
12:13:28.109 [FXGL Background Thread 3 ] DEBUG Engine               - soundMenuPress: menu/press.wav
12:13:28.109 [FXGL Background Thread 3 ] DEBUG Engine               - soundMenuSelect: menu/select.wav
12:13:28.109 [FXGL Background Thread 3 ] DEBUG Engine               - soundNotification: core/notification.wav
12:13:28.109 [FXGL Background Thread 3 ] DEBUG Engine               - stageStyle: DECORATED
12:13:28.109 [FXGL Background Thread 3 ] DEBUG Engine               - supportedLanguages: [ENGLISH, FRENCH, GERMAN, HUNGARIAN, RUSSIAN]
12:13:28.109 [FXGL Background Thread 3 ] DEBUG Engine               - ticksPerSecond: -1
12:13:28.109 [FXGL Background Thread 3 ] DEBUG Engine               - title: Produktionslinie
12:13:28.109 [FXGL Background Thread 3 ] DEBUG Engine               - urlGithub: https://github.com/AlmasB/FXGL
12:13:28.109 [FXGL Background Thread 3 ] DEBUG Engine               - urlLeaderboard: http://fxgl-top.herokuapp.com/
12:13:28.109 [FXGL Background Thread 3 ] DEBUG Engine               - urlPOM: https://raw.githubusercontent.com/AlmasB/FXGL/release/README.md
12:13:28.109 [FXGL Background Thread 3 ] DEBUG Engine               - userAppClass: class org.betriebssysteme.view.ProductionLineApp
12:13:28.109 [FXGL Background Thread 3 ] DEBUG Engine               - version: 0.0
12:13:28.109 [FXGL Background Thread 3 ] DEBUG Engine               - versionCheckDays: 7
12:13:28.109 [FXGL Background Thread 3 ] DEBUG Engine               - width: 1600
12:13:28.109 [FXGL Background Thread 3 ] DEBUG Engine               - Logging services
12:13:28.109 [FXGL Background Thread 3 ] DEBUG Engine               - class com.almasb.fxgl.app.services.FXGLAssetLoaderService
12:13:28.109 [FXGL Background Thread 3 ] DEBUG Engine               - class com.almasb.fxgl.app.FXGLApplication$GameApplicationService
12:13:28.110 [FXGL Background Thread 3 ] DEBUG Engine               - class com.almasb.fxgl.app.services.FXGLDialogService
12:13:28.110 [FXGL Background Thread 3 ] DEBUG Engine               - class com.almasb.fxgl.app.services.IOTaskExecutorService
12:13:28.110 [FXGL Background Thread 3 ] DEBUG Engine               - class com.almasb.fxgl.io.FileSystemService
12:13:28.110 [FXGL Background Thread 3 ] DEBUG Engine               - class com.almasb.fxgl.localization.LocalizationService
12:13:28.110 [FXGL Background Thread 3 ] DEBUG Engine               - class com.almasb.fxgl.app.services.SystemBundleService
12:13:28.110 [FXGL Background Thread 3 ] DEBUG Engine               - class com.almasb.fxgl.profile.SaveLoadService
12:13:28.110 [FXGL Background Thread 3 ] DEBUG Engine               - class com.almasb.fxgl.ui.FXGLUIFactoryServiceProvider
12:13:28.110 [FXGL Background Thread 3 ] DEBUG Engine               - class com.almasb.fxgl.ui.FXGLDialogFactoryServiceProvider
12:13:28.110 [FXGL Background Thread 3 ] DEBUG Engine               - class com.almasb.fxgl.audio.AudioPlayer
12:13:28.110 [FXGL Background Thread 3 ] DEBUG Engine               - class com.almasb.fxgl.notification.impl.NotificationServiceProvider
12:13:28.110 [FXGL Background Thread 3 ] DEBUG Engine               - class com.almasb.fxgl.achievement.AchievementService
12:13:28.110 [FXGL Background Thread 3 ] DEBUG Engine               - class com.almasb.fxgl.cutscene.CutsceneService
12:13:28.110 [FXGL Background Thread 3 ] DEBUG Engine               - class com.almasb.fxgl.minigames.MiniGameService
12:13:28.110 [FXGL Background Thread 3 ] DEBUG Engine               - class com.almasb.fxgl.net.NetService
12:13:28.110 [FXGL Background Thread 3 ] DEBUG Engine               - class com.almasb.fxgl.app.services.UpdaterService
12:13:28.110 [FXGL Background Thread 3 ] DEBUG Engine               - class com.almasb.fxgl.dev.DevService
12:13:32.394 [JavaFX Application Thread] DEBUG FXGLApplication      - Exiting FXGL
12:13:32.394 [JavaFX Application Thread] DEBUG LoopRunner           - Stopping loop
12:13:32.394 [JavaFX Application Thread] DEBUG SystemBundleService  - Saving FXGL system data
12:13:32.397 [JavaFX Application Thread] DEBUG FileSystemAccess     - Writing to: C:\Users\user\IdeaProjects\Produktionslinie\system\fxgl.bundle
12:13:32.400 [JavaFX Application Thread] DEBUG Async                - Shutting down background threads
12:13:32.401 [JavaFX Application Thread] DEBUG PrimaryStageWindow   - Closing main window
12:13:32.419 [JavaFX Application Thread] DEBUG Logger               - Closing Logger
