01:02:13.080 [main                     ] DEBUG Logger               - Configured Logger
01:02:13.102 [main                     ] DEBUG GameApplication      - Logging settings
Title: Produktionslinie
Version: 0.0
Width: 1600
Height: 900
Fullscreen: false
Intro: false
Profiling: false
Single step:false
App Mode: DEVELOPER
Menu Key: ESCAPE
Stage Style: DECORATED
Scene Factory: class com.almasb.fxgl.app.scene.SceneFactory

01:02:13.513 [JavaFX Application Thread] DEBUG FXGLApplication      - Initializing FXGL
01:02:13.518 [JavaFX Application Thread] INFO  Engine               - FXGL-21.1 (27.03.2024 07.52) on WINDOWS (J:21.0.9 FX:21.0.1)
01:02:13.519 [JavaFX Application Thread] DEBUG Engine               - JRE Vendor Name: Microsoft
01:02:13.519 [JavaFX Application Thread] DEBUG Engine               - Running on OS: Windows 11 version 10.0
01:02:13.519 [JavaFX Application Thread] DEBUG Engine               - Architecture: amd64
01:02:13.519 [JavaFX Application Thread] INFO  Engine               - Source code and latest versions at: https://github.com/AlmasB/FXGL
01:02:13.520 [JavaFX Application Thread] INFO  Engine               -       Ask questions and discuss at: https://github.com/AlmasB/FXGL/discussions
01:02:13.520 [JavaFX Application Thread] INFO  Engine               -              Join the FXGL chat at: https://gitter.im/AlmasB/FXGL
01:02:13.642 [JavaFX Application Thread] DEBUG PrimaryStageWindow   - Creating a JavaFX scene
01:02:13.689 [JavaFX Application Thread] DEBUG PrimaryStageWindow   - Target settings size: 1600.0 x 900.0
01:02:13.690 [JavaFX Application Thread] DEBUG PrimaryStageWindow   - Scaled scene size:    1600.0 x 900.0
01:02:13.690 [JavaFX Application Thread] DEBUG PrimaryStageWindow   - Scaled ratio: (1.0, 1.0)
01:02:13.691 [JavaFX Application Thread] DEBUG PrimaryStageWindow   - Set initial scene to FXGLStartupScene
01:02:13.693 [JavaFX Application Thread] DEBUG PrimaryStageWindow   - Opening main window
01:02:13.780 [JavaFX Application Thread] DEBUG PrimaryStageWindow   - Window border size: (16.0, 39.0)
01:02:13.780 [JavaFX Application Thread] DEBUG PrimaryStageWindow   - Scaled size: 1600.0 x 900.0
01:02:13.780 [JavaFX Application Thread] DEBUG PrimaryStageWindow   - Scaled ratio: (1.0, 1.0)
01:02:13.781 [JavaFX Application Thread] DEBUG PrimaryStageWindow   - Scene size: 1600.0 x 900.0
01:02:13.781 [JavaFX Application Thread] DEBUG PrimaryStageWindow   - Stage size: 1616.0 x 939.0
01:02:13.787 [FXGL Background Thread 1 ] DEBUG Engine               - Initializing environment variables
01:02:13.832 [FXGL Background Thread 1 ] DEBUG FXGLAssetLoaderServi - User app class for loading assets: class org.betriebssysteme.view.ProductionLineApp
01:02:13.833 [FXGL Background Thread 1 ] DEBUG GameApplicationServi - Applying CSS: fxgl_dark.css
01:02:13.834 [FXGL Background Thread 1 ] DEBUG FXGLAssetLoaderServi - Loading from file system: jar:file:/C:/Users/abdul/.m2/repository/com/github/almasb/fxgl/21.1/fxgl-21.1.jar!/fxglassets/ui/css/fxgl_dark.css
01:02:13.868 [FXGL Background Thread 1 ] DEBUG GameApplicationServi - Initializing application scenes
01:02:13.910 [FXGL Background Thread 1 ] DEBUG GameWorld            - Game world initialized
01:02:13.978 [FXGL Background Thread 1 ] DEBUG PhysicsWorld         - Physics world initialized: appHeight=900, physics.ppm=50,0
01:02:13.978 [FXGL Background Thread 1 ] DEBUG PhysicsWorld         - Using strategy: BRUTE_FORCE
01:02:13.982 [FXGL Background Thread 1 ] DEBUG GameScene            - Game scene initialized: 1600x900
01:02:13.992 [FXGL Background Thread 1 ] DEBUG FXGL.DefaultMenu     - createMenuBodyGameMenu()
01:02:14.005 [FXGL Background Thread 1 ] DEBUG FXGL.DefaultMenu     - createOptionsMenu()
01:02:14.015 [FXGL Background Thread 1 ] DEBUG FXGLAssetLoaderServi - Loading from file system: jar:file:/C:/Users/abdul/.m2/repository/com/github/almasb/fxgl/21.1/fxgl-21.1.jar!/fxglassets/textures/particles/smoke.png
01:02:14.112 [FXGL Background Thread 1 ] DEBUG FXGLAssetLoaderServi - Loading from file system: jar:file:/C:/Users/abdul/.m2/repository/com/github/almasb/fxgl/21.1/fxgl-21.1.jar!/fxglassets/textures/particles/trace_horizontal.png
01:02:14.135 [FXGL Background Thread 1 ] DEBUG GameApplicationServi - Application scenes initialized
01:02:14.149 [FXGL Background Thread 1 ] DEBUG SystemBundleService  - Loading FXGL system data
01:02:14.155 [FXGL Background Thread 1 ] DEBUG FileSystemAccess     - Reading from: C:\Users\abdul\IdeaProjects\Produktionslinie\system\fxgl.bundle
01:02:14.161 [FXGL Background Thread 1 ] DEBUG SystemBundleService  - Bundle FXGL: {}
01:02:14.161 [FXGL Background Thread 1 ] DEBUG UpdaterService       - Checking for updates
01:02:14.191 [FXGL Background Thread 4 ] DEBUG FXGLApplication      - Loading fonts
01:02:14.191 [FXGL Background Thread 4 ] DEBUG FXGLAssetLoaderServi - Loading from file system: jar:file:/C:/Users/abdul/.m2/repository/com/github/almasb/fxgl/21.1/fxgl-21.1.jar!/fxglassets/ui/fonts/VarelaRound-Regular.ttf
01:02:14.192 [FXGL Background Thread 1 ] DEBUG FXGLApplication      - Loading default localization
01:02:14.192 [FXGL Background Thread 1 ] DEBUG FXGLAssetLoaderServi - Loading from file system: jar:file:/C:/Users/abdul/.m2/repository/com/github/almasb/fxgl/21.1/fxgl-21.1.jar!/fxglassets/languages/english.lang
01:02:14.228 [FXGL Background Thread 4 ] DEBUG FXGLAssetLoaderServi - Loading from file system: jar:file:/C:/Users/abdul/.m2/repository/com/github/almasb/fxgl/21.1/fxgl-21.1.jar!/fxglassets/ui/fonts/Abel-Regular.ttf
01:02:14.232 [FXGL Background Thread 1 ] INFO  FXGLApplication      - FXGL initialization took: 0,444 sec
01:02:14.232 [JavaFX Application Thread] DEBUG FXGLAssetLoaderServi - Loading from file system: jar:file:/C:/Users/abdul/.m2/repository/com/github/almasb/fxgl/21.1/fxgl-21.1.jar!/fxglassets/textures/fxgl_icon.png
01:02:14.238 [FXGL Background Thread 4 ] DEBUG FXGLAssetLoaderServi - Loading from file system: jar:file:/C:/Users/abdul/.m2/repository/com/github/almasb/fxgl/21.1/fxgl-21.1.jar!/fxglassets/ui/fonts/TerminalLandMono-Regular.otf
01:02:14.247 [FXGL Background Thread 4 ] DEBUG FXGLAssetLoaderServi - Loading from file system: jar:file:/C:/Users/abdul/.m2/repository/com/github/almasb/fxgl/21.1/fxgl-21.1.jar!/fxglassets/ui/fonts/Courier-Prime.ttf
01:02:14.251 [JavaFX Application Thread] DEBUG FXGLAssetLoaderServi - Loading from file system: jar:file:/C:/Users/abdul/.m2/repository/com/github/almasb/fxgl/21.1/fxgl-21.1.jar!/fxglassets/textures/fxgl_default_cursor.png
01:02:14.270 [JavaFX Application Thread] DEBUG Input                - Registered new binding: Screenshot - CTRL+8
01:02:14.271 [JavaFX Application Thread] DEBUG Input                - Registered new binding: Dev Options - 1
01:02:14.272 [JavaFX Application Thread] DEBUG Input                - Registered new binding: Dev Console - 2
01:02:14.273 [JavaFX Application Thread] DEBUG Input                - Registered new binding: System info dump - CTRL+9
01:02:14.273 [JavaFX Application Thread] DEBUG Input                - Registered new binding: Restart - CTRL+R
01:02:14.276 [JavaFX Application Thread] DEBUG Input                - Registered new binding: Toggle Debug Camera - CTRL+7
01:02:14.288 [JavaFX Application Thread] DEBUG LoopRunner           - Starting loop
01:02:14.313 [JavaFX Application Thread] DEBUG LoopRunner           - Initializing JavaFX AnimationTimerLoop
01:02:14.318 [JavaFX Application Thread] DEBUG GameApplicationServi - Starting new game
01:02:14.318 [JavaFX Application Thread] DEBUG Input                - Clearing active input actions
01:02:14.333 [JavaFX Application Thread] DEBUG GameApplicationServi - Removing overlay from FXGLStartupScene and adding to FXGLLoadingScene
01:02:14.336 [JavaFX Application Thread] DEBUG PrimaryStageWindow   - FXGLStartupScene -> FXGLLoadingScene
01:02:14.337 [JavaFX Application Thread] DEBUG GameApplicationServi - Clearing previous game
01:02:14.337 [JavaFX Application Thread] DEBUG GameScene            - Clearing game scene
01:02:14.337 [JavaFX Application Thread] DEBUG GameWorld            - Clearing game world
01:02:14.337 [JavaFX Application Thread] DEBUG PhysicsWorld         - Clearing physics world
01:02:14.338 [FXGL Background Thread 4 ] DEBUG FXGLApplication      - Initializing game
01:02:14.338 [JavaFX Application Thread] DEBUG FXGLApplication      - Registering font factories with UI factory
01:02:14.357 [FXGL Background Thread 4 ] DEBUG FXGLAssetLoaderServi - Loading from file system: file:/C:/Users/abdul/IdeaProjects/Produktionslinie/target/classes/assets/textures/Turning_Off_Animation.png
01:02:14.363 [FXGL Background Thread 4 ] DEBUG FXGLAssetLoaderServi - Loading from file system: file:/C:/Users/abdul/IdeaProjects/Produktionslinie/target/classes/assets/textures/Turning_On_Animation.png
01:02:14.365 [FXGL Background Thread 4 ] DEBUG FXGLAssetLoaderServi - Loading from file system: file:/C:/Users/abdul/IdeaProjects/Produktionslinie/target/classes/assets/textures/Production_While_Taking_Items_Animation.png
01:02:14.367 [FXGL Background Thread 4 ] WARN  FXGLAssetLoaderServi - Asset "/assets/textures/Production_While_Without_Items_Animation.png" was not found!
01:02:14.368 [FXGL Background Thread 4 ] WARN  FXGLAssetLoaderServi - Failed to load IMAGE
01:02:14.615 [FXGL Background Thread 4 ] INFO  FXGLApplication      - Game initialization took: 0,277 sec
01:02:14.636 [JavaFX Application Thread] DEBUG Input                - Clearing active input actions
01:02:14.643 [JavaFX Application Thread] DEBUG GameApplicationServi - Removing overlay from FXGLLoadingScene and adding to GameScene
01:02:14.647 [JavaFX Application Thread] DEBUG PrimaryStageWindow   - FXGLLoadingScene -> GameScene
01:02:16.342 [JavaFX Application Thread] DEBUG FXGLApplication      - Exiting FXGL
01:02:16.343 [JavaFX Application Thread] DEBUG LoopRunner           - Stopping loop
01:02:16.343 [JavaFX Application Thread] DEBUG SystemBundleService  - Saving FXGL system data
01:02:16.345 [JavaFX Application Thread] DEBUG FileSystemAccess     - Writing to: C:\Users\abdul\IdeaProjects\Produktionslinie\system\fxgl.bundle
01:02:16.352 [JavaFX Application Thread] DEBUG Async                - Shutting down background threads
01:02:16.352 [JavaFX Application Thread] DEBUG PrimaryStageWindow   - Closing main window
01:02:16.365 [JavaFX Application Thread] DEBUG Logger               - Closing Logger
