22:00:22.732 [main                     ] DEBUG Logger               - Configured Logger
22:00:22.741 [main                     ] DEBUG GameApplication      - Logging settings
Title: Produktionslinie
Version: 0.0
Width: 800
Height: 600
Fullscreen: false
Intro: false
Profiling: false
Single step:false
App Mode: DEVELOPER
Menu Key: ESCAPE
Stage Style: DECORATED
Scene Factory: class com.almasb.fxgl.app.scene.SceneFactory

22:00:23.022 [JavaFX Application Thread] DEBUG FXGLApplication      - Initializing FXGL
22:00:23.026 [JavaFX Application Thread] INFO  Engine               - FXGL-21.1 (27.03.2024 07.52) on WINDOWS (J:24.0.1 FX:24.0.1+1)
22:00:23.026 [JavaFX Application Thread] DEBUG Engine               - JRE Vendor Name: BellSoft
22:00:23.026 [JavaFX Application Thread] DEBUG Engine               - Running on OS: Windows 11 version 10.0
22:00:23.026 [JavaFX Application Thread] DEBUG Engine               - Architecture: amd64
22:00:23.026 [JavaFX Application Thread] INFO  Engine               - Source code and latest versions at: https://github.com/AlmasB/FXGL
22:00:23.027 [JavaFX Application Thread] INFO  Engine               -       Ask questions and discuss at: https://github.com/AlmasB/FXGL/discussions
22:00:23.027 [JavaFX Application Thread] INFO  Engine               -              Join the FXGL chat at: https://gitter.im/AlmasB/FXGL
22:00:23.115 [JavaFX Application Thread] DEBUG PrimaryStageWindow   - Creating a JavaFX scene
22:00:23.156 [JavaFX Application Thread] DEBUG PrimaryStageWindow   - Target settings size: 800.0 x 600.0
22:00:23.156 [JavaFX Application Thread] DEBUG PrimaryStageWindow   - Scaled scene size:    800.0 x 600.0
22:00:23.156 [JavaFX Application Thread] DEBUG PrimaryStageWindow   - Scaled ratio: (1.0, 1.0)
22:00:23.156 [JavaFX Application Thread] DEBUG PrimaryStageWindow   - Set initial scene to FXGLStartupScene
22:00:23.164 [JavaFX Application Thread] DEBUG PrimaryStageWindow   - Opening main window
22:00:23.462 [JavaFX Application Thread] DEBUG PrimaryStageWindow   - Window border size: (14.66668701171875, 37.33331298828125)
22:00:23.462 [JavaFX Application Thread] DEBUG PrimaryStageWindow   - Scaled size: 800.0 x 600.0
22:00:23.462 [JavaFX Application Thread] DEBUG PrimaryStageWindow   - Scaled ratio: (1.0, 1.0)
22:00:23.463 [JavaFX Application Thread] DEBUG PrimaryStageWindow   - Scene size: 800.0 x 600.0
22:00:23.463 [JavaFX Application Thread] DEBUG PrimaryStageWindow   - Stage size: 814.6666870117188 x 637.3333129882812
22:00:23.476 [FXGL Background Thread 1 ] DEBUG Engine               - Initializing environment variables
22:00:23.580 [FXGL Background Thread 1 ] DEBUG FXGLAssetLoaderServi - User app class for loading assets: class org.betriebssysteme.view.ProductionLineApp
22:00:23.580 [FXGL Background Thread 1 ] DEBUG GameApplicationServi - Applying CSS: fxgl_dark.css
22:00:23.581 [FXGL Background Thread 1 ] DEBUG FXGLAssetLoaderServi - Loading from file system: jar:file:/C:/Users/user/.m2/repository/com/github/AlmasB/FXGL/21.1/fxgl-21.1.jar!/fxglassets/ui/css/fxgl_dark.css
22:00:23.637 [FXGL Background Thread 1 ] DEBUG GameApplicationServi - Initializing application scenes
22:00:23.698 [FXGL Background Thread 1 ] DEBUG GameWorld            - Game world initialized
22:00:23.782 [FXGL Background Thread 1 ] DEBUG PhysicsWorld         - Physics world initialized: appHeight=600, physics.ppm=50,0
22:00:23.782 [FXGL Background Thread 1 ] DEBUG PhysicsWorld         - Using strategy: BRUTE_FORCE
22:00:23.787 [FXGL Background Thread 1 ] DEBUG GameScene            - Game scene initialized: 800x600
22:00:23.803 [FXGL Background Thread 1 ] DEBUG FXGL.DefaultMenu     - createMenuBodyGameMenu()
22:00:23.816 [FXGL Background Thread 1 ] DEBUG FXGL.DefaultMenu     - createOptionsMenu()
22:00:23.830 [FXGL Background Thread 1 ] DEBUG FXGLAssetLoaderServi - Loading from file system: jar:file:/C:/Users/user/.m2/repository/com/github/AlmasB/FXGL/21.1/fxgl-21.1.jar!/fxglassets/textures/particles/smoke.png
22:00:23.944 [FXGL Background Thread 1 ] DEBUG FXGLAssetLoaderServi - Loading from file system: jar:file:/C:/Users/user/.m2/repository/com/github/AlmasB/FXGL/21.1/fxgl-21.1.jar!/fxglassets/textures/particles/trace_horizontal.png
22:00:23.973 [FXGL Background Thread 1 ] DEBUG GameApplicationServi - Application scenes initialized
22:00:23.987 [FXGL Background Thread 1 ] DEBUG SystemBundleService  - Loading FXGL system data
22:00:23.998 [FXGL Background Thread 1 ] DEBUG FileSystemAccess     - Reading from: C:\Users\user\IdeaProjects\Produktionslinie\system\fxgl.bundle
22:00:24.006 [FXGL Background Thread 1 ] DEBUG SystemBundleService  - Bundle FXGL: {}
22:00:24.006 [FXGL Background Thread 1 ] DEBUG UpdaterService       - Checking for updates
22:00:24.031 [FXGL Background Thread 4 ] DEBUG FXGLApplication      - Loading fonts
22:00:24.031 [FXGL Background Thread 4 ] DEBUG FXGLAssetLoaderServi - Loading from file system: jar:file:/C:/Users/user/.m2/repository/com/github/AlmasB/FXGL/21.1/fxgl-21.1.jar!/fxglassets/ui/fonts/VarelaRound-Regular.ttf
22:00:24.032 [FXGL Background Thread 1 ] DEBUG FXGLApplication      - Loading default localization
22:00:24.032 [FXGL Background Thread 1 ] DEBUG FXGLAssetLoaderServi - Loading from file system: jar:file:/C:/Users/user/.m2/repository/com/github/AlmasB/FXGL/21.1/fxgl-21.1.jar!/fxglassets/languages/english.lang
22:00:24.068 [FXGL Background Thread 1 ] INFO  FXGLApplication      - FXGL initialization took: 0,592 sec
22:00:24.071 [JavaFX Application Thread] DEBUG FXGLAssetLoaderServi - Loading from file system: jar:file:/C:/Users/user/.m2/repository/com/github/AlmasB/FXGL/21.1/fxgl-21.1.jar!/fxglassets/textures/fxgl_icon.png
22:00:24.081 [FXGL Background Thread 4 ] DEBUG FXGLAssetLoaderServi - Loading from file system: jar:file:/C:/Users/user/.m2/repository/com/github/AlmasB/FXGL/21.1/fxgl-21.1.jar!/fxglassets/ui/fonts/Abel-Regular.ttf
22:00:24.085 [JavaFX Application Thread] DEBUG FXGLAssetLoaderServi - Loading from file system: jar:file:/C:/Users/user/.m2/repository/com/github/AlmasB/FXGL/21.1/fxgl-21.1.jar!/fxglassets/textures/fxgl_default_cursor.png
22:00:24.096 [FXGL Background Thread 4 ] DEBUG FXGLAssetLoaderServi - Loading from file system: jar:file:/C:/Users/user/.m2/repository/com/github/AlmasB/FXGL/21.1/fxgl-21.1.jar!/fxglassets/ui/fonts/TerminalLandMono-Regular.otf
22:00:24.100 [JavaFX Application Thread] DEBUG Input                - Registered new binding: Screenshot - CTRL+8
22:00:24.102 [JavaFX Application Thread] DEBUG Input                - Registered new binding: Dev Options - 1
22:00:24.104 [JavaFX Application Thread] DEBUG Input                - Registered new binding: Dev Console - 2
22:00:24.105 [JavaFX Application Thread] DEBUG Input                - Registered new binding: System info dump - CTRL+9
22:00:24.105 [JavaFX Application Thread] DEBUG Input                - Registered new binding: Restart - CTRL+R
22:00:24.107 [JavaFX Application Thread] DEBUG Input                - Registered new binding: Toggle Debug Camera - CTRL+7
22:00:24.112 [FXGL Background Thread 4 ] DEBUG FXGLAssetLoaderServi - Loading from file system: jar:file:/C:/Users/user/.m2/repository/com/github/AlmasB/FXGL/21.1/fxgl-21.1.jar!/fxglassets/ui/fonts/Courier-Prime.ttf
22:00:24.112 [JavaFX Application Thread] DEBUG LoopRunner           - Starting loop
22:00:24.131 [JavaFX Application Thread] DEBUG LoopRunner           - Initializing JavaFX AnimationTimerLoop
22:00:24.133 [JavaFX Application Thread] DEBUG GameApplicationServi - Starting new game
22:00:24.133 [JavaFX Application Thread] DEBUG Input                - Clearing active input actions
22:00:24.151 [JavaFX Application Thread] DEBUG GameApplicationServi - Removing overlay from FXGLStartupScene and adding to FXGLLoadingScene
22:00:24.159 [JavaFX Application Thread] DEBUG PrimaryStageWindow   - FXGLStartupScene -> FXGLLoadingScene
22:00:24.159 [JavaFX Application Thread] DEBUG GameApplicationServi - Clearing previous game
22:00:24.159 [JavaFX Application Thread] DEBUG GameScene            - Clearing game scene
22:00:24.159 [JavaFX Application Thread] DEBUG GameWorld            - Clearing game world
22:00:24.159 [JavaFX Application Thread] DEBUG PhysicsWorld         - Clearing physics world
22:00:24.163 [FXGL Background Thread 4 ] DEBUG FXGLApplication      - Initializing game
22:00:24.208 [FXGL Background Thread 4 ] DEBUG FXGLAssetLoaderServi - Loading from file system: file:/C:/Users/user/IdeaProjects/Produktionslinie/target/classes/assets/textures/Turning_Off_Animation.png
22:00:24.216 [FXGL Background Thread 4 ] DEBUG FXGLAssetLoaderServi - Loading from file system: file:/C:/Users/user/IdeaProjects/Produktionslinie/target/classes/assets/textures/Turning_On_Animation.png
22:00:24.218 [FXGL Background Thread 4 ] DEBUG FXGLAssetLoaderServi - Loading from file system: file:/C:/Users/user/IdeaProjects/Produktionslinie/target/classes/assets/textures/Production_While_Taking_Items_Animation.png
22:00:24.223 [FXGL Background Thread 4 ] WARN  FXGLAssetLoaderServi - Asset "/assets/textures/Production_While_Without_Items_Animation.png" was not found!
22:00:24.223 [FXGL Background Thread 4 ] WARN  FXGLAssetLoaderServi - Failed to load IMAGE
22:00:24.440 [JavaFX Application Thread] DEBUG FXGLApplication      - Registering font factories with UI factory
22:00:24.611 [FXGL Background Thread 4 ] INFO  FXGLApplication      - Game initialization took: 0,448 sec
22:00:24.625 [JavaFX Application Thread] DEBUG Input                - Clearing active input actions
22:00:24.635 [JavaFX Application Thread] DEBUG GameApplicationServi - Removing overlay from FXGLLoadingScene and adding to GameScene
22:00:24.643 [JavaFX Application Thread] DEBUG PrimaryStageWindow   - FXGLLoadingScene -> GameScene
22:00:26.261 [JavaFX Application Thread] DEBUG FXGLApplication      - Exiting FXGL
22:00:26.261 [JavaFX Application Thread] DEBUG LoopRunner           - Stopping loop
22:00:26.262 [JavaFX Application Thread] DEBUG SystemBundleService  - Saving FXGL system data
22:00:26.263 [JavaFX Application Thread] DEBUG FileSystemAccess     - Writing to: C:\Users\user\IdeaProjects\Produktionslinie\system\fxgl.bundle
22:00:26.267 [JavaFX Application Thread] DEBUG Async                - Shutting down background threads
22:00:26.267 [JavaFX Application Thread] DEBUG PrimaryStageWindow   - Closing main window
22:00:26.291 [JavaFX Application Thread] DEBUG Logger               - Closing Logger
