21:59:51.881 [main                     ] DEBUG Logger               - Configured Logger
21:59:51.894 [main                     ] DEBUG GameApplication      - Logging settings
Title: Produktionslinie
Version: 0.0
Width: 800
Height: 600
Fullscreen: false
Intro: false
Profiling: false
Single step:false
App Mode: DEVELOPER
Menu Key: ESCAPE
Stage Style: DECORATED
Scene Factory: class com.almasb.fxgl.app.scene.SceneFactory

21:59:52.194 [JavaFX Application Thread] DEBUG FXGLApplication      - Initializing FXGL
21:59:52.198 [JavaFX Application Thread] INFO  Engine               - FXGL-21.1 (27.03.2024 07.52) on WINDOWS (J:24.0.1 FX:24.0.1+1)
21:59:52.199 [JavaFX Application Thread] DEBUG Engine               - JRE Vendor Name: BellSoft
21:59:52.199 [JavaFX Application Thread] DEBUG Engine               - Running on OS: Windows 11 version 10.0
21:59:52.199 [JavaFX Application Thread] DEBUG Engine               - Architecture: amd64
21:59:52.199 [JavaFX Application Thread] INFO  Engine               - Source code and latest versions at: https://github.com/AlmasB/FXGL
21:59:52.199 [JavaFX Application Thread] INFO  Engine               -       Ask questions and discuss at: https://github.com/AlmasB/FXGL/discussions
21:59:52.199 [JavaFX Application Thread] INFO  Engine               -              Join the FXGL chat at: https://gitter.im/AlmasB/FXGL
21:59:52.284 [JavaFX Application Thread] DEBUG PrimaryStageWindow   - Creating a JavaFX scene
21:59:52.320 [JavaFX Application Thread] DEBUG PrimaryStageWindow   - Target settings size: 800.0 x 600.0
21:59:52.320 [JavaFX Application Thread] DEBUG PrimaryStageWindow   - Scaled scene size:    800.0 x 600.0
21:59:52.320 [JavaFX Application Thread] DEBUG PrimaryStageWindow   - Scaled ratio: (1.0, 1.0)
21:59:52.321 [JavaFX Application Thread] DEBUG PrimaryStageWindow   - Set initial scene to FXGLStartupScene
21:59:52.327 [JavaFX Application Thread] DEBUG PrimaryStageWindow   - Opening main window
21:59:52.609 [JavaFX Application Thread] DEBUG PrimaryStageWindow   - Window border size: (14.66668701171875, 37.33331298828125)
21:59:52.609 [JavaFX Application Thread] DEBUG PrimaryStageWindow   - Scaled size: 800.0 x 600.0
21:59:52.609 [JavaFX Application Thread] DEBUG PrimaryStageWindow   - Scaled ratio: (1.0, 1.0)
21:59:52.609 [JavaFX Application Thread] DEBUG PrimaryStageWindow   - Scene size: 800.0 x 600.0
21:59:52.609 [JavaFX Application Thread] DEBUG PrimaryStageWindow   - Stage size: 814.6666870117188 x 637.3333129882812
21:59:52.623 [FXGL Background Thread 1 ] DEBUG Engine               - Initializing environment variables
21:59:52.720 [FXGL Background Thread 1 ] DEBUG FXGLAssetLoaderServi - User app class for loading assets: class org.betriebssysteme.view.ProductionLineApp
21:59:52.721 [FXGL Background Thread 1 ] DEBUG GameApplicationServi - Applying CSS: fxgl_dark.css
21:59:52.722 [FXGL Background Thread 1 ] DEBUG FXGLAssetLoaderServi - Loading from file system: jar:file:/C:/Users/user/.m2/repository/com/github/AlmasB/FXGL/21.1/fxgl-21.1.jar!/fxglassets/ui/css/fxgl_dark.css
21:59:52.781 [FXGL Background Thread 1 ] DEBUG GameApplicationServi - Initializing application scenes
21:59:52.854 [FXGL Background Thread 1 ] DEBUG GameWorld            - Game world initialized
21:59:52.934 [FXGL Background Thread 1 ] DEBUG PhysicsWorld         - Physics world initialized: appHeight=600, physics.ppm=50,0
21:59:52.934 [FXGL Background Thread 1 ] DEBUG PhysicsWorld         - Using strategy: BRUTE_FORCE
21:59:52.938 [FXGL Background Thread 1 ] DEBUG GameScene            - Game scene initialized: 800x600
21:59:52.955 [FXGL Background Thread 1 ] DEBUG FXGL.DefaultMenu     - createMenuBodyGameMenu()
21:59:52.968 [FXGL Background Thread 1 ] DEBUG FXGL.DefaultMenu     - createOptionsMenu()
21:59:52.984 [FXGL Background Thread 1 ] DEBUG FXGLAssetLoaderServi - Loading from file system: jar:file:/C:/Users/user/.m2/repository/com/github/AlmasB/FXGL/21.1/fxgl-21.1.jar!/fxglassets/textures/particles/smoke.png
21:59:53.097 [FXGL Background Thread 1 ] DEBUG FXGLAssetLoaderServi - Loading from file system: jar:file:/C:/Users/user/.m2/repository/com/github/AlmasB/FXGL/21.1/fxgl-21.1.jar!/fxglassets/textures/particles/trace_horizontal.png
21:59:53.123 [FXGL Background Thread 1 ] DEBUG GameApplicationServi - Application scenes initialized
21:59:53.139 [FXGL Background Thread 1 ] DEBUG SystemBundleService  - Loading FXGL system data
21:59:53.153 [FXGL Background Thread 1 ] DEBUG FileSystemAccess     - Reading from: C:\Users\user\IdeaProjects\Produktionslinie\system\fxgl.bundle
21:59:53.161 [FXGL Background Thread 1 ] DEBUG SystemBundleService  - Bundle FXGL: {}
21:59:53.161 [FXGL Background Thread 1 ] DEBUG UpdaterService       - Checking for updates
21:59:53.186 [FXGL Background Thread 4 ] DEBUG FXGLApplication      - Loading fonts
21:59:53.186 [FXGL Background Thread 4 ] DEBUG FXGLAssetLoaderServi - Loading from file system: jar:file:/C:/Users/user/.m2/repository/com/github/AlmasB/FXGL/21.1/fxgl-21.1.jar!/fxglassets/ui/fonts/VarelaRound-Regular.ttf
21:59:53.188 [FXGL Background Thread 1 ] DEBUG FXGLApplication      - Loading default localization
21:59:53.189 [FXGL Background Thread 1 ] DEBUG FXGLAssetLoaderServi - Loading from file system: jar:file:/C:/Users/user/.m2/repository/com/github/AlmasB/FXGL/21.1/fxgl-21.1.jar!/fxglassets/languages/english.lang
21:59:53.217 [FXGL Background Thread 1 ] INFO  FXGLApplication      - FXGL initialization took: 0,594 sec
21:59:53.219 [JavaFX Application Thread] DEBUG FXGLAssetLoaderServi - Loading from file system: jar:file:/C:/Users/user/.m2/repository/com/github/AlmasB/FXGL/21.1/fxgl-21.1.jar!/fxglassets/textures/fxgl_icon.png
21:59:53.239 [JavaFX Application Thread] DEBUG FXGLAssetLoaderServi - Loading from file system: jar:file:/C:/Users/user/.m2/repository/com/github/AlmasB/FXGL/21.1/fxgl-21.1.jar!/fxglassets/textures/fxgl_default_cursor.png
21:59:53.240 [FXGL Background Thread 4 ] DEBUG FXGLAssetLoaderServi - Loading from file system: jar:file:/C:/Users/user/.m2/repository/com/github/AlmasB/FXGL/21.1/fxgl-21.1.jar!/fxglassets/ui/fonts/Abel-Regular.ttf
21:59:53.254 [FXGL Background Thread 4 ] DEBUG FXGLAssetLoaderServi - Loading from file system: jar:file:/C:/Users/user/.m2/repository/com/github/AlmasB/FXGL/21.1/fxgl-21.1.jar!/fxglassets/ui/fonts/TerminalLandMono-Regular.otf
21:59:53.256 [JavaFX Application Thread] DEBUG Input                - Registered new binding: Screenshot - CTRL+8
21:59:53.258 [JavaFX Application Thread] DEBUG Input                - Registered new binding: Dev Options - 1
21:59:53.258 [JavaFX Application Thread] DEBUG Input                - Registered new binding: Dev Console - 2
21:59:53.261 [JavaFX Application Thread] DEBUG Input                - Registered new binding: System info dump - CTRL+9
21:59:53.263 [JavaFX Application Thread] DEBUG Input                - Registered new binding: Restart - CTRL+R
21:59:53.266 [JavaFX Application Thread] DEBUG Input                - Registered new binding: Toggle Debug Camera - CTRL+7
21:59:53.271 [FXGL Background Thread 4 ] DEBUG FXGLAssetLoaderServi - Loading from file system: jar:file:/C:/Users/user/.m2/repository/com/github/AlmasB/FXGL/21.1/fxgl-21.1.jar!/fxglassets/ui/fonts/Courier-Prime.ttf
21:59:53.280 [JavaFX Application Thread] DEBUG LoopRunner           - Starting loop
21:59:53.302 [JavaFX Application Thread] DEBUG LoopRunner           - Initializing JavaFX AnimationTimerLoop
21:59:53.304 [JavaFX Application Thread] DEBUG GameApplicationServi - Starting new game
21:59:53.305 [JavaFX Application Thread] DEBUG Input                - Clearing active input actions
21:59:53.322 [JavaFX Application Thread] DEBUG GameApplicationServi - Removing overlay from FXGLStartupScene and adding to FXGLLoadingScene
21:59:53.328 [JavaFX Application Thread] DEBUG PrimaryStageWindow   - FXGLStartupScene -> FXGLLoadingScene
21:59:53.328 [JavaFX Application Thread] DEBUG GameApplicationServi - Clearing previous game
21:59:53.328 [JavaFX Application Thread] DEBUG GameScene            - Clearing game scene
21:59:53.329 [JavaFX Application Thread] DEBUG GameWorld            - Clearing game world
21:59:53.329 [JavaFX Application Thread] DEBUG PhysicsWorld         - Clearing physics world
21:59:53.333 [JavaFX Application Thread] DEBUG FXGLApplication      - Registering font factories with UI factory
21:59:53.333 [FXGL Background Thread 4 ] DEBUG FXGLApplication      - Initializing game
21:59:53.372 [FXGL Background Thread 4 ] DEBUG FXGLAssetLoaderServi - Loading from file system: file:/C:/Users/user/IdeaProjects/Produktionslinie/target/classes/assets/textures/Turning_Off_Animation.png
21:59:53.382 [FXGL Background Thread 4 ] DEBUG FXGLAssetLoaderServi - Loading from file system: file:/C:/Users/user/IdeaProjects/Produktionslinie/target/classes/assets/textures/Turning_On_Animation.png
21:59:53.384 [FXGL Background Thread 4 ] DEBUG FXGLAssetLoaderServi - Loading from file system: file:/C:/Users/user/IdeaProjects/Produktionslinie/target/classes/assets/textures/Production_While_Taking_Items_Animation.png
21:59:53.389 [FXGL Background Thread 4 ] WARN  FXGLAssetLoaderServi - Asset "/assets/textures/Production_While_Without_Items_Animation.png" was not found!
21:59:53.389 [FXGL Background Thread 4 ] WARN  FXGLAssetLoaderServi - Failed to load IMAGE
21:59:53.775 [FXGL Background Thread 4 ] INFO  FXGLApplication      - Game initialization took: 0,442 sec
21:59:53.780 [JavaFX Application Thread] DEBUG Input                - Clearing active input actions
21:59:53.793 [JavaFX Application Thread] DEBUG GameApplicationServi - Removing overlay from FXGLLoadingScene and adding to GameScene
21:59:53.799 [JavaFX Application Thread] DEBUG PrimaryStageWindow   - FXGLLoadingScene -> GameScene
21:59:56.183 [FXGL Background Thread 3 ] DEBUG Engine               - Logging environment variables
21:59:56.183 [FXGL Background Thread 3 ] DEBUG Engine               - achievements: []
21:59:56.183 [FXGL Background Thread 3 ] DEBUG Engine               - actualHeight: 600.0
21:59:56.183 [FXGL Background Thread 3 ] DEBUG Engine               - actualHeightProperty: ReadOnlyDoubleProperty [value: 600.0]
21:59:56.184 [FXGL Background Thread 3 ] DEBUG Engine               - actualWidth: 800.0
21:59:56.184 [FXGL Background Thread 3 ] DEBUG Engine               - actualWidthProperty: ReadOnlyDoubleProperty [value: 800.0]
21:59:56.184 [FXGL Background Thread 3 ] DEBUG Engine               - appIcon: fxgl_icon.png
21:59:56.184 [FXGL Background Thread 3 ] DEBUG Engine               - applicationMode: DEVELOPER
21:59:56.184 [FXGL Background Thread 3 ] DEBUG Engine               - cSSList: [fxgl_dark.css]
21:59:56.184 [FXGL Background Thread 3 ] DEBUG Engine               - collisionDetectionStrategy: BRUTE_FORCE
21:59:56.184 [FXGL Background Thread 3 ] DEBUG Engine               - configClass: Optional.empty
21:59:56.184 [FXGL Background Thread 3 ] DEBUG Engine               - credits: []
21:59:56.184 [FXGL Background Thread 3 ] DEBUG Engine               - defaultCursor: CursorInfo(imageName=fxgl_default_cursor.png, hotspotX=7.0, hotspotY=6.0)
21:59:56.184 [FXGL Background Thread 3 ] DEBUG Engine               - devBBoxColorProperty: ObjectProperty [value: 0xff0000ff]
21:59:56.186 [FXGL Background Thread 3 ] DEBUG Engine               - devEnableDebugCameraProperty: BooleanProperty [value: false]
21:59:56.186 [FXGL Background Thread 3 ] DEBUG Engine               - devSensorColorProperty: ObjectProperty [value: 0xffff00ff]
21:59:56.186 [FXGL Background Thread 3 ] DEBUG Engine               - devShowBBoxProperty: BooleanProperty [value: false]
21:59:56.186 [FXGL Background Thread 3 ] DEBUG Engine               - devShowPositionProperty: BooleanProperty [value: false]
21:59:56.186 [FXGL Background Thread 3 ] DEBUG Engine               - enabledMenuItems: []
21:59:56.186 [FXGL Background Thread 3 ] DEBUG Engine               - engineServices: [class com.almasb.fxgl.app.services.FXGLAssetLoaderService, class com.almasb.fxgl.app.FXGLApplication$GameApplicationService, class com.almasb.fxgl.app.services.FXGLDialogService, class com.almasb.fxgl.app.services.IOTaskExecutorService, class com.almasb.fxgl.io.FileSystemService, class com.almasb.fxgl.localization.LocalizationService, class com.almasb.fxgl.app.services.SystemBundleService, class com.almasb.fxgl.profile.SaveLoadService, class com.almasb.fxgl.ui.FXGLUIFactoryServiceProvider, class com.almasb.fxgl.ui.FXGLDialogFactoryServiceProvider, class com.almasb.fxgl.audio.AudioPlayer, class com.almasb.fxgl.notification.impl.NotificationServiceProvider, class com.almasb.fxgl.achievement.AchievementService, class com.almasb.fxgl.cutscene.CutsceneService, class com.almasb.fxgl.minigames.MiniGameService, class com.almasb.fxgl.net.NetService, class com.almasb.fxgl.app.services.UpdaterService, class com.almasb.fxgl.dev.DevService]
21:59:56.186 [FXGL Background Thread 3 ] DEBUG Engine               - fontGame: Abel-Regular.ttf
21:59:56.186 [FXGL Background Thread 3 ] DEBUG Engine               - fontMono: TerminalLandMono-Regular.otf
21:59:56.186 [FXGL Background Thread 3 ] DEBUG Engine               - fontSizeScaleUI: 1.0
21:59:56.186 [FXGL Background Thread 3 ] DEBUG Engine               - fontText: Courier-Prime.ttf
21:59:56.186 [FXGL Background Thread 3 ] DEBUG Engine               - fontUI: VarelaRound-Regular.ttf
21:59:56.186 [FXGL Background Thread 3 ] DEBUG Engine               - fullScreen: BooleanProperty [value: false]
21:59:56.186 [FXGL Background Thread 3 ] DEBUG Engine               - gameDifficulty: MEDIUM
21:59:56.186 [FXGL Background Thread 3 ] DEBUG Engine               - gameDifficultyProperty: ObjectProperty [value: MEDIUM]
21:59:56.186 [FXGL Background Thread 3 ] DEBUG Engine               - globalMusicVolume: 0.5
21:59:56.186 [FXGL Background Thread 3 ] DEBUG Engine               - globalMusicVolumeProperty: DoubleProperty [value: 0.5]
21:59:56.186 [FXGL Background Thread 3 ] DEBUG Engine               - globalSoundVolume: 0.5
21:59:56.187 [FXGL Background Thread 3 ] DEBUG Engine               - globalSoundVolumeProperty: DoubleProperty [value: 0.5]
21:59:56.187 [FXGL Background Thread 3 ] DEBUG Engine               - height: 600
21:59:56.187 [FXGL Background Thread 3 ] DEBUG Engine               - is3D: false
21:59:56.187 [FXGL Background Thread 3 ] DEBUG Engine               - isAndroid: false
21:59:56.187 [FXGL Background Thread 3 ] DEBUG Engine               - isBrowser: false
21:59:56.187 [FXGL Background Thread 3 ] DEBUG Engine               - isClickFeedbackEnabled: false
21:59:56.187 [FXGL Background Thread 3 ] DEBUG Engine               - isCloseConfirmation: false
21:59:56.187 [FXGL Background Thread 3 ] DEBUG Engine               - isDesktop: true
21:59:56.187 [FXGL Background Thread 3 ] DEBUG Engine               - isDeveloperMenuEnabled: true
21:59:56.187 [FXGL Background Thread 3 ] DEBUG Engine               - isEmbedded: false
21:59:56.187 [FXGL Background Thread 3 ] DEBUG Engine               - isEntityPreloadEnabled: true
21:59:56.187 [FXGL Background Thread 3 ] DEBUG Engine               - isExperimentalTiledLargeMap: false
21:59:56.187 [FXGL Background Thread 3 ] DEBUG Engine               - isFileSystemWriteAllowed: true
21:59:56.187 [FXGL Background Thread 3 ] DEBUG Engine               - isFullScreenAllowed: false
21:59:56.187 [FXGL Background Thread 3 ] DEBUG Engine               - isFullScreenFromStart: false
21:59:56.187 [FXGL Background Thread 3 ] DEBUG Engine               - isGameMenuEnabled: true
21:59:56.187 [FXGL Background Thread 3 ] DEBUG Engine               - isIOS: false
21:59:56.187 [FXGL Background Thread 3 ] DEBUG Engine               - isIntroEnabled: false
21:59:56.187 [FXGL Background Thread 3 ] DEBUG Engine               - isLinux: false
21:59:56.187 [FXGL Background Thread 3 ] DEBUG Engine               - isMac: false
21:59:56.188 [FXGL Background Thread 3 ] DEBUG Engine               - isMainMenuEnabled: false
21:59:56.188 [FXGL Background Thread 3 ] DEBUG Engine               - isManualResizeEnabled: false
21:59:56.188 [FXGL Background Thread 3 ] DEBUG Engine               - isMobile: false
21:59:56.188 [FXGL Background Thread 3 ] DEBUG Engine               - isNative: false
21:59:56.188 [FXGL Background Thread 3 ] DEBUG Engine               - isPauseMusicWhenMinimized: true
21:59:56.188 [FXGL Background Thread 3 ] DEBUG Engine               - isPreserveResizeRatio: false
21:59:56.188 [FXGL Background Thread 3 ] DEBUG Engine               - isProfilingEnabled: false
21:59:56.188 [FXGL Background Thread 3 ] DEBUG Engine               - isScaleAffectedOnResize: true
21:59:56.188 [FXGL Background Thread 3 ] DEBUG Engine               - isSingleStep: false
21:59:56.188 [FXGL Background Thread 3 ] DEBUG Engine               - isUserProfileEnabled: false
21:59:56.188 [FXGL Background Thread 3 ] DEBUG Engine               - isWindows: true
21:59:56.188 [FXGL Background Thread 3 ] DEBUG Engine               - language: ObjectProperty [value: ENGLISH]
21:59:56.188 [FXGL Background Thread 3 ] DEBUG Engine               - menuKey: ESCAPE
21:59:56.188 [FXGL Background Thread 3 ] DEBUG Engine               - mouseSensitivity: 0.2
21:59:56.188 [FXGL Background Thread 3 ] DEBUG Engine               - notificationViewClass: class com.almasb.fxgl.notification.view.XboxNotificationView
21:59:56.188 [FXGL Background Thread 3 ] DEBUG Engine               - pixelsPerMeter: 50.0
21:59:56.188 [FXGL Background Thread 3 ] DEBUG Engine               - platform: WINDOWS
21:59:56.188 [FXGL Background Thread 3 ] DEBUG Engine               - prefHeightProperty: ReadOnlyDoubleProperty [value: 600.0]
21:59:56.188 [FXGL Background Thread 3 ] DEBUG Engine               - prefWidthProperty: ReadOnlyDoubleProperty [value: 800.0]
21:59:56.188 [FXGL Background Thread 3 ] DEBUG Engine               - profileDir: profiles/
21:59:56.188 [FXGL Background Thread 3 ] DEBUG Engine               - profileName: StringProperty [value: DEFAULT]
21:59:56.188 [FXGL Background Thread 3 ] DEBUG Engine               - randomSeed: -1
21:59:56.190 [FXGL Background Thread 3 ] DEBUG Engine               - runtimeInfo: RuntimeInfo(platform=WINDOWS, version=21.1, build=27.03.2024 07.52)
21:59:56.190 [FXGL Background Thread 3 ] DEBUG Engine               - saveFileExt: sav
21:59:56.190 [FXGL Background Thread 3 ] DEBUG Engine               - scaledHeightProp$fxgl: DoubleProperty [bound, value: 600.0]
21:59:56.190 [FXGL Background Thread 3 ] DEBUG Engine               - scaledWidthProp$fxgl: DoubleProperty [bound, value: 800.0]
21:59:56.190 [FXGL Background Thread 3 ] DEBUG Engine               - sceneFactory: com.almasb.fxgl.app.scene.SceneFactory@15bf1b58
21:59:56.190 [FXGL Background Thread 3 ] DEBUG Engine               - secondsIn24h: 60
21:59:56.190 [FXGL Background Thread 3 ] DEBUG Engine               - soundMenuBack: menu/back.wav
21:59:56.190 [FXGL Background Thread 3 ] DEBUG Engine               - soundMenuPress: menu/press.wav
21:59:56.190 [FXGL Background Thread 3 ] DEBUG Engine               - soundMenuSelect: menu/select.wav
21:59:56.190 [FXGL Background Thread 3 ] DEBUG Engine               - soundNotification: core/notification.wav
21:59:56.190 [FXGL Background Thread 3 ] DEBUG Engine               - stageStyle: DECORATED
21:59:56.190 [FXGL Background Thread 3 ] DEBUG Engine               - supportedLanguages: [ENGLISH, FRENCH, GERMAN, HUNGARIAN, RUSSIAN]
21:59:56.190 [FXGL Background Thread 3 ] DEBUG Engine               - ticksPerSecond: -1
21:59:56.190 [FXGL Background Thread 3 ] DEBUG Engine               - title: Produktionslinie
21:59:56.190 [FXGL Background Thread 3 ] DEBUG Engine               - urlGithub: https://github.com/AlmasB/FXGL
21:59:56.190 [FXGL Background Thread 3 ] DEBUG Engine               - urlLeaderboard: http://fxgl-top.herokuapp.com/
21:59:56.190 [FXGL Background Thread 3 ] DEBUG Engine               - urlPOM: https://raw.githubusercontent.com/AlmasB/FXGL/release/README.md
21:59:56.191 [FXGL Background Thread 3 ] DEBUG Engine               - userAppClass: class org.betriebssysteme.view.ProductionLineApp
21:59:56.191 [FXGL Background Thread 3 ] DEBUG Engine               - version: 0.0
21:59:56.191 [FXGL Background Thread 3 ] DEBUG Engine               - versionCheckDays: 7
21:59:56.191 [FXGL Background Thread 3 ] DEBUG Engine               - width: 800
21:59:56.191 [FXGL Background Thread 3 ] DEBUG Engine               - Logging services
21:59:56.191 [FXGL Background Thread 3 ] DEBUG Engine               - class com.almasb.fxgl.app.services.FXGLAssetLoaderService
21:59:56.191 [FXGL Background Thread 3 ] DEBUG Engine               - class com.almasb.fxgl.app.FXGLApplication$GameApplicationService
21:59:56.191 [FXGL Background Thread 3 ] DEBUG Engine               - class com.almasb.fxgl.app.services.FXGLDialogService
21:59:56.191 [FXGL Background Thread 3 ] DEBUG Engine               - class com.almasb.fxgl.app.services.IOTaskExecutorService
21:59:56.191 [FXGL Background Thread 3 ] DEBUG Engine               - class com.almasb.fxgl.io.FileSystemService
21:59:56.191 [FXGL Background Thread 3 ] DEBUG Engine               - class com.almasb.fxgl.localization.LocalizationService
21:59:56.191 [FXGL Background Thread 3 ] DEBUG Engine               - class com.almasb.fxgl.app.services.SystemBundleService
21:59:56.191 [FXGL Background Thread 3 ] DEBUG Engine               - class com.almasb.fxgl.profile.SaveLoadService
21:59:56.191 [FXGL Background Thread 3 ] DEBUG Engine               - class com.almasb.fxgl.ui.FXGLUIFactoryServiceProvider
21:59:56.191 [FXGL Background Thread 3 ] DEBUG Engine               - class com.almasb.fxgl.ui.FXGLDialogFactoryServiceProvider
21:59:56.191 [FXGL Background Thread 3 ] DEBUG Engine               - class com.almasb.fxgl.audio.AudioPlayer
21:59:56.191 [FXGL Background Thread 3 ] DEBUG Engine               - class com.almasb.fxgl.notification.impl.NotificationServiceProvider
21:59:56.191 [FXGL Background Thread 3 ] DEBUG Engine               - class com.almasb.fxgl.achievement.AchievementService
21:59:56.191 [FXGL Background Thread 3 ] DEBUG Engine               - class com.almasb.fxgl.cutscene.CutsceneService
21:59:56.192 [FXGL Background Thread 3 ] DEBUG Engine               - class com.almasb.fxgl.minigames.MiniGameService
21:59:56.192 [FXGL Background Thread 3 ] DEBUG Engine               - class com.almasb.fxgl.net.NetService
21:59:56.192 [FXGL Background Thread 3 ] DEBUG Engine               - class com.almasb.fxgl.app.services.UpdaterService
21:59:56.192 [FXGL Background Thread 3 ] DEBUG Engine               - class com.almasb.fxgl.dev.DevService
22:00:13.093 [JavaFX Application Thread] DEBUG FXGLApplication      - Exiting FXGL
22:00:13.093 [JavaFX Application Thread] DEBUG LoopRunner           - Stopping loop
22:00:13.094 [JavaFX Application Thread] DEBUG SystemBundleService  - Saving FXGL system data
22:00:13.096 [JavaFX Application Thread] DEBUG FileSystemAccess     - Writing to: C:\Users\user\IdeaProjects\Produktionslinie\system\fxgl.bundle
22:00:13.099 [JavaFX Application Thread] DEBUG Async                - Shutting down background threads
22:00:13.100 [JavaFX Application Thread] DEBUG PrimaryStageWindow   - Closing main window
22:00:13.124 [JavaFX Application Thread] DEBUG Logger               - Closing Logger
